#
# A fatal error has been detected by the Java Runtime Environment:
#
#  EXCEPTION_ACCESS_VIOLATION (0xc0000005) at pc=0x00007ffb5a4015e5, pid=12820, tid=0x0000000000004ee0
#
# JRE version: Java(TM) SE Runtime Environment (8.0_202-b08) (build 1.8.0_202-b08)
# Java VM: Java HotSpot(TM) 64-Bit Server VM (25.202-b08 mixed mode windows-amd64 compressed oops)
# Problematic frame:
# C  [ig11icd64.dll+0x415e5]
#
# Failed to write core dump. Minidumps are not enabled by default on client versions of Windows
#
# If you would like to submit a bug report, please visit:
#   http://bugreport.java.com/bugreport/crash.jsp
# The crash happened outside the Java Virtual Machine in native code.
# See problematic frame for where to report the bug.
#

---------------  T H R E A D  ---------------

Current thread (0x0000000015c09800):  JavaThread "JDWP Transport Listener: dt_socket" daemon [_thread_in_native, id=20192, stack(0x00000000164d0000,0x00000000165d0000)]

siginfo: ExceptionCode=0xc0000005, reading address 0x0000000000034868

Registers:
RAX=0x000000002c46a948, RBX=0x000000002c46a810, RCX=0x0000000000000000, RDX=0x000000002c46a8d8
RSP=0x00000000165ceb00, RBP=0x0000000000000000, RSI=0x000000002c4735d0, RDI=0x000000001a61d550
R8 =0x0000000000000000, R9 =0x0000000000000000, R10=0x0000000000000000, R11=0x0000000000000246
R12=0x000000001f034800, R13=0x0000000000000000, R14=0x000000002c46aca0, R15=0x0000000000000000
RIP=0x00007ffb5a4015e5, EFLAGS=0x0000000000010206

Top of Stack: (sp=0x00000000165ceb00)
0x00000000165ceb00:   0000000000000000 0000000000000000
0x00000000165ceb10:   0000068edce2c938 00000000003522e8
0x00000000165ceb20:   00000000000000a8 0000000000000000
0x00000000165ceb30:   00000000003522e8 000000001f0348c0
0x00000000165ceb40:   0000b802060200a8 00007ffb5a3e4a56
0x00000000165ceb50:   0000000000656280 000000001a61d550
0x00000000165ceb60:   00000000165cec50 0000000000000000
0x00000000165ceb70:   0000000000000000 0000000000000000
0x00000000165ceb80:   00000000003522e3 000000001f0ab558
0x00000000165ceb90:   000028801cbf0000 000000001f0ab490
0x00000000165ceba0:   000000001f0ab490 00000000000000a8
0x00000000165cebb0:   0000068edce2caa8 00007ffb5a3fe44c
0x00000000165cebc0:   0000000000000000 00000000165ceca0
0x00000000165cebd0:   00000000000000a8 000000001f035b80
0x00000000165cebe0:   0000000000000000 000000001f035b88
0x00000000165cebf0:   0000b802060200a8 0000000000002784 

Instructions: (pc=0x00007ffb5a4015e5)
0x00007ffb5a4015c5:   1d 8b c1 83 e0 0f 48 6b c0 38 48 03 c2 48 85 c0
0x00007ffb5a4015d5:   74 0c 48 8b 48 08 eb 08 48 83 c0 08 eb ef 33 c9
0x00007ffb5a4015e5:   48 3b 8d 68 48 03 00 76 6b 48 8b 87 80 02 00 00
0x00007ffb5a4015f5:   49 89 06 48 89 9f 80 02 00 00 ff 87 88 02 00 00 


Register to memory mapping:

RAX=0x000000002c46a948 is an unknown value
RBX=0x000000002c46a810 is an unknown value
RCX=0x0000000000000000 is an unknown value
RDX=0x000000002c46a8d8 is an unknown value
RSP=0x00000000165ceb00 is pointing into the stack for thread: 0x0000000015c09800
RBP=0x0000000000000000 is an unknown value
RSI=0x000000002c4735d0 is an unknown value
RDI=0x000000001a61d550 is an unknown value
R8 =0x0000000000000000 is an unknown value
R9 =0x0000000000000000 is an unknown value
R10=0x0000000000000000 is an unknown value
R11=0x0000000000000246 is an unknown value
R12=0x000000001f034800 is an unknown value
R13=0x0000000000000000 is an unknown value
R14=0x000000002c46aca0 is an unknown value
R15=0x0000000000000000 is an unknown value


Stack: [0x00000000164d0000,0x00000000165d0000],  sp=0x00000000165ceb00,  free space=1018k
Native frames: (J=compiled Java code, j=interpreted, Vv=VM code, C=native code)


---------------  P R O C E S S  ---------------

Java Threads: ( => current thread )
  0x0000000018489000 JavaThread "main-FPSAWTAnimator#00-Timer0-FPSAWTAnimator#00-Timer1-FPSAWTAnimator#00-Timer2" [_thread_in_native, id=15380, stack(0x0000000017810000,0x0000000017910000)]
  0x0000000018488000 JavaThread "Thread-13" daemon [_thread_in_native, id=19320, stack(0x00000000273c0000,0x00000000274c0000)]
  0x000000001848b000 JavaThread "Thread-12" [_thread_blocked, id=13668, stack(0x0000000027140000,0x0000000027240000)]
  0x000000001848a800 JavaThread "Thread-11" [_thread_blocked, id=2700, stack(0x0000000027040000,0x0000000027140000)]
  0x00000000024f4000 JavaThread "DestroyJavaVM" [_thread_blocked, id=10376, stack(0x0000000002380000,0x0000000002480000)]
  0x0000000017418000 JavaThread "Thread-5" [_thread_blocked, id=9080, stack(0x0000000020800000,0x0000000020900000)]
  0x0000000017417800 JavaThread "HighResTimerThread" daemon [_thread_blocked, id=17444, stack(0x0000000020700000,0x0000000020800000)]
  0x0000000017659800 JavaThread "main-SharedResourceRunner" daemon [_thread_blocked, id=15976, stack(0x000000001a320000,0x000000001a420000)]
  0x0000000017686800 JavaThread "main-Display-.windows_nil-1-EDT-1" daemon [_thread_blocked, id=20104, stack(0x0000000019e20000,0x0000000019f20000)]
  0x00000000171ef000 JavaThread "Timer-0" daemon [_thread_blocked, id=11560, stack(0x0000000017b20000,0x0000000017c20000)]
  0x0000000017021800 JavaThread "AWT-Windows" daemon [_thread_in_native, id=19616, stack(0x0000000017910000,0x0000000017a10000)]
  0x0000000017063000 JavaThread "Java2D Disposer" daemon [_thread_blocked, id=292, stack(0x0000000017710000,0x0000000017810000)]
  0x0000000015cc0000 JavaThread "Service Thread" daemon [_thread_blocked, id=3660, stack(0x0000000016bd0000,0x0000000016cd0000)]
  0x0000000015c2d800 JavaThread "C1 CompilerThread3" daemon [_thread_blocked, id=15892, stack(0x0000000016ad0000,0x0000000016bd0000)]
  0x0000000015c2c800 JavaThread "C2 CompilerThread2" daemon [_thread_blocked, id=17088, stack(0x00000000169d0000,0x0000000016ad0000)]
  0x0000000015c2c000 JavaThread "C2 CompilerThread1" daemon [_thread_blocked, id=12452, stack(0x00000000168d0000,0x00000000169d0000)]
  0x0000000015c26800 JavaThread "C2 CompilerThread0" daemon [_thread_blocked, id=14792, stack(0x00000000167d0000,0x00000000168d0000)]
  0x0000000015c15000 JavaThread "JDWP Event Helper Thread" daemon [_thread_blocked, id=16700, stack(0x00000000165d0000,0x00000000166d0000)]
=>0x0000000015c09800 JavaThread "JDWP Transport Listener: dt_socket" daemon [_thread_in_native, id=20192, stack(0x00000000164d0000,0x00000000165d0000)]
  0x0000000015bfc000 JavaThread "Attach Listener" daemon [_thread_blocked, id=17100, stack(0x00000000163d0000,0x00000000164d0000)]
  0x0000000015bfb000 JavaThread "Signal Dispatcher" daemon [_thread_blocked, id=18748, stack(0x00000000162d0000,0x00000000163d0000)]
  0x0000000015bf1800 JavaThread "Finalizer" daemon [_thread_blocked, id=11820, stack(0x00000000160d0000,0x00000000161d0000)]
  0x0000000013ded000 JavaThread "Reference Handler" daemon [_thread_blocked, id=2336, stack(0x0000000015fd0000,0x00000000160d0000)]

Other Threads:
  0x0000000013de9000 VMThread [stack: 0x0000000015ad0000,0x0000000015bd0000] [id=13360]
  0x0000000015cd5000 WatcherThread [stack: 0x0000000016cd0000,0x0000000016dd0000] [id=3420]

VM state:not at safepoint (normal execution)

VM Mutex/Monitor currently owned by a thread: None

heap address: 0x00000000e0c00000, size: 500 MB, Compressed Oops mode: 32-bit
Narrow klass base: 0x0000000000000000, Narrow klass shift: 3
Compressed class space size: 1073741824 Address: 0x0000000100000000

Heap:
 PSYoungGen      total 124928K, used 58633K [0x00000000f5980000, 0x00000000ff500000, 0x0000000100000000)
  eden space 111104K, 51% used [0x00000000f5980000,0x00000000f914af70,0x00000000fc600000)
  from space 13824K, 10% used [0x00000000fe780000,0x00000000fe8f77e0,0x00000000ff500000)
  to   space 24064K, 0% used [0x00000000fc600000,0x00000000fc600000,0x00000000fdd80000)
 ParOldGen       total 99328K, used 64917K [0x00000000e0c00000, 0x00000000e6d00000, 0x00000000f5980000)
  object space 99328K, 65% used [0x00000000e0c00000,0x00000000e4b657c0,0x00000000e6d00000)
 Metaspace       used 23975K, capacity 24168K, committed 24448K, reserved 1071104K
  class space    used 2048K, capacity 2108K, committed 2176K, reserved 1048576K

Card table byte_map: [0x00000000119b0000,0x0000000011ab0000] byte_map_base: 0x00000000112aa000

Marking Bits: (ParMarkBitMap*) 0x000000006ba05ce0
 Begin Bits: [0x0000000012360000, 0x0000000012b30000)
 End Bits:   [0x0000000012b30000, 0x0000000013300000)

Polling page: 0x00000000022a0000

CodeCache: size=245760Kb used=14520Kb max_used=14737Kb free=231239Kb
 bounds [0x00000000025f0000, 0x00000000034d0000, 0x00000000115f0000]
 total_blobs=4429 nmethods=3439 adapters=909
 compilation: enabled

Compilation events (10 events):
Event: 60.960 Thread 0x0000000015c2d800 4207       3       processing.core.PApplet::mouseMoved (5 bytes)
Event: 60.960 Thread 0x0000000015c2d800 nmethod 4207 0x0000000002c53810 code [0x0000000002c53960, 0x0000000002c53b90]
Event: 60.960 Thread 0x0000000015c2d800 4208       3       processing.core.PApplet::mouseMoved (1 bytes)
Event: 60.960 Thread 0x0000000015c2d800 nmethod 4208 0x0000000002d75bd0 code [0x0000000002d75d20, 0x0000000002d75e70]
Event: 61.316 Thread 0x0000000015c26800 4209   !   4       jogamp.common.util.locks.RecursiveLockImpl01Unfairish::tryLock (582 bytes)
Event: 61.329 Thread 0x0000000015c26800 nmethod 4209 0x0000000002d771d0 code [0x0000000002d77380, 0x0000000002d77ff0]
Event: 62.055 Thread 0x0000000015c2c000 4210   !   4       java.io.PrintWriter::newLine (66 bytes)
Event: 62.059 Thread 0x0000000015c2c000 nmethod 4210 0x0000000002b29d10 code [0x0000000002b29e60, 0x0000000002b2a2c8]
Event: 62.189 Thread 0x0000000015c2c800 4211       4       java.lang.String::valueOf (5 bytes)
Event: 62.203 Thread 0x0000000015c2c800 nmethod 4211 0x0000000002cb4dd0 code [0x0000000002cb4f80, 0x0000000002cb5830]

GC Heap History (10 events):
Event: 35.716 GC heap before
{Heap before GC invocations=18 (full 2):
 PSYoungGen      total 120832K, used 92295K [0x00000000f5980000, 0x00000000ffe00000, 0x0000000100000000)
  eden space 91648K, 100% used [0x00000000f5980000,0x00000000fb300000,0x00000000fb300000)
  from space 29184K, 2% used [0x00000000fb300000,0x00000000fb3a1fc0,0x00000000fcf80000)
  to   space 28672K, 0% used [0x00000000fe200000,0x00000000fe200000,0x00000000ffe00000)
 ParOldGen       total 99328K, used 64901K [0x00000000e0c00000, 0x00000000e6d00000, 0x00000000f5980000)
  object space 99328K, 65% used [0x00000000e0c00000,0x00000000e4b617c0,0x00000000e6d00000)
 Metaspace       used 23949K, capacity 24168K, committed 24448K, reserved 1071104K
  class space    used 2048K, capacity 2108K, committed 2176K, reserved 1048576K
Event: 35.719 GC heap after
Heap after GC invocations=18 (full 2):
 PSYoungGen      total 132608K, used 789K [0x00000000f5980000, 0x00000000ffa00000, 0x0000000100000000)
  eden space 108032K, 0% used [0x00000000f5980000,0x00000000f5980000,0x00000000fc300000)
  from space 24576K, 3% used [0x00000000fe200000,0x00000000fe2c57d0,0x00000000ffa00000)
  to   space 28160K, 0% used [0x00000000fc300000,0x00000000fc300000,0x00000000fde80000)
 ParOldGen       total 99328K, used 64909K [0x00000000e0c00000, 0x00000000e6d00000, 0x00000000f5980000)
  object space 99328K, 65% used [0x00000000e0c00000,0x00000000e4b637c0,0x00000000e6d00000)
 Metaspace       used 23949K, capacity 24168K, committed 24448K, reserved 1071104K
  class space    used 2048K, capacity 2108K, committed 2176K, reserved 1048576K
}
Event: 41.419 GC heap before
{Heap before GC invocations=19 (full 2):
 PSYoungGen      total 132608K, used 108821K [0x00000000f5980000, 0x00000000ffa00000, 0x0000000100000000)
  eden space 108032K, 100% used [0x00000000f5980000,0x00000000fc300000,0x00000000fc300000)
  from space 24576K, 3% used [0x00000000fe200000,0x00000000fe2c57d0,0x00000000ffa00000)
  to   space 28160K, 0% used [0x00000000fc300000,0x00000000fc300000,0x00000000fde80000)
 ParOldGen       total 99328K, used 64909K [0x00000000e0c00000, 0x00000000e6d00000, 0x00000000f5980000)
  object space 99328K, 65% used [0x00000000e0c00000,0x00000000e4b637c0,0x00000000e6d00000)
 Metaspace       used 23949K, capacity 24168K, committed 24448K, reserved 1071104K
  class space    used 2048K, capacity 2108K, committed 2176K, reserved 1048576K
Event: 41.421 GC heap after
Heap after GC invocations=19 (full 2):
 PSYoungGen      total 136192K, used 949K [0x00000000f5980000, 0x0000000100000000, 0x0000000100000000)
  eden space 108032K, 0% used [0x00000000f5980000,0x00000000f5980000,0x00000000fc300000)
  from space 28160K, 3% used [0x00000000fc300000,0x00000000fc3ed7d0,0x00000000fde80000)
  to   space 27136K, 0% used [0x00000000fe580000,0x00000000fe580000,0x0000000100000000)
 ParOldGen       total 99328K, used 64917K [0x00000000e0c00000, 0x00000000e6d00000, 0x00000000f5980000)
  object space 99328K, 65% used [0x00000000e0c00000,0x00000000e4b657c0,0x00000000e6d00000)
 Metaspace       used 23949K, capacity 24168K, committed 24448K, reserved 1071104K
  class space    used 2048K, capacity 2108K, committed 2176K, reserved 1048576K
}
Event: 47.073 GC heap before
{Heap before GC invocations=20 (full 2):
 PSYoungGen      total 136192K, used 108981K [0x00000000f5980000, 0x0000000100000000, 0x0000000100000000)
  eden space 108032K, 100% used [0x00000000f5980000,0x00000000fc300000,0x00000000fc300000)
  from space 28160K, 3% used [0x00000000fc300000,0x00000000fc3ed7d0,0x00000000fde80000)
  to   space 27136K, 0% used [0x00000000fe580000,0x00000000fe580000,0x0000000100000000)
 ParOldGen       total 99328K, used 64917K [0x00000000e0c00000, 0x00000000e6d00000, 0x00000000f5980000)
  object space 99328K, 65% used [0x00000000e0c00000,0x00000000e4b657c0,0x00000000e6d00000)
 Metaspace       used 23949K, capacity 24168K, committed 24448K, reserved 1071104K
  class space    used 2048K, capacity 2108K, committed 2176K, reserved 1048576K
Event: 47.076 GC heap after
Heap after GC invocations=20 (full 2):
 PSYoungGen      total 139264K, used 1117K [0x00000000f5980000, 0x00000000ffd00000, 0x0000000100000000)
  eden space 115200K, 0% used [0x00000000f5980000,0x00000000f5980000,0x00000000fca00000)
  from space 24064K, 4% used [0x00000000fe580000,0x00000000fe6977e0,0x00000000ffd00000)
  to   space 26112K, 0% used [0x00000000fca00000,0x00000000fca00000,0x00000000fe380000)
 ParOldGen       total 99328K, used 64917K [0x00000000e0c00000, 0x00000000e6d00000, 0x00000000f5980000)
  object space 99328K, 65% used [0x00000000e0c00000,0x00000000e4b657c0,0x00000000e6d00000)
 Metaspace       used 23949K, capacity 24168K, committed 24448K, reserved 1071104K
  class space    used 2048K, capacity 2108K, committed 2176K, reserved 1048576K
}
Event: 53.175 GC heap before
{Heap before GC invocations=21 (full 2):
 PSYoungGen      total 139264K, used 116317K [0x00000000f5980000, 0x00000000ffd00000, 0x0000000100000000)
  eden space 115200K, 100% used [0x00000000f5980000,0x00000000fca00000,0x00000000fca00000)
  from space 24064K, 4% used [0x00000000fe580000,0x00000000fe6977e0,0x00000000ffd00000)
  to   space 26112K, 0% used [0x00000000fca00000,0x00000000fca00000,0x00000000fe380000)
 ParOldGen       total 99328K, used 64917K [0x00000000e0c00000, 0x00000000e6d00000, 0x00000000f5980000)
  object space 99328K, 65% used [0x00000000e0c00000,0x00000000e4b657c0,0x00000000e6d00000)
 Metaspace       used 23949K, capacity 24168K, committed 24448K, reserved 1071104K
  class space    used 2048K, capacity 2108K, committed 2176K, reserved 1048576K
Event: 53.177 GC heap after
Heap after GC invocations=21 (full 2):
 PSYoungGen      total 141312K, used 1259K [0x00000000f5980000, 0x0000000100000000, 0x0000000100000000)
  eden space 115200K, 0% used [0x00000000f5980000,0x00000000f5980000,0x00000000fca00000)
  from space 26112K, 4% used [0x00000000fca00000,0x00000000fcb3aff0,0x00000000fe380000)
  to   space 25088K, 0% used [0x00000000fe780000,0x00000000fe780000,0x0000000100000000)
 ParOldGen       total 99328K, used 64917K [0x00000000e0c00000, 0x00000000e6d00000, 0x00000000f5980000)
  object space 99328K, 65% used [0x00000000e0c00000,0x00000000e4b657c0,0x00000000e6d00000)
 Metaspace       used 23949K, capacity 24168K, committed 24448K, reserved 1071104K
  class space    used 2048K, capacity 2108K, committed 2176K, reserved 1048576K
}
Event: 59.274 GC heap before
{Heap before GC invocations=22 (full 2):
 PSYoungGen      total 141312K, used 116459K [0x00000000f5980000, 0x0000000100000000, 0x0000000100000000)
  eden space 115200K, 100% used [0x00000000f5980000,0x00000000fca00000,0x00000000fca00000)
  from space 26112K, 4% used [0x00000000fca00000,0x00000000fcb3aff0,0x00000000fe380000)
  to   space 25088K, 0% used [0x00000000fe780000,0x00000000fe780000,0x0000000100000000)
 ParOldGen       total 99328K, used 64917K [0x00000000e0c00000, 0x00000000e6d00000, 0x00000000f5980000)
  object space 99328K, 65% used [0x00000000e0c00000,0x00000000e4b657c0,0x00000000e6d00000)
 Metaspace       used 23949K, capacity 24168K, committed 24448K, reserved 1071104K
  class space    used 2048K, capacity 2108K, committed 2176K, reserved 1048576K
Event: 59.276 GC heap after
Heap after GC invocations=22 (full 2):
 PSYoungGen      total 124928K, used 1501K [0x00000000f5980000, 0x00000000ff500000, 0x0000000100000000)
  eden space 111104K, 0% used [0x00000000f5980000,0x00000000f5980000,0x00000000fc600000)
  from space 13824K, 10% used [0x00000000fe780000,0x00000000fe8f77e0,0x00000000ff500000)
  to   space 24064K, 0% used [0x00000000fc600000,0x00000000fc600000,0x00000000fdd80000)
 ParOldGen       total 99328K, used 64917K [0x00000000e0c00000, 0x00000000e6d00000, 0x00000000f5980000)
  object space 99328K, 65% used [0x00000000e0c00000,0x00000000e4b657c0,0x00000000e6d00000)
 Metaspace       used 23949K, capacity 24168K, committed 24448K, reserved 1071104K
  class space    used 2048K, capacity 2108K, committed 2176K, reserved 1048576K
}

Deoptimization events (10 events):
Event: 47.643 Thread 0x0000000018489000 Uncommon trap: reason=speculate_class_check action=maybe_recompile pc=0x0000000002dc6da8 method=com.jogamp.common.nio.Buffers.getDirectBufferByteOffset(Ljava/lang/Object;)I @ 53
Event: 47.679 Thread 0x0000000018489000 Uncommon trap: reason=speculate_class_check action=maybe_recompile pc=0x0000000002dc6da8 method=com.jogamp.common.nio.Buffers.getDirectBufferByteOffset(Ljava/lang/Object;)I @ 53
Event: 51.807 Thread 0x0000000018489000 Uncommon trap: reason=speculate_class_check action=maybe_recompile pc=0x0000000002f11004 method=com.jogamp.common.nio.Buffers.getDirectBufferByteOffset(Ljava/lang/Object;)I @ 22
Event: 51.807 Thread 0x0000000018489000 Uncommon trap: reason=speculate_class_check action=maybe_recompile pc=0x0000000002f11004 method=com.jogamp.common.nio.Buffers.getDirectBufferByteOffset(Ljava/lang/Object;)I @ 22
Event: 52.675 Thread 0x0000000018489000 Uncommon trap: reason=speculate_class_check action=maybe_recompile pc=0x0000000002b8d4e0 method=com.jogamp.common.nio.Buffers.getDirectBufferByteOffset(Ljava/lang/Object;)I @ 31
Event: 52.675 Thread 0x0000000018489000 Uncommon trap: reason=speculate_class_check action=maybe_recompile pc=0x0000000002b8d4e0 method=com.jogamp.common.nio.Buffers.getDirectBufferByteOffset(Ljava/lang/Object;)I @ 31
Event: 53.549 Thread 0x0000000018489000 Uncommon trap: reason=speculate_class_check action=maybe_recompile pc=0x0000000002a84380 method=com.jogamp.common.nio.Buffers.getDirectBufferByteOffset(Ljava/lang/Object;)I @ 42
Event: 53.582 Thread 0x0000000018489000 Uncommon trap: reason=speculate_class_check action=maybe_recompile pc=0x0000000002a84380 method=com.jogamp.common.nio.Buffers.getDirectBufferByteOffset(Ljava/lang/Object;)I @ 42
Event: 62.258 Thread 0x0000000018489000 Uncommon trap: reason=unstable_if action=reinterpret pc=0x0000000003286e7c method=controlP5.ControlWindow.pre()LcontrolP5/ControlWindow; @ 51
Event: 62.258 Thread 0x0000000018489000 Uncommon trap: reason=unstable_if action=reinterpret pc=0x00000000031e56e0 method=controlP5.ControlWindow.pre()LcontrolP5/ControlWindow; @ 51

Classes redefined (0 events):
No events

Internal exceptions (10 events):
Event: 11.503 Thread 0x00000000182b0000 Exception <a 'java/lang/NullPointerException'> (0x00000000f5f1ae18) thrown at [C:\re\workspace\8-2-build-windows-amd64-cygwin\jdk8u202\12323\hotspot\src\share\vm\interpreter\linkResolver.cpp, line 1185]
Event: 11.506 Thread 0x00000000182b0000 Exception <a 'java/lang/NullPointerException'> (0x00000000f60b05e0) thrown at [C:\re\workspace\8-2-build-windows-amd64-cygwin\jdk8u202\12323\hotspot\src\share\vm\interpreter\linkResolver.cpp, line 1185]
Event: 11.509 Thread 0x00000000182b0000 Exception <a 'java/lang/NullPointerException'> (0x00000000f60c4ea8) thrown at [C:\re\workspace\8-2-build-windows-amd64-cygwin\jdk8u202\12323\hotspot\src\share\vm\interpreter\linkResolver.cpp, line 1185]
Event: 12.527 Thread 0x00000000182b0000 Exception <a 'java/lang/ClassNotFoundException': sun/net/www/protocol/c/Handler> (0x00000000f66bed98) thrown at [C:\re\workspace\8-2-build-windows-amd64-cygwin\jdk8u202\12323\hotspot\src\share\vm\classfile\systemDictionary.cpp, line 210]
Event: 13.073 Thread 0x0000000018489000 Implicit null exception at 0x0000000002df6fb5 to 0x0000000002df7b41
Event: 17.848 Thread 0x0000000018489000 Exception <a 'java/lang/NullPointerException'> (0x00000000f5f03f20) thrown at [C:\re\workspace\8-2-build-windows-amd64-cygwin\jdk8u202\12323\hotspot\src\share\vm\interpreter\linkResolver.cpp, line 1185]
Event: 17.848 Thread 0x0000000018489000 Exception <a 'java/lang/NullPointerException'> (0x00000000f5f04d10) thrown at [C:\re\workspace\8-2-build-windows-amd64-cygwin\jdk8u202\12323\hotspot\src\share\vm\interpreter\linkResolver.cpp, line 1185]
Event: 17.913 Thread 0x0000000018489000 Exception <a 'java/lang/UnsatisfiedLinkError': The specified module could not be found.
> (0x00000000f60e3ad8) thrown at [C:\re\workspace\8-2-build-windows-amd64-cygwin\jdk8u202\12323\hotspot\src\share\vm\prims\jni.cpp, line 736]
Event: 17.913 Thread 0x0000000018489000 Exception <a 'java/lang/UnsatisfiedLinkError': The specified module could not be found.
> (0x00000000f60e42f8) thrown at [C:\re\workspace\8-2-build-windows-amd64-cygwin\jdk8u202\12323\hotspot\src\share\vm\prims\jni.cpp, line 736]
Event: 17.914 Thread 0x0000000018489000 Exception <a 'java/lang/UnsatisfiedLinkError': The specified module could not be found.
> (0x00000000f60e49f8) thrown at [C:\re\workspace\8-2-build-windows-amd64-cygwin\jdk8u202\12323\hotspot\src\share\vm\prims\jni.cpp, line 736]

Events (10 events):
Event: 62.258 Thread 0x0000000018489000 DEOPT UNPACKING pc=0x000000000263583b sp=0x000000001790e810 mode 2
Event: 62.291 Thread 0x0000000018489000 DEOPT PACKING pc=0x000000000298d3c9 sp=0x000000001790e9e0
Event: 62.291 Thread 0x0000000018489000 DEOPT UNPACKING pc=0x0000000002637890 sp=0x000000001790e758 mode 1
Event: 62.291 Thread 0x0000000018489000 DEOPT PACKING pc=0x0000000002a300dc sp=0x000000001790ea70
Event: 62.291 Thread 0x0000000018489000 DEOPT UNPACKING pc=0x0000000002637890 sp=0x000000001790e7a8 mode 1
Event: 62.321 Thread 0x0000000018489000 DEOPT PACKING pc=0x000000000298d3c9 sp=0x000000001790e9e0
Event: 62.321 Thread 0x0000000018489000 DEOPT UNPACKING pc=0x0000000002637890 sp=0x000000001790e758 mode 1
Event: 62.321 Thread 0x0000000018489000 DEOPT PACKING pc=0x0000000002a300dc sp=0x000000001790ea70
Event: 62.321 Thread 0x0000000018489000 DEOPT UNPACKING pc=0x0000000002637890 sp=0x000000001790e7a8 mode 1
Event: 62.324 Thread 0x0000000015c20000 Thread exited: 0x0000000015c20000


Dynamic libraries:
0x00007ff626ae0000 - 0x00007ff626b17000 	C:\Program Files\processing-3.5.4\java\bin\java.exe
0x00007ffba9550000 - 0x00007ffba9745000 	C:\windows\SYSTEM32\ntdll.dll
0x00007ffba85d0000 - 0x00007ffba868d000 	C:\windows\System32\KERNEL32.DLL
0x00007ffba6d40000 - 0x00007ffba7008000 	C:\windows\System32\KERNELBASE.dll
0x00007ffba8390000 - 0x00007ffba843c000 	C:\windows\System32\ADVAPI32.dll
0x00007ffba9110000 - 0x00007ffba91ae000 	C:\windows\System32\msvcrt.dll
0x00007ffba7b80000 - 0x00007ffba7c1b000 	C:\windows\System32\sechost.dll
0x00007ffba8e40000 - 0x00007ffba8f6b000 	C:\windows\System32\RPCRT4.dll
0x00007ffba8110000 - 0x00007ffba82b0000 	C:\windows\System32\USER32.dll
0x00007ffba7220000 - 0x00007ffba7242000 	C:\windows\System32\win32u.dll
0x00007ffba7e80000 - 0x00007ffba7eaa000 	C:\windows\System32\GDI32.dll
0x00007ffba7010000 - 0x00007ffba711b000 	C:\windows\System32\gdi32full.dll
0x00007ffba74c0000 - 0x00007ffba755d000 	C:\windows\System32\msvcp_win.dll
0x00007ffba7120000 - 0x00007ffba7220000 	C:\windows\System32\ucrtbase.dll
0x00007ffb8a0d0000 - 0x00007ffb8a36a000 	C:\windows\WinSxS\amd64_microsoft.windows.common-controls_6595b64144ccf1df_6.0.19041.844_none_ca00b6081b84eb1d\COMCTL32.dll
0x00007ffba90e0000 - 0x00007ffba9110000 	C:\windows\System32\IMM32.DLL
0x000000006bb90000 - 0x000000006bc62000 	C:\Program Files\processing-3.5.4\java\bin\msvcr100.dll
0x000000006b1e0000 - 0x000000006ba85000 	C:\Program Files\processing-3.5.4\java\bin\server\jvm.dll
0x00007ffba7b70000 - 0x00007ffba7b78000 	C:\windows\System32\PSAPI.DLL
0x00007ffba1970000 - 0x00007ffba1979000 	C:\windows\SYSTEM32\WSOCK32.dll
0x00007ffb93480000 - 0x00007ffb934a7000 	C:\windows\SYSTEM32\WINMM.dll
0x00007ffba84f0000 - 0x00007ffba855b000 	C:\windows\System32\WS2_32.dll
0x00007ffba03c0000 - 0x00007ffba03ca000 	C:\windows\SYSTEM32\VERSION.dll
0x00007ffba0840000 - 0x00007ffba084f000 	C:\Program Files\processing-3.5.4\java\bin\verify.dll
0x00007ffb99a30000 - 0x00007ffb99a59000 	C:\Program Files\processing-3.5.4\java\bin\java.dll
0x00007ffb88290000 - 0x00007ffb882c5000 	C:\Program Files\processing-3.5.4\java\bin\jdwp.dll
0x00007ffba5550000 - 0x00007ffba5558000 	C:\Program Files\processing-3.5.4\java\bin\npt.dll
0x00007ffb99a10000 - 0x00007ffb99a26000 	C:\Program Files\processing-3.5.4\java\bin\zip.dll
0x00007ffba8690000 - 0x00007ffba8dd2000 	C:\windows\System32\SHELL32.dll
0x00007ffba4ba0000 - 0x00007ffba5331000 	C:\windows\SYSTEM32\windows.storage.dll
0x00007ffba91b0000 - 0x00007ffba9505000 	C:\windows\System32\combase.dll
0x00007ffba6700000 - 0x00007ffba672c000 	C:\windows\SYSTEM32\Wldp.dll
0x00007ffba8440000 - 0x00007ffba84ee000 	C:\windows\System32\SHCORE.dll
0x00007ffba75b0000 - 0x00007ffba7605000 	C:\windows\System32\shlwapi.dll
0x00007ffba6bd0000 - 0x00007ffba6bef000 	C:\windows\SYSTEM32\profapi.dll
0x00007ffba5540000 - 0x00007ffba5549000 	C:\Program Files\processing-3.5.4\java\bin\dt_socket.dll
0x00007ffba6470000 - 0x00007ffba64da000 	C:\windows\system32\mswsock.dll
0x00007ffb876d0000 - 0x00007ffb87869000 	C:\Program Files\processing-3.5.4\java\bin\awt.dll
0x00007ffba8f70000 - 0x00007ffba903d000 	C:\windows\System32\OLEAUT32.dll
0x00007ffba4010000 - 0x00007ffba40a0000 	C:\windows\SYSTEM32\apphelp.dll
0x00007ffba4140000 - 0x00007ffba41de000 	C:\windows\system32\uxtheme.dll
0x00007ffba7eb0000 - 0x00007ffba7fc5000 	C:\windows\System32\MSCTF.dll
0x00007ffba7fd0000 - 0x00007ffba80fa000 	C:\windows\System32\ole32.dll
0x00007ffba5560000 - 0x00007ffba5572000 	C:\windows\SYSTEM32\kernel.appcore.dll
0x00007ffba6c90000 - 0x00007ffba6d10000 	C:\windows\System32\bcryptPrimitives.dll
0x0000000071100000 - 0x0000000071125000 	C:\Program Files\processing-3.5.4\modes\java\libraries\serial\library\windows64\jSSC-2.8.dll
0x00007ffba43b0000 - 0x00007ffba43df000 	C:\windows\system32\DWMAPI.DLL
0x00007ffb83ae0000 - 0x00007ffb83c06000 	C:\windows\system32\opengl32.dll
0x00007ffb83ab0000 - 0x00007ffb83adc000 	C:\windows\SYSTEM32\GLU32.dll
0x00007ffba6640000 - 0x00007ffba6658000 	C:\windows\SYSTEM32\CRYPTSP.dll
0x00007ffba5da0000 - 0x00007ffba5dd4000 	C:\windows\system32\rsaenh.dll
0x00007ffba6d10000 - 0x00007ffba6d37000 	C:\windows\System32\bcrypt.dll
0x00007ffba6b90000 - 0x00007ffba6bbe000 	C:\windows\SYSTEM32\USERENV.dll
0x00007ffba6660000 - 0x00007ffba666c000 	C:\windows\SYSTEM32\CRYPTBASE.dll
0x00007ffb8edd0000 - 0x00007ffb8edea000 	C:\Program Files\processing-3.5.4\java\bin\net.dll
0x00007ffb8e6c0000 - 0x00007ffb8e8ae000 	C:\windows\SYSTEM32\urlmon.dll
0x00007ffb92d50000 - 0x00007ffb93000000 	C:\windows\SYSTEM32\iertutil.dll
0x00007ffba6110000 - 0x00007ffba614b000 	C:\windows\SYSTEM32\IPHLPAPI.DLL
0x00007ffba8560000 - 0x00007ffba8568000 	C:\windows\System32\NSI.dll
0x00007ffba4ac0000 - 0x00007ffba4ad7000 	C:\windows\SYSTEM32\dhcpcsvc6.DLL
0x00007ffba4aa0000 - 0x00007ffba4abd000 	C:\windows\SYSTEM32\dhcpcsvc.DLL
0x00007ffba6150000 - 0x00007ffba621c000 	C:\windows\SYSTEM32\DNSAPI.dll
0x00007ffb8edb0000 - 0x00007ffb8edc2000 	C:\Program Files\processing-3.5.4\java\bin\nio.dll
0x00000000637c0000 - 0x00000000637cd000 	C:\Users\aeite\AppData\Local\Temp\jogamp_0000\file_cache\jln1874709917275879719\jln4151083884984112917\natives\windows-amd64\gluegen-rt.dll
0x00007ffba25e0000 - 0x00007ffba25e7000 	C:\Program Files\processing-3.5.4\java\bin\jawt.dll
0x000000006a440000 - 0x000000006a44d000 	C:\Users\aeite\AppData\Local\Temp\jogamp_0000\file_cache\jln1874709917275879719\jln4151083884984112917\natives\windows-amd64\nativewindow_awt.dll
0x000000006c100000 - 0x000000006c10f000 	C:\Users\aeite\AppData\Local\Temp\jogamp_0000\file_cache\jln1874709917275879719\jln4151083884984112917\natives\windows-amd64\nativewindow_win32.dll
0x000000006cbc0000 - 0x000000006cbd3000 	C:\Users\aeite\AppData\Local\Temp\jogamp_0000\file_cache\jln1874709917275879719\jln4151083884984112917\natives\windows-amd64\newt.dll
0x00007ffba0d80000 - 0x00007ffba0e2e000 	C:\windows\SYSTEM32\mscms.dll
0x00007ffba0d60000 - 0x00007ffba0d71000 	C:\windows\SYSTEM32\ColorAdapterClient.dll
0x00007ffb88120000 - 0x00007ffb88163000 	C:\windows\SYSTEM32\icm32.dll
0x00007ffba7610000 - 0x00007ffba7a79000 	C:\windows\System32\setupapi.dll
0x00007ffba7560000 - 0x00007ffba75ae000 	C:\windows\System32\cfgmgr32.dll
0x00007ffba6a40000 - 0x00007ffba6a6c000 	C:\windows\SYSTEM32\DEVOBJ.dll
0x00007ffba7250000 - 0x00007ffba72b0000 	C:\windows\System32\WINTRUST.dll
0x00007ffba7360000 - 0x00007ffba74bf000 	C:\windows\System32\CRYPT32.dll
0x00007ffba6880000 - 0x00007ffba6892000 	C:\windows\SYSTEM32\MSASN1.dll
0x0000000064500000 - 0x00000000645b1000 	C:\Users\aeite\AppData\Local\Temp\jogamp_0000\file_cache\jln1874709917275879719\jln4151083884984112917\natives\windows-amd64\jogl_desktop.dll
0x0000000064340000 - 0x00000000643a2000 	C:\Users\aeite\AppData\Local\Temp\jogamp_0000\file_cache\jln1874709917275879719\jln4151083884984112917\natives\windows-amd64\jogl_mobile.dll
0x00007ffba7c20000 - 0x00007ffba7cc9000 	C:\windows\System32\clbcatq.dll
0x00007ffb9f440000 - 0x00007ffb9f539000 	C:\Windows\System32\AppXDeploymentClient.dll
0x00007ffb5a3c0000 - 0x00007ffb5b307000 	C:\windows\System32\DriverStore\FileRepository\iigd_dch.inf_amd64_ada2367baaae74c0\ig11icd64.dll
0x00007ffba55d0000 - 0x00007ffba56c3000 	C:\windows\system32\dxgi.dll
0x00007ffb99d10000 - 0x00007ffb99d4b000 	C:\windows\SYSTEM32\dxcore.dll
0x00007ffb974c0000 - 0x00007ffb97664000 	C:\windows\System32\DriverStore\FileRepository\iigd_dch.inf_amd64_ada2367baaae74c0\igdgmm64.dll
0x00007ffb95070000 - 0x00007ffb974b9000 	C:\windows\System32\DriverStore\FileRepository\iigd_dch.inf_amd64_ada2367baaae74c0\igc64.dll
0x00007ffba6280000 - 0x00007ffba62cb000 	C:\windows\SYSTEM32\powrprof.dll
0x00007ffba60f0000 - 0x00007ffba6102000 	C:\windows\SYSTEM32\UMPDC.dll
0x00007ffb85c20000 - 0x00007ffb85d19000 	C:\windows\SYSTEM32\textinputframework.dll
0x00007ffba3700000 - 0x00007ffba3a5e000 	C:\windows\System32\CoreUIComponents.dll
0x00007ffba3de0000 - 0x00007ffba3ed2000 	C:\windows\System32\CoreMessaging.dll
0x00007ffba59d0000 - 0x00007ffba5a03000 	C:\windows\SYSTEM32\ntmarta.dll
0x00007ffba2720000 - 0x00007ffba2874000 	C:\windows\SYSTEM32\wintypes.dll
0x00007ffb8b3b0000 - 0x00007ffb8b3f7000 	C:\Program Files\processing-3.5.4\java\bin\fontmanager.dll
0x00007ffb87a60000 - 0x00007ffb87aa2000 	C:\Program Files\processing-3.5.4\java\bin\t2k.dll
0x00007ffb880e0000 - 0x00007ffb88111000 	C:\Program Files\processing-3.5.4\java\bin\jpeg.dll
0x00007ffb87e80000 - 0x00007ffb87ec2000 	C:\Users\aeite\AppData\Local\Temp\jna-92695030\jna2190139345640199140.dll
0x00007ffb86dc0000 - 0x00007ffb86fa6000 	C:\Users\aeite\AppData\Local\Temp\jna-92695030\jna463525831203571643.dll
0x000000006b100000 - 0x000000006b1d3000 	C:\windows\WinSxS\amd64_microsoft.vc90.crt_1fc8b3b9a1e18e3b_9.0.30729.9625_none_08e1c10da83fbc83\MSVCP90.dll
0x000000006b050000 - 0x000000006b0f3000 	C:\windows\WinSxS\amd64_microsoft.vc90.crt_1fc8b3b9a1e18e3b_9.0.30729.9625_none_08e1c10da83fbc83\MSVCR90.dll
0x00007ffb9d0d0000 - 0x00007ffb9d0e7000 	C:\windows\system32\napinsp.dll
0x00007ffb8b480000 - 0x00007ffb8b49b000 	C:\windows\system32\pnrpnsp.dll
0x00007ffba1a50000 - 0x00007ffba1a65000 	C:\windows\system32\wshbth.dll
0x00007ffba2560000 - 0x00007ffba257d000 	C:\windows\system32\NLAapi.dll
0x00007ffb8b460000 - 0x00007ffb8b472000 	C:\windows\System32\winrnr.dll
0x00007ffba5340000 - 0x00007ffba5524000 	C:\windows\SYSTEM32\dbghelp.dll

VM Arguments:
jvm_args: -agentlib:jdwp=transport=dt_socket,address=8151,server=y,suspend=y,quiet=y -Xms64m -Xmx500m -Djna.nosys=true -Djava.ext.dirs=C:\Program Files\processing-3.5.4\java\lib\ext -Djava.library.path=C:\Program Files\processing-3.5.4\OpenBCI_GUI_feedback\OpenBCI_GUI\code;C:\Program Files\processing-3.5.4\core\library;C:\Program Files\processing-3.5.4\libraries\minim\library;C:\Program Files\processing-3.5.4\modes\java\libraries\serial\library\windows64;C:\Program Files\processing-3.5.4\modes\java\libraries\net\library;C:\Program Files\processing-3.5.4\libraries\grafica\library;C:\Program Files\processing-3.5.4\libraries\GifAnimation\library;C:\Program Files\processing-3.5.4\libraries\oscP5\library;C:\Program Files\processing-3.5.4\libraries\udp\library;C:\Program Files\processing-3.5.4\libraries\LSLLink\library;C:\Program Files\processing-3.5.4\libraries\controlP5\library;C:\Program Files\processing-3.5.4\java\bin;C:\windows\system32;C:\windows;C:\windows\system32;C:\windows;C:\windows\System32\Wbem;C:\windows\System32\WindowsPowerShell\v1.0;C:\windows\System32\OpenSSH;C:\Program Files\MATLAB\R2019b\bin;C:\Program Files\PuTTY;C:\Users\aeite\AppData\Local\Microsoft\WindowsApps;C:\Users\aeite\AppData\Local\Programs\Microsoft VS Code\bin;C:\Users\aeite\AppData\Local\GitHubDesktop\bin;C:\Program Files\processing-3.5.4\java\bin;. -ea 
java_command: processing.core.PApplet --display=1 --sketch-path=C:\Program Files\processing-3.5.4\OpenBCI_GUI_feedback\OpenBCI_GUI OpenBCI_GUI
java_class_path (initial): C:\Users\aeite\AppData\Local\Temp\OpenBCI_GUI7147819217317033366temp;;C:\Program Files\processing-3.5.4\OpenBCI_GUI_feedback\OpenBCI_GUI\code\LSLLink.jar;C:\Program Files\processing-3.5.4\core\library\core.jar;C:\Program Files\processing-3.5.4\core\library\gluegen-rt-natives-linux-aarch64.jar;C:\Program Files\processing-3.5.4\core\library\gluegen-rt-natives-linux-amd64.jar;C:\Program Files\processing-3.5.4\core\library\gluegen-rt-natives-linux-armv6hf.jar;C:\Program Files\processing-3.5.4\core\library\gluegen-rt-natives-linux-i586.jar;C:\Program Files\processing-3.5.4\core\library\gluegen-rt-natives-macosx-universal.jar;C:\Program Files\processing-3.5.4\core\library\gluegen-rt-natives-windows-amd64.jar;C:\Program Files\processing-3.5.4\core\library\gluegen-rt-natives-windows-i586.jar;C:\Program Files\processing-3.5.4\core\library\gluegen-rt.jar;C:\Program Files\processing-3.5.4\core\library\jogl-all-natives-linux-aarch64.jar;C:\Program Files\processing-3.5.4\core\library\jogl-all-natives-linux-amd64.jar;C:\Program Files\processing-3.5.4\core\library\jogl-all-natives-linux-armv6hf.jar;C:\Program Files\processing-3.5.4\core\library\jogl-all-natives-linux-i586.jar;C:\Program Files\processing-3.5.4\core\library\jogl-all-natives-macosx-universal.jar;C:\Program Files\processing-3.5.4\core\library\jogl-all-natives-windows-amd64.jar;C:\Program Files\processing-3.5.4\core\library\jogl-all-natives-windows-i586.jar;C:\Program Files\processing-3.5.4\core\library\jogl-all.jar;C:\Program Files\processing-3.5.4\libraries\minim\library\jl1.0.1.jar;C:\Program Files\processing-3.5.4\libraries\minim\library\jsminim.jar;C:\Program Files\processing-3.5.4\libraries\minim\library\minim.jar;C:\Program Files\processing-3.5.4\libraries\minim\library\mp3spi1.9.5.jar;C:\Program Files\processing-3.5.4\libraries\minim\library\tritonus_aos.jar;C:\Program Files\processing-3.5.4\libraries\minim\library\tritonus_share.jar;C:\Program Files\processing-3.5.4\modes\java\libr
Launcher Type: SUN_STANDARD

Environment Variables:
PATH=C:\windows\system32;C:\windows;C:\windows\System32\Wbem;C:\windows\System32\WindowsPowerShell\v1.0\;C:\windows\System32\OpenSSH\;C:\Program Files\MATLAB\R2019b\bin;C:\Program Files\PuTTY\;C:\Users\aeite\AppData\Local\Microsoft\WindowsApps;C:\Users\aeite\AppData\Local\Programs\Microsoft VS Code\bin;C:\Users\aeite\AppData\Local\GitHubDesktop\bin;C:\Program Files\processing-3.5.4\java\bin
USERNAME=aeite
OS=Windows_NT
PROCESSOR_IDENTIFIER=Intel64 Family 6 Model 126 Stepping 5, GenuineIntel



---------------  S Y S T E M  ---------------

OS: Windows 10.0 , 64 bit Build 19041 (10.0.19041.928)

CPU:total 8 (initial active 8) (4 cores per cpu, 2 threads per core) family 6 model 126 stepping 5, cmov, cx8, fxsr, mmx, sse, sse2, sse3, ssse3, sse4.1, sse4.2, popcnt, avx, avx2, aes, clmul, erms, 3dnowpref, lzcnt, ht, tsc, tscinvbit, bmi1, bmi2, adx

Memory: 4k page, physical 8070036k(839220k free), swap 16458644k(4274388k free)

vm_info: Java HotSpot(TM) 64-Bit Server VM (25.202-b08) for windows-amd64 JRE (1.8.0_202-b08), built on Dec 15 2018 19:54:30 by "java_re" with MS VC++ 10.0 (VS2010)

time: Fri Apr 30 18:12:39 2021
timezone: Mountain Daylight Time
elapsed time: 62 seconds (0d 0h 1m 2s)

