#
# A fatal error has been detected by the Java Runtime Environment:
#
#  EXCEPTION_ACCESS_VIOLATION (0xc0000005) at pc=0x00007ffe7d3515e5, pid=15888, tid=0x00000000000043b8
#
# JRE version: Java(TM) SE Runtime Environment (8.0_202-b08) (build 1.8.0_202-b08)
# Java VM: Java HotSpot(TM) 64-Bit Server VM (25.202-b08 mixed mode windows-amd64 compressed oops)
# Problematic frame:
# C  [ig11icd64.dll+0x415e5]
#
# Failed to write core dump. Minidumps are not enabled by default on client versions of Windows
#
# If you would like to submit a bug report, please visit:
#   http://bugreport.java.com/bugreport/crash.jsp
# The crash happened outside the Java Virtual Machine in native code.
# See problematic frame for where to report the bug.
#

---------------  T H R E A D  ---------------

Current thread (0x0000000016897000):  JavaThread "JDWP Transport Listener: dt_socket" daemon [_thread_in_native, id=17336, stack(0x0000000017160000,0x0000000017260000)]

siginfo: ExceptionCode=0xc0000005, reading address 0x0000000000034868

Registers:
RAX=0x0000000029a47488, RBX=0x0000000029a47350, RCX=0x0000000000000000, RDX=0x0000000029a47418
RSP=0x000000001725ea80, RBP=0x0000000000000000, RSI=0x0000000029a4ba30, RDI=0x000000001fd50370
R8 =0x0000000000000000, R9 =0x0000000000000000, R10=0x0000000000000000, R11=0x0000000000000246
R12=0x000000001fce1c00, R13=0x0000000000000000, R14=0x0000000029a477e0, R15=0x0000000000000000
RIP=0x00007ffe7d3515e5, EFLAGS=0x0000000000010206

Top of Stack: (sp=0x000000001725ea80)
0x000000001725ea80:   0000000000000000 0000000000000000
0x000000001725ea90:   0000102b37cd3dc9 0000005400000000
0x000000001725eaa0:   00000000000000a8 0000000000000000
0x000000001725eab0:   00000000003dba3d 000000001fce1c40
0x000000001725eac0:   0000b802063c00a8 00007ffe7d334a56
0x000000001725ead0:   0000000001472ec0 000000001fd50370
0x000000001725eae0:   000000001725ebd0 0000000000000000
0x000000001725eaf0:   0000000000000000 0000000000000000
0x000000001725eb00:   00000000003dba38 000000001faf90e8
0x000000001725eb10:   000022e81db10000 000000001faf9020
0x000000001725eb20:   000000001faf9020 00000000000000a8
0x000000001725eb30:   0000102b37cd3f59 00007ffe7d34e44c
0x000000001725eb40:   0000000000000000 000000001725ec20
0x000000001725eb50:   00000000000000a8 000000001fce2f00
0x000000001725eb60:   0000000000000000 000000001fce2f08
0x000000001725eb70:   0000b802063c00a8 00000000000021ec 

Instructions: (pc=0x00007ffe7d3515e5)
0x00007ffe7d3515c5:   1d 8b c1 83 e0 0f 48 6b c0 38 48 03 c2 48 85 c0
0x00007ffe7d3515d5:   74 0c 48 8b 48 08 eb 08 48 83 c0 08 eb ef 33 c9
0x00007ffe7d3515e5:   48 3b 8d 68 48 03 00 76 6b 48 8b 87 80 02 00 00
0x00007ffe7d3515f5:   49 89 06 48 89 9f 80 02 00 00 ff 87 88 02 00 00 


Register to memory mapping:

RAX=0x0000000029a47488 is an unknown value
RBX=0x0000000029a47350 is an unknown value
RCX=0x0000000000000000 is an unknown value
RDX=0x0000000029a47418 is an unknown value
RSP=0x000000001725ea80 is pointing into the stack for thread: 0x0000000016897000
RBP=0x0000000000000000 is an unknown value
RSI=0x0000000029a4ba30 is an unknown value
RDI=0x000000001fd50370 is an unknown value
R8 =0x0000000000000000 is an unknown value
R9 =0x0000000000000000 is an unknown value
R10=0x0000000000000000 is an unknown value
R11=0x0000000000000246 is an unknown value
R12=0x000000001fce1c00 is an unknown value
R13=0x0000000000000000 is an unknown value
R14=0x0000000029a477e0 is an unknown value
R15=0x0000000000000000 is an unknown value


Stack: [0x0000000017160000,0x0000000017260000],  sp=0x000000001725ea80,  free space=1018k
Native frames: (J=compiled Java code, j=interpreted, Vv=VM code, C=native code)


---------------  P R O C E S S  ---------------

Java Threads: ( => current thread )
  0x0000000019905000 JavaThread "main-FPSAWTAnimator#00-Timer0-FPSAWTAnimator#00-Timer1-FPSAWTAnimator#00-Timer2" [_thread_in_native, id=4468, stack(0x00000000184a0000,0x00000000185a0000)]
  0x0000000019902000 JavaThread "Thread-13" daemon [_thread_in_native, id=1200, stack(0x000000001a720000,0x000000001a820000)]
  0x0000000019903000 JavaThread "Thread-12" [_thread_blocked, id=3124, stack(0x0000000029130000,0x0000000029230000)]
  0x0000000019901800 JavaThread "Thread-11" [_thread_blocked, id=16388, stack(0x0000000029030000,0x0000000029130000)]
  0x0000000003144000 JavaThread "DestroyJavaVM" [_thread_blocked, id=13000, stack(0x0000000003020000,0x0000000003120000)]
  0x0000000018155800 JavaThread "Thread-5" [_thread_blocked, id=15076, stack(0x0000000021570000,0x0000000021670000)]
  0x0000000018154800 JavaThread "HighResTimerThread" daemon [_thread_blocked, id=1396, stack(0x0000000021470000,0x0000000021570000)]
  0x0000000018343800 JavaThread "main-SharedResourceRunner" daemon [_thread_blocked, id=15160, stack(0x000000001b040000,0x000000001b140000)]
  0x000000001821f800 JavaThread "main-Display-.windows_nil-1-EDT-1" daemon [_thread_blocked, id=16612, stack(0x000000001ab40000,0x000000001ac40000)]
  0x0000000017e81800 JavaThread "Timer-0" daemon [_thread_blocked, id=6904, stack(0x0000000018840000,0x0000000018940000)]
  0x0000000017cb7000 JavaThread "AWT-Windows" daemon [_thread_in_native, id=13488, stack(0x00000000185a0000,0x00000000186a0000)]
  0x0000000017cb3000 JavaThread "Java2D Disposer" daemon [_thread_blocked, id=3368, stack(0x00000000183a0000,0x00000000184a0000)]
  0x0000000016944800 JavaThread "Service Thread" daemon [_thread_blocked, id=14652, stack(0x0000000017860000,0x0000000017960000)]
  0x00000000168b6800 JavaThread "C1 CompilerThread3" daemon [_thread_blocked, id=10792, stack(0x0000000017760000,0x0000000017860000)]
  0x00000000168b5800 JavaThread "C2 CompilerThread2" daemon [_thread_blocked, id=4608, stack(0x0000000017660000,0x0000000017760000)]
  0x00000000168b5000 JavaThread "C2 CompilerThread1" daemon [_thread_blocked, id=1108, stack(0x0000000017560000,0x0000000017660000)]
  0x00000000168af800 JavaThread "C2 CompilerThread0" daemon [_thread_blocked, id=2656, stack(0x0000000017460000,0x0000000017560000)]
  0x000000001689e800 JavaThread "JDWP Event Helper Thread" daemon [_thread_blocked, id=17340, stack(0x0000000017260000,0x0000000017360000)]
=>0x0000000016897000 JavaThread "JDWP Transport Listener: dt_socket" daemon [_thread_in_native, id=17336, stack(0x0000000017160000,0x0000000017260000)]
  0x0000000016883800 JavaThread "Attach Listener" daemon [_thread_blocked, id=12248, stack(0x0000000017060000,0x0000000017160000)]
  0x0000000014a69800 JavaThread "Signal Dispatcher" daemon [_thread_blocked, id=13688, stack(0x0000000016f60000,0x0000000017060000)]
  0x000000000323c000 JavaThread "Finalizer" daemon [_thread_blocked, id=13684, stack(0x0000000016d50000,0x0000000016e50000)]
  0x0000000014a5d800 JavaThread "Reference Handler" daemon [_thread_blocked, id=14760, stack(0x0000000016c50000,0x0000000016d50000)]

Other Threads:
  0x0000000014a59000 VMThread [stack: 0x0000000016750000,0x0000000016850000] [id=14788]
  0x0000000016955000 WatcherThread [stack: 0x0000000017960000,0x0000000017a60000] [id=17392]

VM state:not at safepoint (normal execution)

VM Mutex/Monitor currently owned by a thread: None

heap address: 0x00000000e0c00000, size: 500 MB, Compressed Oops mode: 32-bit
Narrow klass base: 0x0000000000000000, Narrow klass shift: 3
Compressed class space size: 1073741824 Address: 0x0000000100000000

Heap:
 PSYoungGen      total 57856K, used 36012K [0x00000000f5980000, 0x00000000fcc00000, 0x0000000100000000)
  eden space 55808K, 61% used [0x00000000f5980000,0x00000000f7b243b0,0x00000000f9000000)
  from space 2048K, 76% used [0x00000000f9180000,0x00000000f9306fd0,0x00000000f9380000)
  to   space 30720K, 0% used [0x00000000fae00000,0x00000000fae00000,0x00000000fcc00000)
 ParOldGen       total 124416K, used 63783K [0x00000000e0c00000, 0x00000000e8580000, 0x00000000f5980000)
  object space 124416K, 51% used [0x00000000e0c00000,0x00000000e4a49e98,0x00000000e8580000)
 Metaspace       used 24106K, capacity 24296K, committed 24448K, reserved 1071104K
  class space    used 2048K, capacity 2108K, committed 2176K, reserved 1048576K

Card table byte_map: [0x0000000012610000,0x0000000012710000] byte_map_base: 0x0000000011f0a000

Marking Bits: (ParMarkBitMap*) 0x0000000076e85ce0
 Begin Bits: [0x0000000012fc0000, 0x0000000013790000)
 End Bits:   [0x0000000013790000, 0x0000000013f60000)

Polling page: 0x0000000003120000

CodeCache: size=245760Kb used=15403Kb max_used=15415Kb free=230356Kb
 bounds [0x0000000003250000, 0x0000000004180000, 0x0000000012250000]
 total_blobs=4586 nmethods=3595 adapters=909
 compilation: enabled

Compilation events (10 events):
Event: 71.973 Thread 0x00000000168b6800 4410   !   3       com.sun.proxy.$Proxy0::lsl_get_fullinfo (50 bytes)
Event: 71.974 Thread 0x00000000168b6800 nmethod 4410 0x0000000003a0f850 code [0x0000000003a0fa40, 0x0000000003a10658]
Event: 71.974 Thread 0x00000000168b6800 4411   !   3       com.sun.proxy.$Proxy0::lsl_get_channel_count (39 bytes)
Event: 71.975 Thread 0x00000000168b6800 nmethod 4411 0x00000000039656d0 code [0x0000000003965880, 0x0000000003965fb8]
Event: 71.975 Thread 0x00000000168b6800 4412       3       edu.ucsd.sccn.LSL$StreamInlet::pull_sample (37 bytes)
Event: 71.975 Thread 0x00000000168b6800 nmethod 4412 0x0000000003c56750 code [0x0000000003c568e0, 0x0000000003c56bb8]
Event: 71.975 Thread 0x00000000168b6800 4413   !   3       com.sun.proxy.$Proxy0::lsl_pull_sample_f (65 bytes)
Event: 71.976 Thread 0x00000000168b6800 nmethod 4413 0x0000000003d531d0 code [0x0000000003d53420, 0x0000000003d54898]
Event: 72.135 Thread 0x00000000168b5000 4415   !   4       java.io.BufferedWriter::flushBuffer (53 bytes)
Event: 72.139 Thread 0x00000000168b5000 nmethod 4415 0x000000000350b390 code [0x000000000350b4e0, 0x000000000350b988]

GC Heap History (10 events):
Event: 58.266 GC heap before
{Heap before GC invocations=21 (full 2):
 PSYoungGen      total 100864K, used 65376K [0x00000000f5980000, 0x00000000fe680000, 0x0000000100000000)
  eden space 64512K, 100% used [0x00000000f5980000,0x00000000f9880000,0x00000000f9880000)
  from space 36352K, 2% used [0x00000000fc300000,0x00000000fc3d8000,0x00000000fe680000)
  to   space 39936K, 0% used [0x00000000f9880000,0x00000000f9880000,0x00000000fbf80000)
 ParOldGen       total 124416K, used 63751K [0x00000000e0c00000, 0x00000000e8580000, 0x00000000f5980000)
  object space 124416K, 51% used [0x00000000e0c00000,0x00000000e4a41e98,0x00000000e8580000)
 Metaspace       used 23974K, capacity 24168K, committed 24448K, reserved 1071104K
  class space    used 2048K, capacity 2108K, committed 2176K, reserved 1048576K
Event: 58.271 GC heap after
Heap after GC invocations=21 (full 2):
 PSYoungGen      total 64000K, used 1503K [0x00000000f5980000, 0x00000000fe080000, 0x0000000100000000)
  eden space 62464K, 0% used [0x00000000f5980000,0x00000000f5980000,0x00000000f9680000)
  from space 1536K, 97% used [0x00000000f9880000,0x00000000f99f7d28,0x00000000f9a00000)
  to   space 37888K, 0% used [0x00000000fbb80000,0x00000000fbb80000,0x00000000fe080000)
 ParOldGen       total 124416K, used 63759K [0x00000000e0c00000, 0x00000000e8580000, 0x00000000f5980000)
  object space 124416K, 51% used [0x00000000e0c00000,0x00000000e4a43e98,0x00000000e8580000)
 Metaspace       used 23974K, capacity 24168K, committed 24448K, reserved 1071104K
  class space    used 2048K, capacity 2108K, committed 2176K, reserved 1048576K
}
Event: 61.493 GC heap before
{Heap before GC invocations=22 (full 2):
 PSYoungGen      total 64000K, used 63967K [0x00000000f5980000, 0x00000000fe080000, 0x0000000100000000)
  eden space 62464K, 100% used [0x00000000f5980000,0x00000000f9680000,0x00000000f9680000)
  from space 1536K, 97% used [0x00000000f9880000,0x00000000f99f7d28,0x00000000f9a00000)
  to   space 37888K, 0% used [0x00000000fbb80000,0x00000000fbb80000,0x00000000fe080000)
 ParOldGen       total 124416K, used 63759K [0x00000000e0c00000, 0x00000000e8580000, 0x00000000f5980000)
  object space 124416K, 51% used [0x00000000e0c00000,0x00000000e4a43e98,0x00000000e8580000)
 Metaspace       used 24044K, capacity 24232K, committed 24448K, reserved 1071104K
  class space    used 2048K, capacity 2108K, committed 2176K, reserved 1048576K
Event: 61.496 GC heap after
Heap after GC invocations=22 (full 2):
 PSYoungGen      total 93184K, used 1255K [0x00000000f5980000, 0x00000000fdb80000, 0x0000000100000000)
  eden space 60416K, 0% used [0x00000000f5980000,0x00000000f5980000,0x00000000f9480000)
  from space 32768K, 3% used [0x00000000fbb80000,0x00000000fbcb9fc0,0x00000000fdb80000)
  to   space 36352K, 0% used [0x00000000f9480000,0x00000000f9480000,0x00000000fb800000)
 ParOldGen       total 124416K, used 63767K [0x00000000e0c00000, 0x00000000e8580000, 0x00000000f5980000)
  object space 124416K, 51% used [0x00000000e0c00000,0x00000000e4a45e98,0x00000000e8580000)
 Metaspace       used 24044K, capacity 24232K, committed 24448K, reserved 1071104K
  class space    used 2048K, capacity 2108K, committed 2176K, reserved 1048576K
}
Event: 64.593 GC heap before
{Heap before GC invocations=23 (full 2):
 PSYoungGen      total 93184K, used 61671K [0x00000000f5980000, 0x00000000fdb80000, 0x0000000100000000)
  eden space 60416K, 100% used [0x00000000f5980000,0x00000000f9480000,0x00000000f9480000)
  from space 32768K, 3% used [0x00000000fbb80000,0x00000000fbcb9fc0,0x00000000fdb80000)
  to   space 36352K, 0% used [0x00000000f9480000,0x00000000f9480000,0x00000000fb800000)
 ParOldGen       total 124416K, used 63767K [0x00000000e0c00000, 0x00000000e8580000, 0x00000000f5980000)
  object space 124416K, 51% used [0x00000000e0c00000,0x00000000e4a45e98,0x00000000e8580000)
 Metaspace       used 24099K, capacity 24296K, committed 24448K, reserved 1071104K
  class space    used 2048K, capacity 2108K, committed 2176K, reserved 1048576K
Event: 64.596 GC heap after
Heap after GC invocations=23 (full 2):
 PSYoungGen      total 60416K, used 1435K [0x00000000f5980000, 0x00000000fd600000, 0x0000000100000000)
  eden space 58880K, 0% used [0x00000000f5980000,0x00000000f5980000,0x00000000f9300000)
  from space 1536K, 93% used [0x00000000f9480000,0x00000000f95e6fd0,0x00000000f9600000)
  to   space 34304K, 0% used [0x00000000fb480000,0x00000000fb480000,0x00000000fd600000)
 ParOldGen       total 124416K, used 63775K [0x00000000e0c00000, 0x00000000e8580000, 0x00000000f5980000)
  object space 124416K, 51% used [0x00000000e0c00000,0x00000000e4a47e98,0x00000000e8580000)
 Metaspace       used 24099K, capacity 24296K, committed 24448K, reserved 1071104K
  class space    used 2048K, capacity 2108K, committed 2176K, reserved 1048576K
}
Event: 67.610 GC heap before
{Heap before GC invocations=24 (full 2):
 PSYoungGen      total 60416K, used 60315K [0x00000000f5980000, 0x00000000fd600000, 0x0000000100000000)
  eden space 58880K, 100% used [0x00000000f5980000,0x00000000f9300000,0x00000000f9300000)
  from space 1536K, 93% used [0x00000000f9480000,0x00000000f95e6fd0,0x00000000f9600000)
  to   space 34304K, 0% used [0x00000000fb480000,0x00000000fb480000,0x00000000fd600000)
 ParOldGen       total 124416K, used 63775K [0x00000000e0c00000, 0x00000000e8580000, 0x00000000f5980000)
  object space 124416K, 51% used [0x00000000e0c00000,0x00000000e4a47e98,0x00000000e8580000)
 Metaspace       used 24103K, capacity 24296K, committed 24448K, reserved 1071104K
  class space    used 2048K, capacity 2108K, committed 2176K, reserved 1048576K
Event: 67.612 GC heap after
Heap after GC invocations=24 (full 2):
 PSYoungGen      total 87040K, used 1479K [0x00000000f5980000, 0x00000000fd180000, 0x0000000100000000)
  eden space 57344K, 0% used [0x00000000f5980000,0x00000000f5980000,0x00000000f9180000)
  from space 29696K, 4% used [0x00000000fb480000,0x00000000fb5f1fc0,0x00000000fd180000)
  to   space 32768K, 0% used [0x00000000f9180000,0x00000000f9180000,0x00000000fb180000)
 ParOldGen       total 124416K, used 63783K [0x00000000e0c00000, 0x00000000e8580000, 0x00000000f5980000)
  object space 124416K, 51% used [0x00000000e0c00000,0x00000000e4a49e98,0x00000000e8580000)
 Metaspace       used 24103K, capacity 24296K, committed 24448K, reserved 1071104K
  class space    used 2048K, capacity 2108K, committed 2176K, reserved 1048576K
}
Event: 70.639 GC heap before
{Heap before GC invocations=25 (full 2):
 PSYoungGen      total 87040K, used 58823K [0x00000000f5980000, 0x00000000fd180000, 0x0000000100000000)
  eden space 57344K, 100% used [0x00000000f5980000,0x00000000f9180000,0x00000000f9180000)
  from space 29696K, 4% used [0x00000000fb480000,0x00000000fb5f1fc0,0x00000000fd180000)
  to   space 32768K, 0% used [0x00000000f9180000,0x00000000f9180000,0x00000000fb180000)
 ParOldGen       total 124416K, used 63783K [0x00000000e0c00000, 0x00000000e8580000, 0x00000000f5980000)
  object space 124416K, 51% used [0x00000000e0c00000,0x00000000e4a49e98,0x00000000e8580000)
 Metaspace       used 24103K, capacity 24296K, committed 24448K, reserved 1071104K
  class space    used 2048K, capacity 2108K, committed 2176K, reserved 1048576K
Event: 70.642 GC heap after
Heap after GC invocations=25 (full 2):
 PSYoungGen      total 57856K, used 1563K [0x00000000f5980000, 0x00000000fcc00000, 0x0000000100000000)
  eden space 55808K, 0% used [0x00000000f5980000,0x00000000f5980000,0x00000000f9000000)
  from space 2048K, 76% used [0x00000000f9180000,0x00000000f9306fd0,0x00000000f9380000)
  to   space 30720K, 0% used [0x00000000fae00000,0x00000000fae00000,0x00000000fcc00000)
 ParOldGen       total 124416K, used 63783K [0x00000000e0c00000, 0x00000000e8580000, 0x00000000f5980000)
  object space 124416K, 51% used [0x00000000e0c00000,0x00000000e4a49e98,0x00000000e8580000)
 Metaspace       used 24103K, capacity 24296K, committed 24448K, reserved 1071104K
  class space    used 2048K, capacity 2108K, committed 2176K, reserved 1048576K
}

Deoptimization events (10 events):
Event: 56.687 Thread 0x0000000019905000 Uncommon trap: reason=unstable_if action=reinterpret pc=0x0000000003833e24 method=java.util.regex.Pattern.has(I)Z @ 6
Event: 56.832 Thread 0x0000000019905000 Uncommon trap: reason=unstable_if action=reinterpret pc=0x0000000003574464 method=java.util.HashMap.getNode(ILjava/lang/Object;)Ljava/util/HashMap$Node; @ 129
Event: 56.832 Thread 0x0000000019905000 Uncommon trap: reason=class_check action=maybe_recompile pc=0x0000000003b98968 method=java.util.HashMap.putVal(ILjava/lang/Object;Ljava/lang/Object;ZZ)Ljava/lang/Object; @ 203
Event: 57.771 Thread 0x0000000019902000 Uncommon trap: reason=unstable_if action=reinterpret pc=0x00000000040020a8 method=sun.misc.FormattedFloatingDecimal.applyPrecision(I[CII)I @ 12
Event: 57.904 Thread 0x0000000019905000 Uncommon trap: reason=unstable_if action=reinterpret pc=0x0000000003ffdf64 method=sun.misc.FloatingDecimal$BinaryToASCIIBuffer.dtoa(IJIZ)V @ 470
Event: 58.925 Thread 0x0000000019905000 Uncommon trap: reason=unstable_if action=reinterpret pc=0x0000000003d580a4 method=sun.misc.FloatingDecimal$BinaryToASCIIBuffer.dtoa(IJIZ)V @ 522
Event: 68.777 Thread 0x0000000019905000 Uncommon trap: reason=unstable_if action=reinterpret pc=0x000000000391b920 method=sun.misc.FloatingDecimal$BinaryToASCIIBuffer.dtoa(IJIZ)V @ 714
Event: 68.944 Thread 0x0000000019902000 Uncommon trap: reason=unstable_if action=reinterpret pc=0x0000000003968bb8 method=sun.misc.FormattedFloatingDecimal.applyPrecision(I[CII)I @ 90
Event: 72.442 Thread 0x0000000019905000 Uncommon trap: reason=unstable_if action=reinterpret pc=0x000000000337fdfc method=controlP5.ControlWindow.pre()LcontrolP5/ControlWindow; @ 51
Event: 72.442 Thread 0x0000000019905000 Uncommon trap: reason=unstable_if action=reinterpret pc=0x00000000038955e0 method=controlP5.ControlWindow.pre()LcontrolP5/ControlWindow; @ 51

Classes redefined (0 events):
No events

Internal exceptions (10 events):
Event: 14.189 Thread 0x0000000018f64800 Exception <a 'java/lang/NullPointerException'> (0x00000000f59ec3f0) thrown at [C:\re\workspace\8-2-build-windows-amd64-cygwin\jdk8u202\12323\hotspot\src\share\vm\interpreter\linkResolver.cpp, line 1185]
Event: 14.192 Thread 0x0000000018f64800 Exception <a 'java/lang/NullPointerException'> (0x00000000f5c42388) thrown at [C:\re\workspace\8-2-build-windows-amd64-cygwin\jdk8u202\12323\hotspot\src\share\vm\interpreter\linkResolver.cpp, line 1185]
Event: 14.194 Thread 0x0000000018f64800 Exception <a 'java/lang/NullPointerException'> (0x00000000f5c56c50) thrown at [C:\re\workspace\8-2-build-windows-amd64-cygwin\jdk8u202\12323\hotspot\src\share\vm\interpreter\linkResolver.cpp, line 1185]
Event: 15.213 Thread 0x0000000018f64800 Exception <a 'java/lang/ClassNotFoundException': sun/net/www/protocol/c/Handler> (0x00000000f6ed70c0) thrown at [C:\re\workspace\8-2-build-windows-amd64-cygwin\jdk8u202\12323\hotspot\src\share\vm\classfile\systemDictionary.cpp, line 210]
Event: 32.636 Thread 0x0000000019905000 Implicit null exception at 0x0000000003406938 to 0x0000000003407e91
Event: 56.674 Thread 0x0000000019905000 Exception <a 'java/lang/NullPointerException'> (0x00000000f8def8b8) thrown at [C:\re\workspace\8-2-build-windows-amd64-cygwin\jdk8u202\12323\hotspot\src\share\vm\interpreter\linkResolver.cpp, line 1185]
Event: 56.674 Thread 0x0000000019905000 Exception <a 'java/lang/NullPointerException'> (0x00000000f8df06a8) thrown at [C:\re\workspace\8-2-build-windows-amd64-cygwin\jdk8u202\12323\hotspot\src\share\vm\interpreter\linkResolver.cpp, line 1185]
Event: 56.762 Thread 0x0000000019905000 Exception <a 'java/lang/UnsatisfiedLinkError': The specified module could not be found.
> (0x00000000f9006df8) thrown at [C:\re\workspace\8-2-build-windows-amd64-cygwin\jdk8u202\12323\hotspot\src\share\vm\prims\jni.cpp, line 736]
Event: 56.762 Thread 0x0000000019905000 Exception <a 'java/lang/UnsatisfiedLinkError': The specified module could not be found.
> (0x00000000f9007618) thrown at [C:\re\workspace\8-2-build-windows-amd64-cygwin\jdk8u202\12323\hotspot\src\share\vm\prims\jni.cpp, line 736]
Event: 56.763 Thread 0x0000000019905000 Exception <a 'java/lang/UnsatisfiedLinkError': The specified module could not be found.
> (0x00000000f9007d18) thrown at [C:\re\workspace\8-2-build-windows-amd64-cygwin\jdk8u202\12323\hotspot\src\share\vm\prims\jni.cpp, line 736]

Events (10 events):
Event: 72.442 Thread 0x0000000019905000 DEOPT PACKING pc=0x000000000337fdfc sp=0x000000001859eb70
Event: 72.442 Thread 0x0000000019905000 DEOPT UNPACKING pc=0x000000000329583b sp=0x000000001859eac0 mode 2
Event: 72.442 Thread 0x0000000019905000 Uncommon trap: trap_request=0xffffff65 fr.pc=0x00000000038955e0
Event: 72.442 Thread 0x0000000019905000 DEOPT PACKING pc=0x00000000038955e0 sp=0x000000001859eb10
Event: 72.442 Thread 0x0000000019905000 DEOPT UNPACKING pc=0x000000000329583b sp=0x000000001859eab0 mode 2
Event: 72.474 Thread 0x0000000019905000 DEOPT PACKING pc=0x0000000003dce309 sp=0x000000001859ec50
Event: 72.474 Thread 0x0000000019905000 DEOPT UNPACKING pc=0x0000000003297890 sp=0x000000001859e9c8 mode 1
Event: 72.474 Thread 0x0000000019905000 DEOPT PACKING pc=0x000000000386161c sp=0x000000001859ece0
Event: 72.474 Thread 0x0000000019905000 DEOPT UNPACKING pc=0x0000000003297890 sp=0x000000001859ea18 mode 1
Event: 72.477 Thread 0x000000001689f800 Thread exited: 0x000000001689f800


Dynamic libraries:
0x00007ff673c30000 - 0x00007ff673c67000 	C:\Users\aeite\Documents\GitHub\neural_signal_2020\processing-3.5.4\java\bin\java.exe
0x00007ffef53d0000 - 0x00007ffef55c5000 	C:\windows\SYSTEM32\ntdll.dll
0x00007ffef4150000 - 0x00007ffef420d000 	C:\windows\System32\KERNEL32.DLL
0x00007ffef2b40000 - 0x00007ffef2e09000 	C:\windows\System32\KERNELBASE.dll
0x00007ffef3440000 - 0x00007ffef34ec000 	C:\windows\System32\ADVAPI32.dll
0x00007ffef35a0000 - 0x00007ffef363e000 	C:\windows\System32\msvcrt.dll
0x00007ffef4dd0000 - 0x00007ffef4e6b000 	C:\windows\System32\sechost.dll
0x00007ffef51b0000 - 0x00007ffef52da000 	C:\windows\System32\RPCRT4.dll
0x00007ffef39c0000 - 0x00007ffef3b60000 	C:\windows\System32\USER32.dll
0x00007ffef3010000 - 0x00007ffef3032000 	C:\windows\System32\win32u.dll
0x00007ffef4c70000 - 0x00007ffef4c9a000 	C:\windows\System32\GDI32.dll
0x00007ffef31d0000 - 0x00007ffef32db000 	C:\windows\System32\gdi32full.dll
0x00007ffef30a0000 - 0x00007ffef313d000 	C:\windows\System32\msvcp_win.dll
0x00007ffef2f10000 - 0x00007ffef3010000 	C:\windows\System32\ucrtbase.dll
0x00007ffed4f20000 - 0x00007ffed51ba000 	C:\windows\WinSxS\amd64_microsoft.windows.common-controls_6595b64144ccf1df_6.0.19041.1083_none_60bbe31371f34e71\COMCTL32.dll
0x00007ffef4b10000 - 0x00007ffef4b40000 	C:\windows\System32\IMM32.DLL
0x0000000077230000 - 0x0000000077302000 	C:\Users\aeite\Documents\GitHub\neural_signal_2020\processing-3.5.4\java\bin\msvcr100.dll
0x0000000076660000 - 0x0000000076f05000 	C:\Users\aeite\Documents\GitHub\neural_signal_2020\processing-3.5.4\java\bin\server\jvm.dll
0x00007ffef4e70000 - 0x00007ffef4e78000 	C:\windows\System32\PSAPI.DLL
0x00007ffeec160000 - 0x00007ffeec16a000 	C:\windows\SYSTEM32\VERSION.dll
0x00007ffed44a0000 - 0x00007ffed44c7000 	C:\windows\SYSTEM32\WINMM.dll
0x00007ffeed6c0000 - 0x00007ffeed6c9000 	C:\windows\SYSTEM32\WSOCK32.dll
0x00007ffef5080000 - 0x00007ffef50eb000 	C:\windows\System32\WS2_32.dll
0x00007ffeebb50000 - 0x00007ffeebb5f000 	C:\Users\aeite\Documents\GitHub\neural_signal_2020\processing-3.5.4\java\bin\verify.dll
0x00007ffed09d0000 - 0x00007ffed09f9000 	C:\Users\aeite\Documents\GitHub\neural_signal_2020\processing-3.5.4\java\bin\java.dll
0x00007ffed08a0000 - 0x00007ffed08d5000 	C:\Users\aeite\Documents\GitHub\neural_signal_2020\processing-3.5.4\java\bin\jdwp.dll
0x00007ffedfbd0000 - 0x00007ffedfbd8000 	C:\Users\aeite\Documents\GitHub\neural_signal_2020\processing-3.5.4\java\bin\npt.dll
0x00007ffed0460000 - 0x00007ffed0476000 	C:\Users\aeite\Documents\GitHub\neural_signal_2020\processing-3.5.4\java\bin\zip.dll
0x00007ffef43c0000 - 0x00007ffef4aff000 	C:\windows\System32\SHELL32.dll
0x00007ffef0910000 - 0x00007ffef10a1000 	C:\windows\SYSTEM32\windows.storage.dll
0x00007ffef3640000 - 0x00007ffef3995000 	C:\windows\System32\combase.dll
0x00007ffef24b0000 - 0x00007ffef24dc000 	C:\windows\SYSTEM32\Wldp.dll
0x00007ffef52e0000 - 0x00007ffef538e000 	C:\windows\System32\SHCORE.dll
0x00007ffef50f0000 - 0x00007ffef5145000 	C:\windows\System32\shlwapi.dll
0x00007ffef2a50000 - 0x00007ffef2a6f000 	C:\windows\SYSTEM32\profapi.dll
0x00007ffedfbc0000 - 0x00007ffedfbc9000 	C:\Users\aeite\Documents\GitHub\neural_signal_2020\processing-3.5.4\java\bin\dt_socket.dll
0x00007ffef2210000 - 0x00007ffef227a000 	C:\windows\system32\mswsock.dll
0x00007ffe905b0000 - 0x00007ffe90749000 	C:\Users\aeite\Documents\GitHub\neural_signal_2020\processing-3.5.4\java\bin\awt.dll
0x00007ffef4ba0000 - 0x00007ffef4c6d000 	C:\windows\System32\OLEAUT32.dll
0x00007ffeefe70000 - 0x00007ffeeff00000 	C:\windows\SYSTEM32\apphelp.dll
0x00007ffef0030000 - 0x00007ffef00ce000 	C:\windows\system32\uxtheme.dll
0x00007ffef4e80000 - 0x00007ffef4f95000 	C:\windows\System32\MSCTF.dll
0x00007ffef4ca0000 - 0x00007ffef4dca000 	C:\windows\System32\ole32.dll
0x00007ffef13d0000 - 0x00007ffef13e2000 	C:\windows\SYSTEM32\kernel.appcore.dll
0x00007ffef3140000 - 0x00007ffef31c3000 	C:\windows\System32\bcryptPrimitives.dll
0x0000000071100000 - 0x0000000071125000 	C:\Users\aeite\Documents\GitHub\neural_signal_2020\processing-3.5.4\modes\java\libraries\serial\library\windows64\jSSC-2.8.dll
0x00007ffef0220000 - 0x00007ffef024f000 	C:\windows\system32\DWMAPI.DLL
0x00007ffecb0f0000 - 0x00007ffecb215000 	C:\windows\system32\opengl32.dll
0x00007ffeccb90000 - 0x00007ffeccbbc000 	C:\windows\SYSTEM32\GLU32.dll
0x00007ffef23f0000 - 0x00007ffef2408000 	C:\windows\SYSTEM32\CRYPTSP.dll
0x00007ffef1bb0000 - 0x00007ffef1be4000 	C:\windows\system32\rsaenh.dll
0x00007ffef2b10000 - 0x00007ffef2b37000 	C:\windows\System32\bcrypt.dll
0x00007ffef29d0000 - 0x00007ffef29fe000 	C:\windows\SYSTEM32\USERENV.dll
0x00007ffef2410000 - 0x00007ffef241c000 	C:\windows\SYSTEM32\CRYPTBASE.dll
0x00007ffed0440000 - 0x00007ffed045a000 	C:\Users\aeite\Documents\GitHub\neural_signal_2020\processing-3.5.4\java\bin\net.dll
0x00007ffee3030000 - 0x00007ffee321c000 	C:\windows\SYSTEM32\urlmon.dll
0x00007ffee0350000 - 0x00007ffee0600000 	C:\windows\SYSTEM32\iertutil.dll
0x00007ffef1f00000 - 0x00007ffef1f3b000 	C:\windows\SYSTEM32\IPHLPAPI.DLL
0x00007ffef4140000 - 0x00007ffef4148000 	C:\windows\System32\NSI.dll
0x00007ffef10d0000 - 0x00007ffef10e7000 	C:\windows\SYSTEM32\dhcpcsvc6.DLL
0x00007ffef10b0000 - 0x00007ffef10cd000 	C:\windows\SYSTEM32\dhcpcsvc.DLL
0x00007ffef1f40000 - 0x00007ffef200c000 	C:\windows\SYSTEM32\DNSAPI.dll
0x00007ffed03d0000 - 0x00007ffed03e2000 	C:\Users\aeite\Documents\GitHub\neural_signal_2020\processing-3.5.4\java\bin\nio.dll
0x00000000637c0000 - 0x00000000637cd000 	C:\Users\aeite\AppData\Local\Temp\jogamp_0000\file_cache\jln3833795972136718381\jln2310228249998745941\natives\windows-amd64\gluegen-rt.dll
0x00007ffed45c0000 - 0x00007ffed45c7000 	C:\Users\aeite\Documents\GitHub\neural_signal_2020\processing-3.5.4\java\bin\jawt.dll
0x000000006a440000 - 0x000000006a44d000 	C:\Users\aeite\AppData\Local\Temp\jogamp_0000\file_cache\jln3833795972136718381\jln2310228249998745941\natives\windows-amd64\nativewindow_awt.dll
0x000000006c100000 - 0x000000006c10f000 	C:\Users\aeite\AppData\Local\Temp\jogamp_0000\file_cache\jln3833795972136718381\jln2310228249998745941\natives\windows-amd64\nativewindow_win32.dll
0x000000006cbc0000 - 0x000000006cbd3000 	C:\Users\aeite\AppData\Local\Temp\jogamp_0000\file_cache\jln3833795972136718381\jln2310228249998745941\natives\windows-amd64\newt.dll
0x00007ffeed840000 - 0x00007ffeed8ee000 	C:\windows\SYSTEM32\mscms.dll
0x00007ffeed6f0000 - 0x00007ffeed701000 	C:\windows\SYSTEM32\ColorAdapterClient.dll
0x00007ffed0850000 - 0x00007ffed0893000 	C:\windows\SYSTEM32\icm32.dll
0x00007ffef3cd0000 - 0x00007ffef4139000 	C:\windows\System32\setupapi.dll
0x00007ffef2e10000 - 0x00007ffef2e5e000 	C:\windows\System32\cfgmgr32.dll
0x00007ffef2850000 - 0x00007ffef287c000 	C:\windows\SYSTEM32\DEVOBJ.dll
0x00007ffef3040000 - 0x00007ffef30a0000 	C:\windows\System32\WINTRUST.dll
0x00007ffef32e0000 - 0x00007ffef343f000 	C:\windows\System32\CRYPT32.dll
0x00007ffef2630000 - 0x00007ffef2642000 	C:\windows\SYSTEM32\MSASN1.dll
0x0000000064500000 - 0x00000000645b1000 	C:\Users\aeite\AppData\Local\Temp\jogamp_0000\file_cache\jln3833795972136718381\jln2310228249998745941\natives\windows-amd64\jogl_desktop.dll
0x0000000064340000 - 0x00000000643a2000 	C:\Users\aeite\AppData\Local\Temp\jogamp_0000\file_cache\jln3833795972136718381\jln2310228249998745941\natives\windows-amd64\jogl_mobile.dll
0x00007ffef34f0000 - 0x00007ffef3599000 	C:\windows\System32\clbcatq.dll
0x00007ffeeaa70000 - 0x00007ffeeab69000 	C:\Windows\System32\AppXDeploymentClient.dll
0x00007ffe7d310000 - 0x00007ffe7e257000 	C:\windows\System32\DriverStore\FileRepository\iigd_dch.inf_amd64_ada2367baaae74c0\ig11icd64.dll
0x00007ffef1440000 - 0x00007ffef1534000 	C:\windows\system32\dxgi.dll
0x00007ffed6140000 - 0x00007ffed617b000 	C:\windows\SYSTEM32\dxcore.dll
0x00007ffedac50000 - 0x00007ffedadf4000 	C:\windows\System32\DriverStore\FileRepository\iigd_dch.inf_amd64_ada2367baaae74c0\igdgmm64.dll
0x00007ffed8130000 - 0x00007ffeda579000 	C:\windows\System32\DriverStore\FileRepository\iigd_dch.inf_amd64_ada2367baaae74c0\igc64.dll
0x00007ffef2980000 - 0x00007ffef29cb000 	C:\windows\SYSTEM32\powrprof.dll
0x00007ffef2960000 - 0x00007ffef2972000 	C:\windows\SYSTEM32\UMPDC.dll
0x00007ffedf500000 - 0x00007ffedf5f9000 	C:\windows\SYSTEM32\textinputframework.dll
0x00007ffeef560000 - 0x00007ffeef8be000 	C:\windows\System32\CoreUIComponents.dll
0x00007ffeefc40000 - 0x00007ffeefd32000 	C:\windows\System32\CoreMessaging.dll
0x00007ffef1840000 - 0x00007ffef1873000 	C:\windows\SYSTEM32\ntmarta.dll
0x00007ffeee580000 - 0x00007ffeee6d4000 	C:\windows\SYSTEM32\wintypes.dll
0x00007ffec8530000 - 0x00007ffec8577000 	C:\Users\aeite\Documents\GitHub\neural_signal_2020\processing-3.5.4\java\bin\fontmanager.dll
0x00007ffebe2d0000 - 0x00007ffebe312000 	C:\Users\aeite\Documents\GitHub\neural_signal_2020\processing-3.5.4\java\bin\t2k.dll
0x00007ffed0400000 - 0x00007ffed0431000 	C:\Users\aeite\Documents\GitHub\neural_signal_2020\processing-3.5.4\java\bin\jpeg.dll
0x00007ffeb4bb0000 - 0x00007ffeb4bf2000 	C:\Users\aeite\AppData\Local\Temp\jna-92695030\jna1319811781876166668.dll
0x00007ffe899f0000 - 0x00007ffe89bd6000 	C:\Users\aeite\AppData\Local\Temp\jna-92695030\jna7259805285242117745.dll
0x0000000077180000 - 0x0000000077223000 	C:\windows\WinSxS\amd64_microsoft.vc90.crt_1fc8b3b9a1e18e3b_9.0.30729.9625_none_08e1c10da83fbc83\MSVCR90.dll
0x00000000770a0000 - 0x0000000077173000 	C:\windows\WinSxS\amd64_microsoft.vc90.crt_1fc8b3b9a1e18e3b_9.0.30729.9625_none_08e1c10da83fbc83\MSVCP90.dll
0x00007ffee4260000 - 0x00007ffee4277000 	C:\windows\system32\napinsp.dll
0x00007ffee9ae0000 - 0x00007ffee9afb000 	C:\windows\system32\pnrpnsp.dll
0x00007ffeedaf0000 - 0x00007ffeedb05000 	C:\windows\system32\wshbth.dll
0x00007ffeeb9d0000 - 0x00007ffeeb9ed000 	C:\windows\system32\NLAapi.dll
0x00007ffee9e30000 - 0x00007ffee9e42000 	C:\windows\System32\winrnr.dll
0x00007ffef11b0000 - 0x00007ffef1394000 	C:\windows\SYSTEM32\dbghelp.dll

VM Arguments:
jvm_args: -agentlib:jdwp=transport=dt_socket,address=8656,server=y,suspend=y,quiet=y -Xms64m -Xmx500m -Djna.nosys=true -Djava.ext.dirs=C:\Users\aeite\Documents\GitHub\neural_signal_2020\processing-3.5.4\java\lib\ext -Djava.library.path=C:\Program Files\processing-3.5.4\OpenBCI_GUI_feedback\OpenBCI_GUI\code;C:\Users\aeite\Documents\GitHub\neural_signal_2020\processing-3.5.4\core\library;C:\Program Files\processing-3.5.4\libraries\minim\library;C:\Users\aeite\Documents\GitHub\neural_signal_2020\processing-3.5.4\modes\java\libraries\serial\library\windows64;C:\Users\aeite\Documents\GitHub\neural_signal_2020\processing-3.5.4\modes\java\libraries\net\library;C:\Program Files\processing-3.5.4\libraries\grafica\library;C:\Program Files\processing-3.5.4\libraries\GifAnimation\library;C:\Program Files\processing-3.5.4\libraries\oscP5\library;C:\Program Files\processing-3.5.4\libraries\udp\library;C:\Program Files\processing-3.5.4\libraries\LSLLink\library;C:\Program Files\processing-3.5.4\libraries\controlP5\library;C:\Users\aeite\Documents\GitHub\neural_signal_2020\processing-3.5.4\java\bin;C:\windows\system32;C:\windows;C:\windows\system32;C:\windows;C:\windows\System32\Wbem;C:\windows\System32\WindowsPowerShell\v1.0;C:\windows\System32\OpenSSH;C:\Program Files\MATLAB\R2019b\bin;C:\Program Files\PuTTY;C:\Users\aeite\AppData\Local\Microsoft\WindowsApps;C:\Users\aeite\AppData\Local\Programs\Microsoft VS Code\bin;C:\Users\aeite\AppData\Local\GitHubDesktop\bin;C:\Users\aeite\Documents\GitHub\neural_signal_2020\processing-3.5.4\java\bin;. -ea 
java_command: processing.core.PApplet --display=1 --sketch-path=C:\Program Files\processing-3.5.4\OpenBCI_GUI_feedback\OpenBCI_GUI OpenBCI_GUI
java_class_path (initial): C:\Users\aeite\AppData\Local\Temp\OpenBCI_GUI860255935551929312temp;;C:\Program Files\processing-3.5.4\OpenBCI_GUI_feedback\OpenBCI_GUI\code\LSLLink.jar;C:\Users\aeite\Documents\GitHub\neural_signal_2020\processing-3.5.4\core\library\core.jar;C:\Users\aeite\Documents\GitHub\neural_signal_2020\processing-3.5.4\core\library\gluegen-rt-natives-linux-aarch64.jar;C:\Users\aeite\Documents\GitHub\neural_signal_2020\processing-3.5.4\core\library\gluegen-rt-natives-linux-amd64.jar;C:\Users\aeite\Documents\GitHub\neural_signal_2020\processing-3.5.4\core\library\gluegen-rt-natives-linux-armv6hf.jar;C:\Users\aeite\Documents\GitHub\neural_signal_2020\processing-3.5.4\core\library\gluegen-rt-natives-linux-i586.jar;C:\Users\aeite\Documents\GitHub\neural_signal_2020\processing-3.5.4\core\library\gluegen-rt-natives-macosx-universal.jar;C:\Users\aeite\Documents\GitHub\neural_signal_2020\processing-3.5.4\core\library\gluegen-rt-natives-windows-amd64.jar;C:\Users\aeite\Documents\GitHub\neural_signal_2020\processing-3.5.4\core\library\gluegen-rt-natives-windows-i586.jar;C:\Users\aeite\Documents\GitHub\neural_signal_2020\processing-3.5.4\core\library\gluegen-rt.jar;C:\Users\aeite\Documents\GitHub\neural_signal_2020\processing-3.5.4\core\library\jogl-all-natives-linux-aarch64.jar;C:\Users\aeite\Documents\GitHub\neural_signal_2020\processing-3.5.4\core\library\jogl-all-natives-linux-amd64.jar;C:\Users\aeite\Documents\GitHub\neural_signal_2020\processing-3.5.4\core\library\jogl-all-natives-linux-armv6hf.jar;C:\Users\aeite\Documents\GitHub\neural_signal_2020\processing-3.5.4\core\library\jogl-all-natives-linux-i586.jar;C:\Users\aeite\Documents\GitHub\neural_signal_2020\processing-3.5.4\core\library\jogl-all-natives-macosx-universal.jar;C:\Users\aeite\Documents\GitHub\neural_signal_2020\processing-3.5.4\core\library\jogl-all-natives-windows-amd64.jar;C:\Users\aeite\Documents\GitHub\neural_signal_2020\processing-3.5.4\core\library\jogl-all-natives-windows-i586.jar;
Launcher Type: SUN_STANDARD

Environment Variables:
PATH=C:\windows\system32;C:\windows;C:\windows\System32\Wbem;C:\windows\System32\WindowsPowerShell\v1.0\;C:\windows\System32\OpenSSH\;C:\Program Files\MATLAB\R2019b\bin;C:\Program Files\PuTTY\;C:\Users\aeite\AppData\Local\Microsoft\WindowsApps;C:\Users\aeite\AppData\Local\Programs\Microsoft VS Code\bin;C:\Users\aeite\AppData\Local\GitHubDesktop\bin;C:\Users\aeite\Documents\GitHub\neural_signal_2020\processing-3.5.4\java\bin
USERNAME=aeite
OS=Windows_NT
PROCESSOR_IDENTIFIER=Intel64 Family 6 Model 126 Stepping 5, GenuineIntel



---------------  S Y S T E M  ---------------

OS: Windows 10.0 , 64 bit Build 19041 (10.0.19041.1023)

CPU:total 8 (initial active 8) (4 cores per cpu, 2 threads per core) family 6 model 126 stepping 5, cmov, cx8, fxsr, mmx, sse, sse2, sse3, ssse3, sse4.1, sse4.2, popcnt, avx, avx2, aes, clmul, erms, 3dnowpref, lzcnt, ht, tsc, tscinvbit, bmi1, bmi2, adx

Memory: 4k page, physical 8070036k(1419412k free), swap 20128660k(10222504k free)

vm_info: Java HotSpot(TM) 64-Bit Server VM (25.202-b08) for windows-amd64 JRE (1.8.0_202-b08), built on Dec 15 2018 19:54:30 by "java_re" with MS VC++ 10.0 (VS2010)

time: Tue Jul 13 16:22:43 2021
timezone: Mountain Daylight Time
elapsed time: 72 seconds (0d 0h 1m 12s)

