#
# A fatal error has been detected by the Java Runtime Environment:
#
#  EXCEPTION_ACCESS_VIOLATION (0xc0000005) at pc=0x00007ffe7d3515e5, pid=16504, tid=0x000000000000161c
#
# JRE version: Java(TM) SE Runtime Environment (8.0_202-b08) (build 1.8.0_202-b08)
# Java VM: Java HotSpot(TM) 64-Bit Server VM (25.202-b08 mixed mode windows-amd64 compressed oops)
# Problematic frame:
# C  [ig11icd64.dll+0x415e5]
#
# Failed to write core dump. Minidumps are not enabled by default on client versions of Windows
#
# If you would like to submit a bug report, please visit:
#   http://bugreport.java.com/bugreport/crash.jsp
# The crash happened outside the Java Virtual Machine in native code.
# See problematic frame for where to report the bug.
#

---------------  T H R E A D  ---------------

Current thread (0x00000000160cd800):  JavaThread "JDWP Transport Listener: dt_socket" daemon [_thread_in_native, id=5660, stack(0x0000000016990000,0x0000000016a90000)]

siginfo: ExceptionCode=0xc0000005, reading address 0x0000000000034868

Registers:
RAX=0x000000002d80cfd8, RBX=0x000000002d80cea0, RCX=0x0000000000000000, RDX=0x000000002d80cf68
RSP=0x0000000016a8e8e0, RBP=0x0000000000000000, RSI=0x000000002d814820, RDI=0x000000001f65a450
R8 =0x0000000000000000, R9 =0x0000000000000000, R10=0x0000000000000000, R11=0x0000000000000246
R12=0x000000001f3b6500, R13=0x0000000000000000, R14=0x000000002d80d330, R15=0x0000000000000000
RIP=0x00007ffe7d3515e5, EFLAGS=0x0000000000010206

Top of Stack: (sp=0x0000000016a8e8e0)
0x0000000016a8e8e0:   0000000000000000 0000000000000000
0x0000000016a8e8f0:   0000156ffd389b44 0000005400000000
0x0000000016a8e900:   00000000000000a8 0000000000000000
0x0000000016a8e910:   0000000000223238 000000001f3b6540
0x0000000016a8e920:   0000b802041700a8 00007ffe7d334a56
0x0000000016a8e930:   0000000000c21030 000000001f65a450
0x0000000016a8e940:   0000000016a8ea30 0000000000000000
0x0000000016a8e950:   0000000000000000 0000000000000000
0x0000000016a8e960:   0000000000223233 000000001f434c98
0x0000000016a8e970:   000009d41cf40000 000000001f434bd0
0x0000000016a8e980:   000000001f434bd0 00000000000000a8
0x0000000016a8e990:   0000156ffd3894d4 00007ffe7d34e44c
0x0000000016a8e9a0:   0000000000000000 0000000016a8ea80
0x0000000016a8e9b0:   00000000000000a8 000000001f3b7800
0x0000000016a8e9c0:   0000000000000000 000000001f3b7808
0x0000000016a8e9d0:   0000b802041700a8 00000000000008d8 

Instructions: (pc=0x00007ffe7d3515e5)
0x00007ffe7d3515c5:   1d 8b c1 83 e0 0f 48 6b c0 38 48 03 c2 48 85 c0
0x00007ffe7d3515d5:   74 0c 48 8b 48 08 eb 08 48 83 c0 08 eb ef 33 c9
0x00007ffe7d3515e5:   48 3b 8d 68 48 03 00 76 6b 48 8b 87 80 02 00 00
0x00007ffe7d3515f5:   49 89 06 48 89 9f 80 02 00 00 ff 87 88 02 00 00 


Register to memory mapping:

RAX=0x000000002d80cfd8 is an unknown value
RBX=0x000000002d80cea0 is an unknown value
RCX=0x0000000000000000 is an unknown value
RDX=0x000000002d80cf68 is an unknown value
RSP=0x0000000016a8e8e0 is pointing into the stack for thread: 0x00000000160cd800
RBP=0x0000000000000000 is an unknown value
RSI=0x000000002d814820 is an unknown value
RDI=0x000000001f65a450 is an unknown value
R8 =0x0000000000000000 is an unknown value
R9 =0x0000000000000000 is an unknown value
R10=0x0000000000000000 is an unknown value
R11=0x0000000000000246 is an unknown value
R12=0x000000001f3b6500 is an unknown value
R13=0x0000000000000000 is an unknown value
R14=0x000000002d80d330 is an unknown value
R15=0x0000000000000000 is an unknown value


Stack: [0x0000000016990000,0x0000000016a90000],  sp=0x0000000016a8e8e0,  free space=1018k
Native frames: (J=compiled Java code, j=interpreted, Vv=VM code, C=native code)


---------------  P R O C E S S  ---------------

Java Threads: ( => current thread )
  0x0000000018d44000 JavaThread "Thread-13" daemon [_thread_in_native, id=15132, stack(0x00000000308b0000,0x00000000309b0000)]
  0x0000000018d4a000 JavaThread "Thread-12" [_thread_blocked, id=13716, stack(0x00000000288a0000,0x00000000289a0000)]
  0x0000000018d44800 JavaThread "Thread-11" [_thread_blocked, id=16800, stack(0x00000000275f0000,0x00000000276f0000)]
  0x00000000189c5800 JavaThread "main-FPSAWTAnimator#00-Timer0-FPSAWTAnimator#00-Timer1" [_thread_in_native, id=12968, stack(0x0000000024420000,0x0000000024520000)]
  0x0000000002a84000 JavaThread "DestroyJavaVM" [_thread_blocked, id=8712, stack(0x0000000002980000,0x0000000002a80000)]
  0x000000001848a800 JavaThread "Thread-5" [_thread_blocked, id=12620, stack(0x0000000020da0000,0x0000000020ea0000)]
  0x000000001793d800 JavaThread "HighResTimerThread" daemon [_thread_blocked, id=3004, stack(0x0000000020ca0000,0x0000000020da0000)]
  0x0000000017b33000 JavaThread "main-SharedResourceRunner" daemon [_thread_blocked, id=13900, stack(0x000000001a850000,0x000000001a950000)]
  0x000000001784a000 JavaThread "main-Display-.windows_nil-1-EDT-1" daemon [_thread_in_native, id=15420, stack(0x000000001a350000,0x000000001a450000)]
  0x000000001766f000 JavaThread "Timer-0" daemon [_thread_blocked, id=16312, stack(0x0000000018050000,0x0000000018150000)]
  0x00000000174d7000 JavaThread "AWT-Windows" daemon [_thread_in_native, id=16720, stack(0x0000000017dd0000,0x0000000017ed0000)]
  0x00000000174cf800 JavaThread "Java2D Disposer" daemon [_thread_blocked, id=18976, stack(0x0000000017bd0000,0x0000000017cd0000)]
  0x000000001617e800 JavaThread "Service Thread" daemon [_thread_blocked, id=12932, stack(0x0000000017090000,0x0000000017190000)]
  0x00000000160ee800 JavaThread "C1 CompilerThread3" daemon [_thread_blocked, id=1952, stack(0x0000000016f90000,0x0000000017090000)]
  0x00000000160ee000 JavaThread "C2 CompilerThread2" daemon [_thread_blocked, id=18352, stack(0x0000000016e90000,0x0000000016f90000)]
  0x00000000160ed000 JavaThread "C2 CompilerThread1" daemon [_thread_blocked, id=15180, stack(0x0000000016d90000,0x0000000016e90000)]
  0x00000000160e7800 JavaThread "C2 CompilerThread0" daemon [_thread_blocked, id=14916, stack(0x0000000016c90000,0x0000000016d90000)]
  0x00000000160d4800 JavaThread "JDWP Event Helper Thread" daemon [_thread_blocked, id=14528, stack(0x0000000016a90000,0x0000000016b90000)]
=>0x00000000160cd800 JavaThread "JDWP Transport Listener: dt_socket" daemon [_thread_in_native, id=5660, stack(0x0000000016990000,0x0000000016a90000)]
  0x00000000160c4800 JavaThread "Attach Listener" daemon [_thread_blocked, id=10836, stack(0x0000000016890000,0x0000000016990000)]
  0x00000000160c3000 JavaThread "Signal Dispatcher" daemon [_thread_blocked, id=18568, stack(0x0000000016790000,0x0000000016890000)]
  0x00000000160b1800 JavaThread "Finalizer" daemon [_thread_blocked, id=8984, stack(0x0000000016590000,0x0000000016690000)]
  0x00000000160b0800 JavaThread "Reference Handler" daemon [_thread_blocked, id=8244, stack(0x0000000016490000,0x0000000016590000)]

Other Threads:
  0x00000000142c9000 VMThread [stack: 0x0000000015f90000,0x0000000016090000] [id=16532]
  0x0000000016191800 WatcherThread [stack: 0x0000000017190000,0x0000000017290000] [id=14316]

VM state:not at safepoint (normal execution)

VM Mutex/Monitor currently owned by a thread: None

heap address: 0x00000000e0c00000, size: 500 MB, Compressed Oops mode: 32-bit
Narrow klass base: 0x0000000000000000, Narrow klass shift: 3
Compressed class space size: 1073741824 Address: 0x0000000100000000

Heap:
 PSYoungGen      total 129536K, used 47744K [0x00000000f5980000, 0x00000000fff80000, 0x0000000100000000)
  eden space 94208K, 22% used [0x00000000f5980000,0x00000000f6e63c08,0x00000000fb580000)
  from space 35328K, 74% used [0x00000000fdb80000,0x00000000ff53c490,0x00000000ffe00000)
  to   space 37888K, 0% used [0x00000000fb580000,0x00000000fb580000,0x00000000fda80000)
 ParOldGen       total 80384K, used 32484K [0x00000000e0c00000, 0x00000000e5a80000, 0x00000000f5980000)
  object space 80384K, 40% used [0x00000000e0c00000,0x00000000e2bb90e8,0x00000000e5a80000)
 Metaspace       used 20879K, capacity 21084K, committed 21376K, reserved 1069056K
  class space    used 1832K, capacity 1894K, committed 1920K, reserved 1048576K

Card table byte_map: [0x0000000011f40000,0x0000000012040000] byte_map_base: 0x000000001183a000

Marking Bits: (ParMarkBitMap*) 0x0000000076e85ce0
 Begin Bits: [0x0000000012840000, 0x0000000013010000)
 End Bits:   [0x0000000013010000, 0x00000000137e0000)

Polling page: 0x00000000010b0000

CodeCache: size=245760Kb used=9574Kb max_used=9587Kb free=236185Kb
 bounds [0x0000000002b80000, 0x00000000034f0000, 0x0000000011b80000]
 total_blobs=3402 nmethods=2483 adapters=839
 compilation: enabled

Compilation events (10 events):
Event: 40.132 Thread 0x00000000160ee800 2510       1       com.jogamp.newt.event.NEWTEvent::getEventType (5 bytes)
Event: 40.132 Thread 0x00000000160ee800 nmethod 2510 0x00000000034db250 code [0x00000000034db3a0, 0x00000000034db4b0]
Event: 40.671 Thread 0x00000000160ee800 2512       3       controlP5.Controller::updateEvents (469 bytes)
Event: 40.676 Thread 0x00000000160ee800 nmethod 2512 0x00000000034de1d0 code [0x00000000034de600, 0x00000000034e1508]
Event: 41.241 Thread 0x00000000160ee800 2513       3       java.nio.IntBuffer::put (9 bytes)
Event: 41.241 Thread 0x00000000160ee800 nmethod 2513 0x00000000034daa50 code [0x00000000034dabc0, 0x00000000034dae08]
Event: 41.584 Thread 0x00000000160e7800 2514       4       processing.opengl.PJOGL::bufferData (16 bytes)
Event: 41.589 Thread 0x00000000160e7800 nmethod 2514 0x00000000034e3b50 code [0x00000000034e3ca0, 0x00000000034e3e68]
Event: 41.616 Thread 0x00000000160ee000 2515       4       processing.opengl.PJOGL::bindFramebufferImpl (12 bytes)
Event: 41.628 Thread 0x00000000160ee000 nmethod 2515 0x00000000034e2e50 code [0x00000000034e2fc0, 0x00000000034e35a8]

GC Heap History (10 events):
Event: 3.706 GC heap before
{Heap before GC invocations=5 (full 0):
 PSYoungGen      total 35328K, used 35223K [0x00000000f5980000, 0x00000000f7e80000, 0x0000000100000000)
  eden space 32768K, 99% used [0x00000000f5980000,0x00000000f7968b98,0x00000000f7980000)
  from space 2560K, 99% used [0x00000000f7c00000,0x00000000f7e7d398,0x00000000f7e80000)
  to   space 2560K, 0% used [0x00000000f7980000,0x00000000f7980000,0x00000000f7c00000)
 ParOldGen       total 44032K, used 18329K [0x00000000e0c00000, 0x00000000e3700000, 0x00000000f5980000)
  object space 44032K, 41% used [0x00000000e0c00000,0x00000000e1de6650,0x00000000e3700000)
 Metaspace       used 18876K, capacity 19042K, committed 19328K, reserved 1067008K
  class space    used 1733K, capacity 1795K, committed 1920K, reserved 1048576K
Event: 3.723 GC heap after
Heap after GC invocations=5 (full 0):
 PSYoungGen      total 35328K, used 2555K [0x00000000f5980000, 0x00000000fd280000, 0x0000000100000000)
  eden space 32768K, 0% used [0x00000000f5980000,0x00000000f5980000,0x00000000f7980000)
  from space 2560K, 99% used [0x00000000f7980000,0x00000000f7bfee50,0x00000000f7c00000)
  to   space 29184K, 0% used [0x00000000fb600000,0x00000000fb600000,0x00000000fd280000)
 ParOldGen       total 47104K, used 46375K [0x00000000e0c00000, 0x00000000e3a00000, 0x00000000f5980000)
  object space 47104K, 98% used [0x00000000e0c00000,0x00000000e3949f90,0x00000000e3a00000)
 Metaspace       used 18876K, capacity 19042K, committed 19328K, reserved 1067008K
  class space    used 1733K, capacity 1795K, committed 1920K, reserved 1048576K
}
Event: 3.723 GC heap before
{Heap before GC invocations=6 (full 1):
 PSYoungGen      total 35328K, used 2555K [0x00000000f5980000, 0x00000000fd280000, 0x0000000100000000)
  eden space 32768K, 0% used [0x00000000f5980000,0x00000000f5980000,0x00000000f7980000)
  from space 2560K, 99% used [0x00000000f7980000,0x00000000f7bfee50,0x00000000f7c00000)
  to   space 29184K, 0% used [0x00000000fb600000,0x00000000fb600000,0x00000000fd280000)
 ParOldGen       total 47104K, used 46375K [0x00000000e0c00000, 0x00000000e3a00000, 0x00000000f5980000)
  object space 47104K, 98% used [0x00000000e0c00000,0x00000000e3949f90,0x00000000e3a00000)
 Metaspace       used 18876K, capacity 19042K, committed 19328K, reserved 1067008K
  class space    used 1733K, capacity 1795K, committed 1920K, reserved 1048576K
Event: 3.755 GC heap after
Heap after GC invocations=6 (full 1):
 PSYoungGen      total 35328K, used 0K [0x00000000f5980000, 0x00000000fd280000, 0x0000000100000000)
  eden space 32768K, 0% used [0x00000000f5980000,0x00000000f5980000,0x00000000f7980000)
  from space 2560K, 0% used [0x00000000f7980000,0x00000000f7980000,0x00000000f7c00000)
  to   space 29184K, 0% used [0x00000000fb600000,0x00000000fb600000,0x00000000fd280000)
 ParOldGen       total 80384K, used 32460K [0x00000000e0c00000, 0x00000000e5a80000, 0x00000000f5980000)
  object space 80384K, 40% used [0x00000000e0c00000,0x00000000e2bb30e8,0x00000000e5a80000)
 Metaspace       used 18876K, capacity 19042K, committed 19328K, reserved 1067008K
  class space    used 1733K, capacity 1795K, committed 1920K, reserved 1048576K
}
Event: 3.895 GC heap before
{Heap before GC invocations=7 (full 1):
 PSYoungGen      total 35328K, used 30564K [0x00000000f5980000, 0x00000000fd280000, 0x0000000100000000)
  eden space 32768K, 93% used [0x00000000f5980000,0x00000000f7759220,0x00000000f7980000)
  from space 2560K, 0% used [0x00000000f7980000,0x00000000f7980000,0x00000000f7c00000)
  to   space 29184K, 0% used [0x00000000fb600000,0x00000000fb600000,0x00000000fd280000)
 ParOldGen       total 80384K, used 32460K [0x00000000e0c00000, 0x00000000e5a80000, 0x00000000f5980000)
  object space 80384K, 40% used [0x00000000e0c00000,0x00000000e2bb30e8,0x00000000e5a80000)
 Metaspace       used 18946K, capacity 19170K, committed 19584K, reserved 1067008K
  class space    used 1736K, capacity 1795K, committed 1920K, reserved 1048576K
Event: 3.903 GC heap after
Heap after GC invocations=7 (full 1):
 PSYoungGen      total 82432K, used 20331K [0x00000000f5980000, 0x00000000fce80000, 0x0000000100000000)
  eden space 57344K, 0% used [0x00000000f5980000,0x00000000f5980000,0x00000000f9180000)
  from space 25088K, 81% used [0x00000000fb600000,0x00000000fc9daf10,0x00000000fce80000)
  to   space 31232K, 0% used [0x00000000f9180000,0x00000000f9180000,0x00000000fb000000)
 ParOldGen       total 80384K, used 32468K [0x00000000e0c00000, 0x00000000e5a80000, 0x00000000f5980000)
  object space 80384K, 40% used [0x00000000e0c00000,0x00000000e2bb50e8,0x00000000e5a80000)
 Metaspace       used 18946K, capacity 19170K, committed 19584K, reserved 1067008K
  class space    used 1736K, capacity 1795K, committed 1920K, reserved 1048576K
}
Event: 7.259 GC heap before
{Heap before GC invocations=8 (full 1):
 PSYoungGen      total 82432K, used 77675K [0x00000000f5980000, 0x00000000fce80000, 0x0000000100000000)
  eden space 57344K, 100% used [0x00000000f5980000,0x00000000f9180000,0x00000000f9180000)
  from space 25088K, 81% used [0x00000000fb600000,0x00000000fc9daf10,0x00000000fce80000)
  to   space 31232K, 0% used [0x00000000f9180000,0x00000000f9180000,0x00000000fb000000)
 ParOldGen       total 80384K, used 32468K [0x00000000e0c00000, 0x00000000e5a80000, 0x00000000f5980000)
  object space 80384K, 40% used [0x00000000e0c00000,0x00000000e2bb50e8,0x00000000e5a80000)
 Metaspace       used 20304K, capacity 20502K, committed 20608K, reserved 1069056K
  class space    used 1829K, capacity 1893K, committed 1920K, reserved 1048576K
Event: 7.273 GC heap after
Heap after GC invocations=8 (full 1):
 PSYoungGen      total 88576K, used 26573K [0x00000000f5980000, 0x00000000ffe00000, 0x0000000100000000)
  eden space 57344K, 0% used [0x00000000f5980000,0x00000000f5980000,0x00000000f9180000)
  from space 31232K, 85% used [0x00000000f9180000,0x00000000fab73688,0x00000000fb000000)
  to   space 35328K, 0% used [0x00000000fdb80000,0x00000000fdb80000,0x00000000ffe00000)
 ParOldGen       total 80384K, used 32476K [0x00000000e0c00000, 0x00000000e5a80000, 0x00000000f5980000)
  object space 80384K, 40% used [0x00000000e0c00000,0x00000000e2bb70e8,0x00000000e5a80000)
 Metaspace       used 20304K, capacity 20502K, committed 20608K, reserved 1069056K
  class space    used 1829K, capacity 1893K, committed 1920K, reserved 1048576K
}
Event: 33.160 GC heap before
{Heap before GC invocations=9 (full 1):
 PSYoungGen      total 88576K, used 83917K [0x00000000f5980000, 0x00000000ffe00000, 0x0000000100000000)
  eden space 57344K, 100% used [0x00000000f5980000,0x00000000f9180000,0x00000000f9180000)
  from space 31232K, 85% used [0x00000000f9180000,0x00000000fab73688,0x00000000fb000000)
  to   space 35328K, 0% used [0x00000000fdb80000,0x00000000fdb80000,0x00000000ffe00000)
 ParOldGen       total 80384K, used 32476K [0x00000000e0c00000, 0x00000000e5a80000, 0x00000000f5980000)
  object space 80384K, 40% used [0x00000000e0c00000,0x00000000e2bb70e8,0x00000000e5a80000)
 Metaspace       used 20851K, capacity 21078K, committed 21376K, reserved 1069056K
  class space    used 1829K, capacity 1893K, committed 1920K, reserved 1048576K
Event: 33.171 GC heap after
Heap after GC invocations=9 (full 1):
 PSYoungGen      total 129536K, used 26353K [0x00000000f5980000, 0x00000000fff80000, 0x0000000100000000)
  eden space 94208K, 0% used [0x00000000f5980000,0x00000000f5980000,0x00000000fb580000)
  from space 35328K, 74% used [0x00000000fdb80000,0x00000000ff53c490,0x00000000ffe00000)
  to   space 37888K, 0% used [0x00000000fb580000,0x00000000fb580000,0x00000000fda80000)
 ParOldGen       total 80384K, used 32484K [0x00000000e0c00000, 0x00000000e5a80000, 0x00000000f5980000)
  object space 80384K, 40% used [0x00000000e0c00000,0x00000000e2bb90e8,0x00000000e5a80000)
 Metaspace       used 20851K, capacity 21078K, committed 21376K, reserved 1069056K
  class space    used 1829K, capacity 1893K, committed 1920K, reserved 1048576K
}

Deoptimization events (10 events):
Event: 4.483 Thread 0x00000000189c5800 Uncommon trap: reason=class_check action=maybe_recompile pc=0x000000000309d484 method=com.jogamp.common.nio.Buffers.getDirectBufferByteOffset(Ljava/lang/Object;)I @ 7
Event: 4.528 Thread 0x000000001898c800 Uncommon trap: reason=unstable_if action=reinterpret pc=0x0000000002e21260 method=sun.net.www.ParseUtil.encodePath(Ljava/lang/String;Z)Ljava/lang/String; @ 145
Event: 4.722 Thread 0x00000000189c5800 Uncommon trap: reason=class_check action=maybe_recompile pc=0x000000000309bf80 method=com.jogamp.common.nio.Buffers.isDirect(Ljava/lang/Object;)Z @ 7
Event: 4.722 Thread 0x00000000189c5800 Uncommon trap: reason=class_check action=maybe_recompile pc=0x000000000309d484 method=com.jogamp.common.nio.Buffers.getDirectBufferByteOffset(Ljava/lang/Object;)I @ 7
Event: 5.235 Thread 0x00000000189c5800 Uncommon trap: reason=unstable_if action=reinterpret pc=0x00000000030bde68 method=processing.opengl.Texture.convertToRGBA([IIII)V @ 339
Event: 36.562 Thread 0x00000000189c5800 Uncommon trap: reason=unstable_if action=reinterpret pc=0x0000000003452af0 method=java.lang.reflect.Method.invoke(Ljava/lang/Object;[Ljava/lang/Object;)Ljava/lang/Object; @ 45
Event: 36.596 Thread 0x00000000189c5800 Uncommon trap: reason=unstable_if action=reinterpret pc=0x00000000034ab7b0 method=OpenBCI_GUI$Button.overRect(IIII)Z @ 8
Event: 36.629 Thread 0x00000000189c5800 Uncommon trap: reason=unstable_if action=reinterpret pc=0x0000000002d35994 method=OpenBCI_GUI$Button.overRect(IIII)Z @ 8
Event: 40.200 Thread 0x00000000189c5800 Uncommon trap: reason=unstable_if action=reinterpret pc=0x00000000034c09a4 method=controlP5.Controller.updateEvents()Ljava/lang/Object; @ 361
Event: 40.235 Thread 0x00000000189c5800 Uncommon trap: reason=unstable_if action=reinterpret pc=0x00000000030ecd58 method=java.util.HashMap.keySet()Ljava/util/Set; @ 6

Classes redefined (0 events):
No events

Internal exceptions (10 events):
Event: 4.526 Thread 0x000000001898c800 Exception <a 'java/lang/ClassNotFoundException': sun/net/www/protocol/c/Handler> (0x00000000f7eb2310) thrown at [C:\re\workspace\8-2-build-windows-amd64-cygwin\jdk8u202\12323\hotspot\src\share\vm\classfile\systemDictionary.cpp, line 210]
Event: 4.528 Thread 0x000000001898c800 Exception <a 'java/io/FileNotFoundException'> (0x00000000f7eb7ca0) thrown at [C:\re\workspace\8-2-build-windows-amd64-cygwin\jdk8u202\12323\hotspot\src\share\vm\prims\jni.cpp, line 710]
Event: 4.529 Thread 0x000000001898c800 Exception <a 'java/lang/ClassNotFoundException': sun/net/www/protocol/c/Handler> (0x00000000f7ec0de0) thrown at [C:\re\workspace\8-2-build-windows-amd64-cygwin\jdk8u202\12323\hotspot\src\share\vm\classfile\systemDictionary.cpp, line 210]
Event: 4.529 Thread 0x000000001898c800 Exception <a 'java/lang/ClassNotFoundException': sun/net/www/protocol/c/Handler> (0x00000000f7ec6f88) thrown at [C:\re\workspace\8-2-build-windows-amd64-cygwin\jdk8u202\12323\hotspot\src\share\vm\classfile\systemDictionary.cpp, line 210]
Event: 4.530 Thread 0x000000001898c800 Exception <a 'java/lang/ClassNotFoundException': sun/net/www/protocol/c/Handler> (0x00000000f7ed12f8) thrown at [C:\re\workspace\8-2-build-windows-amd64-cygwin\jdk8u202\12323\hotspot\src\share\vm\classfile\systemDictionary.cpp, line 210]
Event: 4.530 Thread 0x000000001898c800 Exception <a 'java/io/FileNotFoundException'> (0x00000000f7ed7568) thrown at [C:\re\workspace\8-2-build-windows-amd64-cygwin\jdk8u202\12323\hotspot\src\share\vm\prims\jni.cpp, line 710]
Event: 4.530 Thread 0x000000001898c800 Exception <a 'java/io/FileNotFoundException'> (0x00000000f7ed7dc8) thrown at [C:\re\workspace\8-2-build-windows-amd64-cygwin\jdk8u202\12323\hotspot\src\share\vm\prims\jni.cpp, line 710]
Event: 4.531 Thread 0x000000001898c800 Exception <a 'java/io/FileNotFoundException'> (0x00000000f7ed8608) thrown at [C:\re\workspace\8-2-build-windows-amd64-cygwin\jdk8u202\12323\hotspot\src\share\vm\prims\jni.cpp, line 710]
Event: 4.534 Thread 0x000000001898c800 Exception <a 'java/lang/NullPointerException'> (0x00000000f7ee4788) thrown at [C:\re\workspace\8-2-build-windows-amd64-cygwin\jdk8u202\12323\hotspot\src\share\vm\interpreter\linkResolver.cpp, line 1185]
Event: 36.562 Thread 0x00000000189c5800 Implicit null exception at 0x00000000034523f6 to 0x0000000003452ad5

Events (10 events):
Event: 41.578 Thread 0x00000000189c5800 DEOPT UNPACKING pc=0x0000000002bc7890 sp=0x000000002451e878 mode 1
Event: 41.612 Thread 0x00000000189c5800 DEOPT PACKING pc=0x0000000002c90649 sp=0x000000002451eab0
Event: 41.612 Thread 0x00000000189c5800 DEOPT UNPACKING pc=0x0000000002bc7890 sp=0x000000002451e828 mode 1
Event: 41.612 Thread 0x00000000189c5800 DEOPT PACKING pc=0x000000000338881c sp=0x000000002451eb40
Event: 41.612 Thread 0x00000000189c5800 DEOPT UNPACKING pc=0x0000000002bc7890 sp=0x000000002451e878 mode 1
Event: 41.643 Thread 0x00000000189c5800 DEOPT PACKING pc=0x0000000002c90649 sp=0x000000002451eab0
Event: 41.643 Thread 0x00000000189c5800 DEOPT UNPACKING pc=0x0000000002bc7890 sp=0x000000002451e828 mode 1
Event: 41.643 Thread 0x00000000189c5800 DEOPT PACKING pc=0x000000000338881c sp=0x000000002451eb40
Event: 41.643 Thread 0x00000000189c5800 DEOPT UNPACKING pc=0x0000000002bc7890 sp=0x000000002451e878 mode 1
Event: 41.646 Thread 0x00000000160d7800 Thread exited: 0x00000000160d7800


Dynamic libraries:
0x00007ff62f780000 - 0x00007ff62f7b7000 	C:\Users\aeite\Documents\GitHub\neural_signal_2020\processing-3.5.4\java\bin\java.exe
0x00007ffef53d0000 - 0x00007ffef55c5000 	C:\windows\SYSTEM32\ntdll.dll
0x00007ffef4150000 - 0x00007ffef420d000 	C:\windows\System32\KERNEL32.DLL
0x00007ffef2b40000 - 0x00007ffef2e09000 	C:\windows\System32\KERNELBASE.dll
0x00007ffef3440000 - 0x00007ffef34ec000 	C:\windows\System32\ADVAPI32.dll
0x00007ffef35a0000 - 0x00007ffef363e000 	C:\windows\System32\msvcrt.dll
0x00007ffef4dd0000 - 0x00007ffef4e6b000 	C:\windows\System32\sechost.dll
0x00007ffef51b0000 - 0x00007ffef52da000 	C:\windows\System32\RPCRT4.dll
0x00007ffef39c0000 - 0x00007ffef3b60000 	C:\windows\System32\USER32.dll
0x00007ffef3010000 - 0x00007ffef3032000 	C:\windows\System32\win32u.dll
0x00007ffef4c70000 - 0x00007ffef4c9a000 	C:\windows\System32\GDI32.dll
0x00007ffef31d0000 - 0x00007ffef32db000 	C:\windows\System32\gdi32full.dll
0x00007ffef30a0000 - 0x00007ffef313d000 	C:\windows\System32\msvcp_win.dll
0x00007ffef2f10000 - 0x00007ffef3010000 	C:\windows\System32\ucrtbase.dll
0x00007ffed4f20000 - 0x00007ffed51ba000 	C:\windows\WinSxS\amd64_microsoft.windows.common-controls_6595b64144ccf1df_6.0.19041.1083_none_60bbe31371f34e71\COMCTL32.dll
0x00007ffef4b10000 - 0x00007ffef4b40000 	C:\windows\System32\IMM32.DLL
0x0000000077230000 - 0x0000000077302000 	C:\Users\aeite\Documents\GitHub\neural_signal_2020\processing-3.5.4\java\bin\msvcr100.dll
0x0000000076660000 - 0x0000000076f05000 	C:\Users\aeite\Documents\GitHub\neural_signal_2020\processing-3.5.4\java\bin\server\jvm.dll
0x00007ffef4e70000 - 0x00007ffef4e78000 	C:\windows\System32\PSAPI.DLL
0x00007ffed44a0000 - 0x00007ffed44c7000 	C:\windows\SYSTEM32\WINMM.dll
0x00007ffeed6c0000 - 0x00007ffeed6c9000 	C:\windows\SYSTEM32\WSOCK32.dll
0x00007ffeec160000 - 0x00007ffeec16a000 	C:\windows\SYSTEM32\VERSION.dll
0x00007ffef5080000 - 0x00007ffef50eb000 	C:\windows\System32\WS2_32.dll
0x00007ffeebb50000 - 0x00007ffeebb5f000 	C:\Users\aeite\Documents\GitHub\neural_signal_2020\processing-3.5.4\java\bin\verify.dll
0x00007ffed09d0000 - 0x00007ffed09f9000 	C:\Users\aeite\Documents\GitHub\neural_signal_2020\processing-3.5.4\java\bin\java.dll
0x00007ffec7af0000 - 0x00007ffec7b25000 	C:\Users\aeite\Documents\GitHub\neural_signal_2020\processing-3.5.4\java\bin\jdwp.dll
0x00007ffee4750000 - 0x00007ffee4758000 	C:\Users\aeite\Documents\GitHub\neural_signal_2020\processing-3.5.4\java\bin\npt.dll
0x00007ffed0460000 - 0x00007ffed0476000 	C:\Users\aeite\Documents\GitHub\neural_signal_2020\processing-3.5.4\java\bin\zip.dll
0x00007ffef43c0000 - 0x00007ffef4aff000 	C:\windows\System32\SHELL32.dll
0x00007ffef0910000 - 0x00007ffef10a1000 	C:\windows\SYSTEM32\windows.storage.dll
0x00007ffef3640000 - 0x00007ffef3995000 	C:\windows\System32\combase.dll
0x00007ffef24b0000 - 0x00007ffef24dc000 	C:\windows\SYSTEM32\Wldp.dll
0x00007ffef52e0000 - 0x00007ffef538e000 	C:\windows\System32\SHCORE.dll
0x00007ffef50f0000 - 0x00007ffef5145000 	C:\windows\System32\shlwapi.dll
0x00007ffef2a50000 - 0x00007ffef2a6f000 	C:\windows\SYSTEM32\profapi.dll
0x00007ffed2980000 - 0x00007ffed2989000 	C:\Users\aeite\Documents\GitHub\neural_signal_2020\processing-3.5.4\java\bin\dt_socket.dll
0x00007ffef2210000 - 0x00007ffef227a000 	C:\windows\system32\mswsock.dll
0x00007ffe905b0000 - 0x00007ffe90749000 	C:\Users\aeite\Documents\GitHub\neural_signal_2020\processing-3.5.4\java\bin\awt.dll
0x00007ffef4ba0000 - 0x00007ffef4c6d000 	C:\windows\System32\OLEAUT32.dll
0x00007ffeefe70000 - 0x00007ffeeff00000 	C:\windows\SYSTEM32\apphelp.dll
0x00007ffef0030000 - 0x00007ffef00ce000 	C:\windows\system32\uxtheme.dll
0x00007ffef4e80000 - 0x00007ffef4f95000 	C:\windows\System32\MSCTF.dll
0x00007ffef4ca0000 - 0x00007ffef4dca000 	C:\windows\System32\ole32.dll
0x00007ffef13d0000 - 0x00007ffef13e2000 	C:\windows\SYSTEM32\kernel.appcore.dll
0x00007ffef3140000 - 0x00007ffef31c3000 	C:\windows\System32\bcryptPrimitives.dll
0x0000000071100000 - 0x0000000071125000 	C:\Users\aeite\Documents\GitHub\neural_signal_2020\processing-3.5.4\modes\java\libraries\serial\library\windows64\jSSC-2.8.dll
0x00007ffef0220000 - 0x00007ffef024f000 	C:\windows\system32\DWMAPI.DLL
0x00007ffecb0f0000 - 0x00007ffecb215000 	C:\windows\system32\opengl32.dll
0x00007ffeccb90000 - 0x00007ffeccbbc000 	C:\windows\SYSTEM32\GLU32.dll
0x00007ffef23f0000 - 0x00007ffef2408000 	C:\windows\SYSTEM32\CRYPTSP.dll
0x00007ffef1bb0000 - 0x00007ffef1be4000 	C:\windows\system32\rsaenh.dll
0x00007ffef2b10000 - 0x00007ffef2b37000 	C:\windows\System32\bcrypt.dll
0x00007ffef29d0000 - 0x00007ffef29fe000 	C:\windows\SYSTEM32\USERENV.dll
0x00007ffef2410000 - 0x00007ffef241c000 	C:\windows\SYSTEM32\CRYPTBASE.dll
0x00007ffed0440000 - 0x00007ffed045a000 	C:\Users\aeite\Documents\GitHub\neural_signal_2020\processing-3.5.4\java\bin\net.dll
0x00007ffee3030000 - 0x00007ffee321c000 	C:\windows\SYSTEM32\urlmon.dll
0x00007ffee0350000 - 0x00007ffee0600000 	C:\windows\SYSTEM32\iertutil.dll
0x00007ffef1f00000 - 0x00007ffef1f3b000 	C:\windows\SYSTEM32\IPHLPAPI.DLL
0x00007ffef4140000 - 0x00007ffef4148000 	C:\windows\System32\NSI.dll
0x00007ffef10d0000 - 0x00007ffef10e7000 	C:\windows\SYSTEM32\dhcpcsvc6.DLL
0x00007ffef10b0000 - 0x00007ffef10cd000 	C:\windows\SYSTEM32\dhcpcsvc.DLL
0x00007ffef1f40000 - 0x00007ffef200c000 	C:\windows\SYSTEM32\DNSAPI.dll
0x00007ffed03d0000 - 0x00007ffed03e2000 	C:\Users\aeite\Documents\GitHub\neural_signal_2020\processing-3.5.4\java\bin\nio.dll
0x00000000637c0000 - 0x00000000637cd000 	C:\Users\aeite\AppData\Local\Temp\jogamp_0000\file_cache\jln8506178773717508011\jln3941923433486284597\natives\windows-amd64\gluegen-rt.dll
0x00007ffed0850000 - 0x00007ffed0857000 	C:\Users\aeite\Documents\GitHub\neural_signal_2020\processing-3.5.4\java\bin\jawt.dll
0x000000006a440000 - 0x000000006a44d000 	C:\Users\aeite\AppData\Local\Temp\jogamp_0000\file_cache\jln8506178773717508011\jln3941923433486284597\natives\windows-amd64\nativewindow_awt.dll
0x000000006c100000 - 0x000000006c10f000 	C:\Users\aeite\AppData\Local\Temp\jogamp_0000\file_cache\jln8506178773717508011\jln3941923433486284597\natives\windows-amd64\nativewindow_win32.dll
0x000000006cbc0000 - 0x000000006cbd3000 	C:\Users\aeite\AppData\Local\Temp\jogamp_0000\file_cache\jln8506178773717508011\jln3941923433486284597\natives\windows-amd64\newt.dll
0x00007ffeed840000 - 0x00007ffeed8ee000 	C:\windows\SYSTEM32\mscms.dll
0x00007ffeed6f0000 - 0x00007ffeed701000 	C:\windows\SYSTEM32\ColorAdapterClient.dll
0x00007ffec0790000 - 0x00007ffec07d3000 	C:\windows\SYSTEM32\icm32.dll
0x00007ffef3cd0000 - 0x00007ffef4139000 	C:\windows\System32\setupapi.dll
0x00007ffef2e10000 - 0x00007ffef2e5e000 	C:\windows\System32\cfgmgr32.dll
0x00007ffef2850000 - 0x00007ffef287c000 	C:\windows\SYSTEM32\DEVOBJ.dll
0x00007ffef3040000 - 0x00007ffef30a0000 	C:\windows\System32\WINTRUST.dll
0x00007ffef32e0000 - 0x00007ffef343f000 	C:\windows\System32\CRYPT32.dll
0x00007ffef2630000 - 0x00007ffef2642000 	C:\windows\SYSTEM32\MSASN1.dll
0x0000000064500000 - 0x00000000645b1000 	C:\Users\aeite\AppData\Local\Temp\jogamp_0000\file_cache\jln8506178773717508011\jln3941923433486284597\natives\windows-amd64\jogl_desktop.dll
0x0000000064340000 - 0x00000000643a2000 	C:\Users\aeite\AppData\Local\Temp\jogamp_0000\file_cache\jln8506178773717508011\jln3941923433486284597\natives\windows-amd64\jogl_mobile.dll
0x00007ffef34f0000 - 0x00007ffef3599000 	C:\windows\System32\clbcatq.dll
0x00007ffeeaa70000 - 0x00007ffeeab69000 	C:\Windows\System32\AppXDeploymentClient.dll
0x00007ffe7d310000 - 0x00007ffe7e257000 	C:\windows\System32\DriverStore\FileRepository\iigd_dch.inf_amd64_ada2367baaae74c0\ig11icd64.dll
0x00007ffef1440000 - 0x00007ffef1534000 	C:\windows\system32\dxgi.dll
0x00007ffed6140000 - 0x00007ffed617b000 	C:\windows\SYSTEM32\dxcore.dll
0x00007ffedac50000 - 0x00007ffedadf4000 	C:\windows\System32\DriverStore\FileRepository\iigd_dch.inf_amd64_ada2367baaae74c0\igdgmm64.dll
0x00007ffed8130000 - 0x00007ffeda579000 	C:\windows\System32\DriverStore\FileRepository\iigd_dch.inf_amd64_ada2367baaae74c0\igc64.dll
0x00007ffef2980000 - 0x00007ffef29cb000 	C:\windows\SYSTEM32\powrprof.dll
0x00007ffef2960000 - 0x00007ffef2972000 	C:\windows\SYSTEM32\UMPDC.dll
0x00007ffedf500000 - 0x00007ffedf5f9000 	C:\windows\SYSTEM32\textinputframework.dll
0x00007ffeef560000 - 0x00007ffeef8be000 	C:\windows\System32\CoreUIComponents.dll
0x00007ffeefc40000 - 0x00007ffeefd32000 	C:\windows\System32\CoreMessaging.dll
0x00007ffef1840000 - 0x00007ffef1873000 	C:\windows\SYSTEM32\ntmarta.dll
0x00007ffeee580000 - 0x00007ffeee6d4000 	C:\windows\SYSTEM32\wintypes.dll
0x00007ffec8530000 - 0x00007ffec8577000 	C:\Users\aeite\Documents\GitHub\neural_signal_2020\processing-3.5.4\java\bin\fontmanager.dll
0x00007ffebe2d0000 - 0x00007ffebe312000 	C:\Users\aeite\Documents\GitHub\neural_signal_2020\processing-3.5.4\java\bin\t2k.dll
0x00007ffec0b30000 - 0x00007ffec0b61000 	C:\Users\aeite\Documents\GitHub\neural_signal_2020\processing-3.5.4\java\bin\jpeg.dll
0x00007ffef11b0000 - 0x00007ffef1394000 	C:\windows\SYSTEM32\dbghelp.dll

VM Arguments:
jvm_args: -agentlib:jdwp=transport=dt_socket,address=8645,server=y,suspend=y,quiet=y -Xms64m -Xmx500m -Djna.nosys=true -Djava.ext.dirs=C:\Users\aeite\Documents\GitHub\neural_signal_2020\processing-3.5.4\java\lib\ext -Djava.library.path=C:\Program Files\processing-3.5.4\OpenBCI_GUI_feedback\OpenBCI_GUI\code;C:\Users\aeite\Documents\GitHub\neural_signal_2020\processing-3.5.4\core\library;C:\Program Files\processing-3.5.4\libraries\minim\library;C:\Users\aeite\Documents\GitHub\neural_signal_2020\processing-3.5.4\modes\java\libraries\serial\library\windows64;C:\Users\aeite\Documents\GitHub\neural_signal_2020\processing-3.5.4\modes\java\libraries\net\library;C:\Program Files\processing-3.5.4\libraries\grafica\library;C:\Program Files\processing-3.5.4\libraries\GifAnimation\library;C:\Program Files\processing-3.5.4\libraries\oscP5\library;C:\Program Files\processing-3.5.4\libraries\udp\library;C:\Program Files\processing-3.5.4\libraries\LSLLink\library;C:\Program Files\processing-3.5.4\libraries\controlP5\library;C:\Users\aeite\Documents\GitHub\neural_signal_2020\processing-3.5.4\java\bin;C:\windows\system32;C:\windows;C:\windows\system32;C:\windows;C:\windows\System32\Wbem;C:\windows\System32\WindowsPowerShell\v1.0;C:\windows\System32\OpenSSH;C:\Program Files\MATLAB\R2019b\bin;C:\Program Files\PuTTY;C:\Users\aeite\AppData\Local\Microsoft\WindowsApps;C:\Users\aeite\AppData\Local\Programs\Microsoft VS Code\bin;C:\Users\aeite\AppData\Local\GitHubDesktop\bin;C:\Users\aeite\Documents\GitHub\neural_signal_2020\processing-3.5.4\java\bin;. -ea 
java_command: processing.core.PApplet --display=1 --sketch-path=C:\Program Files\processing-3.5.4\OpenBCI_GUI_feedback\OpenBCI_GUI OpenBCI_GUI
java_class_path (initial): C:\Users\aeite\AppData\Local\Temp\OpenBCI_GUI155380994689907828temp;;C:\Program Files\processing-3.5.4\OpenBCI_GUI_feedback\OpenBCI_GUI\code\LSLLink.jar;C:\Users\aeite\Documents\GitHub\neural_signal_2020\processing-3.5.4\core\library\core.jar;C:\Users\aeite\Documents\GitHub\neural_signal_2020\processing-3.5.4\core\library\gluegen-rt-natives-linux-aarch64.jar;C:\Users\aeite\Documents\GitHub\neural_signal_2020\processing-3.5.4\core\library\gluegen-rt-natives-linux-amd64.jar;C:\Users\aeite\Documents\GitHub\neural_signal_2020\processing-3.5.4\core\library\gluegen-rt-natives-linux-armv6hf.jar;C:\Users\aeite\Documents\GitHub\neural_signal_2020\processing-3.5.4\core\library\gluegen-rt-natives-linux-i586.jar;C:\Users\aeite\Documents\GitHub\neural_signal_2020\processing-3.5.4\core\library\gluegen-rt-natives-macosx-universal.jar;C:\Users\aeite\Documents\GitHub\neural_signal_2020\processing-3.5.4\core\library\gluegen-rt-natives-windows-amd64.jar;C:\Users\aeite\Documents\GitHub\neural_signal_2020\processing-3.5.4\core\library\gluegen-rt-natives-windows-i586.jar;C:\Users\aeite\Documents\GitHub\neural_signal_2020\processing-3.5.4\core\library\gluegen-rt.jar;C:\Users\aeite\Documents\GitHub\neural_signal_2020\processing-3.5.4\core\library\jogl-all-natives-linux-aarch64.jar;C:\Users\aeite\Documents\GitHub\neural_signal_2020\processing-3.5.4\core\library\jogl-all-natives-linux-amd64.jar;C:\Users\aeite\Documents\GitHub\neural_signal_2020\processing-3.5.4\core\library\jogl-all-natives-linux-armv6hf.jar;C:\Users\aeite\Documents\GitHub\neural_signal_2020\processing-3.5.4\core\library\jogl-all-natives-linux-i586.jar;C:\Users\aeite\Documents\GitHub\neural_signal_2020\processing-3.5.4\core\library\jogl-all-natives-macosx-universal.jar;C:\Users\aeite\Documents\GitHub\neural_signal_2020\processing-3.5.4\core\library\jogl-all-natives-windows-amd64.jar;C:\Users\aeite\Documents\GitHub\neural_signal_2020\processing-3.5.4\core\library\jogl-all-natives-windows-i586.jar;
Launcher Type: SUN_STANDARD

Environment Variables:
PATH=C:\windows\system32;C:\windows;C:\windows\System32\Wbem;C:\windows\System32\WindowsPowerShell\v1.0\;C:\windows\System32\OpenSSH\;C:\Program Files\MATLAB\R2019b\bin;C:\Program Files\PuTTY\;C:\Users\aeite\AppData\Local\Microsoft\WindowsApps;C:\Users\aeite\AppData\Local\Programs\Microsoft VS Code\bin;C:\Users\aeite\AppData\Local\GitHubDesktop\bin;C:\Users\aeite\Documents\GitHub\neural_signal_2020\processing-3.5.4\java\bin
USERNAME=aeite
OS=Windows_NT
PROCESSOR_IDENTIFIER=Intel64 Family 6 Model 126 Stepping 5, GenuineIntel



---------------  S Y S T E M  ---------------

OS: Windows 10.0 , 64 bit Build 19041 (10.0.19041.1023)

CPU:total 8 (initial active 8) (4 cores per cpu, 2 threads per core) family 6 model 126 stepping 5, cmov, cx8, fxsr, mmx, sse, sse2, sse3, ssse3, sse4.1, sse4.2, popcnt, avx, avx2, aes, clmul, erms, 3dnowpref, lzcnt, ht, tsc, tscinvbit, bmi1, bmi2, adx

Memory: 4k page, physical 8070036k(1185272k free), swap 20128660k(9034224k free)

vm_info: Java HotSpot(TM) 64-Bit Server VM (25.202-b08) for windows-amd64 JRE (1.8.0_202-b08), built on Dec 15 2018 19:54:30 by "java_re" with MS VC++ 10.0 (VS2010)

time: Wed Jul 14 17:07:06 2021
timezone: Mountain Daylight Time
elapsed time: 41 seconds (0d 0h 0m 41s)

