#
# A fatal error has been detected by the Java Runtime Environment:
#
#  EXCEPTION_ACCESS_VIOLATION (0xc0000005) at pc=0x00007ffb5a4015e5, pid=15004, tid=0x00000000000009a8
#
# JRE version: Java(TM) SE Runtime Environment (8.0_202-b08) (build 1.8.0_202-b08)
# Java VM: Java HotSpot(TM) 64-Bit Server VM (25.202-b08 mixed mode windows-amd64 compressed oops)
# Problematic frame:
# C  [ig11icd64.dll+0x415e5]
#
# Failed to write core dump. Minidumps are not enabled by default on client versions of Windows
#
# If you would like to submit a bug report, please visit:
#   http://bugreport.java.com/bugreport/crash.jsp
# The crash happened outside the Java Virtual Machine in native code.
# See problematic frame for where to report the bug.
#

---------------  T H R E A D  ---------------

Current thread (0x0000000015d3d000):  JavaThread "JDWP Transport Listener: dt_socket" daemon [_thread_in_native, id=2472, stack(0x0000000016600000,0x0000000016700000)]

siginfo: ExceptionCode=0xc0000005, reading address 0x0000000000034868

Registers:
RAX=0x000000002fa217e8, RBX=0x000000002fa216b0, RCX=0x0000000000000000, RDX=0x000000002fa21778
RSP=0x00000000166feb80, RBP=0x0000000000000000, RSI=0x000000002fa29030, RDI=0x000000001ee66a30
R8 =0x0000000000000000, R9 =0x0000000000000000, R10=0x0000000000000000, R11=0x0000000000000246
R12=0x000000001f122800, R13=0x0000000000000000, R14=0x000000002fa21b40, R15=0x0000000000000000
RIP=0x00007ffb5a4015e5, EFLAGS=0x0000000000010206

Top of Stack: (sp=0x00000000166feb80)
0x00000000166feb80:   0000000000000000 0000000000000000
0x00000000166feb90:   000085e899245c6b 0000005400000000
0x00000000166feba0:   00000000000000a8 0000000000000000
0x00000000166febb0:   00000000008bda1e 000000001f1228c0
0x00000000166febc0:   0000b802063500a8 00007ffb5a3e4a56
0x00000000166febd0:   0000000000af69b0 000000001ee66a30
0x00000000166febe0:   00000000166fecd0 0000000000000000
0x00000000166febf0:   0000000000000000 0000000000000000
0x00000000166fec00:   0000000000624000 00007ffba2819398
0x00000000166fec10:   000035cc1d0a0000 000000001f14c210
0x00000000166fec20:   000000001f14c210 00000000000000a8
0x00000000166fec30:   000085e899245efb 000000001f0ee040
0x00000000166fec40:   0000000000000000 00000000166fed20
0x00000000166fec50:   00000000000000a8 000000001f123b80
0x00000000166fec60:   0000000000000000 000000001f123b88
0x00000000166fec70:   0000b802063500a8 00000000000034d0 

Instructions: (pc=0x00007ffb5a4015e5)
0x00007ffb5a4015c5:   1d 8b c1 83 e0 0f 48 6b c0 38 48 03 c2 48 85 c0
0x00007ffb5a4015d5:   74 0c 48 8b 48 08 eb 08 48 83 c0 08 eb ef 33 c9
0x00007ffb5a4015e5:   48 3b 8d 68 48 03 00 76 6b 48 8b 87 80 02 00 00
0x00007ffb5a4015f5:   49 89 06 48 89 9f 80 02 00 00 ff 87 88 02 00 00 


Register to memory mapping:

RAX=0x000000002fa217e8 is an unknown value
RBX=0x000000002fa216b0 is an unknown value
RCX=0x0000000000000000 is an unknown value
RDX=0x000000002fa21778 is an unknown value
RSP=0x00000000166feb80 is pointing into the stack for thread: 0x0000000015d3d000
RBP=0x0000000000000000 is an unknown value
RSI=0x000000002fa29030 is an unknown value
RDI=0x000000001ee66a30 is an unknown value
R8 =0x0000000000000000 is an unknown value
R9 =0x0000000000000000 is an unknown value
R10=0x0000000000000000 is an unknown value
R11=0x0000000000000246 is an unknown value
R12=0x000000001f122800 is an unknown value
R13=0x0000000000000000 is an unknown value
R14=0x000000002fa21b40 is an unknown value
R15=0x0000000000000000 is an unknown value


Stack: [0x0000000016600000,0x0000000016700000],  sp=0x00000000166feb80,  free space=1018k
Native frames: (J=compiled Java code, j=interpreted, Vv=VM code, C=native code)


---------------  P R O C E S S  ---------------

Java Threads: ( => current thread )
  0x00000000171c8800 JavaThread "Thread-18" [_thread_blocked, id=15576, stack(0x000000002c670000,0x000000002c770000)]
  0x00000000171c8000 JavaThread "Thread-15" [_thread_blocked, id=11452, stack(0x000000002c270000,0x000000002c370000)]
  0x00000000171cb800 JavaThread "Java Sound Event Dispatcher" daemon [_thread_blocked, id=13028, stack(0x000000002bce0000,0x000000002bde0000)]
  0x00000000171c6800 JavaThread "Thread-12" [_thread_in_native, id=5436, stack(0x0000000028810000,0x0000000028910000)]
  0x00000000171c7000 JavaThread "Thread-11" [_thread_in_native, id=15296, stack(0x0000000025670000,0x0000000025770000)]
  0x00000000171ca000 JavaThread "Thread-10" [_thread_blocked, id=8652, stack(0x0000000024330000,0x0000000024430000)]
  0x00000000193e9000 JavaThread "Thread-9" [_thread_blocked, id=16120, stack(0x0000000018410000,0x0000000018510000)]
  0x0000000018f11000 JavaThread "main-FPSAWTAnimator#00-Timer0-FPSAWTAnimator#00-Timer1" [_thread_in_native, id=11948, stack(0x0000000023e30000,0x0000000023f30000)]
  0x00000000027e4000 JavaThread "DestroyJavaVM" [_thread_blocked, id=10596, stack(0x0000000002640000,0x0000000002740000)]
  0x0000000018eef000 JavaThread "Thread-3" [_thread_blocked, id=16308, stack(0x00000000208e0000,0x00000000209e0000)]
  0x0000000018eee800 JavaThread "HighResTimerThread" daemon [_thread_blocked, id=13656, stack(0x00000000207e0000,0x00000000208e0000)]
  0x00000000175ef000 JavaThread "main-SharedResourceRunner" daemon [_thread_blocked, id=6188, stack(0x000000001a3d0000,0x000000001a4d0000)]
  0x0000000018d9f800 JavaThread "main-Display-.windows_nil-1-EDT-1" daemon [_thread_blocked, id=15852, stack(0x0000000019dd0000,0x0000000019ed0000)]
  0x00000000170e2000 JavaThread "AWT-Windows" daemon [_thread_in_native, id=13804, stack(0x0000000017a40000,0x0000000017b40000)]
  0x00000000170d5800 JavaThread "Java2D Disposer" daemon [_thread_blocked, id=16124, stack(0x0000000017840000,0x0000000017940000)]
  0x0000000015df6800 JavaThread "Service Thread" daemon [_thread_blocked, id=7368, stack(0x0000000016d00000,0x0000000016e00000)]
  0x0000000015d5f000 JavaThread "C1 CompilerThread3" daemon [_thread_blocked, id=12700, stack(0x0000000016c00000,0x0000000016d00000)]
  0x0000000015d5e800 JavaThread "C2 CompilerThread2" daemon [_thread_blocked, id=8596, stack(0x0000000016b00000,0x0000000016c00000)]
  0x0000000015d5d800 JavaThread "C2 CompilerThread1" daemon [_thread_blocked, id=6032, stack(0x0000000016a00000,0x0000000016b00000)]
  0x0000000015d58000 JavaThread "C2 CompilerThread0" daemon [_thread_blocked, id=6484, stack(0x0000000016900000,0x0000000016a00000)]
  0x0000000015d43000 JavaThread "JDWP Event Helper Thread" daemon [_thread_blocked, id=776, stack(0x0000000016700000,0x0000000016800000)]
=>0x0000000015d3d000 JavaThread "JDWP Transport Listener: dt_socket" daemon [_thread_in_native, id=2472, stack(0x0000000016600000,0x0000000016700000)]
  0x0000000015d34800 JavaThread "Attach Listener" daemon [_thread_blocked, id=9668, stack(0x0000000016500000,0x0000000016600000)]
  0x0000000015d33800 JavaThread "Signal Dispatcher" daemon [_thread_blocked, id=4744, stack(0x0000000016400000,0x0000000016500000)]
  0x0000000015d21000 JavaThread "Finalizer" daemon [_thread_blocked, id=10320, stack(0x0000000016200000,0x0000000016300000)]
  0x0000000015d20800 JavaThread "Reference Handler" daemon [_thread_blocked, id=16356, stack(0x0000000016100000,0x0000000016200000)]

Other Threads:
  0x0000000013f1a000 VMThread [stack: 0x0000000015c00000,0x0000000015d00000] [id=15784]
  0x0000000015e06000 WatcherThread [stack: 0x0000000016e00000,0x0000000016f00000] [id=11364]

VM state:not at safepoint (normal execution)

VM Mutex/Monitor currently owned by a thread: None

heap address: 0x00000000e3e00000, size: 450 MB, Compressed Oops mode: 32-bit
Narrow klass base: 0x0000000000000000, Narrow klass shift: 3
Compressed class space size: 1073741824 Address: 0x0000000100000000

Heap:
 PSYoungGen      total 119808K, used 110678K [0x00000000f6a00000, 0x00000000ffa00000, 0x0000000100000000)
  eden space 94208K, 99% used [0x00000000f6a00000,0x00000000fc5c4838,0x00000000fc600000)
  from space 25600K, 65% used [0x00000000fe100000,0x00000000ff1511d0,0x00000000ffa00000)
  to   space 26624K, 0% used [0x00000000fc600000,0x00000000fc600000,0x00000000fe000000)
 ParOldGen       total 74752K, used 54985K [0x00000000e3e00000, 0x00000000e8700000, 0x00000000f6a00000)
  object space 74752K, 73% used [0x00000000e3e00000,0x00000000e73b2518,0x00000000e8700000)
 Metaspace       used 26203K, capacity 26510K, committed 26752K, reserved 1073152K
  class space    used 2310K, capacity 2431K, committed 2432K, reserved 1048576K

Card table byte_map: [0x0000000011ca0000,0x0000000011d90000] byte_map_base: 0x0000000011581000

Marking Bits: (ParMarkBitMap*) 0x000000006ba05ce0
 Begin Bits: [0x0000000012630000, 0x0000000012d38000)
 End Bits:   [0x0000000012d38000, 0x0000000013440000)

Polling page: 0x0000000002740000

CodeCache: size=245760Kb used=16357Kb max_used=16408Kb free=229402Kb
 bounds [0x00000000028e0000, 0x0000000003910000, 0x00000000118e0000]
 total_blobs=4833 nmethods=3825 adapters=928
 compilation: enabled

Compilation events (10 events):
Event: 58.767 Thread 0x0000000015d5e800 4472       4       processing.data.JSONObject::getJSONArray (57 bytes)
Event: 58.774 Thread 0x0000000015d5e800 nmethod 4472 0x00000000038a72d0 code [0x00000000038a7440, 0x00000000038a7b58]
Event: 59.062 Thread 0x0000000015d58000 4473   !   4       jogamp.common.util.locks.RecursiveLockImpl01Unfairish::tryLock (582 bytes)
Event: 59.066 Thread 0x0000000015d58000 nmethod 4473 0x000000000389c550 code [0x000000000389c6a0, 0x000000000389cb78]
Event: 59.082 Thread 0x0000000015d5d800 4474       4       java.text.DecimalFormat::append (94 bytes)
Event: 59.084 Thread 0x0000000015d5d800 nmethod 4474 0x00000000038b5d10 code [0x00000000038b5e60, 0x00000000038b6238]
Event: 60.266 Thread 0x0000000015d5e800 4475   !   4       OpenBCI_GUI$Hub::processData (1062 bytes)
Event: 60.762 Thread 0x0000000015d5e800 nmethod 4475 0x00000000038e6dd0 code [0x00000000038e7680, 0x00000000038f3fb0]
Event: 60.972 Thread 0x0000000015d58000 4476  s    4       jogamp.opengl.GLBufferObjectTracker::createBufferStorage (457 bytes)
Event: 60.985 Thread 0x0000000015d58000 nmethod 4476 0x00000000038cbe10 code [0x00000000038cbfe0, 0x00000000038cd248]

GC Heap History (10 events):
Event: 29.712 GC heap before
{Heap before GC invocations=16 (full 2):
 PSYoungGen      total 95232K, used 83764K [0x00000000f6a00000, 0x00000000fef00000, 0x0000000100000000)
  eden space 68096K, 100% used [0x00000000f6a00000,0x00000000fac80000,0x00000000fac80000)
  from space 27136K, 57% used [0x00000000fac80000,0x00000000fbbcd260,0x00000000fc700000)
  to   space 27136K, 0% used [0x00000000fd480000,0x00000000fd480000,0x00000000fef00000)
 ParOldGen       total 74752K, used 54945K [0x00000000e3e00000, 0x00000000e8700000, 0x00000000f6a00000)
  object space 74752K, 73% used [0x00000000e3e00000,0x00000000e73a8518,0x00000000e8700000)
 Metaspace       used 25302K, capacity 25678K, committed 25984K, reserved 1073152K
  class space    used 2247K, capacity 2367K, committed 2432K, reserved 1048576K
Event: 29.719 GC heap after
Heap after GC invocations=16 (full 2):
 PSYoungGen      total 103936K, used 15764K [0x00000000f6a00000, 0x00000000fec00000, 0x0000000100000000)
  eden space 79872K, 0% used [0x00000000f6a00000,0x00000000f6a00000,0x00000000fb800000)
  from space 24064K, 65% used [0x00000000fd480000,0x00000000fe3e52a0,0x00000000fec00000)
  to   space 26624K, 0% used [0x00000000fb800000,0x00000000fb800000,0x00000000fd200000)
 ParOldGen       total 74752K, used 54953K [0x00000000e3e00000, 0x00000000e8700000, 0x00000000f6a00000)
  object space 74752K, 73% used [0x00000000e3e00000,0x00000000e73aa518,0x00000000e8700000)
 Metaspace       used 25302K, capacity 25678K, committed 25984K, reserved 1073152K
  class space    used 2247K, capacity 2367K, committed 2432K, reserved 1048576K
}
Event: 32.714 GC heap before
{Heap before GC invocations=17 (full 2):
 PSYoungGen      total 103936K, used 95636K [0x00000000f6a00000, 0x00000000fec00000, 0x0000000100000000)
  eden space 79872K, 100% used [0x00000000f6a00000,0x00000000fb800000,0x00000000fb800000)
  from space 24064K, 65% used [0x00000000fd480000,0x00000000fe3e52a0,0x00000000fec00000)
  to   space 26624K, 0% used [0x00000000fb800000,0x00000000fb800000,0x00000000fd200000)
 ParOldGen       total 74752K, used 54953K [0x00000000e3e00000, 0x00000000e8700000, 0x00000000f6a00000)
  object space 74752K, 73% used [0x00000000e3e00000,0x00000000e73aa518,0x00000000e8700000)
 Metaspace       used 25309K, capacity 25678K, committed 25984K, reserved 1073152K
  class space    used 2247K, capacity 2367K, committed 2432K, reserved 1048576K
Event: 32.719 GC heap after
Heap after GC invocations=17 (full 2):
 PSYoungGen      total 106496K, used 15668K [0x00000000f6a00000, 0x00000000ff780000, 0x0000000100000000)
  eden space 79872K, 0% used [0x00000000f6a00000,0x00000000f6a00000,0x00000000fb800000)
  from space 26624K, 58% used [0x00000000fb800000,0x00000000fc74d2a0,0x00000000fd200000)
  to   space 26624K, 0% used [0x00000000fdd80000,0x00000000fdd80000,0x00000000ff780000)
 ParOldGen       total 74752K, used 54961K [0x00000000e3e00000, 0x00000000e8700000, 0x00000000f6a00000)
  object space 74752K, 73% used [0x00000000e3e00000,0x00000000e73ac518,0x00000000e8700000)
 Metaspace       used 25309K, capacity 25678K, committed 25984K, reserved 1073152K
  class space    used 2247K, capacity 2367K, committed 2432K, reserved 1048576K
}
Event: 39.814 GC heap before
{Heap before GC invocations=18 (full 2):
 PSYoungGen      total 106496K, used 95540K [0x00000000f6a00000, 0x00000000ff780000, 0x0000000100000000)
  eden space 79872K, 100% used [0x00000000f6a00000,0x00000000fb800000,0x00000000fb800000)
  from space 26624K, 58% used [0x00000000fb800000,0x00000000fc74d2a0,0x00000000fd200000)
  to   space 26624K, 0% used [0x00000000fdd80000,0x00000000fdd80000,0x00000000ff780000)
 ParOldGen       total 74752K, used 54961K [0x00000000e3e00000, 0x00000000e8700000, 0x00000000f6a00000)
  object space 74752K, 73% used [0x00000000e3e00000,0x00000000e73ac518,0x00000000e8700000)
 Metaspace       used 25331K, capacity 25678K, committed 25984K, reserved 1073152K
  class space    used 2247K, capacity 2367K, committed 2432K, reserved 1048576K
Event: 39.821 GC heap after
Heap after GC invocations=18 (full 2):
 PSYoungGen      total 114176K, used 16576K [0x00000000f6a00000, 0x00000000ff580000, 0x0000000100000000)
  eden space 89600K, 0% used [0x00000000f6a00000,0x00000000f6a00000,0x00000000fc180000)
  from space 24576K, 67% used [0x00000000fdd80000,0x00000000fedb0130,0x00000000ff580000)
  to   space 26624K, 0% used [0x00000000fc180000,0x00000000fc180000,0x00000000fdb80000)
 ParOldGen       total 74752K, used 54969K [0x00000000e3e00000, 0x00000000e8700000, 0x00000000f6a00000)
  object space 74752K, 73% used [0x00000000e3e00000,0x00000000e73ae518,0x00000000e8700000)
 Metaspace       used 25331K, capacity 25678K, committed 25984K, reserved 1073152K
  class space    used 2247K, capacity 2367K, committed 2432K, reserved 1048576K
}
Event: 48.234 GC heap before
{Heap before GC invocations=19 (full 2):
 PSYoungGen      total 114176K, used 106176K [0x00000000f6a00000, 0x00000000ff580000, 0x0000000100000000)
  eden space 89600K, 100% used [0x00000000f6a00000,0x00000000fc180000,0x00000000fc180000)
  from space 24576K, 67% used [0x00000000fdd80000,0x00000000fedb0130,0x00000000ff580000)
  to   space 26624K, 0% used [0x00000000fc180000,0x00000000fc180000,0x00000000fdb80000)
 ParOldGen       total 74752K, used 54969K [0x00000000e3e00000, 0x00000000e8700000, 0x00000000f6a00000)
  object space 74752K, 73% used [0x00000000e3e00000,0x00000000e73ae518,0x00000000e8700000)
 Metaspace       used 26142K, capacity 26510K, committed 26752K, reserved 1073152K
  class space    used 2310K, capacity 2431K, committed 2432K, reserved 1048576K
Event: 48.243 GC heap after
Heap after GC invocations=19 (full 2):
 PSYoungGen      total 116224K, used 17093K [0x00000000f6a00000, 0x00000000ffb00000, 0x0000000100000000)
  eden space 89600K, 0% used [0x00000000f6a00000,0x00000000f6a00000,0x00000000fc180000)
  from space 26624K, 64% used [0x00000000fc180000,0x00000000fd2316e8,0x00000000fdb80000)
  to   space 26624K, 0% used [0x00000000fe100000,0x00000000fe100000,0x00000000ffb00000)
 ParOldGen       total 74752K, used 54977K [0x00000000e3e00000, 0x00000000e8700000, 0x00000000f6a00000)
  object space 74752K, 73% used [0x00000000e3e00000,0x00000000e73b0518,0x00000000e8700000)
 Metaspace       used 26142K, capacity 26510K, committed 26752K, reserved 1073152K
  class space    used 2310K, capacity 2431K, committed 2432K, reserved 1048576K
}
Event: 54.534 GC heap before
{Heap before GC invocations=20 (full 2):
 PSYoungGen      total 116224K, used 106693K [0x00000000f6a00000, 0x00000000ffb00000, 0x0000000100000000)
  eden space 89600K, 100% used [0x00000000f6a00000,0x00000000fc180000,0x00000000fc180000)
  from space 26624K, 64% used [0x00000000fc180000,0x00000000fd2316e8,0x00000000fdb80000)
  to   space 26624K, 0% used [0x00000000fe100000,0x00000000fe100000,0x00000000ffb00000)
 ParOldGen       total 74752K, used 54977K [0x00000000e3e00000, 0x00000000e8700000, 0x00000000f6a00000)
  object space 74752K, 73% used [0x00000000e3e00000,0x00000000e73b0518,0x00000000e8700000)
 Metaspace       used 26192K, capacity 26510K, committed 26752K, reserved 1073152K
  class space    used 2310K, capacity 2431K, committed 2432K, reserved 1048576K
Event: 54.541 GC heap after
Heap after GC invocations=20 (full 2):
 PSYoungGen      total 119808K, used 16708K [0x00000000f6a00000, 0x00000000ffa00000, 0x0000000100000000)
  eden space 94208K, 0% used [0x00000000f6a00000,0x00000000f6a00000,0x00000000fc600000)
  from space 25600K, 65% used [0x00000000fe100000,0x00000000ff1511d0,0x00000000ffa00000)
  to   space 26624K, 0% used [0x00000000fc600000,0x00000000fc600000,0x00000000fe000000)
 ParOldGen       total 74752K, used 54985K [0x00000000e3e00000, 0x00000000e8700000, 0x00000000f6a00000)
  object space 74752K, 73% used [0x00000000e3e00000,0x00000000e73b2518,0x00000000e8700000)
 Metaspace       used 26192K, capacity 26510K, committed 26752K, reserved 1073152K
  class space    used 2310K, capacity 2431K, committed 2432K, reserved 1048576K
}

Deoptimization events (10 events):
Event: 40.885 Thread 0x0000000018f11000 Uncommon trap: reason=array_check action=maybe_recompile pc=0x0000000002e963a4 method=java.util.Arrays.fill([Ljava/lang/Object;IILjava/lang/Object;)V @ 20
Event: 40.918 Thread 0x0000000018f11000 Uncommon trap: reason=array_check action=maybe_recompile pc=0x00000000036873e8 method=java.util.Arrays.fill([Ljava/lang/Object;IILjava/lang/Object;)V @ 20
Event: 41.254 Thread 0x0000000018f11000 Uncommon trap: reason=array_check action=maybe_recompile pc=0x0000000002e963a4 method=java.util.Arrays.fill([Ljava/lang/Object;IILjava/lang/Object;)V @ 20
Event: 45.387 Thread 0x0000000018f11000 Uncommon trap: reason=unstable_if action=reinterpret pc=0x00000000033a6208 method=grafica.GLayer.isInside(FF)Z @ 21
Event: 45.387 Thread 0x0000000018f11000 Uncommon trap: reason=unstable_if action=reinterpret pc=0x0000000003342534 method=grafica.GLayer.isInside(FF)Z @ 21
Event: 45.387 Thread 0x0000000018f11000 Uncommon trap: reason=unstable_if action=reinterpret pc=0x0000000003342b0c method=grafica.GLayer.isInside(FF)Z @ 21
Event: 48.819 Thread 0x00000000171c6800 Uncommon trap: reason=unstable_if action=reinterpret pc=0x0000000003810340 method=sun.misc.FormattedFloatingDecimal.fillDecimal(I[CIIZ)V @ 188
Event: 52.133 Thread 0x00000000171c6800 Uncommon trap: reason=unstable_if action=reinterpret pc=0x00000000037ef3fc method=java.util.Formatter$FormatSpecifier.addZeros([CI)[C @ 5
Event: 61.205 Thread 0x0000000018f11000 Uncommon trap: reason=unstable_if action=reinterpret pc=0x0000000002b8ea3c method=controlP5.ControlWindow.pre()LcontrolP5/ControlWindow; @ 51
Event: 61.205 Thread 0x0000000018f11000 Uncommon trap: reason=unstable_if action=reinterpret pc=0x0000000002c3c520 method=controlP5.ControlWindow.pre()LcontrolP5/ControlWindow; @ 51

Classes redefined (0 events):
No events

Internal exceptions (10 events):
Event: 22.058 Thread 0x0000000018f11000 Exception <a 'java/lang/NullPointerException'> (0x00000000f8f46980) thrown at [C:\re\workspace\8-2-build-windows-amd64-cygwin\jdk8u202\12323\hotspot\src\share\vm\interpreter\linkResolver.cpp, line 1185]
Event: 23.068 Thread 0x0000000018f11000 Exception <a 'java/io/FileNotFoundException'> (0x00000000f6d791e8) thrown at [C:\re\workspace\8-2-build-windows-amd64-cygwin\jdk8u202\12323\hotspot\src\share\vm\prims\jni.cpp, line 710]
Event: 23.068 Thread 0x0000000018f11000 Exception <a 'java/io/FileNotFoundException'> (0x00000000f6d85048) thrown at [C:\re\workspace\8-2-build-windows-amd64-cygwin\jdk8u202\12323\hotspot\src\share\vm\prims\jni.cpp, line 710]
Event: 23.068 Thread 0x0000000018f11000 Exception <a 'java/io/FileNotFoundException'> (0x00000000f6d862a8) thrown at [C:\re\workspace\8-2-build-windows-amd64-cygwin\jdk8u202\12323\hotspot\src\share\vm\prims\jni.cpp, line 710]
Event: 23.068 Thread 0x0000000018f11000 Exception <a 'java/io/FileNotFoundException'> (0x00000000f6d86de8) thrown at [C:\re\workspace\8-2-build-windows-amd64-cygwin\jdk8u202\12323\hotspot\src\share\vm\prims\jni.cpp, line 710]
Event: 36.881 Thread 0x0000000018f11000 Implicit null exception at 0x000000000348edb8 to 0x0000000003490311
Event: 47.852 Thread 0x0000000018f11000 Exception <a 'java/lang/NullPointerException'> (0x00000000fb9aea40) thrown at [C:\re\workspace\8-2-build-windows-amd64-cygwin\jdk8u202\12323\hotspot\src\share\vm\interpreter\linkResolver.cpp, line 1185]
Event: 47.894 Thread 0x0000000018f11000 Exception <a 'java/lang/UnsatisfiedLinkError': The specified module could not be found.
> (0x00000000fbb78430) thrown at [C:\re\workspace\8-2-build-windows-amd64-cygwin\jdk8u202\12323\hotspot\src\share\vm\prims\jni.cpp, line 736]
Event: 47.895 Thread 0x0000000018f11000 Exception <a 'java/lang/UnsatisfiedLinkError': The specified module could not be found.
> (0x00000000fbb78c50) thrown at [C:\re\workspace\8-2-build-windows-amd64-cygwin\jdk8u202\12323\hotspot\src\share\vm\prims\jni.cpp, line 736]
Event: 47.896 Thread 0x0000000018f11000 Exception <a 'java/lang/UnsatisfiedLinkError': The specified module could not be found.
> (0x00000000fbb79350) thrown at [C:\re\workspace\8-2-build-windows-amd64-cygwin\jdk8u202\12323\hotspot\src\share\vm\prims\jni.cpp, line 736]

Events (10 events):
Event: 61.205 Thread 0x0000000018f11000 DEOPT UNPACKING pc=0x0000000002927890 sp=0x0000000023f2e5d8 mode 1
Event: 61.205 Thread 0x0000000018f11000 DEOPT PACKING pc=0x00000000029fa91c sp=0x0000000023f2e8f0
Event: 61.205 Thread 0x0000000018f11000 DEOPT UNPACKING pc=0x0000000002927890 sp=0x0000000023f2e628 mode 1
Event: 61.205 Thread 0x0000000018f11000 Uncommon trap: trap_request=0xffffff65 fr.pc=0x0000000002b8ea3c
Event: 61.205 Thread 0x0000000018f11000 DEOPT PACKING pc=0x0000000002b8ea3c sp=0x0000000023f2e740
Event: 61.205 Thread 0x0000000018f11000 DEOPT UNPACKING pc=0x000000000292583b sp=0x0000000023f2e690 mode 2
Event: 61.205 Thread 0x0000000018f11000 Uncommon trap: trap_request=0xffffff65 fr.pc=0x0000000002c3c520
Event: 61.205 Thread 0x0000000018f11000 DEOPT PACKING pc=0x0000000002c3c520 sp=0x0000000023f2e6e0
Event: 61.205 Thread 0x0000000018f11000 DEOPT UNPACKING pc=0x000000000292583b sp=0x0000000023f2e680 mode 2
Event: 61.209 Thread 0x0000000015d48000 Thread exited: 0x0000000015d48000


Dynamic libraries:
0x00007ff7e7da0000 - 0x00007ff7e7dd7000 	C:\Program Files\processing-3.5.4\java\bin\java.exe
0x00007ffba9550000 - 0x00007ffba9745000 	C:\windows\SYSTEM32\ntdll.dll
0x00007ffba85d0000 - 0x00007ffba868d000 	C:\windows\System32\KERNEL32.DLL
0x00007ffba6d40000 - 0x00007ffba7008000 	C:\windows\System32\KERNELBASE.dll
0x00007ffba8390000 - 0x00007ffba843c000 	C:\windows\System32\ADVAPI32.dll
0x00007ffba9110000 - 0x00007ffba91ae000 	C:\windows\System32\msvcrt.dll
0x00007ffba7b80000 - 0x00007ffba7c1b000 	C:\windows\System32\sechost.dll
0x00007ffba8e40000 - 0x00007ffba8f6b000 	C:\windows\System32\RPCRT4.dll
0x00007ffba8110000 - 0x00007ffba82b0000 	C:\windows\System32\USER32.dll
0x00007ffba7220000 - 0x00007ffba7242000 	C:\windows\System32\win32u.dll
0x00007ffba7e80000 - 0x00007ffba7eaa000 	C:\windows\System32\GDI32.dll
0x00007ffba7010000 - 0x00007ffba711b000 	C:\windows\System32\gdi32full.dll
0x00007ffba74c0000 - 0x00007ffba755d000 	C:\windows\System32\msvcp_win.dll
0x00007ffba7120000 - 0x00007ffba7220000 	C:\windows\System32\ucrtbase.dll
0x00007ffb8a0d0000 - 0x00007ffb8a36a000 	C:\windows\WinSxS\amd64_microsoft.windows.common-controls_6595b64144ccf1df_6.0.19041.844_none_ca00b6081b84eb1d\COMCTL32.dll
0x00007ffba90e0000 - 0x00007ffba9110000 	C:\windows\System32\IMM32.DLL
0x000000006bb90000 - 0x000000006bc62000 	C:\Program Files\processing-3.5.4\java\bin\msvcr100.dll
0x000000006b1e0000 - 0x000000006ba85000 	C:\Program Files\processing-3.5.4\java\bin\server\jvm.dll
0x00007ffba7b70000 - 0x00007ffba7b78000 	C:\windows\System32\PSAPI.DLL
0x00007ffba03c0000 - 0x00007ffba03ca000 	C:\windows\SYSTEM32\VERSION.dll
0x00007ffba25e0000 - 0x00007ffba25e9000 	C:\windows\SYSTEM32\WSOCK32.dll
0x00007ffb93480000 - 0x00007ffb934a7000 	C:\windows\SYSTEM32\WINMM.dll
0x00007ffba84f0000 - 0x00007ffba855b000 	C:\windows\System32\WS2_32.dll
0x00007ffba1970000 - 0x00007ffba197f000 	C:\Program Files\processing-3.5.4\java\bin\verify.dll
0x00007ffb9f2b0000 - 0x00007ffb9f2d9000 	C:\Program Files\processing-3.5.4\java\bin\java.dll
0x00007ffb8ee10000 - 0x00007ffb8ee45000 	C:\Program Files\processing-3.5.4\java\bin\jdwp.dll
0x00007ffba2550000 - 0x00007ffba2558000 	C:\Program Files\processing-3.5.4\java\bin\npt.dll
0x00007ffba0830000 - 0x00007ffba0846000 	C:\Program Files\processing-3.5.4\java\bin\zip.dll
0x00007ffba8690000 - 0x00007ffba8dd2000 	C:\windows\System32\SHELL32.dll
0x00007ffba4ba0000 - 0x00007ffba5331000 	C:\windows\SYSTEM32\windows.storage.dll
0x00007ffba91b0000 - 0x00007ffba9505000 	C:\windows\System32\combase.dll
0x00007ffba6700000 - 0x00007ffba672c000 	C:\windows\SYSTEM32\Wldp.dll
0x00007ffba8440000 - 0x00007ffba84ee000 	C:\windows\System32\SHCORE.dll
0x00007ffba75b0000 - 0x00007ffba7605000 	C:\windows\System32\shlwapi.dll
0x00007ffba6bd0000 - 0x00007ffba6bef000 	C:\windows\SYSTEM32\profapi.dll
0x00007ffba0bb0000 - 0x00007ffba0bb9000 	C:\Program Files\processing-3.5.4\java\bin\dt_socket.dll
0x00007ffba6470000 - 0x00007ffba64da000 	C:\windows\system32\mswsock.dll
0x00007ffb6e370000 - 0x00007ffb6e509000 	C:\Program Files\processing-3.5.4\java\bin\awt.dll
0x00007ffba8f70000 - 0x00007ffba903d000 	C:\windows\System32\OLEAUT32.dll
0x00007ffba4010000 - 0x00007ffba40a0000 	C:\windows\SYSTEM32\apphelp.dll
0x00007ffba4140000 - 0x00007ffba41de000 	C:\windows\system32\uxtheme.dll
0x00007ffba7eb0000 - 0x00007ffba7fc5000 	C:\windows\System32\MSCTF.dll
0x00007ffba7fd0000 - 0x00007ffba80fa000 	C:\windows\System32\ole32.dll
0x00007ffba5560000 - 0x00007ffba5572000 	C:\windows\SYSTEM32\kernel.appcore.dll
0x00007ffba6c90000 - 0x00007ffba6d10000 	C:\windows\System32\bcryptPrimitives.dll
0x0000000071100000 - 0x0000000071125000 	C:\Program Files\processing-3.5.4\modes\java\libraries\serial\library\windows64\jSSC-2.8.dll
0x00007ffba43b0000 - 0x00007ffba43df000 	C:\windows\system32\DWMAPI.DLL
0x00007ffb83ae0000 - 0x00007ffb83c06000 	C:\windows\system32\opengl32.dll
0x00007ffb83ab0000 - 0x00007ffb83adc000 	C:\windows\SYSTEM32\GLU32.dll
0x00007ffba6640000 - 0x00007ffba6658000 	C:\windows\SYSTEM32\CRYPTSP.dll
0x00007ffba5da0000 - 0x00007ffba5dd4000 	C:\windows\system32\rsaenh.dll
0x00007ffba6d10000 - 0x00007ffba6d37000 	C:\windows\System32\bcrypt.dll
0x00007ffba6b90000 - 0x00007ffba6bbe000 	C:\windows\SYSTEM32\USERENV.dll
0x00007ffba6660000 - 0x00007ffba666c000 	C:\windows\SYSTEM32\CRYPTBASE.dll
0x00007ffb9f260000 - 0x00007ffb9f27a000 	C:\Program Files\processing-3.5.4\java\bin\net.dll
0x00007ffb8e6c0000 - 0x00007ffb8e8ae000 	C:\windows\SYSTEM32\urlmon.dll
0x00007ffb92d50000 - 0x00007ffb93000000 	C:\windows\SYSTEM32\iertutil.dll
0x00007ffba6110000 - 0x00007ffba614b000 	C:\windows\SYSTEM32\IPHLPAPI.DLL
0x00007ffba8560000 - 0x00007ffba8568000 	C:\windows\System32\NSI.dll
0x00007ffba4ac0000 - 0x00007ffba4ad7000 	C:\windows\SYSTEM32\dhcpcsvc6.DLL
0x00007ffba4aa0000 - 0x00007ffba4abd000 	C:\windows\SYSTEM32\dhcpcsvc.DLL
0x00007ffba6150000 - 0x00007ffba621c000 	C:\windows\SYSTEM32\DNSAPI.dll
0x00007ffb9f240000 - 0x00007ffb9f252000 	C:\Program Files\processing-3.5.4\java\bin\nio.dll
0x00000000637c0000 - 0x00000000637cd000 	C:\Users\aeite\AppData\Local\Temp\jogamp_0000\file_cache\jln2375128491370952345\jln2181120746335921069\natives\windows-amd64\gluegen-rt.dll
0x00007ffb9f2e0000 - 0x00007ffb9f2e7000 	C:\Program Files\processing-3.5.4\java\bin\jawt.dll
0x000000006a440000 - 0x000000006a44d000 	C:\Users\aeite\AppData\Local\Temp\jogamp_0000\file_cache\jln2375128491370952345\jln2181120746335921069\natives\windows-amd64\nativewindow_awt.dll
0x000000006c100000 - 0x000000006c10f000 	C:\Users\aeite\AppData\Local\Temp\jogamp_0000\file_cache\jln2375128491370952345\jln2181120746335921069\natives\windows-amd64\nativewindow_win32.dll
0x000000006cbc0000 - 0x000000006cbd3000 	C:\Users\aeite\AppData\Local\Temp\jogamp_0000\file_cache\jln2375128491370952345\jln2181120746335921069\natives\windows-amd64\newt.dll
0x00007ffba0d80000 - 0x00007ffba0e2e000 	C:\windows\SYSTEM32\mscms.dll
0x00007ffba0d60000 - 0x00007ffba0d71000 	C:\windows\SYSTEM32\ColorAdapterClient.dll
0x00007ffb8ece0000 - 0x00007ffb8ed23000 	C:\windows\SYSTEM32\icm32.dll
0x00007ffba7610000 - 0x00007ffba7a79000 	C:\windows\System32\setupapi.dll
0x00007ffba7560000 - 0x00007ffba75ae000 	C:\windows\System32\cfgmgr32.dll
0x00007ffba6a40000 - 0x00007ffba6a6c000 	C:\windows\SYSTEM32\DEVOBJ.dll
0x00007ffba7250000 - 0x00007ffba72b0000 	C:\windows\System32\WINTRUST.dll
0x00007ffba7360000 - 0x00007ffba74bf000 	C:\windows\System32\CRYPT32.dll
0x00007ffba6880000 - 0x00007ffba6892000 	C:\windows\SYSTEM32\MSASN1.dll
0x0000000064500000 - 0x00000000645b1000 	C:\Users\aeite\AppData\Local\Temp\jogamp_0000\file_cache\jln2375128491370952345\jln2181120746335921069\natives\windows-amd64\jogl_desktop.dll
0x0000000064340000 - 0x00000000643a2000 	C:\Users\aeite\AppData\Local\Temp\jogamp_0000\file_cache\jln2375128491370952345\jln2181120746335921069\natives\windows-amd64\jogl_mobile.dll
0x00007ffba7c20000 - 0x00007ffba7cc9000 	C:\windows\System32\clbcatq.dll
0x00007ffb9f440000 - 0x00007ffb9f539000 	C:\Windows\System32\AppXDeploymentClient.dll
0x00007ffb5a3c0000 - 0x00007ffb5b307000 	C:\windows\System32\DriverStore\FileRepository\iigd_dch.inf_amd64_ada2367baaae74c0\ig11icd64.dll
0x00007ffba55d0000 - 0x00007ffba56c3000 	C:\windows\system32\dxgi.dll
0x00007ffb99d10000 - 0x00007ffb99d4b000 	C:\windows\SYSTEM32\dxcore.dll
0x00007ffb974c0000 - 0x00007ffb97664000 	C:\windows\System32\DriverStore\FileRepository\iigd_dch.inf_amd64_ada2367baaae74c0\igdgmm64.dll
0x00007ffb95070000 - 0x00007ffb974b9000 	C:\windows\System32\DriverStore\FileRepository\iigd_dch.inf_amd64_ada2367baaae74c0\igc64.dll
0x00007ffba6280000 - 0x00007ffba62cb000 	C:\windows\SYSTEM32\powrprof.dll
0x00007ffba60f0000 - 0x00007ffba6102000 	C:\windows\SYSTEM32\UMPDC.dll
0x00007ffb85c20000 - 0x00007ffb85d19000 	C:\windows\SYSTEM32\textinputframework.dll
0x00007ffba3700000 - 0x00007ffba3a5e000 	C:\windows\System32\CoreUIComponents.dll
0x00007ffba3de0000 - 0x00007ffba3ed2000 	C:\windows\System32\CoreMessaging.dll
0x00007ffba59d0000 - 0x00007ffba5a03000 	C:\windows\SYSTEM32\ntmarta.dll
0x00007ffba2720000 - 0x00007ffba2874000 	C:\windows\SYSTEM32\wintypes.dll
0x00007ffb99a10000 - 0x00007ffb99a57000 	C:\Program Files\processing-3.5.4\java\bin\fontmanager.dll
0x00007ffb8eda0000 - 0x00007ffb8ede2000 	C:\Program Files\processing-3.5.4\java\bin\t2k.dll
0x00007ffb8ecb0000 - 0x00007ffb8ecd4000 	C:\Program Files\processing-3.5.4\java\bin\sunec.dll
0x00007ffb9f230000 - 0x00007ffb9f23b000 	C:\Program Files\processing-3.5.4\java\bin\sunmscapi.dll
0x00007ffb9f910000 - 0x00007ffb9f91a000 	C:\Windows\System32\rasadhlp.dll
0x00007ffb8eb50000 - 0x00007ffb8eb81000 	C:\Program Files\processing-3.5.4\java\bin\jpeg.dll
0x00007ffb9f220000 - 0x00007ffb9f22c000 	C:\Program Files\processing-3.5.4\java\bin\jsound.dll
0x00007ffb9f1f0000 - 0x00007ffb9f1fb000 	C:\Program Files\processing-3.5.4\java\bin\jsoundds.dll
0x00007ffb8a420000 - 0x00007ffb8a4bc000 	C:\windows\SYSTEM32\DSOUND.dll
0x00007ffb8e0e0000 - 0x00007ffb8e106000 	C:\windows\SYSTEM32\winmmbase.dll
0x00007ffba0420000 - 0x00007ffba04a5000 	C:\windows\SYSTEM32\MMDevAPI.DLL
0x00007ffba08c0000 - 0x00007ffba0906000 	C:\windows\SYSTEM32\wdmaud.drv
0x00007ffba1990000 - 0x00007ffba1999000 	C:\windows\SYSTEM32\ksuser.dll
0x00007ffba03d0000 - 0x00007ffba03da000 	C:\windows\SYSTEM32\AVRT.dll
0x00007ffba00b0000 - 0x00007ffba0231000 	C:\windows\SYSTEM32\AUDIOSES.DLL
0x00007ffba1980000 - 0x00007ffba198d000 	C:\windows\SYSTEM32\msacm32.drv
0x00007ffba13e0000 - 0x00007ffba13fe000 	C:\windows\SYSTEM32\MSACM32.dll
0x00007ffba13d0000 - 0x00007ffba13db000 	C:\windows\SYSTEM32\midimap.dll
0x00007ffb83170000 - 0x00007ffb832b1000 	C:\Windows\System32\Windows.UI.dll
0x00007ffb9f050000 - 0x00007ffb9f0f1000 	C:\Windows\System32\WindowManagementAPI.dll
0x00007ffb82fe0000 - 0x00007ffb83132000 	C:\Windows\System32\InputHost.dll
0x00007ffb9ed50000 - 0x00007ffb9ef51000 	C:\windows\SYSTEM32\twinapi.appcore.dll
0x00007ffba2280000 - 0x00007ffba2377000 	C:\Windows\System32\PROPSYS.dll
0x00007ffba42c0000 - 0x00007ffba42d4000 	C:\windows\SYSTEM32\resourcepolicyclient.dll
0x00007ffb8eb00000 - 0x00007ffb8eb42000 	C:\Users\aeite\AppData\Local\Temp\jna-92695030\jna7461612255078269637.dll
0x00007ffb6cd80000 - 0x00007ffb6cf66000 	C:\Users\aeite\AppData\Local\Temp\jna-92695030\jna7871821001920862100.dll
0x000000006b130000 - 0x000000006b1d3000 	C:\windows\WinSxS\amd64_microsoft.vc90.crt_1fc8b3b9a1e18e3b_9.0.30729.9625_none_08e1c10da83fbc83\MSVCR90.dll
0x000000006b050000 - 0x000000006b123000 	C:\windows\WinSxS\amd64_microsoft.vc90.crt_1fc8b3b9a1e18e3b_9.0.30729.9625_none_08e1c10da83fbc83\MSVCP90.dll
0x00007ffb9d0d0000 - 0x00007ffb9d0e7000 	C:\windows\system32\napinsp.dll
0x00007ffb8b480000 - 0x00007ffb8b49b000 	C:\windows\system32\pnrpnsp.dll
0x00007ffba1a50000 - 0x00007ffba1a65000 	C:\windows\system32\wshbth.dll
0x00007ffba2560000 - 0x00007ffba257d000 	C:\windows\system32\NLAapi.dll
0x00007ffb8b460000 - 0x00007ffb8b472000 	C:\windows\System32\winrnr.dll
0x00007ffba5340000 - 0x00007ffba5524000 	C:\windows\SYSTEM32\dbghelp.dll

VM Arguments:
jvm_args: -agentlib:jdwp=transport=dt_socket,address=8187,server=y,suspend=y,quiet=y -Xms64m -Xmx450m -Djna.nosys=true -Djava.ext.dirs=C:\Program Files\processing-3.5.4\java\lib\ext -Djava.library.path=C:\Program Files\processing-3.5.4\OpenBCI_GUI_Audio\OpenBCI_GUI_Audio\OpenBCI_GUI\code;C:\Program Files\processing-3.5.4\core\library;C:\Program Files\processing-3.5.4\libraries\minim\library;C:\Program Files\processing-3.5.4\modes\java\libraries\serial\library\windows64;C:\Program Files\processing-3.5.4\modes\java\libraries\net\library;C:\Program Files\processing-3.5.4\libraries\grafica\library;C:\Program Files\processing-3.5.4\libraries\oscP5\library;C:\Program Files\processing-3.5.4\libraries\udp\library;C:\Program Files\processing-3.5.4\libraries\LSLLink\library;C:\Program Files\processing-3.5.4\libraries\GifAnimation\library;C:\Program Files\processing-3.5.4\libraries\controlP5\library;C:\Program Files\processing-3.5.4\java\bin;C:\windows\system32;C:\windows;C:\windows\system32;C:\windows;C:\windows\System32\Wbem;C:\windows\System32\WindowsPowerShell\v1.0;C:\windows\System32\OpenSSH;C:\Program Files\MATLAB\R2019b\bin;C:\Program Files\PuTTY;C:\Users\aeite\AppData\Local\Microsoft\WindowsApps;C:\Users\aeite\AppData\Local\Programs\Microsoft VS Code\bin;C:\Users\aeite\AppData\Local\GitHubDesktop\bin;C:\Program Files\processing-3.5.4\java\bin;. -ea 
java_command: processing.core.PApplet --display=1 --sketch-path=C:\Program Files\processing-3.5.4\OpenBCI_GUI_Audio\OpenBCI_GUI_Audio\OpenBCI_GUI OpenBCI_GUI
java_class_path (initial): C:\Users\aeite\AppData\Local\Temp\OpenBCI_GUI2100315149633413074temp;;C:\Program Files\processing-3.5.4\OpenBCI_GUI_Audio\OpenBCI_GUI_Audio\OpenBCI_GUI\code\LSLLink.jar;C:\Program Files\processing-3.5.4\core\library\core.jar;C:\Program Files\processing-3.5.4\core\library\gluegen-rt-natives-linux-aarch64.jar;C:\Program Files\processing-3.5.4\core\library\gluegen-rt-natives-linux-amd64.jar;C:\Program Files\processing-3.5.4\core\library\gluegen-rt-natives-linux-armv6hf.jar;C:\Program Files\processing-3.5.4\core\library\gluegen-rt-natives-linux-i586.jar;C:\Program Files\processing-3.5.4\core\library\gluegen-rt-natives-macosx-universal.jar;C:\Program Files\processing-3.5.4\core\library\gluegen-rt-natives-windows-amd64.jar;C:\Program Files\processing-3.5.4\core\library\gluegen-rt-natives-windows-i586.jar;C:\Program Files\processing-3.5.4\core\library\gluegen-rt.jar;C:\Program Files\processing-3.5.4\core\library\jogl-all-natives-linux-aarch64.jar;C:\Program Files\processing-3.5.4\core\library\jogl-all-natives-linux-amd64.jar;C:\Program Files\processing-3.5.4\core\library\jogl-all-natives-linux-armv6hf.jar;C:\Program Files\processing-3.5.4\core\library\jogl-all-natives-linux-i586.jar;C:\Program Files\processing-3.5.4\core\library\jogl-all-natives-macosx-universal.jar;C:\Program Files\processing-3.5.4\core\library\jogl-all-natives-windows-amd64.jar;C:\Program Files\processing-3.5.4\core\library\jogl-all-natives-windows-i586.jar;C:\Program Files\processing-3.5.4\core\library\jogl-all.jar;C:\Program Files\processing-3.5.4\libraries\minim\library\jl1.0.1.jar;C:\Program Files\processing-3.5.4\libraries\minim\library\jsminim.jar;C:\Program Files\processing-3.5.4\libraries\minim\library\minim.jar;C:\Program Files\processing-3.5.4\libraries\minim\library\mp3spi1.9.5.jar;C:\Program Files\processing-3.5.4\libraries\minim\library\tritonus_aos.jar;C:\Program Files\processing-3.5.4\libraries\minim\library\tritonus_share.jar;C:\Program Files\processing-3.5.4\
Launcher Type: SUN_STANDARD

Environment Variables:
PATH=C:\windows\system32;C:\windows;C:\windows\System32\Wbem;C:\windows\System32\WindowsPowerShell\v1.0\;C:\windows\System32\OpenSSH\;C:\Program Files\MATLAB\R2019b\bin;C:\Program Files\PuTTY\;C:\Users\aeite\AppData\Local\Microsoft\WindowsApps;C:\Users\aeite\AppData\Local\Programs\Microsoft VS Code\bin;C:\Users\aeite\AppData\Local\GitHubDesktop\bin;C:\Program Files\processing-3.5.4\java\bin
USERNAME=aeite
OS=Windows_NT
PROCESSOR_IDENTIFIER=Intel64 Family 6 Model 126 Stepping 5, GenuineIntel



---------------  S Y S T E M  ---------------

OS: Windows 10.0 , 64 bit Build 19041 (10.0.19041.928)

CPU:total 8 (initial active 8) (4 cores per cpu, 2 threads per core) family 6 model 126 stepping 5, cmov, cx8, fxsr, mmx, sse, sse2, sse3, ssse3, sse4.1, sse4.2, popcnt, avx, avx2, aes, clmul, erms, 3dnowpref, lzcnt, ht, tsc, tscinvbit, bmi1, bmi2, adx

Memory: 4k page, physical 8070036k(2366992k free), swap 16458644k(9158480k free)

vm_info: Java HotSpot(TM) 64-Bit Server VM (25.202-b08) for windows-amd64 JRE (1.8.0_202-b08), built on Dec 15 2018 19:54:30 by "java_re" with MS VC++ 10.0 (VS2010)

time: Thu Apr 22 02:44:23 2021
timezone: Mountain Daylight Time
elapsed time: 61 seconds (0d 0h 1m 1s)

