#
# A fatal error has been detected by the Java Runtime Environment:
#
#  EXCEPTION_ACCESS_VIOLATION (0xc0000005) at pc=0x00007ffe7d3515e5, pid=16860, tid=0x000000000000226c
#
# JRE version: Java(TM) SE Runtime Environment (8.0_202-b08) (build 1.8.0_202-b08)
# Java VM: Java HotSpot(TM) 64-Bit Server VM (25.202-b08 mixed mode windows-amd64 compressed oops)
# Problematic frame:
# C  [ig11icd64.dll+0x415e5]
#
# Failed to write core dump. Minidumps are not enabled by default on client versions of Windows
#
# If you would like to submit a bug report, please visit:
#   http://bugreport.java.com/bugreport/crash.jsp
# The crash happened outside the Java Virtual Machine in native code.
# See problematic frame for where to report the bug.
#

---------------  T H R E A D  ---------------

Current thread (0x0000000014889000):  JavaThread "JDWP Transport Listener: dt_socket" daemon [_thread_in_native, id=8812, stack(0x0000000016f60000,0x0000000017060000)]

siginfo: ExceptionCode=0xc0000005, reading address 0x0000000000034868

Registers:
RAX=0x000000002e60e6a8, RBX=0x000000002e60e570, RCX=0x0000000000000000, RDX=0x000000002e60e638
RSP=0x000000001705e8e0, RBP=0x0000000000000000, RSI=0x000000002e614090, RDI=0x000000001f27c4a0
R8 =0x0000000000000000, R9 =0x0000000000000000, R10=0x0000000000000000, R11=0x0000000000000246
R12=0x0000000020b2c300, R13=0x0000000000000000, R14=0x000000002e60ea00, R15=0x0000000000000000
RIP=0x00007ffe7d3515e5, EFLAGS=0x0000000000010202

Top of Stack: (sp=0x000000001705e8e0)
0x000000001705e8e0:   0000000000000000 0000000000000000
0x000000001705e8f0:   00005ff14e2f0d10 0000005400000000
0x000000001705e900:   00000000000000a8 0000000000000000
0x000000001705e910:   0000000000441e5e 0000000020b2c300
0x000000001705e920:   0000b802064100a8 00007ffe7d334a56
0x000000001705e930:   000000000124cbb0 000000001f27c4a0
0x000000001705e940:   000000001705ea30 0000000000000000
0x000000001705e950:   0000000000000000 0000000000000000
0x000000001705e960:   0000000000441e59 0000000020b54dc8
0x000000001705e970:   000046d01d910000 0000000020b54d00
0x000000001705e980:   0000000020b54d00 00000000000000a8
0x000000001705e990:   00005ff14e2f0280 00007ffe7d34e44c
0x000000001705e9a0:   0000000000000000 000000001705ea80
0x000000001705e9b0:   00000000000000a8 0000000020b2d5c0
0x000000001705e9c0:   0000000000000000 0000000020b2d5c8
0x000000001705e9d0:   0000b802064100a8 00000000000045d4 

Instructions: (pc=0x00007ffe7d3515e5)
0x00007ffe7d3515c5:   1d 8b c1 83 e0 0f 48 6b c0 38 48 03 c2 48 85 c0
0x00007ffe7d3515d5:   74 0c 48 8b 48 08 eb 08 48 83 c0 08 eb ef 33 c9
0x00007ffe7d3515e5:   48 3b 8d 68 48 03 00 76 6b 48 8b 87 80 02 00 00
0x00007ffe7d3515f5:   49 89 06 48 89 9f 80 02 00 00 ff 87 88 02 00 00 


Register to memory mapping:

RAX=0x000000002e60e6a8 is an unknown value
RBX=0x000000002e60e570 is an unknown value
RCX=0x0000000000000000 is an unknown value
RDX=0x000000002e60e638 is an unknown value
RSP=0x000000001705e8e0 is pointing into the stack for thread: 0x0000000014889000
RBP=0x0000000000000000 is an unknown value
RSI=0x000000002e614090 is an unknown value
RDI=0x000000001f27c4a0 is an unknown value
R8 =0x0000000000000000 is an unknown value
R9 =0x0000000000000000 is an unknown value
R10=0x0000000000000000 is an unknown value
R11=0x0000000000000246 is an unknown value
R12=0x0000000020b2c300 is an unknown value
R13=0x0000000000000000 is an unknown value
R14=0x000000002e60ea00 is an unknown value
R15=0x0000000000000000 is an unknown value


Stack: [0x0000000016f60000,0x0000000017060000],  sp=0x000000001705e8e0,  free space=1018k
Native frames: (J=compiled Java code, j=interpreted, Vv=VM code, C=native code)


---------------  P R O C E S S  ---------------

Java Threads: ( => current thread )
  0x0000000018f0e800 JavaThread "main-FPSAWTAnimator#00-Timer0-FPSAWTAnimator#00-Timer1-FPSAWTAnimator#00-Timer2" [_thread_in_native, id=13872, stack(0x000000001a670000,0x000000001a770000)]
  0x0000000018f08800 JavaThread "Thread-13" daemon [_thread_in_native, id=10232, stack(0x000000001a540000,0x000000001a640000)]
  0x0000000018f0a000 JavaThread "Thread-12" [_thread_blocked, id=15300, stack(0x0000000028d30000,0x0000000028e30000)]
  0x0000000018f0f000 JavaThread "Thread-11" [_thread_blocked, id=17372, stack(0x0000000026c40000,0x0000000026d40000)]
  0x0000000002f84000 JavaThread "DestroyJavaVM" [_thread_blocked, id=1808, stack(0x0000000002e20000,0x0000000002f20000)]
  0x0000000018a60800 JavaThread "Thread-5" [_thread_blocked, id=2404, stack(0x0000000021360000,0x0000000021460000)]
  0x0000000017e6c800 JavaThread "HighResTimerThread" daemon [_thread_blocked, id=15652, stack(0x0000000021260000,0x0000000021360000)]
  0x00000000189e3000 JavaThread "main-SharedResourceRunner" daemon [_thread_blocked, id=15824, stack(0x000000001ae30000,0x000000001af30000)]
  0x0000000018068800 JavaThread "main-Display-.windows_nil-1-EDT-1" daemon [_thread_blocked, id=2256, stack(0x000000001a930000,0x000000001aa30000)]
  0x0000000017ca2800 JavaThread "Timer-0" daemon [_thread_blocked, id=3800, stack(0x0000000018630000,0x0000000018730000)]
  0x0000000017b36000 JavaThread "AWT-Windows" daemon [_thread_in_native, id=6384, stack(0x00000000183a0000,0x00000000184a0000)]
  0x0000000017b34800 JavaThread "Java2D Disposer" daemon [_thread_blocked, id=5528, stack(0x00000000181a0000,0x00000000182a0000)]
  0x0000000016754800 JavaThread "Service Thread" daemon [_thread_blocked, id=12224, stack(0x0000000017660000,0x0000000017760000)]
  0x00000000166c6000 JavaThread "C1 CompilerThread3" daemon [_thread_blocked, id=18692, stack(0x0000000017560000,0x0000000017660000)]
  0x00000000166c5000 JavaThread "C2 CompilerThread2" daemon [_thread_blocked, id=19052, stack(0x0000000017460000,0x0000000017560000)]
  0x00000000166c4800 JavaThread "C2 CompilerThread1" daemon [_thread_blocked, id=15852, stack(0x0000000017360000,0x0000000017460000)]
  0x00000000166bf000 JavaThread "C2 CompilerThread0" daemon [_thread_blocked, id=12012, stack(0x0000000017260000,0x0000000017360000)]
  0x00000000166ae000 JavaThread "JDWP Event Helper Thread" daemon [_thread_blocked, id=16924, stack(0x0000000017060000,0x0000000017160000)]
=>0x0000000014889000 JavaThread "JDWP Transport Listener: dt_socket" daemon [_thread_in_native, id=8812, stack(0x0000000016f60000,0x0000000017060000)]
  0x0000000016696000 JavaThread "Attach Listener" daemon [_thread_blocked, id=17144, stack(0x0000000016e60000,0x0000000016f60000)]
  0x0000000016695800 JavaThread "Signal Dispatcher" daemon [_thread_blocked, id=17064, stack(0x0000000016d60000,0x0000000016e60000)]
  0x0000000016681000 JavaThread "Finalizer" daemon [_thread_blocked, id=12980, stack(0x0000000016b60000,0x0000000016c60000)]
  0x000000001487d800 JavaThread "Reference Handler" daemon [_thread_blocked, id=16096, stack(0x0000000016a60000,0x0000000016b60000)]

Other Threads:
  0x0000000014879000 VMThread [stack: 0x0000000016560000,0x0000000016660000] [id=15068]
  0x000000001676c000 WatcherThread [stack: 0x0000000017760000,0x0000000017860000] [id=7920]

VM state:not at safepoint (normal execution)

VM Mutex/Monitor currently owned by a thread: None

heap address: 0x00000000e0c00000, size: 500 MB, Compressed Oops mode: 32-bit
Narrow klass base: 0x0000000000000000, Narrow klass shift: 3
Compressed class space size: 1073741824 Address: 0x0000000100000000

Heap:
 PSYoungGen      total 61440K, used 31082K [0x00000000f5980000, 0x00000000fd400000, 0x0000000100000000)
  eden space 59904K, 49% used [0x00000000f5980000,0x00000000f766b9d8,0x00000000f9400000)
  from space 1536K, 95% used [0x00000000f9580000,0x00000000f96eefd0,0x00000000f9700000)
  to   space 32768K, 0% used [0x00000000fb400000,0x00000000fb400000,0x00000000fd400000)
 ParOldGen       total 122368K, used 64154K [0x00000000e0c00000, 0x00000000e8380000, 0x00000000f5980000)
  object space 122368K, 52% used [0x00000000e0c00000,0x00000000e4aa68a8,0x00000000e8380000)
 Metaspace       used 24161K, capacity 24360K, committed 24704K, reserved 1071104K
  class space    used 2047K, capacity 2108K, committed 2176K, reserved 1048576K

Card table byte_map: [0x0000000012440000,0x0000000012540000] byte_map_base: 0x0000000011d3a000

Marking Bits: (ParMarkBitMap*) 0x0000000076e85ce0
 Begin Bits: [0x0000000012df0000, 0x00000000135c0000)
 End Bits:   [0x00000000135c0000, 0x0000000013d90000)

Polling page: 0x0000000002dc0000

CodeCache: size=245760Kb used=15484Kb max_used=15530Kb free=230275Kb
 bounds [0x0000000003080000, 0x0000000003fd0000, 0x0000000012080000]
 total_blobs=4597 nmethods=3608 adapters=909
 compilation: enabled

Compilation events (10 events):
Event: 85.733 Thread 0x00000000166c6000 4509   !   3       com.sun.proxy.$Proxy0::lsl_get_fullinfo (50 bytes)
Event: 85.735 Thread 0x00000000166c6000 nmethod 4509 0x0000000003b8a510 code [0x0000000003b8a700, 0x0000000003b8b318]
Event: 85.736 Thread 0x00000000166c6000 4510   !   3       com.sun.proxy.$Proxy0::lsl_pull_sample_f (65 bytes)
Event: 85.737 Thread 0x00000000166c6000 nmethod 4510 0x0000000003ca8dd0 code [0x0000000003ca9020, 0x0000000003caa498]
Event: 85.786 Thread 0x00000000166c6000 4512       3       java.lang.Double::doubleValue (5 bytes)
Event: 85.786 Thread 0x00000000166c6000 nmethod 4512 0x0000000003f1e950 code [0x0000000003f1eaa0, 0x0000000003f1ebf0]
Event: 86.596 Thread 0x00000000166c5000 4513       4       java.lang.Float::toString (8 bytes)
Event: 86.613 Thread 0x00000000166c5000 nmethod 4513 0x00000000039ee750 code [0x00000000039ee900, 0x00000000039ef230]
Event: 86.658 Thread 0x00000000166bf000 4514       4       controlP5.Toggle::draw (38 bytes)
Event: 86.686 Thread 0x00000000166bf000 nmethod 4514 0x000000000378e2d0 code [0x000000000378e560, 0x000000000378fc00]

GC Heap History (10 events):
Event: 65.713 GC heap before
{Heap before GC invocations=19 (full 2):
 PSYoungGen      total 107520K, used 70368K [0x00000000f5980000, 0x00000000fed80000, 0x0000000100000000)
  eden space 69632K, 100% used [0x00000000f5980000,0x00000000f9d80000,0x00000000f9d80000)
  from space 37888K, 1% used [0x00000000fc880000,0x00000000fc938000,0x00000000fed80000)
  to   space 40960K, 0% used [0x00000000f9d80000,0x00000000f9d80000,0x00000000fc580000)
 ParOldGen       total 122368K, used 64114K [0x00000000e0c00000, 0x00000000e8380000, 0x00000000f5980000)
  object space 122368K, 52% used [0x00000000e0c00000,0x00000000e4a9c8a8,0x00000000e8380000)
 Metaspace       used 23375K, capacity 23688K, committed 23936K, reserved 1071104K
  class space    used 1983K, capacity 2076K, committed 2176K, reserved 1048576K
Event: 65.717 GC heap after
Heap after GC invocations=19 (full 2):
 PSYoungGen      total 68608K, used 885K [0x00000000f5980000, 0x00000000fe880000, 0x0000000100000000)
  eden space 67584K, 0% used [0x00000000f5980000,0x00000000f5980000,0x00000000f9b80000)
  from space 1024K, 86% used [0x00000000f9d80000,0x00000000f9e5d7d0,0x00000000f9e80000)
  to   space 39424K, 0% used [0x00000000fc200000,0x00000000fc200000,0x00000000fe880000)
 ParOldGen       total 122368K, used 64122K [0x00000000e0c00000, 0x00000000e8380000, 0x00000000f5980000)
  object space 122368K, 52% used [0x00000000e0c00000,0x00000000e4a9e8a8,0x00000000e8380000)
 Metaspace       used 23375K, capacity 23688K, committed 23936K, reserved 1071104K
  class space    used 1983K, capacity 2076K, committed 2176K, reserved 1048576K
}
Event: 70.392 GC heap before
{Heap before GC invocations=20 (full 2):
 PSYoungGen      total 68608K, used 68469K [0x00000000f5980000, 0x00000000fe880000, 0x0000000100000000)
  eden space 67584K, 100% used [0x00000000f5980000,0x00000000f9b80000,0x00000000f9b80000)
  from space 1024K, 86% used [0x00000000f9d80000,0x00000000f9e5d7d0,0x00000000f9e80000)
  to   space 39424K, 0% used [0x00000000fc200000,0x00000000fc200000,0x00000000fe880000)
 ParOldGen       total 122368K, used 64122K [0x00000000e0c00000, 0x00000000e8380000, 0x00000000f5980000)
  object space 122368K, 52% used [0x00000000e0c00000,0x00000000e4a9e8a8,0x00000000e8380000)
 Metaspace       used 24037K, capacity 24232K, committed 24448K, reserved 1071104K
  class space    used 2047K, capacity 2108K, committed 2176K, reserved 1048576K
Event: 70.395 GC heap after
Heap after GC invocations=20 (full 2):
 PSYoungGen      total 99840K, used 1421K [0x00000000f5980000, 0x00000000fe380000, 0x0000000100000000)
  eden space 65536K, 0% used [0x00000000f5980000,0x00000000f5980000,0x00000000f9980000)
  from space 34304K, 4% used [0x00000000fc200000,0x00000000fc363538,0x00000000fe380000)
  to   space 37888K, 0% used [0x00000000f9980000,0x00000000f9980000,0x00000000fbe80000)
 ParOldGen       total 122368K, used 64130K [0x00000000e0c00000, 0x00000000e8380000, 0x00000000f5980000)
  object space 122368K, 52% used [0x00000000e0c00000,0x00000000e4aa08a8,0x00000000e8380000)
 Metaspace       used 24037K, capacity 24232K, committed 24448K, reserved 1071104K
  class space    used 2047K, capacity 2108K, committed 2176K, reserved 1048576K
}
Event: 75.374 GC heap before
{Heap before GC invocations=21 (full 2):
 PSYoungGen      total 99840K, used 66957K [0x00000000f5980000, 0x00000000fe380000, 0x0000000100000000)
  eden space 65536K, 100% used [0x00000000f5980000,0x00000000f9980000,0x00000000f9980000)
  from space 34304K, 4% used [0x00000000fc200000,0x00000000fc363538,0x00000000fe380000)
  to   space 37888K, 0% used [0x00000000f9980000,0x00000000f9980000,0x00000000fbe80000)
 ParOldGen       total 122368K, used 64130K [0x00000000e0c00000, 0x00000000e8380000, 0x00000000f5980000)
  object space 122368K, 52% used [0x00000000e0c00000,0x00000000e4aa08a8,0x00000000e8380000)
 Metaspace       used 24093K, capacity 24296K, committed 24448K, reserved 1071104K
  class space    used 2047K, capacity 2108K, committed 2176K, reserved 1048576K
Event: 75.376 GC heap after
Heap after GC invocations=21 (full 2):
 PSYoungGen      total 65024K, used 1205K [0x00000000f5980000, 0x00000000fde80000, 0x0000000100000000)
  eden space 63488K, 0% used [0x00000000f5980000,0x00000000f5980000,0x00000000f9780000)
  from space 1536K, 78% used [0x00000000f9980000,0x00000000f9aad7d0,0x00000000f9b00000)
  to   space 36352K, 0% used [0x00000000fbb00000,0x00000000fbb00000,0x00000000fde80000)
 ParOldGen       total 122368K, used 64138K [0x00000000e0c00000, 0x00000000e8380000, 0x00000000f5980000)
  object space 122368K, 52% used [0x00000000e0c00000,0x00000000e4aa28a8,0x00000000e8380000)
 Metaspace       used 24093K, capacity 24296K, committed 24448K, reserved 1071104K
  class space    used 2047K, capacity 2108K, committed 2176K, reserved 1048576K
}
Event: 80.389 GC heap before
{Heap before GC invocations=22 (full 2):
 PSYoungGen      total 65024K, used 64693K [0x00000000f5980000, 0x00000000fde80000, 0x0000000100000000)
  eden space 63488K, 100% used [0x00000000f5980000,0x00000000f9780000,0x00000000f9780000)
  from space 1536K, 78% used [0x00000000f9980000,0x00000000f9aad7d0,0x00000000f9b00000)
  to   space 36352K, 0% used [0x00000000fbb00000,0x00000000fbb00000,0x00000000fde80000)
 ParOldGen       total 122368K, used 64138K [0x00000000e0c00000, 0x00000000e8380000, 0x00000000f5980000)
  object space 122368K, 52% used [0x00000000e0c00000,0x00000000e4aa28a8,0x00000000e8380000)
 Metaspace       used 24153K, capacity 24360K, committed 24704K, reserved 1071104K
  class space    used 2047K, capacity 2108K, committed 2176K, reserved 1048576K
Event: 80.392 GC heap after
Heap after GC invocations=22 (full 2):
 PSYoungGen      total 91648K, used 1397K [0x00000000f5980000, 0x00000000fd880000, 0x0000000100000000)
  eden space 61440K, 0% used [0x00000000f5980000,0x00000000f5980000,0x00000000f9580000)
  from space 30208K, 4% used [0x00000000fbb00000,0x00000000fbc5d7d0,0x00000000fd880000)
  to   space 34304K, 0% used [0x00000000f9580000,0x00000000f9580000,0x00000000fb700000)
 ParOldGen       total 122368K, used 64146K [0x00000000e0c00000, 0x00000000e8380000, 0x00000000f5980000)
  object space 122368K, 52% used [0x00000000e0c00000,0x00000000e4aa48a8,0x00000000e8380000)
 Metaspace       used 24153K, capacity 24360K, committed 24704K, reserved 1071104K
  class space    used 2047K, capacity 2108K, committed 2176K, reserved 1048576K
}
Event: 85.354 GC heap before
{Heap before GC invocations=23 (full 2):
 PSYoungGen      total 91648K, used 62837K [0x00000000f5980000, 0x00000000fd880000, 0x0000000100000000)
  eden space 61440K, 100% used [0x00000000f5980000,0x00000000f9580000,0x00000000f9580000)
  from space 30208K, 4% used [0x00000000fbb00000,0x00000000fbc5d7d0,0x00000000fd880000)
  to   space 34304K, 0% used [0x00000000f9580000,0x00000000f9580000,0x00000000fb700000)
 ParOldGen       total 122368K, used 64146K [0x00000000e0c00000, 0x00000000e8380000, 0x00000000f5980000)
  object space 122368K, 52% used [0x00000000e0c00000,0x00000000e4aa48a8,0x00000000e8380000)
 Metaspace       used 24156K, capacity 24360K, committed 24704K, reserved 1071104K
  class space    used 2047K, capacity 2108K, committed 2176K, reserved 1048576K
Event: 85.357 GC heap after
Heap after GC invocations=23 (full 2):
 PSYoungGen      total 61440K, used 1467K [0x00000000f5980000, 0x00000000fd400000, 0x0000000100000000)
  eden space 59904K, 0% used [0x00000000f5980000,0x00000000f5980000,0x00000000f9400000)
  from space 1536K, 95% used [0x00000000f9580000,0x00000000f96eefd0,0x00000000f9700000)
  to   space 32768K, 0% used [0x00000000fb400000,0x00000000fb400000,0x00000000fd400000)
 ParOldGen       total 122368K, used 64154K [0x00000000e0c00000, 0x00000000e8380000, 0x00000000f5980000)
  object space 122368K, 52% used [0x00000000e0c00000,0x00000000e4aa68a8,0x00000000e8380000)
 Metaspace       used 24156K, capacity 24360K, committed 24704K, reserved 1071104K
  class space    used 2047K, capacity 2108K, committed 2176K, reserved 1048576K
}

Deoptimization events (10 events):
Event: 68.572 Thread 0x0000000018f0e800 Uncommon trap: reason=class_check action=maybe_recompile pc=0x0000000003e9d5c8 method=java.lang.ThreadLocal$ThreadLocalMap.set(Ljava/lang/ThreadLocal;Ljava/lang/Object;)V @ 36
Event: 68.572 Thread 0x0000000018f0e800 Uncommon trap: reason=unstable_if action=reinterpret pc=0x0000000003245230 method=java.lang.ThreadLocal$ThreadLocalMap.getEntry(Ljava/lang/ThreadLocal;)Ljava/lang/ThreadLocal$ThreadLocalMap$Entry; @ 29
Event: 68.591 Thread 0x0000000018f0e800 Uncommon trap: reason=unstable_if action=reinterpret pc=0x0000000003677e24 method=java.util.regex.Pattern.has(I)Z @ 6
Event: 68.622 Thread 0x0000000018f08800 Uncommon trap: reason=unstable_if action=reinterpret pc=0x0000000003e7be3c method=sun.misc.FormattedFloatingDecimal.applyPrecision(I[CII)I @ 90
Event: 68.669 Thread 0x0000000018f0e800 Uncommon trap: reason=class_check action=maybe_recompile pc=0x0000000003e9d5c8 method=java.lang.ThreadLocal$ThreadLocalMap.set(Ljava/lang/ThreadLocal;Ljava/lang/Object;)V @ 36
Event: 68.669 Thread 0x0000000018f0e800 Uncommon trap: reason=class_check action=maybe_recompile pc=0x0000000003e9d5c8 method=java.lang.ThreadLocal$ThreadLocalMap.set(Ljava/lang/ThreadLocal;Ljava/lang/Object;)V @ 36
Event: 69.855 Thread 0x0000000018f0e800 Uncommon trap: reason=unstable_if action=reinterpret pc=0x0000000003de7f64 method=sun.misc.FloatingDecimal$BinaryToASCIIBuffer.dtoa(IJIZ)V @ 470
Event: 72.430 Thread 0x0000000018f0e800 Uncommon trap: reason=unstable_if action=reinterpret pc=0x0000000003edfe00 method=sun.misc.FloatingDecimal$BinaryToASCIIBuffer.dtoa(IJIZ)V @ 522
Event: 82.708 Thread 0x0000000018f08800 Uncommon trap: reason=unstable_if action=reinterpret pc=0x0000000003b94918 method=java.text.SimpleDateFormat.zeroPaddingNumber(IIILjava/lang/StringBuffer;)V @ 47
Event: 82.708 Thread 0x0000000018f08800 Uncommon trap: reason=unstable_if action=reinterpret pc=0x0000000003b66260 method=java.text.SimpleDateFormat.zeroPaddingNumber(IIILjava/lang/StringBuffer;)V @ 47

Classes redefined (0 events):
No events

Internal exceptions (10 events):
Event: 32.859 Thread 0x0000000018fa9800 Exception <a 'java/lang/NullPointerException'> (0x00000000f8ee49f8) thrown at [C:\re\workspace\8-2-build-windows-amd64-cygwin\jdk8u202\12323\hotspot\src\share\vm\interpreter\linkResolver.cpp, line 1185]
Event: 32.862 Thread 0x0000000018fa9800 Exception <a 'java/lang/NullPointerException'> (0x00000000f8f4b368) thrown at [C:\re\workspace\8-2-build-windows-amd64-cygwin\jdk8u202\12323\hotspot\src\share\vm\interpreter\linkResolver.cpp, line 1185]
Event: 32.865 Thread 0x0000000018fa9800 Exception <a 'java/lang/NullPointerException'> (0x00000000f8f5fc30) thrown at [C:\re\workspace\8-2-build-windows-amd64-cygwin\jdk8u202\12323\hotspot\src\share\vm\interpreter\linkResolver.cpp, line 1185]
Event: 33.882 Thread 0x0000000018fa9800 Exception <a 'java/lang/ClassNotFoundException': sun/net/www/protocol/c/Handler> (0x00000000f96734f8) thrown at [C:\re\workspace\8-2-build-windows-amd64-cygwin\jdk8u202\12323\hotspot\src\share\vm\classfile\systemDictionary.cpp, line 210]
Event: 46.314 Thread 0x0000000018f0e800 Implicit null exception at 0x0000000003613a36 to 0x0000000003613e29
Event: 68.576 Thread 0x0000000018f0e800 Exception <a 'java/lang/NullPointerException'> (0x00000000f8c1c558) thrown at [C:\re\workspace\8-2-build-windows-amd64-cygwin\jdk8u202\12323\hotspot\src\share\vm\interpreter\linkResolver.cpp, line 1185]
Event: 68.576 Thread 0x0000000018f0e800 Exception <a 'java/lang/NullPointerException'> (0x00000000f8c1d348) thrown at [C:\re\workspace\8-2-build-windows-amd64-cygwin\jdk8u202\12323\hotspot\src\share\vm\interpreter\linkResolver.cpp, line 1185]
Event: 68.687 Thread 0x0000000018f0e800 Exception <a 'java/lang/UnsatisfiedLinkError': The specified module could not be found.
> (0x00000000f8e13fb0) thrown at [C:\re\workspace\8-2-build-windows-amd64-cygwin\jdk8u202\12323\hotspot\src\share\vm\prims\jni.cpp, line 736]
Event: 68.687 Thread 0x0000000018f0e800 Exception <a 'java/lang/UnsatisfiedLinkError': The specified module could not be found.
> (0x00000000f8e147d0) thrown at [C:\re\workspace\8-2-build-windows-amd64-cygwin\jdk8u202\12323\hotspot\src\share\vm\prims\jni.cpp, line 736]
Event: 68.688 Thread 0x0000000018f0e800 Exception <a 'java/lang/UnsatisfiedLinkError': The specified module could not be found.
> (0x00000000f8e14ed0) thrown at [C:\re\workspace\8-2-build-windows-amd64-cygwin\jdk8u202\12323\hotspot\src\share\vm\prims\jni.cpp, line 736]

Events (10 events):
Event: 87.529 Thread 0x0000000018f0e800 DEOPT UNPACKING pc=0x00000000030c7890 sp=0x000000001a76e738 mode 1
Event: 87.594 Thread 0x0000000018f0e800 DEOPT PACKING pc=0x00000000038fd289 sp=0x000000001a76e970
Event: 87.594 Thread 0x0000000018f0e800 DEOPT UNPACKING pc=0x00000000030c7890 sp=0x000000001a76e6e8 mode 1
Event: 87.594 Thread 0x0000000018f0e800 DEOPT PACKING pc=0x00000000038b291c sp=0x000000001a76ea00
Event: 87.594 Thread 0x0000000018f0e800 DEOPT UNPACKING pc=0x00000000030c7890 sp=0x000000001a76e738 mode 1
Event: 87.676 Thread 0x0000000018f0e800 DEOPT PACKING pc=0x00000000038fd289 sp=0x000000001a76e970
Event: 87.676 Thread 0x0000000018f0e800 DEOPT UNPACKING pc=0x00000000030c7890 sp=0x000000001a76e6e8 mode 1
Event: 87.676 Thread 0x0000000018f0e800 DEOPT PACKING pc=0x00000000038b291c sp=0x000000001a76ea00
Event: 87.676 Thread 0x0000000018f0e800 DEOPT UNPACKING pc=0x00000000030c7890 sp=0x000000001a76e738 mode 1
Event: 87.712 Thread 0x00000000166af000 Thread exited: 0x00000000166af000


Dynamic libraries:
0x00007ff62f780000 - 0x00007ff62f7b7000 	C:\Users\aeite\Documents\GitHub\neural_signal_2020\processing-3.5.4\java\bin\java.exe
0x00007ffef53d0000 - 0x00007ffef55c5000 	C:\windows\SYSTEM32\ntdll.dll
0x00007ffef4150000 - 0x00007ffef420d000 	C:\windows\System32\KERNEL32.DLL
0x00007ffef2b40000 - 0x00007ffef2e09000 	C:\windows\System32\KERNELBASE.dll
0x00007ffef3440000 - 0x00007ffef34ec000 	C:\windows\System32\ADVAPI32.dll
0x00007ffef35a0000 - 0x00007ffef363e000 	C:\windows\System32\msvcrt.dll
0x00007ffef4dd0000 - 0x00007ffef4e6b000 	C:\windows\System32\sechost.dll
0x00007ffef51b0000 - 0x00007ffef52da000 	C:\windows\System32\RPCRT4.dll
0x00007ffef39c0000 - 0x00007ffef3b60000 	C:\windows\System32\USER32.dll
0x00007ffef3010000 - 0x00007ffef3032000 	C:\windows\System32\win32u.dll
0x00007ffef4c70000 - 0x00007ffef4c9a000 	C:\windows\System32\GDI32.dll
0x00007ffef31d0000 - 0x00007ffef32db000 	C:\windows\System32\gdi32full.dll
0x00007ffef30a0000 - 0x00007ffef313d000 	C:\windows\System32\msvcp_win.dll
0x00007ffef2f10000 - 0x00007ffef3010000 	C:\windows\System32\ucrtbase.dll
0x00007ffed4f20000 - 0x00007ffed51ba000 	C:\windows\WinSxS\amd64_microsoft.windows.common-controls_6595b64144ccf1df_6.0.19041.1083_none_60bbe31371f34e71\COMCTL32.dll
0x00007ffef4b10000 - 0x00007ffef4b40000 	C:\windows\System32\IMM32.DLL
0x0000000077230000 - 0x0000000077302000 	C:\Users\aeite\Documents\GitHub\neural_signal_2020\processing-3.5.4\java\bin\msvcr100.dll
0x0000000076660000 - 0x0000000076f05000 	C:\Users\aeite\Documents\GitHub\neural_signal_2020\processing-3.5.4\java\bin\server\jvm.dll
0x00007ffef4e70000 - 0x00007ffef4e78000 	C:\windows\System32\PSAPI.DLL
0x00007ffeed6c0000 - 0x00007ffeed6c9000 	C:\windows\SYSTEM32\WSOCK32.dll
0x00007ffed44a0000 - 0x00007ffed44c7000 	C:\windows\SYSTEM32\WINMM.dll
0x00007ffef5080000 - 0x00007ffef50eb000 	C:\windows\System32\WS2_32.dll
0x00007ffeec160000 - 0x00007ffeec16a000 	C:\windows\SYSTEM32\VERSION.dll
0x00007ffeebb50000 - 0x00007ffeebb5f000 	C:\Users\aeite\Documents\GitHub\neural_signal_2020\processing-3.5.4\java\bin\verify.dll
0x00007ffed09d0000 - 0x00007ffed09f9000 	C:\Users\aeite\Documents\GitHub\neural_signal_2020\processing-3.5.4\java\bin\java.dll
0x00007ffee4880000 - 0x00007ffee48b5000 	C:\Users\aeite\Documents\GitHub\neural_signal_2020\processing-3.5.4\java\bin\jdwp.dll
0x00007ffeec0f0000 - 0x00007ffeec0f8000 	C:\Users\aeite\Documents\GitHub\neural_signal_2020\processing-3.5.4\java\bin\npt.dll
0x00007ffed0460000 - 0x00007ffed0476000 	C:\Users\aeite\Documents\GitHub\neural_signal_2020\processing-3.5.4\java\bin\zip.dll
0x00007ffef43c0000 - 0x00007ffef4aff000 	C:\windows\System32\SHELL32.dll
0x00007ffef0910000 - 0x00007ffef10a1000 	C:\windows\SYSTEM32\windows.storage.dll
0x00007ffef3640000 - 0x00007ffef3995000 	C:\windows\System32\combase.dll
0x00007ffef24b0000 - 0x00007ffef24dc000 	C:\windows\SYSTEM32\Wldp.dll
0x00007ffef52e0000 - 0x00007ffef538e000 	C:\windows\System32\SHCORE.dll
0x00007ffef50f0000 - 0x00007ffef5145000 	C:\windows\System32\shlwapi.dll
0x00007ffef2a50000 - 0x00007ffef2a6f000 	C:\windows\SYSTEM32\profapi.dll
0x00007ffee9ad0000 - 0x00007ffee9ad9000 	C:\Users\aeite\Documents\GitHub\neural_signal_2020\processing-3.5.4\java\bin\dt_socket.dll
0x00007ffef2210000 - 0x00007ffef227a000 	C:\windows\system32\mswsock.dll
0x00007ffe905b0000 - 0x00007ffe90749000 	C:\Users\aeite\Documents\GitHub\neural_signal_2020\processing-3.5.4\java\bin\awt.dll
0x00007ffef4ba0000 - 0x00007ffef4c6d000 	C:\windows\System32\OLEAUT32.dll
0x00007ffeefe70000 - 0x00007ffeeff00000 	C:\windows\SYSTEM32\apphelp.dll
0x00007ffef0030000 - 0x00007ffef00ce000 	C:\windows\system32\uxtheme.dll
0x00007ffef4e80000 - 0x00007ffef4f95000 	C:\windows\System32\MSCTF.dll
0x00007ffef4ca0000 - 0x00007ffef4dca000 	C:\windows\System32\ole32.dll
0x00007ffef13d0000 - 0x00007ffef13e2000 	C:\windows\SYSTEM32\kernel.appcore.dll
0x00007ffef3140000 - 0x00007ffef31c3000 	C:\windows\System32\bcryptPrimitives.dll
0x0000000071100000 - 0x0000000071125000 	C:\Users\aeite\Documents\GitHub\neural_signal_2020\processing-3.5.4\modes\java\libraries\serial\library\windows64\jSSC-2.8.dll
0x00007ffef0220000 - 0x00007ffef024f000 	C:\windows\system32\DWMAPI.DLL
0x00007ffecb0f0000 - 0x00007ffecb215000 	C:\windows\system32\opengl32.dll
0x00007ffeccb90000 - 0x00007ffeccbbc000 	C:\windows\SYSTEM32\GLU32.dll
0x00007ffef23f0000 - 0x00007ffef2408000 	C:\windows\SYSTEM32\CRYPTSP.dll
0x00007ffef1bb0000 - 0x00007ffef1be4000 	C:\windows\system32\rsaenh.dll
0x00007ffef2b10000 - 0x00007ffef2b37000 	C:\windows\System32\bcrypt.dll
0x00007ffef29d0000 - 0x00007ffef29fe000 	C:\windows\SYSTEM32\USERENV.dll
0x00007ffef2410000 - 0x00007ffef241c000 	C:\windows\SYSTEM32\CRYPTBASE.dll
0x00007ffed0440000 - 0x00007ffed045a000 	C:\Users\aeite\Documents\GitHub\neural_signal_2020\processing-3.5.4\java\bin\net.dll
0x00007ffee3030000 - 0x00007ffee321c000 	C:\windows\SYSTEM32\urlmon.dll
0x00007ffee0350000 - 0x00007ffee0600000 	C:\windows\SYSTEM32\iertutil.dll
0x00007ffef1f00000 - 0x00007ffef1f3b000 	C:\windows\SYSTEM32\IPHLPAPI.DLL
0x00007ffef4140000 - 0x00007ffef4148000 	C:\windows\System32\NSI.dll
0x00007ffef10d0000 - 0x00007ffef10e7000 	C:\windows\SYSTEM32\dhcpcsvc6.DLL
0x00007ffef10b0000 - 0x00007ffef10cd000 	C:\windows\SYSTEM32\dhcpcsvc.DLL
0x00007ffef1f40000 - 0x00007ffef200c000 	C:\windows\SYSTEM32\DNSAPI.dll
0x00007ffed03d0000 - 0x00007ffed03e2000 	C:\Users\aeite\Documents\GitHub\neural_signal_2020\processing-3.5.4\java\bin\nio.dll
0x00000000637c0000 - 0x00000000637cd000 	C:\Users\aeite\AppData\Local\Temp\jogamp_0000\file_cache\jln8948528860489896720\jln6789366465351619349\natives\windows-amd64\gluegen-rt.dll
0x00007ffee4870000 - 0x00007ffee4877000 	C:\Users\aeite\Documents\GitHub\neural_signal_2020\processing-3.5.4\java\bin\jawt.dll
0x000000006a440000 - 0x000000006a44d000 	C:\Users\aeite\AppData\Local\Temp\jogamp_0000\file_cache\jln8948528860489896720\jln6789366465351619349\natives\windows-amd64\nativewindow_awt.dll
0x000000006c100000 - 0x000000006c10f000 	C:\Users\aeite\AppData\Local\Temp\jogamp_0000\file_cache\jln8948528860489896720\jln6789366465351619349\natives\windows-amd64\nativewindow_win32.dll
0x000000006cbc0000 - 0x000000006cbd3000 	C:\Users\aeite\AppData\Local\Temp\jogamp_0000\file_cache\jln8948528860489896720\jln6789366465351619349\natives\windows-amd64\newt.dll
0x00007ffeed840000 - 0x00007ffeed8ee000 	C:\windows\SYSTEM32\mscms.dll
0x00007ffeed6f0000 - 0x00007ffeed701000 	C:\windows\SYSTEM32\ColorAdapterClient.dll
0x00007ffee4820000 - 0x00007ffee4863000 	C:\windows\SYSTEM32\icm32.dll
0x00007ffef3cd0000 - 0x00007ffef4139000 	C:\windows\System32\setupapi.dll
0x00007ffef2e10000 - 0x00007ffef2e5e000 	C:\windows\System32\cfgmgr32.dll
0x00007ffef2850000 - 0x00007ffef287c000 	C:\windows\SYSTEM32\DEVOBJ.dll
0x00007ffef3040000 - 0x00007ffef30a0000 	C:\windows\System32\WINTRUST.dll
0x00007ffef32e0000 - 0x00007ffef343f000 	C:\windows\System32\CRYPT32.dll
0x00007ffef2630000 - 0x00007ffef2642000 	C:\windows\SYSTEM32\MSASN1.dll
0x0000000064500000 - 0x00000000645b1000 	C:\Users\aeite\AppData\Local\Temp\jogamp_0000\file_cache\jln8948528860489896720\jln6789366465351619349\natives\windows-amd64\jogl_desktop.dll
0x0000000064340000 - 0x00000000643a2000 	C:\Users\aeite\AppData\Local\Temp\jogamp_0000\file_cache\jln8948528860489896720\jln6789366465351619349\natives\windows-amd64\jogl_mobile.dll
0x00007ffef34f0000 - 0x00007ffef3599000 	C:\windows\System32\clbcatq.dll
0x00007ffeeaa70000 - 0x00007ffeeab69000 	C:\Windows\System32\AppXDeploymentClient.dll
0x00007ffe7d310000 - 0x00007ffe7e257000 	C:\windows\System32\DriverStore\FileRepository\iigd_dch.inf_amd64_ada2367baaae74c0\ig11icd64.dll
0x00007ffef1440000 - 0x00007ffef1534000 	C:\windows\system32\dxgi.dll
0x00007ffed6140000 - 0x00007ffed617b000 	C:\windows\SYSTEM32\dxcore.dll
0x00007ffedac50000 - 0x00007ffedadf4000 	C:\windows\System32\DriverStore\FileRepository\iigd_dch.inf_amd64_ada2367baaae74c0\igdgmm64.dll
0x00007ffed8130000 - 0x00007ffeda579000 	C:\windows\System32\DriverStore\FileRepository\iigd_dch.inf_amd64_ada2367baaae74c0\igc64.dll
0x00007ffef2980000 - 0x00007ffef29cb000 	C:\windows\SYSTEM32\powrprof.dll
0x00007ffef2960000 - 0x00007ffef2972000 	C:\windows\SYSTEM32\UMPDC.dll
0x00007ffedf500000 - 0x00007ffedf5f9000 	C:\windows\SYSTEM32\textinputframework.dll
0x00007ffeef560000 - 0x00007ffeef8be000 	C:\windows\System32\CoreUIComponents.dll
0x00007ffeefc40000 - 0x00007ffeefd32000 	C:\windows\System32\CoreMessaging.dll
0x00007ffef1840000 - 0x00007ffef1873000 	C:\windows\SYSTEM32\ntmarta.dll
0x00007ffeee580000 - 0x00007ffeee6d4000 	C:\windows\SYSTEM32\wintypes.dll
0x00007ffec8530000 - 0x00007ffec8577000 	C:\Users\aeite\Documents\GitHub\neural_signal_2020\processing-3.5.4\java\bin\fontmanager.dll
0x00007ffebe2d0000 - 0x00007ffebe312000 	C:\Users\aeite\Documents\GitHub\neural_signal_2020\processing-3.5.4\java\bin\t2k.dll
0x00007ffee4710000 - 0x00007ffee4741000 	C:\Users\aeite\Documents\GitHub\neural_signal_2020\processing-3.5.4\java\bin\jpeg.dll
0x00007ffec7be0000 - 0x00007ffec7c22000 	C:\Users\aeite\AppData\Local\Temp\jna-92695030\jna3169506477014435540.dll
0x00007ffec0780000 - 0x00007ffec0966000 	C:\Users\aeite\AppData\Local\Temp\jna-92695030\jna7021221455831013573.dll
0x0000000075900000 - 0x00000000759d3000 	C:\windows\WinSxS\amd64_microsoft.vc90.crt_1fc8b3b9a1e18e3b_9.0.30729.9625_none_08e1c10da83fbc83\MSVCP90.dll
0x00000000759e0000 - 0x0000000075a83000 	C:\windows\WinSxS\amd64_microsoft.vc90.crt_1fc8b3b9a1e18e3b_9.0.30729.9625_none_08e1c10da83fbc83\MSVCR90.dll
0x00007ffee4260000 - 0x00007ffee4277000 	C:\windows\system32\napinsp.dll
0x00007ffee9ae0000 - 0x00007ffee9afb000 	C:\windows\system32\pnrpnsp.dll
0x00007ffeedaf0000 - 0x00007ffeedb05000 	C:\windows\system32\wshbth.dll
0x00007ffeeb9d0000 - 0x00007ffeeb9ed000 	C:\windows\system32\NLAapi.dll
0x00007ffee9e30000 - 0x00007ffee9e42000 	C:\windows\System32\winrnr.dll
0x00007ffef11b0000 - 0x00007ffef1394000 	C:\windows\SYSTEM32\dbghelp.dll

VM Arguments:
jvm_args: -agentlib:jdwp=transport=dt_socket,address=8031,server=y,suspend=y,quiet=y -Xms64m -Xmx500m -Djna.nosys=true -Djava.ext.dirs=C:\Users\aeite\Documents\GitHub\neural_signal_2020\processing-3.5.4\java\lib\ext -Djava.library.path=C:\Program Files\processing-3.5.4\OpenBCI_GUI_feedback\OpenBCI_GUI\code;C:\Users\aeite\Documents\GitHub\neural_signal_2020\processing-3.5.4\core\library;C:\Program Files\processing-3.5.4\libraries\minim\library;C:\Users\aeite\Documents\GitHub\neural_signal_2020\processing-3.5.4\modes\java\libraries\serial\library\windows64;C:\Users\aeite\Documents\GitHub\neural_signal_2020\processing-3.5.4\modes\java\libraries\net\library;C:\Program Files\processing-3.5.4\libraries\grafica\library;C:\Program Files\processing-3.5.4\libraries\GifAnimation\library;C:\Program Files\processing-3.5.4\libraries\oscP5\library;C:\Program Files\processing-3.5.4\libraries\udp\library;C:\Program Files\processing-3.5.4\libraries\LSLLink\library;C:\Program Files\processing-3.5.4\libraries\controlP5\library;C:\Users\aeite\Documents\GitHub\neural_signal_2020\processing-3.5.4\java\bin;C:\windows\system32;C:\windows;C:\windows\system32;C:\windows;C:\windows\System32\Wbem;C:\windows\System32\WindowsPowerShell\v1.0;C:\windows\System32\OpenSSH;C:\Program Files\MATLAB\R2019b\bin;C:\Program Files\PuTTY;C:\Users\aeite\AppData\Local\Microsoft\WindowsApps;C:\Users\aeite\AppData\Local\Programs\Microsoft VS Code\bin;C:\Users\aeite\AppData\Local\GitHubDesktop\bin;C:\Users\aeite\Documents\GitHub\neural_signal_2020\processing-3.5.4\java\bin;. -ea 
java_command: processing.core.PApplet --display=1 --sketch-path=C:\Program Files\processing-3.5.4\OpenBCI_GUI_feedback\OpenBCI_GUI OpenBCI_GUI
java_class_path (initial): C:\Users\aeite\AppData\Local\Temp\OpenBCI_GUI2244841990093296630temp;;C:\Program Files\processing-3.5.4\OpenBCI_GUI_feedback\OpenBCI_GUI\code\LSLLink.jar;C:\Users\aeite\Documents\GitHub\neural_signal_2020\processing-3.5.4\core\library\core.jar;C:\Users\aeite\Documents\GitHub\neural_signal_2020\processing-3.5.4\core\library\gluegen-rt-natives-linux-aarch64.jar;C:\Users\aeite\Documents\GitHub\neural_signal_2020\processing-3.5.4\core\library\gluegen-rt-natives-linux-amd64.jar;C:\Users\aeite\Documents\GitHub\neural_signal_2020\processing-3.5.4\core\library\gluegen-rt-natives-linux-armv6hf.jar;C:\Users\aeite\Documents\GitHub\neural_signal_2020\processing-3.5.4\core\library\gluegen-rt-natives-linux-i586.jar;C:\Users\aeite\Documents\GitHub\neural_signal_2020\processing-3.5.4\core\library\gluegen-rt-natives-macosx-universal.jar;C:\Users\aeite\Documents\GitHub\neural_signal_2020\processing-3.5.4\core\library\gluegen-rt-natives-windows-amd64.jar;C:\Users\aeite\Documents\GitHub\neural_signal_2020\processing-3.5.4\core\library\gluegen-rt-natives-windows-i586.jar;C:\Users\aeite\Documents\GitHub\neural_signal_2020\processing-3.5.4\core\library\gluegen-rt.jar;C:\Users\aeite\Documents\GitHub\neural_signal_2020\processing-3.5.4\core\library\jogl-all-natives-linux-aarch64.jar;C:\Users\aeite\Documents\GitHub\neural_signal_2020\processing-3.5.4\core\library\jogl-all-natives-linux-amd64.jar;C:\Users\aeite\Documents\GitHub\neural_signal_2020\processing-3.5.4\core\library\jogl-all-natives-linux-armv6hf.jar;C:\Users\aeite\Documents\GitHub\neural_signal_2020\processing-3.5.4\core\library\jogl-all-natives-linux-i586.jar;C:\Users\aeite\Documents\GitHub\neural_signal_2020\processing-3.5.4\core\library\jogl-all-natives-macosx-universal.jar;C:\Users\aeite\Documents\GitHub\neural_signal_2020\processing-3.5.4\core\library\jogl-all-natives-windows-amd64.jar;C:\Users\aeite\Documents\GitHub\neural_signal_2020\processing-3.5.4\core\library\jogl-all-natives-windows-i586.jar
Launcher Type: SUN_STANDARD

Environment Variables:
PATH=C:\windows\system32;C:\windows;C:\windows\System32\Wbem;C:\windows\System32\WindowsPowerShell\v1.0\;C:\windows\System32\OpenSSH\;C:\Program Files\MATLAB\R2019b\bin;C:\Program Files\PuTTY\;C:\Users\aeite\AppData\Local\Microsoft\WindowsApps;C:\Users\aeite\AppData\Local\Programs\Microsoft VS Code\bin;C:\Users\aeite\AppData\Local\GitHubDesktop\bin;C:\Users\aeite\Documents\GitHub\neural_signal_2020\processing-3.5.4\java\bin
USERNAME=aeite
OS=Windows_NT
PROCESSOR_IDENTIFIER=Intel64 Family 6 Model 126 Stepping 5, GenuineIntel



---------------  S Y S T E M  ---------------

OS: Windows 10.0 , 64 bit Build 19041 (10.0.19041.1023)

CPU:total 8 (initial active 8) (4 cores per cpu, 2 threads per core) family 6 model 126 stepping 5, cmov, cx8, fxsr, mmx, sse, sse2, sse3, ssse3, sse4.1, sse4.2, popcnt, avx, avx2, aes, clmul, erms, 3dnowpref, lzcnt, ht, tsc, tscinvbit, bmi1, bmi2, adx

Memory: 4k page, physical 8070036k(1840248k free), swap 20128660k(9173700k free)

vm_info: Java HotSpot(TM) 64-Bit Server VM (25.202-b08) for windows-amd64 JRE (1.8.0_202-b08), built on Dec 15 2018 19:54:30 by "java_re" with MS VC++ 10.0 (VS2010)

time: Wed Jul 14 16:51:05 2021
timezone: Mountain Daylight Time
elapsed time: 87 seconds (0d 0h 1m 27s)

