#
# A fatal error has been detected by the Java Runtime Environment:
#
#  EXCEPTION_ACCESS_VIOLATION (0xc0000005) at pc=0x00007ffb5a4015e5, pid=8564, tid=0x00000000000042a4
#
# JRE version: Java(TM) SE Runtime Environment (8.0_202-b08) (build 1.8.0_202-b08)
# Java VM: Java HotSpot(TM) 64-Bit Server VM (25.202-b08 mixed mode windows-amd64 compressed oops)
# Problematic frame:
# C  [ig11icd64.dll+0x415e5]
#
# Failed to write core dump. Minidumps are not enabled by default on client versions of Windows
#
# If you would like to submit a bug report, please visit:
#   http://bugreport.java.com/bugreport/crash.jsp
# The crash happened outside the Java Virtual Machine in native code.
# See problematic frame for where to report the bug.
#

---------------  T H R E A D  ---------------

Current thread (0x0000000016264800):  JavaThread "JDWP Transport Listener: dt_socket" daemon [_thread_in_native, id=17060, stack(0x0000000016b30000,0x0000000016c30000)]

siginfo: ExceptionCode=0xc0000005, reading address 0x0000000000034868

Registers:
RAX=0x000000002d02d0b8, RBX=0x000000002d02cf80, RCX=0x0000000000000000, RDX=0x000000002d02d048
RSP=0x0000000016c2e710, RBP=0x0000000000000000, RSI=0x000000002cf10670, RDI=0x000000001ede0ac0
R8 =0x0000000000000000, R9 =0x0000000000000000, R10=0x0000000000000000, R11=0x0000000000000246
R12=0x000000001f73c800, R13=0x0000000000000000, R14=0x000000002d02d410, R15=0x0000000000000000
RIP=0x00007ffb5a4015e5, EFLAGS=0x0000000000010206

Top of Stack: (sp=0x0000000016c2e710)
0x0000000016c2e710:   0000000000000000 0000000000000000
0x0000000016c2e720:   00007592d96ac935 0000005400000000
0x0000000016c2e730:   00000000000000a8 0000000000000000
0x0000000016c2e740:   00000000003171a1 000000001f73c8c0
0x0000000016c2e750:   0000b802041200a8 00007ffb5a3e4a56
0x0000000016c2e760:   0000000000d5b4f0 000000001ede0ac0
0x0000000016c2e770:   0000000016c2e860 0000000000000000
0x0000000016c2e780:   0000000000000000 0000000000000000
0x0000000016c2e790:   0000000000bf9000 00007ffba2819398
0x0000000016c2e7a0:   0000000016c2e9e0 0000000000000000
0x0000000016c2e7b0:   0000000000000000 0000000016c2ea70
0x0000000016c2e7c0:   0000000016c2e8d0 00007ffba956c3c8
0x0000000016c2e7d0:   0000000016c2e990 0000000016c2ec00
0x0000000016c2e7e0:   0000000000000000 0000000016c2e820
0x0000000016c2e7f0:   0000000016c2e850 0000000000cb0150
0x0000000016c2e800:   0000b802041200a8 00000000000001bc 

Instructions: (pc=0x00007ffb5a4015e5)
0x00007ffb5a4015c5:   1d 8b c1 83 e0 0f 48 6b c0 38 48 03 c2 48 85 c0
0x00007ffb5a4015d5:   74 0c 48 8b 48 08 eb 08 48 83 c0 08 eb ef 33 c9
0x00007ffb5a4015e5:   48 3b 8d 68 48 03 00 76 6b 48 8b 87 80 02 00 00
0x00007ffb5a4015f5:   49 89 06 48 89 9f 80 02 00 00 ff 87 88 02 00 00 


Register to memory mapping:

RAX=0x000000002d02d0b8 is an unknown value
RBX=0x000000002d02cf80 is an unknown value
RCX=0x0000000000000000 is an unknown value
RDX=0x000000002d02d048 is an unknown value
RSP=0x0000000016c2e710 is pointing into the stack for thread: 0x0000000016264800
RBP=0x0000000000000000 is an unknown value
RSI=0x000000002cf10670 is an unknown value
RDI=0x000000001ede0ac0 is an unknown value
R8 =0x0000000000000000 is an unknown value
R9 =0x0000000000000000 is an unknown value
R10=0x0000000000000000 is an unknown value
R11=0x0000000000000246 is an unknown value
R12=0x000000001f73c800 is an unknown value
R13=0x0000000000000000 is an unknown value
R14=0x000000002d02d410 is an unknown value
R15=0x0000000000000000 is an unknown value


Stack: [0x0000000016b30000,0x0000000016c30000],  sp=0x0000000016c2e710,  free space=1017k
Native frames: (J=compiled Java code, j=interpreted, Vv=VM code, C=native code)


---------------  P R O C E S S  ---------------

Java Threads: ( => current thread )
  0x0000000018807000 JavaThread "main-FPSAWTAnimator#00-Timer0-FPSAWTAnimator#00-Timer1-FPSAWTAnimator#00-Timer2" [_thread_in_native, id=20164, stack(0x0000000019dc0000,0x0000000019ec0000)]
  0x0000000018808800 JavaThread "Thread-13" daemon [_thread_in_native, id=6116, stack(0x000000001a090000,0x000000001a190000)]
  0x0000000018804000 JavaThread "Thread-12" [_thread_blocked, id=9560, stack(0x0000000027a60000,0x0000000027b60000)]
  0x0000000018803800 JavaThread "Thread-11" [_thread_blocked, id=12424, stack(0x0000000026930000,0x0000000026a30000)]
  0x0000000002b54000 JavaThread "DestroyJavaVM" [_thread_blocked, id=10700, stack(0x0000000002a50000,0x0000000002b50000)]
  0x00000000186cf000 JavaThread "Thread-5" [_thread_blocked, id=5688, stack(0x0000000020f00000,0x0000000021000000)]
  0x00000000185a9800 JavaThread "HighResTimerThread" daemon [_thread_blocked, id=11448, stack(0x0000000020e00000,0x0000000020f00000)]
  0x0000000017b25800 JavaThread "main-SharedResourceRunner" daemon [_thread_blocked, id=20256, stack(0x000000001a9b0000,0x000000001aab0000)]
  0x0000000017b65800 JavaThread "main-Display-.windows_nil-1-EDT-1" daemon [_thread_blocked, id=16720, stack(0x000000001a4b0000,0x000000001a5b0000)]
  0x000000001784f800 JavaThread "Timer-0" daemon [_thread_blocked, id=16916, stack(0x0000000018160000,0x0000000018260000)]
  0x000000001768b800 JavaThread "AWT-Windows" daemon [_thread_in_native, id=10284, stack(0x0000000017f70000,0x0000000018070000)]
  0x0000000017684000 JavaThread "Java2D Disposer" daemon [_thread_blocked, id=20088, stack(0x0000000017d70000,0x0000000017e70000)]
  0x0000000016317800 JavaThread "Service Thread" daemon [_thread_blocked, id=19084, stack(0x0000000017230000,0x0000000017330000)]
  0x000000001628a800 JavaThread "C1 CompilerThread3" daemon [_thread_blocked, id=17596, stack(0x0000000017130000,0x0000000017230000)]
  0x000000001628a000 JavaThread "C2 CompilerThread2" daemon [_thread_blocked, id=17972, stack(0x0000000017030000,0x0000000017130000)]
  0x0000000016289000 JavaThread "C2 CompilerThread1" daemon [_thread_blocked, id=16288, stack(0x0000000016f30000,0x0000000017030000)]
  0x0000000016283800 JavaThread "C2 CompilerThread0" daemon [_thread_blocked, id=4400, stack(0x0000000016e30000,0x0000000016f30000)]
  0x0000000016270800 JavaThread "JDWP Event Helper Thread" daemon [_thread_blocked, id=19640, stack(0x0000000016c30000,0x0000000016d30000)]
=>0x0000000016264800 JavaThread "JDWP Transport Listener: dt_socket" daemon [_thread_in_native, id=17060, stack(0x0000000016b30000,0x0000000016c30000)]
  0x000000001625a800 JavaThread "Attach Listener" daemon [_thread_blocked, id=19960, stack(0x0000000016a30000,0x0000000016b30000)]
  0x0000000016259800 JavaThread "Signal Dispatcher" daemon [_thread_blocked, id=15388, stack(0x0000000016930000,0x0000000016a30000)]
  0x0000000016251800 JavaThread "Finalizer" daemon [_thread_blocked, id=3660, stack(0x0000000016730000,0x0000000016830000)]
  0x0000000016250800 JavaThread "Reference Handler" daemon [_thread_blocked, id=7776, stack(0x0000000016630000,0x0000000016730000)]

Other Threads:
  0x0000000014449800 VMThread [stack: 0x0000000016130000,0x0000000016230000] [id=18760]
  0x0000000016325000 WatcherThread [stack: 0x0000000017330000,0x0000000017430000] [id=13656]

VM state:not at safepoint (normal execution)

VM Mutex/Monitor currently owned by a thread: None

heap address: 0x00000000e0c00000, size: 500 MB, Compressed Oops mode: 32-bit
Narrow klass base: 0x0000000000000000, Narrow klass shift: 3
Compressed class space size: 1073741824 Address: 0x0000000100000000

Heap:
 PSYoungGen      total 117248K, used 74534K [0x00000000f5980000, 0x00000000ff500000, 0x0000000100000000)
  eden space 77824K, 63% used [0x00000000f5980000,0x00000000f89c4830,0x00000000fa580000)
  from space 39424K, 63% used [0x00000000fa580000,0x00000000fbe05170,0x00000000fcc00000)
  to   space 39424K, 0% used [0x00000000fce80000,0x00000000fce80000,0x00000000ff500000)
 ParOldGen       total 95744K, used 44029K [0x00000000e0c00000, 0x00000000e6980000, 0x00000000f5980000)
  object space 95744K, 45% used [0x00000000e0c00000,0x00000000e36ff4b0,0x00000000e6980000)
 Metaspace       used 24009K, capacity 24232K, committed 24448K, reserved 1071104K
  class space    used 2038K, capacity 2108K, committed 2176K, reserved 1048576K

Card table byte_map: [0x0000000012010000,0x0000000012110000] byte_map_base: 0x000000001190a000

Marking Bits: (ParMarkBitMap*) 0x000000006ba05ce0
 Begin Bits: [0x00000000129c0000, 0x0000000013190000)
 End Bits:   [0x0000000013190000, 0x0000000013960000)

Polling page: 0x0000000000ca0000

CodeCache: size=245760Kb used=14441Kb max_used=14870Kb free=231318Kb
 bounds [0x0000000002c50000, 0x0000000003b40000, 0x0000000011c50000]
 total_blobs=4377 nmethods=3388 adapters=909
 compilation: enabled

Compilation events (10 events):
Event: 63.230 Thread 0x000000001628a000 4215       4       java.net.SocketInputStream::read (15 bytes)
Event: 63.231 Thread 0x000000001628a000 nmethod 4215 0x00000000033d7e50 code [0x00000000033d7fa0, 0x00000000033d80c8]
Event: 63.306 Thread 0x0000000016283800 4216   !   4       sun.reflect.GeneratedMethodAccessor5::invoke (66 bytes)
Event: 63.308 Thread 0x0000000016283800 nmethod 4216 0x00000000032ce310 code [0x00000000032ce460, 0x00000000032ce5e8]
Event: 63.425 Thread 0x0000000016289000 4217       4       java.text.DecimalFormat::subformat (1238 bytes)
Event: 63.487 Thread 0x0000000016289000 nmethod 4217 0x00000000030be590 code [0x00000000030be780, 0x00000000030c2358]
Event: 63.545 Thread 0x000000001628a000 4218       4       java.util.GregorianCalendar::getWeekNumber (89 bytes)
Event: 63.548 Thread 0x000000001628a000 nmethod 4218 0x0000000002ea0e90 code [0x0000000002ea0fc0, 0x0000000002ea1158]
Event: 63.875 Thread 0x0000000016283800 4219   !   4       java.net.AbstractPlainSocketImpl::isConnectionReset (31 bytes)
Event: 63.878 Thread 0x0000000016283800 nmethod 4219 0x000000000337bd10 code [0x000000000337be60, 0x000000000337c118]

GC Heap History (10 events):
Event: 42.292 GC heap before
{Heap before GC invocations=17 (full 2):
 PSYoungGen      total 105472K, used 93549K [0x00000000f5980000, 0x00000000fe600000, 0x0000000100000000)
  eden space 69120K, 100% used [0x00000000f5980000,0x00000000f9d00000,0x00000000f9d00000)
  from space 36352K, 67% used [0x00000000fc280000,0x00000000fda5b620,0x00000000fe600000)
  to   space 37376K, 0% used [0x00000000f9d00000,0x00000000f9d00000,0x00000000fc180000)
 ParOldGen       total 95744K, used 43989K [0x00000000e0c00000, 0x00000000e6980000, 0x00000000f5980000)
  object space 95744K, 45% used [0x00000000e0c00000,0x00000000e36f54b0,0x00000000e6980000)
 Metaspace       used 23910K, capacity 24104K, committed 24448K, reserved 1071104K
  class space    used 2037K, capacity 2108K, committed 2176K, reserved 1048576K
Event: 42.302 GC heap after
Heap after GC invocations=17 (full 2):
 PSYoungGen      total 106496K, used 25028K [0x00000000f5980000, 0x00000000fee80000, 0x0000000100000000)
  eden space 69120K, 0% used [0x00000000f5980000,0x00000000f5980000,0x00000000f9d00000)
  from space 37376K, 66% used [0x00000000f9d00000,0x00000000fb5711d0,0x00000000fc180000)
  to   space 38400K, 0% used [0x00000000fc900000,0x00000000fc900000,0x00000000fee80000)
 ParOldGen       total 95744K, used 43997K [0x00000000e0c00000, 0x00000000e6980000, 0x00000000f5980000)
  object space 95744K, 45% used [0x00000000e0c00000,0x00000000e36f74b0,0x00000000e6980000)
 Metaspace       used 23910K, capacity 24104K, committed 24448K, reserved 1071104K
  class space    used 2037K, capacity 2108K, committed 2176K, reserved 1048576K
}
Event: 46.114 GC heap before
{Heap before GC invocations=18 (full 2):
 PSYoungGen      total 106496K, used 94148K [0x00000000f5980000, 0x00000000fee80000, 0x0000000100000000)
  eden space 69120K, 100% used [0x00000000f5980000,0x00000000f9d00000,0x00000000f9d00000)
  from space 37376K, 66% used [0x00000000f9d00000,0x00000000fb5711d0,0x00000000fc180000)
  to   space 38400K, 0% used [0x00000000fc900000,0x00000000fc900000,0x00000000fee80000)
 ParOldGen       total 95744K, used 43997K [0x00000000e0c00000, 0x00000000e6980000, 0x00000000f5980000)
  object space 95744K, 45% used [0x00000000e0c00000,0x00000000e36f74b0,0x00000000e6980000)
 Metaspace       used 23972K, capacity 24168K, committed 24448K, reserved 1071104K
  class space    used 2037K, capacity 2108K, committed 2176K, reserved 1048576K
Event: 46.122 GC heap after
Heap after GC invocations=18 (full 2):
 PSYoungGen      total 113152K, used 24787K [0x00000000f5980000, 0x00000000fee80000, 0x0000000100000000)
  eden space 74752K, 0% used [0x00000000f5980000,0x00000000f5980000,0x00000000fa280000)
  from space 38400K, 64% used [0x00000000fc900000,0x00000000fe134da8,0x00000000fee80000)
  to   space 38912K, 0% used [0x00000000fa280000,0x00000000fa280000,0x00000000fc880000)
 ParOldGen       total 95744K, used 44005K [0x00000000e0c00000, 0x00000000e6980000, 0x00000000f5980000)
  object space 95744K, 45% used [0x00000000e0c00000,0x00000000e36f94b0,0x00000000e6980000)
 Metaspace       used 23972K, capacity 24168K, committed 24448K, reserved 1071104K
  class space    used 2037K, capacity 2108K, committed 2176K, reserved 1048576K
}
Event: 51.076 GC heap before
{Heap before GC invocations=19 (full 2):
 PSYoungGen      total 113152K, used 99539K [0x00000000f5980000, 0x00000000fee80000, 0x0000000100000000)
  eden space 74752K, 100% used [0x00000000f5980000,0x00000000fa280000,0x00000000fa280000)
  from space 38400K, 64% used [0x00000000fc900000,0x00000000fe134da8,0x00000000fee80000)
  to   space 38912K, 0% used [0x00000000fa280000,0x00000000fa280000,0x00000000fc880000)
 ParOldGen       total 95744K, used 44005K [0x00000000e0c00000, 0x00000000e6980000, 0x00000000f5980000)
  object space 95744K, 45% used [0x00000000e0c00000,0x00000000e36f94b0,0x00000000e6980000)
 Metaspace       used 23982K, capacity 24168K, committed 24448K, reserved 1071104K
  class space    used 2037K, capacity 2108K, committed 2176K, reserved 1048576K
Event: 51.085 GC heap after
Heap after GC invocations=19 (full 2):
 PSYoungGen      total 113664K, used 24875K [0x00000000f5980000, 0x00000000ff200000, 0x0000000100000000)
  eden space 74752K, 0% used [0x00000000f5980000,0x00000000f5980000,0x00000000fa280000)
  from space 38912K, 63% used [0x00000000fa280000,0x00000000fbacac68,0x00000000fc880000)
  to   space 38912K, 0% used [0x00000000fcc00000,0x00000000fcc00000,0x00000000ff200000)
 ParOldGen       total 95744K, used 44013K [0x00000000e0c00000, 0x00000000e6980000, 0x00000000f5980000)
  object space 95744K, 45% used [0x00000000e0c00000,0x00000000e36fb4b0,0x00000000e6980000)
 Metaspace       used 23982K, capacity 24168K, committed 24448K, reserved 1071104K
  class space    used 2037K, capacity 2108K, committed 2176K, reserved 1048576K
}
Event: 56.030 GC heap before
{Heap before GC invocations=20 (full 2):
 PSYoungGen      total 113664K, used 99627K [0x00000000f5980000, 0x00000000ff200000, 0x0000000100000000)
  eden space 74752K, 100% used [0x00000000f5980000,0x00000000fa280000,0x00000000fa280000)
  from space 38912K, 63% used [0x00000000fa280000,0x00000000fbacac68,0x00000000fc880000)
  to   space 38912K, 0% used [0x00000000fcc00000,0x00000000fcc00000,0x00000000ff200000)
 ParOldGen       total 95744K, used 44013K [0x00000000e0c00000, 0x00000000e6980000, 0x00000000f5980000)
  object space 95744K, 45% used [0x00000000e0c00000,0x00000000e36fb4b0,0x00000000e6980000)
 Metaspace       used 23984K, capacity 24168K, committed 24448K, reserved 1071104K
  class space    used 2038K, capacity 2108K, committed 2176K, reserved 1048576K
Event: 56.039 GC heap after
Heap after GC invocations=20 (full 2):
 PSYoungGen      total 116736K, used 25039K [0x00000000f5980000, 0x00000000ff280000, 0x0000000100000000)
  eden space 77824K, 0% used [0x00000000f5980000,0x00000000f5980000,0x00000000fa580000)
  from space 38912K, 64% used [0x00000000fcc00000,0x00000000fe473db8,0x00000000ff200000)
  to   space 39424K, 0% used [0x00000000fa580000,0x00000000fa580000,0x00000000fcc00000)
 ParOldGen       total 95744K, used 44021K [0x00000000e0c00000, 0x00000000e6980000, 0x00000000f5980000)
  object space 95744K, 45% used [0x00000000e0c00000,0x00000000e36fd4b0,0x00000000e6980000)
 Metaspace       used 23984K, capacity 24168K, committed 24448K, reserved 1071104K
  class space    used 2038K, capacity 2108K, committed 2176K, reserved 1048576K
}
Event: 61.216 GC heap before
{Heap before GC invocations=21 (full 2):
 PSYoungGen      total 116736K, used 102863K [0x00000000f5980000, 0x00000000ff280000, 0x0000000100000000)
  eden space 77824K, 100% used [0x00000000f5980000,0x00000000fa580000,0x00000000fa580000)
  from space 38912K, 64% used [0x00000000fcc00000,0x00000000fe473db8,0x00000000ff200000)
  to   space 39424K, 0% used [0x00000000fa580000,0x00000000fa580000,0x00000000fcc00000)
 ParOldGen       total 95744K, used 44021K [0x00000000e0c00000, 0x00000000e6980000, 0x00000000f5980000)
  object space 95744K, 45% used [0x00000000e0c00000,0x00000000e36fd4b0,0x00000000e6980000)
 Metaspace       used 23984K, capacity 24168K, committed 24448K, reserved 1071104K
  class space    used 2038K, capacity 2108K, committed 2176K, reserved 1048576K
Event: 61.224 GC heap after
Heap after GC invocations=21 (full 2):
 PSYoungGen      total 117248K, used 25108K [0x00000000f5980000, 0x00000000ff500000, 0x0000000100000000)
  eden space 77824K, 0% used [0x00000000f5980000,0x00000000f5980000,0x00000000fa580000)
  from space 39424K, 63% used [0x00000000fa580000,0x00000000fbe05170,0x00000000fcc00000)
  to   space 39424K, 0% used [0x00000000fce80000,0x00000000fce80000,0x00000000ff500000)
 ParOldGen       total 95744K, used 44029K [0x00000000e0c00000, 0x00000000e6980000, 0x00000000f5980000)
  object space 95744K, 45% used [0x00000000e0c00000,0x00000000e36ff4b0,0x00000000e6980000)
 Metaspace       used 23984K, capacity 24168K, committed 24448K, reserved 1071104K
  class space    used 2038K, capacity 2108K, committed 2176K, reserved 1048576K
}

Deoptimization events (10 events):
Event: 46.577 Thread 0x0000000018807000 Uncommon trap: reason=speculate_class_check action=maybe_recompile pc=0x0000000003ac3944 method=com.jogamp.common.nio.Buffers.getDirectBufferByteOffset(Ljava/lang/Object;)I @ 42
Event: 47.854 Thread 0x0000000018807000 Uncommon trap: reason=speculate_class_check action=maybe_recompile pc=0x0000000003a86168 method=com.jogamp.common.nio.Buffers.getDirectBufferByteOffset(Ljava/lang/Object;)I @ 53
Event: 47.901 Thread 0x0000000018807000 Uncommon trap: reason=speculate_class_check action=maybe_recompile pc=0x0000000003a86168 method=com.jogamp.common.nio.Buffers.getDirectBufferByteOffset(Ljava/lang/Object;)I @ 53
Event: 53.730 Thread 0x0000000018807000 Uncommon trap: reason=speculate_class_check action=maybe_recompile pc=0x000000000310fac4 method=com.jogamp.common.nio.Buffers.getDirectBufferByteOffset(Ljava/lang/Object;)I @ 22
Event: 53.730 Thread 0x0000000018807000 Uncommon trap: reason=speculate_class_check action=maybe_recompile pc=0x000000000310fac4 method=com.jogamp.common.nio.Buffers.getDirectBufferByteOffset(Ljava/lang/Object;)I @ 22
Event: 54.965 Thread 0x0000000018807000 Uncommon trap: reason=speculate_class_check action=maybe_recompile pc=0x00000000031526ec method=com.jogamp.common.nio.Buffers.getDirectBufferByteOffset(Ljava/lang/Object;)I @ 31
Event: 54.965 Thread 0x0000000018807000 Uncommon trap: reason=speculate_class_check action=maybe_recompile pc=0x00000000031526ec method=com.jogamp.common.nio.Buffers.getDirectBufferByteOffset(Ljava/lang/Object;)I @ 31
Event: 56.244 Thread 0x0000000018807000 Uncommon trap: reason=speculate_class_check action=maybe_recompile pc=0x00000000032cfcc0 method=com.jogamp.common.nio.Buffers.getDirectBufferByteOffset(Ljava/lang/Object;)I @ 42
Event: 56.291 Thread 0x0000000018807000 Uncommon trap: reason=speculate_class_check action=maybe_recompile pc=0x00000000032cfcc0 method=com.jogamp.common.nio.Buffers.getDirectBufferByteOffset(Ljava/lang/Object;)I @ 42
Event: 58.340 Thread 0x0000000018808800 Uncommon trap: reason=unstable_if action=reinterpret pc=0x0000000003a5ad44 method=java.text.SimpleDateFormat.zeroPaddingNumber(IIILjava/lang/StringBuffer;)V @ 47

Classes redefined (0 events):
No events

Internal exceptions (10 events):
Event: 23.076 Thread 0x00000000187b7000 Exception <a 'java/lang/NullPointerException'> (0x00000000f6c30340) thrown at [C:\re\workspace\8-2-build-windows-amd64-cygwin\jdk8u202\12323\hotspot\src\share\vm\interpreter\linkResolver.cpp, line 1185]
Event: 23.099 Thread 0x00000000187b7000 Exception <a 'java/lang/NullPointerException'> (0x00000000f6c4ae28) thrown at [C:\re\workspace\8-2-build-windows-amd64-cygwin\jdk8u202\12323\hotspot\src\share\vm\interpreter\linkResolver.cpp, line 1185]
Event: 23.102 Thread 0x00000000187b7000 Exception <a 'java/lang/NullPointerException'> (0x00000000f6dec208) thrown at [C:\re\workspace\8-2-build-windows-amd64-cygwin\jdk8u202\12323\hotspot\src\share\vm\interpreter\linkResolver.cpp, line 1185]
Event: 23.104 Thread 0x00000000187b7000 Exception <a 'java/lang/NullPointerException'> (0x00000000f6e00ad0) thrown at [C:\re\workspace\8-2-build-windows-amd64-cygwin\jdk8u202\12323\hotspot\src\share\vm\interpreter\linkResolver.cpp, line 1185]
Event: 24.124 Thread 0x00000000187b7000 Exception <a 'java/lang/ClassNotFoundException': sun/net/www/protocol/c/Handler> (0x00000000f73db4e0) thrown at [C:\re\workspace\8-2-build-windows-amd64-cygwin\jdk8u202\12323\hotspot\src\share\vm\classfile\systemDictionary.cpp, line 210]
Event: 38.584 Thread 0x0000000018807000 Exception <a 'java/lang/NullPointerException'> (0x00000000f6402d48) thrown at [C:\re\workspace\8-2-build-windows-amd64-cygwin\jdk8u202\12323\hotspot\src\share\vm\interpreter\linkResolver.cpp, line 1185]
Event: 38.584 Thread 0x0000000018807000 Exception <a 'java/lang/NullPointerException'> (0x00000000f6403b38) thrown at [C:\re\workspace\8-2-build-windows-amd64-cygwin\jdk8u202\12323\hotspot\src\share\vm\interpreter\linkResolver.cpp, line 1185]
Event: 38.638 Thread 0x0000000018807000 Exception <a 'java/lang/UnsatisfiedLinkError': The specified module could not be found.
> (0x00000000f65f39f8) thrown at [C:\re\workspace\8-2-build-windows-amd64-cygwin\jdk8u202\12323\hotspot\src\share\vm\prims\jni.cpp, line 736]
Event: 38.638 Thread 0x0000000018807000 Exception <a 'java/lang/UnsatisfiedLinkError': The specified module could not be found.
> (0x00000000f65f4218) thrown at [C:\re\workspace\8-2-build-windows-amd64-cygwin\jdk8u202\12323\hotspot\src\share\vm\prims\jni.cpp, line 736]
Event: 38.639 Thread 0x0000000018807000 Exception <a 'java/lang/UnsatisfiedLinkError': The specified module could not be found.
> (0x00000000f65f4918) thrown at [C:\re\workspace\8-2-build-windows-amd64-cygwin\jdk8u202\12323\hotspot\src\share\vm\prims\jni.cpp, line 736]

Events (10 events):
Event: 63.940 Thread 0x0000000018807000 DEOPT UNPACKING pc=0x0000000002c97890 sp=0x0000000019ebe5c8 mode 1
Event: 63.979 Thread 0x0000000018807000 DEOPT PACKING pc=0x000000000359af09 sp=0x0000000019ebe800
Event: 63.979 Thread 0x0000000018807000 DEOPT UNPACKING pc=0x0000000002c97890 sp=0x0000000019ebe578 mode 1
Event: 63.979 Thread 0x0000000018807000 DEOPT PACKING pc=0x0000000003481f9c sp=0x0000000019ebe890
Event: 63.979 Thread 0x0000000018807000 DEOPT UNPACKING pc=0x0000000002c97890 sp=0x0000000019ebe5c8 mode 1
Event: 64.007 Thread 0x0000000018807000 DEOPT PACKING pc=0x000000000359af09 sp=0x0000000019ebe800
Event: 64.007 Thread 0x0000000018807000 DEOPT UNPACKING pc=0x0000000002c97890 sp=0x0000000019ebe578 mode 1
Event: 64.007 Thread 0x0000000018807000 DEOPT PACKING pc=0x0000000003481f9c sp=0x0000000019ebe890
Event: 64.007 Thread 0x0000000018807000 DEOPT UNPACKING pc=0x0000000002c97890 sp=0x0000000019ebe5c8 mode 1
Event: 64.009 Thread 0x0000000016274000 Thread exited: 0x0000000016274000


Dynamic libraries:
0x00007ff626ae0000 - 0x00007ff626b17000 	C:\Program Files\processing-3.5.4\java\bin\java.exe
0x00007ffba9550000 - 0x00007ffba9745000 	C:\windows\SYSTEM32\ntdll.dll
0x00007ffba85d0000 - 0x00007ffba868d000 	C:\windows\System32\KERNEL32.DLL
0x00007ffba6d40000 - 0x00007ffba7008000 	C:\windows\System32\KERNELBASE.dll
0x00007ffba8390000 - 0x00007ffba843c000 	C:\windows\System32\ADVAPI32.dll
0x00007ffba9110000 - 0x00007ffba91ae000 	C:\windows\System32\msvcrt.dll
0x00007ffba7b80000 - 0x00007ffba7c1b000 	C:\windows\System32\sechost.dll
0x00007ffba8e40000 - 0x00007ffba8f6b000 	C:\windows\System32\RPCRT4.dll
0x00007ffba8110000 - 0x00007ffba82b0000 	C:\windows\System32\USER32.dll
0x00007ffba7220000 - 0x00007ffba7242000 	C:\windows\System32\win32u.dll
0x00007ffba7e80000 - 0x00007ffba7eaa000 	C:\windows\System32\GDI32.dll
0x00007ffba7010000 - 0x00007ffba711b000 	C:\windows\System32\gdi32full.dll
0x00007ffba74c0000 - 0x00007ffba755d000 	C:\windows\System32\msvcp_win.dll
0x00007ffba7120000 - 0x00007ffba7220000 	C:\windows\System32\ucrtbase.dll
0x00007ffb8a0d0000 - 0x00007ffb8a36a000 	C:\windows\WinSxS\amd64_microsoft.windows.common-controls_6595b64144ccf1df_6.0.19041.844_none_ca00b6081b84eb1d\COMCTL32.dll
0x00007ffba90e0000 - 0x00007ffba9110000 	C:\windows\System32\IMM32.DLL
0x000000006bb90000 - 0x000000006bc62000 	C:\Program Files\processing-3.5.4\java\bin\msvcr100.dll
0x000000006b1e0000 - 0x000000006ba85000 	C:\Program Files\processing-3.5.4\java\bin\server\jvm.dll
0x00007ffba7b70000 - 0x00007ffba7b78000 	C:\windows\System32\PSAPI.DLL
0x00007ffba1970000 - 0x00007ffba1979000 	C:\windows\SYSTEM32\WSOCK32.dll
0x00007ffba84f0000 - 0x00007ffba855b000 	C:\windows\System32\WS2_32.dll
0x00007ffba03c0000 - 0x00007ffba03ca000 	C:\windows\SYSTEM32\VERSION.dll
0x00007ffb93480000 - 0x00007ffb934a7000 	C:\windows\SYSTEM32\WINMM.dll
0x00007ffba0840000 - 0x00007ffba084f000 	C:\Program Files\processing-3.5.4\java\bin\verify.dll
0x00007ffb99a30000 - 0x00007ffb99a59000 	C:\Program Files\processing-3.5.4\java\bin\java.dll
0x00007ffb89160000 - 0x00007ffb89195000 	C:\Program Files\processing-3.5.4\java\bin\jdwp.dll
0x00007ffba25e0000 - 0x00007ffba25e8000 	C:\Program Files\processing-3.5.4\java\bin\npt.dll
0x00007ffb99a10000 - 0x00007ffb99a26000 	C:\Program Files\processing-3.5.4\java\bin\zip.dll
0x00007ffba8690000 - 0x00007ffba8dd2000 	C:\windows\System32\SHELL32.dll
0x00007ffba4ba0000 - 0x00007ffba5331000 	C:\windows\SYSTEM32\windows.storage.dll
0x00007ffba91b0000 - 0x00007ffba9505000 	C:\windows\System32\combase.dll
0x00007ffba6700000 - 0x00007ffba672c000 	C:\windows\SYSTEM32\Wldp.dll
0x00007ffba8440000 - 0x00007ffba84ee000 	C:\windows\System32\SHCORE.dll
0x00007ffba75b0000 - 0x00007ffba7605000 	C:\windows\System32\shlwapi.dll
0x00007ffba6bd0000 - 0x00007ffba6bef000 	C:\windows\SYSTEM32\profapi.dll
0x00007ffba0830000 - 0x00007ffba0839000 	C:\Program Files\processing-3.5.4\java\bin\dt_socket.dll
0x00007ffba6470000 - 0x00007ffba64da000 	C:\windows\system32\mswsock.dll
0x00007ffb876d0000 - 0x00007ffb87869000 	C:\Program Files\processing-3.5.4\java\bin\awt.dll
0x00007ffba8f70000 - 0x00007ffba903d000 	C:\windows\System32\OLEAUT32.dll
0x00007ffba4010000 - 0x00007ffba40a0000 	C:\windows\SYSTEM32\apphelp.dll
0x00007ffba4140000 - 0x00007ffba41de000 	C:\windows\system32\uxtheme.dll
0x00007ffba7eb0000 - 0x00007ffba7fc5000 	C:\windows\System32\MSCTF.dll
0x00007ffba7fd0000 - 0x00007ffba80fa000 	C:\windows\System32\ole32.dll
0x00007ffba5560000 - 0x00007ffba5572000 	C:\windows\SYSTEM32\kernel.appcore.dll
0x00007ffba6c90000 - 0x00007ffba6d10000 	C:\windows\System32\bcryptPrimitives.dll
0x0000000071100000 - 0x0000000071125000 	C:\Program Files\processing-3.5.4\modes\java\libraries\serial\library\windows64\jSSC-2.8.dll
0x00007ffba43b0000 - 0x00007ffba43df000 	C:\windows\system32\DWMAPI.DLL
0x00007ffb83ae0000 - 0x00007ffb83c06000 	C:\windows\system32\opengl32.dll
0x00007ffb83ab0000 - 0x00007ffb83adc000 	C:\windows\SYSTEM32\GLU32.dll
0x00007ffba6640000 - 0x00007ffba6658000 	C:\windows\SYSTEM32\CRYPTSP.dll
0x00007ffba5da0000 - 0x00007ffba5dd4000 	C:\windows\system32\rsaenh.dll
0x00007ffba6d10000 - 0x00007ffba6d37000 	C:\windows\System32\bcrypt.dll
0x00007ffba6b90000 - 0x00007ffba6bbe000 	C:\windows\SYSTEM32\USERENV.dll
0x00007ffba6660000 - 0x00007ffba666c000 	C:\windows\SYSTEM32\CRYPTBASE.dll
0x00007ffb8edd0000 - 0x00007ffb8edea000 	C:\Program Files\processing-3.5.4\java\bin\net.dll
0x00007ffb8e6c0000 - 0x00007ffb8e8ae000 	C:\windows\SYSTEM32\urlmon.dll
0x00007ffb92d50000 - 0x00007ffb93000000 	C:\windows\SYSTEM32\iertutil.dll
0x00007ffba6110000 - 0x00007ffba614b000 	C:\windows\SYSTEM32\IPHLPAPI.DLL
0x00007ffba8560000 - 0x00007ffba8568000 	C:\windows\System32\NSI.dll
0x00007ffba4ac0000 - 0x00007ffba4ad7000 	C:\windows\SYSTEM32\dhcpcsvc6.DLL
0x00007ffba4aa0000 - 0x00007ffba4abd000 	C:\windows\SYSTEM32\dhcpcsvc.DLL
0x00007ffba6150000 - 0x00007ffba621c000 	C:\windows\SYSTEM32\DNSAPI.dll
0x00007ffb8edb0000 - 0x00007ffb8edc2000 	C:\Program Files\processing-3.5.4\java\bin\nio.dll
0x00000000637c0000 - 0x00000000637cd000 	C:\Users\aeite\AppData\Local\Temp\jogamp_0000\file_cache\jln6947850551620444806\jln6063829452005060943\natives\windows-amd64\gluegen-rt.dll
0x00007ffb8ee20000 - 0x00007ffb8ee27000 	C:\Program Files\processing-3.5.4\java\bin\jawt.dll
0x000000006a440000 - 0x000000006a44d000 	C:\Users\aeite\AppData\Local\Temp\jogamp_0000\file_cache\jln6947850551620444806\jln6063829452005060943\natives\windows-amd64\nativewindow_awt.dll
0x000000006c100000 - 0x000000006c10f000 	C:\Users\aeite\AppData\Local\Temp\jogamp_0000\file_cache\jln6947850551620444806\jln6063829452005060943\natives\windows-amd64\nativewindow_win32.dll
0x000000006cbc0000 - 0x000000006cbd3000 	C:\Users\aeite\AppData\Local\Temp\jogamp_0000\file_cache\jln6947850551620444806\jln6063829452005060943\natives\windows-amd64\newt.dll
0x00007ffba0d80000 - 0x00007ffba0e2e000 	C:\windows\SYSTEM32\mscms.dll
0x00007ffba0d60000 - 0x00007ffba0d71000 	C:\windows\SYSTEM32\ColorAdapterClient.dll
0x00007ffb88280000 - 0x00007ffb882c3000 	C:\windows\SYSTEM32\icm32.dll
0x00007ffba7610000 - 0x00007ffba7a79000 	C:\windows\System32\setupapi.dll
0x00007ffba7560000 - 0x00007ffba75ae000 	C:\windows\System32\cfgmgr32.dll
0x00007ffba6a40000 - 0x00007ffba6a6c000 	C:\windows\SYSTEM32\DEVOBJ.dll
0x00007ffba7250000 - 0x00007ffba72b0000 	C:\windows\System32\WINTRUST.dll
0x00007ffba7360000 - 0x00007ffba74bf000 	C:\windows\System32\CRYPT32.dll
0x00007ffba6880000 - 0x00007ffba6892000 	C:\windows\SYSTEM32\MSASN1.dll
0x0000000064500000 - 0x00000000645b1000 	C:\Users\aeite\AppData\Local\Temp\jogamp_0000\file_cache\jln6947850551620444806\jln6063829452005060943\natives\windows-amd64\jogl_desktop.dll
0x0000000064340000 - 0x00000000643a2000 	C:\Users\aeite\AppData\Local\Temp\jogamp_0000\file_cache\jln6947850551620444806\jln6063829452005060943\natives\windows-amd64\jogl_mobile.dll
0x00007ffba7c20000 - 0x00007ffba7cc9000 	C:\windows\System32\clbcatq.dll
0x00007ffb9f440000 - 0x00007ffb9f539000 	C:\Windows\System32\AppXDeploymentClient.dll
0x00007ffb5a3c0000 - 0x00007ffb5b307000 	C:\windows\System32\DriverStore\FileRepository\iigd_dch.inf_amd64_ada2367baaae74c0\ig11icd64.dll
0x00007ffba55d0000 - 0x00007ffba56c3000 	C:\windows\system32\dxgi.dll
0x00007ffb99d10000 - 0x00007ffb99d4b000 	C:\windows\SYSTEM32\dxcore.dll
0x00007ffb974c0000 - 0x00007ffb97664000 	C:\windows\System32\DriverStore\FileRepository\iigd_dch.inf_amd64_ada2367baaae74c0\igdgmm64.dll
0x00007ffb95070000 - 0x00007ffb974b9000 	C:\windows\System32\DriverStore\FileRepository\iigd_dch.inf_amd64_ada2367baaae74c0\igc64.dll
0x00007ffba6280000 - 0x00007ffba62cb000 	C:\windows\SYSTEM32\powrprof.dll
0x00007ffba60f0000 - 0x00007ffba6102000 	C:\windows\SYSTEM32\UMPDC.dll
0x00007ffb85c20000 - 0x00007ffb85d19000 	C:\windows\SYSTEM32\textinputframework.dll
0x00007ffba3de0000 - 0x00007ffba3ed2000 	C:\windows\System32\CoreMessaging.dll
0x00007ffba3700000 - 0x00007ffba3a5e000 	C:\windows\System32\CoreUIComponents.dll
0x00007ffba2720000 - 0x00007ffba2874000 	C:\windows\SYSTEM32\wintypes.dll
0x00007ffba59d0000 - 0x00007ffba5a03000 	C:\windows\SYSTEM32\ntmarta.dll
0x00007ffb8b3b0000 - 0x00007ffb8b3f7000 	C:\Program Files\processing-3.5.4\java\bin\fontmanager.dll
0x00007ffb87a60000 - 0x00007ffb87aa2000 	C:\Program Files\processing-3.5.4\java\bin\t2k.dll
0x00007ffb88130000 - 0x00007ffb88161000 	C:\Program Files\processing-3.5.4\java\bin\jpeg.dll
0x00007ffb880e0000 - 0x00007ffb88122000 	C:\Users\aeite\AppData\Local\Temp\jna-92695030\jna4161321120866747196.dll
0x00007ffb86ca0000 - 0x00007ffb86e86000 	C:\Users\aeite\AppData\Local\Temp\jna-92695030\jna9046957768575687992.dll
0x000000006b050000 - 0x000000006b0f3000 	C:\windows\WinSxS\amd64_microsoft.vc90.crt_1fc8b3b9a1e18e3b_9.0.30729.9625_none_08e1c10da83fbc83\MSVCR90.dll
0x000000006b100000 - 0x000000006b1d3000 	C:\windows\WinSxS\amd64_microsoft.vc90.crt_1fc8b3b9a1e18e3b_9.0.30729.9625_none_08e1c10da83fbc83\MSVCP90.dll
0x00007ffb9d0d0000 - 0x00007ffb9d0e7000 	C:\windows\system32\napinsp.dll
0x00007ffb8b480000 - 0x00007ffb8b49b000 	C:\windows\system32\pnrpnsp.dll
0x00007ffba1a50000 - 0x00007ffba1a65000 	C:\windows\system32\wshbth.dll
0x00007ffba2560000 - 0x00007ffba257d000 	C:\windows\system32\NLAapi.dll
0x00007ffb8b460000 - 0x00007ffb8b472000 	C:\windows\System32\winrnr.dll
0x00007ffba5340000 - 0x00007ffba5524000 	C:\windows\SYSTEM32\dbghelp.dll

VM Arguments:
jvm_args: -agentlib:jdwp=transport=dt_socket,address=8451,server=y,suspend=y,quiet=y -Xms64m -Xmx500m -Djna.nosys=true -Djava.ext.dirs=C:\Program Files\processing-3.5.4\java\lib\ext -Djava.library.path=C:\Program Files\processing-3.5.4\OpenBCI_GUI_feedback\OpenBCI_GUI\code;C:\Program Files\processing-3.5.4\core\library;C:\Program Files\processing-3.5.4\libraries\minim\library;C:\Program Files\processing-3.5.4\modes\java\libraries\serial\library\windows64;C:\Program Files\processing-3.5.4\modes\java\libraries\net\library;C:\Program Files\processing-3.5.4\libraries\grafica\library;C:\Program Files\processing-3.5.4\libraries\GifAnimation\library;C:\Program Files\processing-3.5.4\libraries\oscP5\library;C:\Program Files\processing-3.5.4\libraries\udp\library;C:\Program Files\processing-3.5.4\libraries\LSLLink\library;C:\Program Files\processing-3.5.4\libraries\controlP5\library;C:\Program Files\processing-3.5.4\java\bin;C:\windows\system32;C:\windows;C:\windows\system32;C:\windows;C:\windows\System32\Wbem;C:\windows\System32\WindowsPowerShell\v1.0;C:\windows\System32\OpenSSH;C:\Program Files\MATLAB\R2019b\bin;C:\Program Files\PuTTY;C:\Users\aeite\AppData\Local\Microsoft\WindowsApps;C:\Users\aeite\AppData\Local\Programs\Microsoft VS Code\bin;C:\Users\aeite\AppData\Local\GitHubDesktop\bin;C:\Program Files\processing-3.5.4\java\bin;. -ea 
java_command: processing.core.PApplet --display=1 --sketch-path=C:\Program Files\processing-3.5.4\OpenBCI_GUI_feedback\OpenBCI_GUI OpenBCI_GUI
java_class_path (initial): C:\Users\aeite\AppData\Local\Temp\OpenBCI_GUI4185911550090312528temp;;C:\Program Files\processing-3.5.4\OpenBCI_GUI_feedback\OpenBCI_GUI\code\LSLLink.jar;C:\Program Files\processing-3.5.4\core\library\core.jar;C:\Program Files\processing-3.5.4\core\library\gluegen-rt-natives-linux-aarch64.jar;C:\Program Files\processing-3.5.4\core\library\gluegen-rt-natives-linux-amd64.jar;C:\Program Files\processing-3.5.4\core\library\gluegen-rt-natives-linux-armv6hf.jar;C:\Program Files\processing-3.5.4\core\library\gluegen-rt-natives-linux-i586.jar;C:\Program Files\processing-3.5.4\core\library\gluegen-rt-natives-macosx-universal.jar;C:\Program Files\processing-3.5.4\core\library\gluegen-rt-natives-windows-amd64.jar;C:\Program Files\processing-3.5.4\core\library\gluegen-rt-natives-windows-i586.jar;C:\Program Files\processing-3.5.4\core\library\gluegen-rt.jar;C:\Program Files\processing-3.5.4\core\library\jogl-all-natives-linux-aarch64.jar;C:\Program Files\processing-3.5.4\core\library\jogl-all-natives-linux-amd64.jar;C:\Program Files\processing-3.5.4\core\library\jogl-all-natives-linux-armv6hf.jar;C:\Program Files\processing-3.5.4\core\library\jogl-all-natives-linux-i586.jar;C:\Program Files\processing-3.5.4\core\library\jogl-all-natives-macosx-universal.jar;C:\Program Files\processing-3.5.4\core\library\jogl-all-natives-windows-amd64.jar;C:\Program Files\processing-3.5.4\core\library\jogl-all-natives-windows-i586.jar;C:\Program Files\processing-3.5.4\core\library\jogl-all.jar;C:\Program Files\processing-3.5.4\libraries\minim\library\jl1.0.1.jar;C:\Program Files\processing-3.5.4\libraries\minim\library\jsminim.jar;C:\Program Files\processing-3.5.4\libraries\minim\library\minim.jar;C:\Program Files\processing-3.5.4\libraries\minim\library\mp3spi1.9.5.jar;C:\Program Files\processing-3.5.4\libraries\minim\library\tritonus_aos.jar;C:\Program Files\processing-3.5.4\libraries\minim\library\tritonus_share.jar;C:\Program Files\processing-3.5.4\modes\java\libr
Launcher Type: SUN_STANDARD

Environment Variables:
PATH=C:\windows\system32;C:\windows;C:\windows\System32\Wbem;C:\windows\System32\WindowsPowerShell\v1.0\;C:\windows\System32\OpenSSH\;C:\Program Files\MATLAB\R2019b\bin;C:\Program Files\PuTTY\;C:\Users\aeite\AppData\Local\Microsoft\WindowsApps;C:\Users\aeite\AppData\Local\Programs\Microsoft VS Code\bin;C:\Users\aeite\AppData\Local\GitHubDesktop\bin;C:\Program Files\processing-3.5.4\java\bin
USERNAME=aeite
OS=Windows_NT
PROCESSOR_IDENTIFIER=Intel64 Family 6 Model 126 Stepping 5, GenuineIntel



---------------  S Y S T E M  ---------------

OS: Windows 10.0 , 64 bit Build 19041 (10.0.19041.928)

CPU:total 8 (initial active 8) (4 cores per cpu, 2 threads per core) family 6 model 126 stepping 5, cmov, cx8, fxsr, mmx, sse, sse2, sse3, ssse3, sse4.1, sse4.2, popcnt, avx, avx2, aes, clmul, erms, 3dnowpref, lzcnt, ht, tsc, tscinvbit, bmi1, bmi2, adx

Memory: 4k page, physical 8070036k(757324k free), swap 16458644k(4256756k free)

vm_info: Java HotSpot(TM) 64-Bit Server VM (25.202-b08) for windows-amd64 JRE (1.8.0_202-b08), built on Dec 15 2018 19:54:30 by "java_re" with MS VC++ 10.0 (VS2010)

time: Fri Apr 30 18:25:05 2021
timezone: Mountain Daylight Time
elapsed time: 64 seconds (0d 0h 1m 4s)

