#
# A fatal error has been detected by the Java Runtime Environment:
#
#  EXCEPTION_ACCESS_VIOLATION (0xc0000005) at pc=0x00007ffe7d3515e5, pid=6872, tid=0x0000000000001fc8
#
# JRE version: Java(TM) SE Runtime Environment (8.0_202-b08) (build 1.8.0_202-b08)
# Java VM: Java HotSpot(TM) 64-Bit Server VM (25.202-b08 mixed mode windows-amd64 compressed oops)
# Problematic frame:
# C  [ig11icd64.dll+0x415e5]
#
# Failed to write core dump. Minidumps are not enabled by default on client versions of Windows
#
# If you would like to submit a bug report, please visit:
#   http://bugreport.java.com/bugreport/crash.jsp
# The crash happened outside the Java Virtual Machine in native code.
# See problematic frame for where to report the bug.
#

---------------  T H R E A D  ---------------

Current thread (0x00000000145dc800):  JavaThread "JDWP Transport Listener: dt_socket" daemon [_thread_in_native, id=8136, stack(0x0000000016cb0000,0x0000000016db0000)]

siginfo: ExceptionCode=0xc0000005, reading address 0x0000000000034868

Registers:
RAX=0x0000000027a07098, RBX=0x0000000027a06f60, RCX=0x0000000000000000, RDX=0x0000000027a07028
RSP=0x0000000016dae620, RBP=0x0000000000000000, RSI=0x0000000027a06a50, RDI=0x000000001f02a5c0
R8 =0x0000000000000000, R9 =0x0000000000000000, R10=0x0000000000000000, R11=0x0000000000000246
R12=0x000000001f8ff800, R13=0x0000000000000000, R14=0x0000000027a073f0, R15=0x0000000000000000
RIP=0x00007ffe7d3515e5, EFLAGS=0x0000000000010202

Top of Stack: (sp=0x0000000016dae620)
0x0000000016dae620:   0000000000000000 0000000000000000
0x0000000016dae630:   0000fe2d9cdefdb6 0000005400000000
0x0000000016dae640:   00000000000000a8 0000000000000000
0x0000000016dae650:   00000000004715bd 000000001f8ff8c0
0x0000000016dae660:   0000b802041900a8 00007ffe7d334a56
0x0000000016dae670:   0000000000f600e0 000000001f02a5c0
0x0000000016dae680:   0000000016dae770 0000000000000000
0x0000000016dae690:   0000000000000000 0000000000000000
0x0000000016dae6a0:   0000000000d2b000 00007ffeee679398
0x0000000016dae6b0:   0000000016dae8f0 0000000000000000
0x0000000016dae6c0:   0000000000000000 0000000016dae980
0x0000000016dae6d0:   0000000016dae7e0 00007ffef53ec3c8
0x0000000016dae6e0:   0000000016dae8a0 0000000016daeb00
0x0000000016dae6f0:   0000000000000000 0000000016dae730
0x0000000016dae700:   0000000016dae760 0000000000000000
0x0000000016dae710:   0000b802041900a8 0000000000000fa4 

Instructions: (pc=0x00007ffe7d3515e5)
0x00007ffe7d3515c5:   1d 8b c1 83 e0 0f 48 6b c0 38 48 03 c2 48 85 c0
0x00007ffe7d3515d5:   74 0c 48 8b 48 08 eb 08 48 83 c0 08 eb ef 33 c9
0x00007ffe7d3515e5:   48 3b 8d 68 48 03 00 76 6b 48 8b 87 80 02 00 00
0x00007ffe7d3515f5:   49 89 06 48 89 9f 80 02 00 00 ff 87 88 02 00 00 


Register to memory mapping:

RAX=0x0000000027a07098 is an unknown value
RBX=0x0000000027a06f60 is an unknown value
RCX=0x0000000000000000 is an unknown value
RDX=0x0000000027a07028 is an unknown value
RSP=0x0000000016dae620 is pointing into the stack for thread: 0x00000000145dc800
RBP=0x0000000000000000 is an unknown value
RSI=0x0000000027a06a50 is an unknown value
RDI=0x000000001f02a5c0 is an unknown value
R8 =0x0000000000000000 is an unknown value
R9 =0x0000000000000000 is an unknown value
R10=0x0000000000000000 is an unknown value
R11=0x0000000000000246 is an unknown value
R12=0x000000001f8ff800 is an unknown value
R13=0x0000000000000000 is an unknown value
R14=0x0000000027a073f0 is an unknown value
R15=0x0000000000000000 is an unknown value


Stack: [0x0000000016cb0000,0x0000000016db0000],  sp=0x0000000016dae620,  free space=1017k
Native frames: (J=compiled Java code, j=interpreted, Vv=VM code, C=native code)


---------------  P R O C E S S  ---------------

Java Threads: ( => current thread )
  0x0000000018b3b800 JavaThread "main-FPSAWTAnimator#00-Timer0-FPSAWTAnimator#00-Timer1-FPSAWTAnimator#00-Timer2" [_thread_in_native, id=9064, stack(0x0000000017ff0000,0x00000000180f0000)]
  0x0000000018b3d000 JavaThread "Thread-13" daemon [_thread_in_native, id=13656, stack(0x000000001a2c0000,0x000000001a3c0000)]
  0x0000000018b3e000 JavaThread "Thread-12" [_thread_blocked, id=3536, stack(0x0000000028bf0000,0x0000000028cf0000)]
  0x0000000018b3f800 JavaThread "Thread-11" [_thread_blocked, id=15592, stack(0x0000000026b00000,0x0000000026c00000)]
  0x0000000002c94000 JavaThread "DestroyJavaVM" [_thread_blocked, id=13652, stack(0x00000000013c0000,0x00000000014c0000)]
  0x0000000016525800 JavaThread "Thread-5" [_thread_blocked, id=4332, stack(0x00000000210c0000,0x00000000211c0000)]
  0x0000000016525000 JavaThread "HighResTimerThread" daemon [_thread_blocked, id=15376, stack(0x0000000020fc0000,0x00000000210c0000)]
  0x0000000017e42800 JavaThread "main-SharedResourceRunner" daemon [_thread_blocked, id=6740, stack(0x000000001abe0000,0x000000001ace0000)]
  0x0000000017eeb000 JavaThread "main-Display-.windows_nil-1-EDT-1" daemon [_thread_blocked, id=7080, stack(0x000000001a6e0000,0x000000001a7e0000)]
  0x00000000179f9800 JavaThread "Timer-0" daemon [_thread_blocked, id=13400, stack(0x00000000183e0000,0x00000000184e0000)]
  0x0000000017863800 JavaThread "AWT-Windows" daemon [_thread_in_native, id=14648, stack(0x00000000180f0000,0x00000000181f0000)]
  0x000000001783d000 JavaThread "Java2D Disposer" daemon [_thread_blocked, id=8916, stack(0x0000000017ef0000,0x0000000017ff0000)]
  0x0000000016426800 JavaThread "Service Thread" daemon [_thread_blocked, id=15192, stack(0x00000000173b0000,0x00000000174b0000)]
  0x0000000016410800 JavaThread "C1 CompilerThread3" daemon [_thread_blocked, id=15152, stack(0x00000000172b0000,0x00000000173b0000)]
  0x000000001640f800 JavaThread "C2 CompilerThread2" daemon [_thread_blocked, id=10664, stack(0x00000000171b0000,0x00000000172b0000)]
  0x000000001640f000 JavaThread "C2 CompilerThread1" daemon [_thread_blocked, id=2800, stack(0x00000000170b0000,0x00000000171b0000)]
  0x0000000016409800 JavaThread "C2 CompilerThread0" daemon [_thread_blocked, id=15312, stack(0x0000000016fb0000,0x00000000170b0000)]
  0x00000000163f8000 JavaThread "JDWP Event Helper Thread" daemon [_thread_blocked, id=14980, stack(0x0000000016db0000,0x0000000016eb0000)]
=>0x00000000145dc800 JavaThread "JDWP Transport Listener: dt_socket" daemon [_thread_in_native, id=8136, stack(0x0000000016cb0000,0x0000000016db0000)]
  0x00000000163e6000 JavaThread "Attach Listener" daemon [_thread_blocked, id=13720, stack(0x0000000016bb0000,0x0000000016cb0000)]
  0x00000000163e5800 JavaThread "Signal Dispatcher" daemon [_thread_blocked, id=14460, stack(0x0000000016ab0000,0x0000000016bb0000)]
  0x00000000163d1000 JavaThread "Finalizer" daemon [_thread_blocked, id=14804, stack(0x00000000168b0000,0x00000000169b0000)]
  0x00000000145cd800 JavaThread "Reference Handler" daemon [_thread_blocked, id=10456, stack(0x00000000167b0000,0x00000000168b0000)]

Other Threads:
  0x00000000145c9000 VMThread [stack: 0x00000000162b0000,0x00000000163b0000] [id=14308]
  0x00000000164c2800 WatcherThread [stack: 0x00000000174b0000,0x00000000175b0000] [id=8184]

VM state:not at safepoint (normal execution)

VM Mutex/Monitor currently owned by a thread: None

heap address: 0x00000000e0c00000, size: 500 MB, Compressed Oops mode: 32-bit
Narrow klass base: 0x0000000000000000, Narrow klass shift: 3
Compressed class space size: 1073741824 Address: 0x0000000100000000

Heap:
 PSYoungGen      total 84992K, used 58059K [0x00000000f5980000, 0x00000000fcb00000, 0x0000000100000000)
  eden space 59904K, 93% used [0x00000000f5980000,0x00000000f905ee08,0x00000000f9400000)
  from space 25088K, 7% used [0x00000000fb280000,0x00000000fb453fd0,0x00000000fcb00000)
  to   space 28160K, 0% used [0x00000000f9400000,0x00000000f9400000,0x00000000faf80000)
 ParOldGen       total 123904K, used 63800K [0x00000000e0c00000, 0x00000000e8500000, 0x00000000f5980000)
  object space 123904K, 51% used [0x00000000e0c00000,0x00000000e4a4e098,0x00000000e8500000)
 Metaspace       used 24086K, capacity 24296K, committed 24448K, reserved 1071104K
  class space    used 2048K, capacity 2108K, committed 2176K, reserved 1048576K

Card table byte_map: [0x0000000012190000,0x0000000012290000] byte_map_base: 0x0000000011a8a000

Marking Bits: (ParMarkBitMap*) 0x0000000076e85ce0
 Begin Bits: [0x0000000012b40000, 0x0000000013310000)
 End Bits:   [0x0000000013310000, 0x0000000013ae0000)

Polling page: 0x0000000002c70000

CodeCache: size=245760Kb used=14753Kb max_used=15158Kb free=231006Kb
 bounds [0x0000000002dd0000, 0x0000000003ce0000, 0x0000000011dd0000]
 total_blobs=4451 nmethods=3462 adapters=909
 compilation: enabled

Compilation events (10 events):
Event: 78.897 Thread 0x000000001640f000 4452       4       OpenBCI_GUI$OutputFile_rawtxt::writeValues (62 bytes)
Event: 78.913 Thread 0x000000001640f000 nmethod 4452 0x0000000003574350 code [0x0000000003574520, 0x0000000003575108]
Event: 80.599 Thread 0x000000001640f800 4453       4       java.lang.Long::valueOf (36 bytes)
Event: 80.602 Thread 0x000000001640f800 nmethod 4453 0x0000000003236e90 code [0x0000000003236fe0, 0x00000000032370d8]
Event: 81.036 Thread 0x0000000016410800 4454       3       sun.misc.FloatingDecimal$BinaryToASCIIBuffer::dtoa (1509 bytes)
Event: 81.042 Thread 0x0000000016410800 nmethod 4454 0x000000000377a410 code [0x000000000377a860, 0x000000000377d218]
Event: 81.177 Thread 0x0000000016409800 4455   !   4       java.io.PrintWriter::newLine (66 bytes)
Event: 81.181 Thread 0x0000000016409800 nmethod 4455 0x000000000351d850 code [0x000000000351d9a0, 0x000000000351de08]
Event: 81.342 Thread 0x000000001640f000 4456       4       sun.misc.FloatingDecimal$BinaryToASCIIBuffer::estimateDecExp (182 bytes)
Event: 81.344 Thread 0x000000001640f000 nmethod 4456 0x0000000003356990 code [0x0000000003356b00, 0x0000000003356cf8]

GC Heap History (10 events):
Event: 64.856 GC heap before
{Heap before GC invocations=22 (full 2):
 PSYoungGen      total 71168K, used 70951K [0x00000000f5980000, 0x00000000fe580000, 0x0000000100000000)
  eden space 69632K, 100% used [0x00000000f5980000,0x00000000f9d80000,0x00000000f9d80000)
  from space 1536K, 85% used [0x00000000f9f80000,0x00000000fa0c9fc0,0x00000000fa100000)
  to   space 36864K, 0% used [0x00000000fc180000,0x00000000fc180000,0x00000000fe580000)
 ParOldGen       total 123904K, used 63784K [0x00000000e0c00000, 0x00000000e8500000, 0x00000000f5980000)
  object space 123904K, 51% used [0x00000000e0c00000,0x00000000e4a4a098,0x00000000e8500000)
 Metaspace       used 24083K, capacity 24296K, committed 24448K, reserved 1071104K
  class space    used 2048K, capacity 2108K, committed 2176K, reserved 1048576K
Event: 64.859 GC heap after
Heap after GC invocations=22 (full 2):
 PSYoungGen      total 98304K, used 1467K [0x00000000f5980000, 0x00000000fdf80000, 0x0000000100000000)
  eden space 67584K, 0% used [0x00000000f5980000,0x00000000f5980000,0x00000000f9b80000)
  from space 30720K, 4% used [0x00000000fc180000,0x00000000fc2eefd0,0x00000000fdf80000)
  to   space 34816K, 0% used [0x00000000f9b80000,0x00000000f9b80000,0x00000000fbd80000)
 ParOldGen       total 123904K, used 63792K [0x00000000e0c00000, 0x00000000e8500000, 0x00000000f5980000)
  object space 123904K, 51% used [0x00000000e0c00000,0x00000000e4a4c098,0x00000000e8500000)
 Metaspace       used 24083K, capacity 24296K, committed 24448K, reserved 1071104K
  class space    used 2048K, capacity 2108K, committed 2176K, reserved 1048576K
}
Event: 68.411 GC heap before
{Heap before GC invocations=23 (full 2):
 PSYoungGen      total 98304K, used 69051K [0x00000000f5980000, 0x00000000fdf80000, 0x0000000100000000)
  eden space 67584K, 100% used [0x00000000f5980000,0x00000000f9b80000,0x00000000f9b80000)
  from space 30720K, 4% used [0x00000000fc180000,0x00000000fc2eefd0,0x00000000fdf80000)
  to   space 34816K, 0% used [0x00000000f9b80000,0x00000000f9b80000,0x00000000fbd80000)
 ParOldGen       total 123904K, used 63792K [0x00000000e0c00000, 0x00000000e8500000, 0x00000000f5980000)
  object space 123904K, 51% used [0x00000000e0c00000,0x00000000e4a4c098,0x00000000e8500000)
 Metaspace       used 24086K, capacity 24296K, committed 24448K, reserved 1071104K
  class space    used 2048K, capacity 2108K, committed 2176K, reserved 1048576K
Event: 68.413 GC heap after
Heap after GC invocations=23 (full 2):
 PSYoungGen      total 67584K, used 1563K [0x00000000f5980000, 0x00000000fda80000, 0x0000000100000000)
  eden space 65536K, 0% used [0x00000000f5980000,0x00000000f5980000,0x00000000f9980000)
  from space 2048K, 76% used [0x00000000f9b80000,0x00000000f9d06fd0,0x00000000f9d80000)
  to   space 33280K, 0% used [0x00000000fba00000,0x00000000fba00000,0x00000000fda80000)
 ParOldGen       total 123904K, used 63792K [0x00000000e0c00000, 0x00000000e8500000, 0x00000000f5980000)
  object space 123904K, 51% used [0x00000000e0c00000,0x00000000e4a4c098,0x00000000e8500000)
 Metaspace       used 24086K, capacity 24296K, committed 24448K, reserved 1071104K
  class space    used 2048K, capacity 2108K, committed 2176K, reserved 1048576K
}
Event: 71.832 GC heap before
{Heap before GC invocations=24 (full 2):
 PSYoungGen      total 67584K, used 67099K [0x00000000f5980000, 0x00000000fda80000, 0x0000000100000000)
  eden space 65536K, 100% used [0x00000000f5980000,0x00000000f9980000,0x00000000f9980000)
  from space 2048K, 76% used [0x00000000f9b80000,0x00000000f9d06fd0,0x00000000f9d80000)
  to   space 33280K, 0% used [0x00000000fba00000,0x00000000fba00000,0x00000000fda80000)
 ParOldGen       total 123904K, used 63792K [0x00000000e0c00000, 0x00000000e8500000, 0x00000000f5980000)
  object space 123904K, 51% used [0x00000000e0c00000,0x00000000e4a4c098,0x00000000e8500000)
 Metaspace       used 24086K, capacity 24296K, committed 24448K, reserved 1071104K
  class space    used 2048K, capacity 2108K, committed 2176K, reserved 1048576K
Event: 71.835 GC heap after
Heap after GC invocations=24 (full 2):
 PSYoungGen      total 91648K, used 1691K [0x00000000f5980000, 0x00000000fd580000, 0x0000000100000000)
  eden space 63488K, 0% used [0x00000000f5980000,0x00000000f5980000,0x00000000f9780000)
  from space 28160K, 6% used [0x00000000fba00000,0x00000000fbba6fd0,0x00000000fd580000)
  to   space 31744K, 0% used [0x00000000f9780000,0x00000000f9780000,0x00000000fb680000)
 ParOldGen       total 123904K, used 63792K [0x00000000e0c00000, 0x00000000e8500000, 0x00000000f5980000)
  object space 123904K, 51% used [0x00000000e0c00000,0x00000000e4a4c098,0x00000000e8500000)
 Metaspace       used 24086K, capacity 24296K, committed 24448K, reserved 1071104K
  class space    used 2048K, capacity 2108K, committed 2176K, reserved 1048576K
}
Event: 75.175 GC heap before
{Heap before GC invocations=25 (full 2):
 PSYoungGen      total 91648K, used 65179K [0x00000000f5980000, 0x00000000fd580000, 0x0000000100000000)
  eden space 63488K, 100% used [0x00000000f5980000,0x00000000f9780000,0x00000000f9780000)
  from space 28160K, 6% used [0x00000000fba00000,0x00000000fbba6fd0,0x00000000fd580000)
  to   space 31744K, 0% used [0x00000000f9780000,0x00000000f9780000,0x00000000fb680000)
 ParOldGen       total 123904K, used 63792K [0x00000000e0c00000, 0x00000000e8500000, 0x00000000f5980000)
  object space 123904K, 51% used [0x00000000e0c00000,0x00000000e4a4c098,0x00000000e8500000)
 Metaspace       used 24086K, capacity 24296K, committed 24448K, reserved 1071104K
  class space    used 2048K, capacity 2108K, committed 2176K, reserved 1048576K
Event: 75.179 GC heap after
Heap after GC invocations=25 (full 2):
 PSYoungGen      total 63488K, used 1789K [0x00000000f5980000, 0x00000000fcf80000, 0x0000000100000000)
  eden space 61440K, 0% used [0x00000000f5980000,0x00000000f5980000,0x00000000f9580000)
  from space 2048K, 87% used [0x00000000f9780000,0x00000000f993f7e0,0x00000000f9980000)
  to   space 29696K, 0% used [0x00000000fb280000,0x00000000fb280000,0x00000000fcf80000)
 ParOldGen       total 123904K, used 63792K [0x00000000e0c00000, 0x00000000e8500000, 0x00000000f5980000)
  object space 123904K, 51% used [0x00000000e0c00000,0x00000000e4a4c098,0x00000000e8500000)
 Metaspace       used 24086K, capacity 24296K, committed 24448K, reserved 1071104K
  class space    used 2048K, capacity 2108K, committed 2176K, reserved 1048576K
}
Event: 78.422 GC heap before
{Heap before GC invocations=26 (full 2):
 PSYoungGen      total 63488K, used 63229K [0x00000000f5980000, 0x00000000fcf80000, 0x0000000100000000)
  eden space 61440K, 100% used [0x00000000f5980000,0x00000000f9580000,0x00000000f9580000)
  from space 2048K, 87% used [0x00000000f9780000,0x00000000f993f7e0,0x00000000f9980000)
  to   space 29696K, 0% used [0x00000000fb280000,0x00000000fb280000,0x00000000fcf80000)
 ParOldGen       total 123904K, used 63792K [0x00000000e0c00000, 0x00000000e8500000, 0x00000000f5980000)
  object space 123904K, 51% used [0x00000000e0c00000,0x00000000e4a4c098,0x00000000e8500000)
 Metaspace       used 24086K, capacity 24296K, committed 24448K, reserved 1071104K
  class space    used 2048K, capacity 2108K, committed 2176K, reserved 1048576K
Event: 78.424 GC heap after
Heap after GC invocations=26 (full 2):
 PSYoungGen      total 84992K, used 1871K [0x00000000f5980000, 0x00000000fcb00000, 0x0000000100000000)
  eden space 59904K, 0% used [0x00000000f5980000,0x00000000f5980000,0x00000000f9400000)
  from space 25088K, 7% used [0x00000000fb280000,0x00000000fb453fd0,0x00000000fcb00000)
  to   space 28160K, 0% used [0x00000000f9400000,0x00000000f9400000,0x00000000faf80000)
 ParOldGen       total 123904K, used 63800K [0x00000000e0c00000, 0x00000000e8500000, 0x00000000f5980000)
  object space 123904K, 51% used [0x00000000e0c00000,0x00000000e4a4e098,0x00000000e8500000)
 Metaspace       used 24086K, capacity 24296K, committed 24448K, reserved 1071104K
  class space    used 2048K, capacity 2108K, committed 2176K, reserved 1048576K
}

Deoptimization events (10 events):
Event: 54.520 Thread 0x0000000018b3d000 Uncommon trap: reason=unstable_if action=reinterpret pc=0x0000000003ba7244 method=java.text.SimpleDateFormat.zeroPaddingNumber(IIILjava/lang/StringBuffer;)V @ 47
Event: 55.077 Thread 0x0000000018b3b800 Uncommon trap: reason=unstable_if action=reinterpret pc=0x0000000003bdfcc0 method=sun.misc.FloatingDecimal$BinaryToASCIIBuffer.dtoa(IJIZ)V @ 522
Event: 61.631 Thread 0x0000000018b3d000 Uncommon trap: reason=unstable_if action=reinterpret pc=0x0000000003b8df60 method=sun.misc.FormattedFloatingDecimal.applyPrecision(I[CII)I @ 12
Event: 73.842 Thread 0x0000000018b3d000 Uncommon trap: reason=unstable_if action=reinterpret pc=0x00000000034691bc method=sun.misc.FormattedFloatingDecimal.applyPrecision(I[CII)I @ 12
Event: 74.276 Thread 0x0000000018b3d000 Uncommon trap: reason=unstable_if action=reinterpret pc=0x000000000315c044 method=sun.misc.FormattedFloatingDecimal.applyPrecision(I[CII)I @ 12
Event: 75.882 Thread 0x0000000018b3b800 Uncommon trap: reason=null_check action=make_not_entrant pc=0x00000000034d1850 method=com.sun.jna.Function.invoke(Ljava/lang/reflect/Method;[Ljava/lang/Class;Ljava/lang/Class;[Ljava/lang/Object;Ljava/util/Map;)Ljava/lang/Object; @ 207
Event: 76.948 Thread 0x0000000018b3d000 Uncommon trap: reason=unstable_if action=reinterpret pc=0x0000000003c824bc method=OpenBCI_GUI$Hub.processData(Lprocessing/data/JSONObject;)V @ 130
Event: 81.036 Thread 0x0000000018b3b800 Uncommon trap: reason=unstable_if action=reinterpret pc=0x0000000003bf0748 method=sun.misc.FloatingDecimal$BinaryToASCIIBuffer.dtoa(IJIZ)V @ 714
Event: 81.409 Thread 0x0000000018b3b800 Uncommon trap: reason=unstable_if action=reinterpret pc=0x00000000038d12bc method=controlP5.ControlWindow.pre()LcontrolP5/ControlWindow; @ 51
Event: 81.409 Thread 0x0000000018b3b800 Uncommon trap: reason=unstable_if action=reinterpret pc=0x00000000032b9f60 method=controlP5.ControlWindow.pre()LcontrolP5/ControlWindow; @ 51

Classes redefined (0 events):
No events

Internal exceptions (10 events):
Event: 14.080 Thread 0x0000000018dd1000 Exception <a 'java/lang/NullPointerException'> (0x00000000f5bdebc8) thrown at [C:\re\workspace\8-2-build-windows-amd64-cygwin\jdk8u202\12323\hotspot\src\share\vm\interpreter\linkResolver.cpp, line 1185]
Event: 14.082 Thread 0x0000000018dd1000 Exception <a 'java/lang/NullPointerException'> (0x00000000f5c45538) thrown at [C:\re\workspace\8-2-build-windows-amd64-cygwin\jdk8u202\12323\hotspot\src\share\vm\interpreter\linkResolver.cpp, line 1185]
Event: 14.084 Thread 0x0000000018dd1000 Exception <a 'java/lang/NullPointerException'> (0x00000000f5e462f0) thrown at [C:\re\workspace\8-2-build-windows-amd64-cygwin\jdk8u202\12323\hotspot\src\share\vm\interpreter\linkResolver.cpp, line 1185]
Event: 15.103 Thread 0x0000000018dd1000 Exception <a 'java/lang/ClassNotFoundException': sun/net/www/protocol/c/Handler> (0x00000000f63b3950) thrown at [C:\re\workspace\8-2-build-windows-amd64-cygwin\jdk8u202\12323\hotspot\src\share\vm\classfile\systemDictionary.cpp, line 210]
Event: 23.917 Thread 0x0000000018b3b800 Implicit null exception at 0x00000000032d3976 to 0x00000000032d3d69
Event: 52.899 Thread 0x0000000018b3b800 Exception <a 'java/lang/NullPointerException'> (0x00000000fa226690) thrown at [C:\re\workspace\8-2-build-windows-amd64-cygwin\jdk8u202\12323\hotspot\src\share\vm\interpreter\linkResolver.cpp, line 1185]
Event: 52.899 Thread 0x0000000018b3b800 Exception <a 'java/lang/NullPointerException'> (0x00000000fa227480) thrown at [C:\re\workspace\8-2-build-windows-amd64-cygwin\jdk8u202\12323\hotspot\src\share\vm\interpreter\linkResolver.cpp, line 1185]
Event: 53.015 Thread 0x0000000018b3b800 Exception <a 'java/lang/UnsatisfiedLinkError': The specified module could not be found.
> (0x00000000f59d33b0) thrown at [C:\re\workspace\8-2-build-windows-amd64-cygwin\jdk8u202\12323\hotspot\src\share\vm\prims\jni.cpp, line 736]
Event: 53.016 Thread 0x0000000018b3b800 Exception <a 'java/lang/UnsatisfiedLinkError': The specified module could not be found.
> (0x00000000f59d3bd0) thrown at [C:\re\workspace\8-2-build-windows-amd64-cygwin\jdk8u202\12323\hotspot\src\share\vm\prims\jni.cpp, line 736]
Event: 53.017 Thread 0x0000000018b3b800 Exception <a 'java/lang/UnsatisfiedLinkError': The specified module could not be found.
> (0x00000000f59d42d0) thrown at [C:\re\workspace\8-2-build-windows-amd64-cygwin\jdk8u202\12323\hotspot\src\share\vm\prims\jni.cpp, line 736]

Events (10 events):
Event: 81.409 Thread 0x0000000018b3b800 DEOPT PACKING pc=0x00000000038d12bc sp=0x00000000180eeba0
Event: 81.409 Thread 0x0000000018b3b800 DEOPT UNPACKING pc=0x0000000002e1583b sp=0x00000000180eeaf0 mode 2
Event: 81.409 Thread 0x0000000018b3b800 Uncommon trap: trap_request=0xffffff65 fr.pc=0x00000000032b9f60
Event: 81.409 Thread 0x0000000018b3b800 DEOPT PACKING pc=0x00000000032b9f60 sp=0x00000000180eeb40
Event: 81.409 Thread 0x0000000018b3b800 DEOPT UNPACKING pc=0x0000000002e1583b sp=0x00000000180eeae0 mode 2
Event: 81.441 Thread 0x0000000018b3b800 DEOPT PACKING pc=0x0000000003977c09 sp=0x00000000180eec80
Event: 81.441 Thread 0x0000000018b3b800 DEOPT UNPACKING pc=0x0000000002e17890 sp=0x00000000180ee9f8 mode 1
Event: 81.442 Thread 0x0000000018b3b800 DEOPT PACKING pc=0x00000000035b289c sp=0x00000000180eed10
Event: 81.442 Thread 0x0000000018b3b800 DEOPT UNPACKING pc=0x0000000002e17890 sp=0x00000000180eea48 mode 1
Event: 81.446 Thread 0x0000000016403000 Thread exited: 0x0000000016403000


Dynamic libraries:
0x00007ff673c30000 - 0x00007ff673c67000 	C:\Users\aeite\Documents\GitHub\neural_signal_2020\processing-3.5.4\java\bin\java.exe
0x00007ffef53d0000 - 0x00007ffef55c5000 	C:\windows\SYSTEM32\ntdll.dll
0x00007ffef4150000 - 0x00007ffef420d000 	C:\windows\System32\KERNEL32.DLL
0x00007ffef2b40000 - 0x00007ffef2e09000 	C:\windows\System32\KERNELBASE.dll
0x00007ffef3440000 - 0x00007ffef34ec000 	C:\windows\System32\ADVAPI32.dll
0x00007ffef35a0000 - 0x00007ffef363e000 	C:\windows\System32\msvcrt.dll
0x00007ffef4dd0000 - 0x00007ffef4e6b000 	C:\windows\System32\sechost.dll
0x00007ffef51b0000 - 0x00007ffef52da000 	C:\windows\System32\RPCRT4.dll
0x00007ffef39c0000 - 0x00007ffef3b60000 	C:\windows\System32\USER32.dll
0x00007ffef3010000 - 0x00007ffef3032000 	C:\windows\System32\win32u.dll
0x00007ffef4c70000 - 0x00007ffef4c9a000 	C:\windows\System32\GDI32.dll
0x00007ffef31d0000 - 0x00007ffef32db000 	C:\windows\System32\gdi32full.dll
0x00007ffef30a0000 - 0x00007ffef313d000 	C:\windows\System32\msvcp_win.dll
0x00007ffef2f10000 - 0x00007ffef3010000 	C:\windows\System32\ucrtbase.dll
0x00007ffed4f20000 - 0x00007ffed51ba000 	C:\windows\WinSxS\amd64_microsoft.windows.common-controls_6595b64144ccf1df_6.0.19041.1083_none_60bbe31371f34e71\COMCTL32.dll
0x00007ffef4b10000 - 0x00007ffef4b40000 	C:\windows\System32\IMM32.DLL
0x0000000077230000 - 0x0000000077302000 	C:\Users\aeite\Documents\GitHub\neural_signal_2020\processing-3.5.4\java\bin\msvcr100.dll
0x0000000076660000 - 0x0000000076f05000 	C:\Users\aeite\Documents\GitHub\neural_signal_2020\processing-3.5.4\java\bin\server\jvm.dll
0x00007ffef4e70000 - 0x00007ffef4e78000 	C:\windows\System32\PSAPI.DLL
0x00007ffeec160000 - 0x00007ffeec16a000 	C:\windows\SYSTEM32\VERSION.dll
0x00007ffed44a0000 - 0x00007ffed44c7000 	C:\windows\SYSTEM32\WINMM.dll
0x00007ffeed6c0000 - 0x00007ffeed6c9000 	C:\windows\SYSTEM32\WSOCK32.dll
0x00007ffef5080000 - 0x00007ffef50eb000 	C:\windows\System32\WS2_32.dll
0x00007ffeebb50000 - 0x00007ffeebb5f000 	C:\Users\aeite\Documents\GitHub\neural_signal_2020\processing-3.5.4\java\bin\verify.dll
0x00007ffed09d0000 - 0x00007ffed09f9000 	C:\Users\aeite\Documents\GitHub\neural_signal_2020\processing-3.5.4\java\bin\java.dll
0x00007ffed0b60000 - 0x00007ffed0b95000 	C:\Users\aeite\Documents\GitHub\neural_signal_2020\processing-3.5.4\java\bin\jdwp.dll
0x00007ffeec010000 - 0x00007ffeec018000 	C:\Users\aeite\Documents\GitHub\neural_signal_2020\processing-3.5.4\java\bin\npt.dll
0x00007ffed0460000 - 0x00007ffed0476000 	C:\Users\aeite\Documents\GitHub\neural_signal_2020\processing-3.5.4\java\bin\zip.dll
0x00007ffef43c0000 - 0x00007ffef4aff000 	C:\windows\System32\SHELL32.dll
0x00007ffef0910000 - 0x00007ffef10a1000 	C:\windows\SYSTEM32\windows.storage.dll
0x00007ffef3640000 - 0x00007ffef3995000 	C:\windows\System32\combase.dll
0x00007ffef24b0000 - 0x00007ffef24dc000 	C:\windows\SYSTEM32\Wldp.dll
0x00007ffef52e0000 - 0x00007ffef538e000 	C:\windows\System32\SHCORE.dll
0x00007ffef50f0000 - 0x00007ffef5145000 	C:\windows\System32\shlwapi.dll
0x00007ffef2a50000 - 0x00007ffef2a6f000 	C:\windows\SYSTEM32\profapi.dll
0x00007ffee9e70000 - 0x00007ffee9e79000 	C:\Users\aeite\Documents\GitHub\neural_signal_2020\processing-3.5.4\java\bin\dt_socket.dll
0x00007ffef2210000 - 0x00007ffef227a000 	C:\windows\system32\mswsock.dll
0x00007ffe905b0000 - 0x00007ffe90749000 	C:\Users\aeite\Documents\GitHub\neural_signal_2020\processing-3.5.4\java\bin\awt.dll
0x00007ffef4ba0000 - 0x00007ffef4c6d000 	C:\windows\System32\OLEAUT32.dll
0x00007ffeefe70000 - 0x00007ffeeff00000 	C:\windows\SYSTEM32\apphelp.dll
0x00007ffef0030000 - 0x00007ffef00ce000 	C:\windows\system32\uxtheme.dll
0x00007ffef4e80000 - 0x00007ffef4f95000 	C:\windows\System32\MSCTF.dll
0x00007ffef4ca0000 - 0x00007ffef4dca000 	C:\windows\System32\ole32.dll
0x00007ffef13d0000 - 0x00007ffef13e2000 	C:\windows\SYSTEM32\kernel.appcore.dll
0x00007ffef3140000 - 0x00007ffef31c3000 	C:\windows\System32\bcryptPrimitives.dll
0x0000000071100000 - 0x0000000071125000 	C:\Users\aeite\Documents\GitHub\neural_signal_2020\processing-3.5.4\modes\java\libraries\serial\library\windows64\jSSC-2.8.dll
0x00007ffef0220000 - 0x00007ffef024f000 	C:\windows\system32\DWMAPI.DLL
0x00007ffecb0f0000 - 0x00007ffecb215000 	C:\windows\system32\opengl32.dll
0x00007ffeccb90000 - 0x00007ffeccbbc000 	C:\windows\SYSTEM32\GLU32.dll
0x00007ffef23f0000 - 0x00007ffef2408000 	C:\windows\SYSTEM32\CRYPTSP.dll
0x00007ffef1bb0000 - 0x00007ffef1be4000 	C:\windows\system32\rsaenh.dll
0x00007ffef2b10000 - 0x00007ffef2b37000 	C:\windows\System32\bcrypt.dll
0x00007ffef29d0000 - 0x00007ffef29fe000 	C:\windows\SYSTEM32\USERENV.dll
0x00007ffef2410000 - 0x00007ffef241c000 	C:\windows\SYSTEM32\CRYPTBASE.dll
0x00007ffed0440000 - 0x00007ffed045a000 	C:\Users\aeite\Documents\GitHub\neural_signal_2020\processing-3.5.4\java\bin\net.dll
0x00007ffee3030000 - 0x00007ffee321c000 	C:\windows\SYSTEM32\urlmon.dll
0x00007ffee0350000 - 0x00007ffee0600000 	C:\windows\SYSTEM32\iertutil.dll
0x00007ffef1f00000 - 0x00007ffef1f3b000 	C:\windows\SYSTEM32\IPHLPAPI.DLL
0x00007ffef4140000 - 0x00007ffef4148000 	C:\windows\System32\NSI.dll
0x00007ffef10d0000 - 0x00007ffef10e7000 	C:\windows\SYSTEM32\dhcpcsvc6.DLL
0x00007ffef10b0000 - 0x00007ffef10cd000 	C:\windows\SYSTEM32\dhcpcsvc.DLL
0x00007ffef1f40000 - 0x00007ffef200c000 	C:\windows\SYSTEM32\DNSAPI.dll
0x00007ffed03d0000 - 0x00007ffed03e2000 	C:\Users\aeite\Documents\GitHub\neural_signal_2020\processing-3.5.4\java\bin\nio.dll
0x00000000637c0000 - 0x00000000637cd000 	C:\Users\aeite\AppData\Local\Temp\jogamp_0000\file_cache\jln7151118379406151371\jln4738936334595509792\natives\windows-amd64\gluegen-rt.dll
0x00007ffee9e60000 - 0x00007ffee9e67000 	C:\Users\aeite\Documents\GitHub\neural_signal_2020\processing-3.5.4\java\bin\jawt.dll
0x000000006a440000 - 0x000000006a44d000 	C:\Users\aeite\AppData\Local\Temp\jogamp_0000\file_cache\jln7151118379406151371\jln4738936334595509792\natives\windows-amd64\nativewindow_awt.dll
0x000000006c100000 - 0x000000006c10f000 	C:\Users\aeite\AppData\Local\Temp\jogamp_0000\file_cache\jln7151118379406151371\jln4738936334595509792\natives\windows-amd64\nativewindow_win32.dll
0x000000006cbc0000 - 0x000000006cbd3000 	C:\Users\aeite\AppData\Local\Temp\jogamp_0000\file_cache\jln7151118379406151371\jln4738936334595509792\natives\windows-amd64\newt.dll
0x00007ffeed840000 - 0x00007ffeed8ee000 	C:\windows\SYSTEM32\mscms.dll
0x00007ffeed6f0000 - 0x00007ffeed701000 	C:\windows\SYSTEM32\ColorAdapterClient.dll
0x00007ffed0b10000 - 0x00007ffed0b53000 	C:\windows\SYSTEM32\icm32.dll
0x00007ffef3cd0000 - 0x00007ffef4139000 	C:\windows\System32\setupapi.dll
0x00007ffef2e10000 - 0x00007ffef2e5e000 	C:\windows\System32\cfgmgr32.dll
0x00007ffef2850000 - 0x00007ffef287c000 	C:\windows\SYSTEM32\DEVOBJ.dll
0x00007ffef3040000 - 0x00007ffef30a0000 	C:\windows\System32\WINTRUST.dll
0x00007ffef32e0000 - 0x00007ffef343f000 	C:\windows\System32\CRYPT32.dll
0x00007ffef2630000 - 0x00007ffef2642000 	C:\windows\SYSTEM32\MSASN1.dll
0x0000000064500000 - 0x00000000645b1000 	C:\Users\aeite\AppData\Local\Temp\jogamp_0000\file_cache\jln7151118379406151371\jln4738936334595509792\natives\windows-amd64\jogl_desktop.dll
0x0000000064340000 - 0x00000000643a2000 	C:\Users\aeite\AppData\Local\Temp\jogamp_0000\file_cache\jln7151118379406151371\jln4738936334595509792\natives\windows-amd64\jogl_mobile.dll
0x00007ffef34f0000 - 0x00007ffef3599000 	C:\windows\System32\clbcatq.dll
0x00007ffeeaa70000 - 0x00007ffeeab69000 	C:\Windows\System32\AppXDeploymentClient.dll
0x00007ffe7d310000 - 0x00007ffe7e257000 	C:\windows\System32\DriverStore\FileRepository\iigd_dch.inf_amd64_ada2367baaae74c0\ig11icd64.dll
0x00007ffef1440000 - 0x00007ffef1534000 	C:\windows\system32\dxgi.dll
0x00007ffed6140000 - 0x00007ffed617b000 	C:\windows\SYSTEM32\dxcore.dll
0x00007ffedac50000 - 0x00007ffedadf4000 	C:\windows\System32\DriverStore\FileRepository\iigd_dch.inf_amd64_ada2367baaae74c0\igdgmm64.dll
0x00007ffed8130000 - 0x00007ffeda579000 	C:\windows\System32\DriverStore\FileRepository\iigd_dch.inf_amd64_ada2367baaae74c0\igc64.dll
0x00007ffef2980000 - 0x00007ffef29cb000 	C:\windows\SYSTEM32\powrprof.dll
0x00007ffef2960000 - 0x00007ffef2972000 	C:\windows\SYSTEM32\UMPDC.dll
0x00007ffedf500000 - 0x00007ffedf5f9000 	C:\windows\SYSTEM32\textinputframework.dll
0x00007ffeef560000 - 0x00007ffeef8be000 	C:\windows\System32\CoreUIComponents.dll
0x00007ffeefc40000 - 0x00007ffeefd32000 	C:\windows\System32\CoreMessaging.dll
0x00007ffef1840000 - 0x00007ffef1873000 	C:\windows\SYSTEM32\ntmarta.dll
0x00007ffeee580000 - 0x00007ffeee6d4000 	C:\windows\SYSTEM32\wintypes.dll
0x00007ffec8530000 - 0x00007ffec8577000 	C:\Users\aeite\Documents\GitHub\neural_signal_2020\processing-3.5.4\java\bin\fontmanager.dll
0x00007ffebe2d0000 - 0x00007ffebe312000 	C:\Users\aeite\Documents\GitHub\neural_signal_2020\processing-3.5.4\java\bin\t2k.dll
0x00007ffed0ad0000 - 0x00007ffed0b01000 	C:\Users\aeite\Documents\GitHub\neural_signal_2020\processing-3.5.4\java\bin\jpeg.dll
0x00007ffed0890000 - 0x00007ffed08d2000 	C:\Users\aeite\AppData\Local\Temp\jna-92695030\jna5119835171030031365.dll
0x00007ffe945f0000 - 0x00007ffe947d6000 	C:\Users\aeite\AppData\Local\Temp\jna-92695030\jna7481509969879145734.dll
0x00000000770a0000 - 0x0000000077143000 	C:\windows\WinSxS\amd64_microsoft.vc90.crt_1fc8b3b9a1e18e3b_9.0.30729.9625_none_08e1c10da83fbc83\MSVCR90.dll
0x0000000077150000 - 0x0000000077223000 	C:\windows\WinSxS\amd64_microsoft.vc90.crt_1fc8b3b9a1e18e3b_9.0.30729.9625_none_08e1c10da83fbc83\MSVCP90.dll
0x00007ffee4260000 - 0x00007ffee4277000 	C:\windows\system32\napinsp.dll
0x00007ffee9ae0000 - 0x00007ffee9afb000 	C:\windows\system32\pnrpnsp.dll
0x00007ffeedaf0000 - 0x00007ffeedb05000 	C:\windows\system32\wshbth.dll
0x00007ffeeb9d0000 - 0x00007ffeeb9ed000 	C:\windows\system32\NLAapi.dll
0x00007ffee9e30000 - 0x00007ffee9e42000 	C:\windows\System32\winrnr.dll
0x00007ffef11b0000 - 0x00007ffef1394000 	C:\windows\SYSTEM32\dbghelp.dll

VM Arguments:
jvm_args: -agentlib:jdwp=transport=dt_socket,address=8570,server=y,suspend=y,quiet=y -Xms64m -Xmx500m -Djna.nosys=true -Djava.ext.dirs=C:\Users\aeite\Documents\GitHub\neural_signal_2020\processing-3.5.4\java\lib\ext -Djava.library.path=C:\Program Files\processing-3.5.4\OpenBCI_GUI_feedback\OpenBCI_GUI\code;C:\Users\aeite\Documents\GitHub\neural_signal_2020\processing-3.5.4\core\library;C:\Program Files\processing-3.5.4\libraries\minim\library;C:\Users\aeite\Documents\GitHub\neural_signal_2020\processing-3.5.4\modes\java\libraries\serial\library\windows64;C:\Users\aeite\Documents\GitHub\neural_signal_2020\processing-3.5.4\modes\java\libraries\net\library;C:\Program Files\processing-3.5.4\libraries\grafica\library;C:\Program Files\processing-3.5.4\libraries\GifAnimation\library;C:\Program Files\processing-3.5.4\libraries\oscP5\library;C:\Program Files\processing-3.5.4\libraries\udp\library;C:\Program Files\processing-3.5.4\libraries\LSLLink\library;C:\Program Files\processing-3.5.4\libraries\controlP5\library;C:\Users\aeite\Documents\GitHub\neural_signal_2020\processing-3.5.4\java\bin;C:\windows\system32;C:\windows;C:\windows\system32;C:\windows;C:\windows\System32\Wbem;C:\windows\System32\WindowsPowerShell\v1.0;C:\windows\System32\OpenSSH;C:\Program Files\MATLAB\R2019b\bin;C:\Program Files\PuTTY;C:\Users\aeite\AppData\Local\Microsoft\WindowsApps;C:\Users\aeite\AppData\Local\Programs\Microsoft VS Code\bin;C:\Users\aeite\AppData\Local\GitHubDesktop\bin;C:\Users\aeite\Documents\GitHub\neural_signal_2020\processing-3.5.4\java\bin;. -ea 
java_command: processing.core.PApplet --display=1 --sketch-path=C:\Program Files\processing-3.5.4\OpenBCI_GUI_feedback\OpenBCI_GUI OpenBCI_GUI
java_class_path (initial): C:\Users\aeite\AppData\Local\Temp\OpenBCI_GUI3281363346209583744temp;;C:\Program Files\processing-3.5.4\OpenBCI_GUI_feedback\OpenBCI_GUI\code\LSLLink.jar;C:\Users\aeite\Documents\GitHub\neural_signal_2020\processing-3.5.4\core\library\core.jar;C:\Users\aeite\Documents\GitHub\neural_signal_2020\processing-3.5.4\core\library\gluegen-rt-natives-linux-aarch64.jar;C:\Users\aeite\Documents\GitHub\neural_signal_2020\processing-3.5.4\core\library\gluegen-rt-natives-linux-amd64.jar;C:\Users\aeite\Documents\GitHub\neural_signal_2020\processing-3.5.4\core\library\gluegen-rt-natives-linux-armv6hf.jar;C:\Users\aeite\Documents\GitHub\neural_signal_2020\processing-3.5.4\core\library\gluegen-rt-natives-linux-i586.jar;C:\Users\aeite\Documents\GitHub\neural_signal_2020\processing-3.5.4\core\library\gluegen-rt-natives-macosx-universal.jar;C:\Users\aeite\Documents\GitHub\neural_signal_2020\processing-3.5.4\core\library\gluegen-rt-natives-windows-amd64.jar;C:\Users\aeite\Documents\GitHub\neural_signal_2020\processing-3.5.4\core\library\gluegen-rt-natives-windows-i586.jar;C:\Users\aeite\Documents\GitHub\neural_signal_2020\processing-3.5.4\core\library\gluegen-rt.jar;C:\Users\aeite\Documents\GitHub\neural_signal_2020\processing-3.5.4\core\library\jogl-all-natives-linux-aarch64.jar;C:\Users\aeite\Documents\GitHub\neural_signal_2020\processing-3.5.4\core\library\jogl-all-natives-linux-amd64.jar;C:\Users\aeite\Documents\GitHub\neural_signal_2020\processing-3.5.4\core\library\jogl-all-natives-linux-armv6hf.jar;C:\Users\aeite\Documents\GitHub\neural_signal_2020\processing-3.5.4\core\library\jogl-all-natives-linux-i586.jar;C:\Users\aeite\Documents\GitHub\neural_signal_2020\processing-3.5.4\core\library\jogl-all-natives-macosx-universal.jar;C:\Users\aeite\Documents\GitHub\neural_signal_2020\processing-3.5.4\core\library\jogl-all-natives-windows-amd64.jar;C:\Users\aeite\Documents\GitHub\neural_signal_2020\processing-3.5.4\core\library\jogl-all-natives-windows-i586.jar
Launcher Type: SUN_STANDARD

Environment Variables:
PATH=C:\windows\system32;C:\windows;C:\windows\System32\Wbem;C:\windows\System32\WindowsPowerShell\v1.0\;C:\windows\System32\OpenSSH\;C:\Program Files\MATLAB\R2019b\bin;C:\Program Files\PuTTY\;C:\Users\aeite\AppData\Local\Microsoft\WindowsApps;C:\Users\aeite\AppData\Local\Programs\Microsoft VS Code\bin;C:\Users\aeite\AppData\Local\GitHubDesktop\bin;C:\Users\aeite\Documents\GitHub\neural_signal_2020\processing-3.5.4\java\bin
USERNAME=aeite
OS=Windows_NT
PROCESSOR_IDENTIFIER=Intel64 Family 6 Model 126 Stepping 5, GenuineIntel



---------------  S Y S T E M  ---------------

OS: Windows 10.0 , 64 bit Build 19041 (10.0.19041.1023)

CPU:total 8 (initial active 8) (4 cores per cpu, 2 threads per core) family 6 model 126 stepping 5, cmov, cx8, fxsr, mmx, sse, sse2, sse3, ssse3, sse4.1, sse4.2, popcnt, avx, avx2, aes, clmul, erms, 3dnowpref, lzcnt, ht, tsc, tscinvbit, bmi1, bmi2, adx

Memory: 4k page, physical 8070036k(1600448k free), swap 20128660k(11608944k free)

vm_info: Java HotSpot(TM) 64-Bit Server VM (25.202-b08) for windows-amd64 JRE (1.8.0_202-b08), built on Dec 15 2018 19:54:30 by "java_re" with MS VC++ 10.0 (VS2010)

time: Tue Jul 13 15:35:26 2021
timezone: Mountain Daylight Time
elapsed time: 81 seconds (0d 0h 1m 21s)

