#
# A fatal error has been detected by the Java Runtime Environment:
#
#  EXCEPTION_ACCESS_VIOLATION (0xc0000005) at pc=0x00007ff97dc015e5, pid=1484, tid=0x000000000000278c
#
# JRE version: Java(TM) SE Runtime Environment (8.0_202-b08) (build 1.8.0_202-b08)
# Java VM: Java HotSpot(TM) 64-Bit Server VM (25.202-b08 mixed mode windows-amd64 compressed oops)
# Problematic frame:
# C  [ig11icd64.dll+0x415e5]
#
# Failed to write core dump. Minidumps are not enabled by default on client versions of Windows
#
# If you would like to submit a bug report, please visit:
#   http://bugreport.java.com/bugreport/crash.jsp
#

---------------  T H R E A D  ---------------

Current thread (0x0000000014219800):  VMThread [stack: 0x0000000015f10000,0x0000000016010000] [id=10124]

siginfo: ExceptionCode=0xc0000005, reading address 0x0000000000034868

Registers:
RAX=0x000000002933ae98, RBX=0x000000002933ad60, RCX=0x00000000006070f3, RDX=0x000000002933ae28
RSP=0x000000001600e600, RBP=0x0000000000000000, RSI=0x0000000029334d30, RDI=0x000000001ec3f750
R8 =0x0000000000000000, R9 =0x0000000000000000, R10=0x0000000000000000, R11=0x0000000000000246
R12=0x00000000204a4100, R13=0x0000000000000000, R14=0x000000002933b1f0, R15=0x0000000000000000
RIP=0x00007ff97dc015e5, EFLAGS=0x0000000000010202

Top of Stack: (sp=0x000000001600e600)
0x000000001600e600:   0000000000000000 0000000000000000
0x000000001600e610:   0000ce0bfd04c5a7 0000005400000000
0x000000001600e620:   00000000000000a8 0000000000000000
0x000000001600e630:   0000000000607d1f 00000000204a4180
0x000000001600e640:   0000b802059300a8 00007ff97dbe4a56
0x000000001600e650:   0000000000c0f960 000000001ec3f750
0x000000001600e660:   000000001600e750 0000000000000000
0x000000001600e670:   0000000000000000 0000000000000000
0x000000001600e680:   000000000085d000 00007ff9b8409398
0x000000001600e690:   00005bfc1600e800 0000000000000000
0x000000001600e6a0:   0000000000000000 000000001600e960
0x000000001600e6b0:   0000ce0bfd04c037 00007ff9be4cc3c8
0x000000001600e6c0:   0000000000000001 000000001600e7a0
0x000000001600e6d0:   00000000204a4ad8 00000000204a5440
0x000000001600e6e0:   0000000000000000 00000000204a5448
0x000000001600e6f0:   0000b802059300a8 0000000000005e94 

Instructions: (pc=0x00007ff97dc015e5)
0x00007ff97dc015c5:   1d 8b c1 83 e0 0f 48 6b c0 38 48 03 c2 48 85 c0
0x00007ff97dc015d5:   74 0c 48 8b 48 08 eb 08 48 83 c0 08 eb ef 33 c9
0x00007ff97dc015e5:   48 3b 8d 68 48 03 00 76 6b 48 8b 87 80 02 00 00
0x00007ff97dc015f5:   49 89 06 48 89 9f 80 02 00 00 ff 87 88 02 00 00 


Register to memory mapping:

RAX=0x000000002933ae98 is an unknown value
RBX=0x000000002933ad60 is an unknown value
RCX=0x00000000006070f3 is an unknown value
RDX=0x000000002933ae28 is an unknown value
RSP=0x000000001600e600 is an unknown value
RBP=0x0000000000000000 is an unknown value
RSI=0x0000000029334d30 is an unknown value
RDI=0x000000001ec3f750 is an unknown value
R8 =0x0000000000000000 is an unknown value
R9 =0x0000000000000000 is an unknown value
R10=0x0000000000000000 is an unknown value
R11=0x0000000000000246 is an unknown value
R12=0x00000000204a4100 is an unknown value
R13=0x0000000000000000 is an unknown value
R14=0x000000002933b1f0 is an unknown value
R15=0x0000000000000000 is an unknown value


Stack: [0x0000000015f10000,0x0000000016010000],  sp=0x000000001600e600,  free space=1017k
Native frames: (J=compiled Java code, j=interpreted, Vv=VM code, C=native code)

VM_Operation (0x0000000017d4e490): Exit, mode: safepoint, requested by thread 0x0000000018d2c000


---------------  P R O C E S S  ---------------

Java Threads: ( => current thread )
  0x000000001902a000 JavaThread "AWT-Shutdown" [_thread_blocked, id=1448, stack(0x0000000019ed0000,0x0000000019fd0000)]
  0x0000000018d2c000 JavaThread "main-FPSAWTAnimator#00-Timer0-FPSAWTAnimator#00-Timer1-FPSAWTAnimator#00-Timer2" [_thread_blocked, id=8340, stack(0x0000000017c50000,0x0000000017d50000)]
  0x0000000002ae4000 JavaThread "DestroyJavaVM" [_thread_blocked, id=11000, stack(0x0000000002930000,0x0000000002a30000)]
  0x00000000183bf800 JavaThread "HighResTimerThread" daemon [_thread_blocked, id=7076, stack(0x0000000020be0000,0x0000000020ce0000)]
  0x00000000175ca000 JavaThread "Timer-0" daemon [_thread_blocked, id=11968, stack(0x0000000017fe0000,0x00000000180e0000)]
  0x000000001744b000 JavaThread "Java2D Disposer" daemon [_thread_blocked, id=15884, stack(0x0000000017b50000,0x0000000017c50000)]
  0x00000000160f7800 JavaThread "Service Thread" daemon [_thread_blocked, id=10068, stack(0x0000000017010000,0x0000000017110000)]
  0x000000001606a800 JavaThread "C1 CompilerThread3" daemon [_thread_blocked, id=9796, stack(0x0000000016f10000,0x0000000017010000)]
  0x000000001606a000 JavaThread "C2 CompilerThread2" daemon [_thread_blocked, id=12108, stack(0x0000000016e10000,0x0000000016f10000)]
  0x0000000016069000 JavaThread "C2 CompilerThread1" daemon [_thread_blocked, id=14172, stack(0x0000000016d10000,0x0000000016e10000)]
  0x0000000016063800 JavaThread "C2 CompilerThread0" daemon [_thread_blocked, id=13768, stack(0x0000000016c10000,0x0000000016d10000)]
  0x0000000016054000 JavaThread "JDWP Command Reader" daemon [_thread_blocked, id=11808, stack(0x0000000016b10000,0x0000000016c10000)]
  0x0000000016050800 JavaThread "JDWP Event Helper Thread" daemon [_thread_blocked, id=4324, stack(0x0000000016a10000,0x0000000016b10000)]
  0x0000000016044800 JavaThread "JDWP Transport Listener: dt_socket" daemon [_thread_blocked, id=16124, stack(0x0000000016910000,0x0000000016a10000)]
  0x000000001603b000 JavaThread "Attach Listener" daemon [_thread_blocked, id=3924, stack(0x0000000016810000,0x0000000016910000)]
  0x000000001603a800 JavaThread "Signal Dispatcher" daemon [_thread_blocked, id=5032, stack(0x0000000016710000,0x0000000016810000)]
  0x0000000016031800 JavaThread "Finalizer" daemon [_thread_blocked, id=17316, stack(0x0000000016510000,0x0000000016610000)]
  0x0000000016030800 JavaThread "Reference Handler" daemon [_thread_blocked, id=1732, stack(0x0000000016410000,0x0000000016510000)]

Other Threads:
=>0x0000000014219800 VMThread [stack: 0x0000000015f10000,0x0000000016010000] [id=10124]

VM state:at safepoint (shutting down)

VM Mutex/Monitor currently owned by a thread:  ([mutex/lock_event])
[0x0000000002ae1050] Threads_lock - owner thread: 0x0000000014219800

heap address: 0x00000000e3e00000, size: 450 MB, Compressed Oops mode: 32-bit
Narrow klass base: 0x0000000000000000, Narrow klass shift: 3
Compressed class space size: 1073741824 Address: 0x0000000100000000

Heap:
 PSYoungGen      total 31744K, used 29314K [0x00000000f6a00000, 0x00000000f9b80000, 0x0000000100000000)
  eden space 31232K, 92% used [0x00000000f6a00000,0x00000000f863ea28,0x00000000f8880000)
  from space 512K, 76% used [0x00000000f8900000,0x00000000f8961fc0,0x00000000f8980000)
  to   space 9728K, 0% used [0x00000000f9200000,0x00000000f9200000,0x00000000f9b80000)
 ParOldGen       total 125952K, used 62672K [0x00000000e3e00000, 0x00000000eb900000, 0x00000000f6a00000)
  object space 125952K, 49% used [0x00000000e3e00000,0x00000000e7b341a0,0x00000000eb900000)
 Metaspace       used 23950K, capacity 24206K, committed 24448K, reserved 1071104K
  class space    used 2045K, capacity 2141K, committed 2176K, reserved 1048576K

Card table byte_map: [0x0000000011fa0000,0x0000000012090000] byte_map_base: 0x0000000011881000

Marking Bits: (ParMarkBitMap*) 0x000000005fd75ce0
 Begin Bits: [0x0000000012930000, 0x0000000013038000)
 End Bits:   [0x0000000013038000, 0x0000000013740000)

Polling page: 0x0000000002a30000

CodeCache: size=245760Kb used=13552Kb max_used=14537Kb free=232207Kb
 bounds [0x0000000002be0000, 0x0000000003a50000, 0x0000000011be0000]
 total_blobs=4312 nmethods=3321 adapters=910
 compilation: enabled

Compilation events (10 events):
Event: 109.882 Thread 0x000000001606a800 4194       3       java.util.TreeMap::rightOf (13 bytes)
Event: 109.882 Thread 0x000000001606a800 nmethod 4194 0x0000000003680850 code [0x00000000036809a0, 0x0000000003680b30]
Event: 109.902 Thread 0x000000001606a800 4196       3       java.util.logging.LogManager$LoggerContext::ensureDefaultLogger (70 bytes)
Event: 109.909 Thread 0x000000001606a800 nmethod 4196 0x00000000036d3e90 code [0x00000000036d4040, 0x00000000036d48e8]
Event: 109.910 Thread 0x000000001606a800 4198       3       java.util.Hashtable$Enumerator::hasMoreElements (53 bytes)
Event: 109.911 Thread 0x000000001606a800 nmethod 4198 0x00000000030b91d0 code [0x00000000030b9340, 0x00000000030b9610]
Event: 109.912 Thread 0x000000001606a800 4197  s    3       java.util.Hashtable::containsKey (65 bytes)
Event: 109.913 Thread 0x000000001606a800 nmethod 4197 0x0000000003319290 code [0x0000000003319420, 0x0000000003319a58]
Event: 109.913 Thread 0x000000001606a800 4199       1       java.io.StringWriter::getBuffer (5 bytes)
Event: 109.913 Thread 0x000000001606a800 nmethod 4199 0x00000000039d6810 code [0x00000000039d6960, 0x00000000039d6a70]

GC Heap History (10 events):
Event: 95.927 GC heap before
{Heap before GC invocations=41 (full 2):
 PSYoungGen      total 46080K, used 34151K [0x00000000f6a00000, 0x00000000fa600000, 0x0000000100000000)
  eden space 33792K, 100% used [0x00000000f6a00000,0x00000000f8b00000,0x00000000f8b00000)
  from space 12288K, 2% used [0x00000000f9a00000,0x00000000f9a59fc0,0x00000000fa600000)
  to   space 13824K, 0% used [0x00000000f8b00000,0x00000000f8b00000,0x00000000f9880000)
 ParOldGen       total 125952K, used 62664K [0x00000000e3e00000, 0x00000000eb900000, 0x00000000f6a00000)
  object space 125952K, 49% used [0x00000000e3e00000,0x00000000e7b321a0,0x00000000eb900000)
 Metaspace       used 23891K, capacity 24104K, committed 24448K, reserved 1071104K
  class space    used 2038K, capacity 2108K, committed 2176K, reserved 1048576K
Event: 95.929 GC heap after
Heap after GC invocations=41 (full 2):
 PSYoungGen      total 33792K, used 423K [0x00000000f6a00000, 0x00000000fa380000, 0x0000000100000000)
  eden space 33280K, 0% used [0x00000000f6a00000,0x00000000f6a00000,0x00000000f8a80000)
  from space 512K, 82% used [0x00000000f8b00000,0x00000000f8b69fc0,0x00000000f8b80000)
  to   space 12800K, 0% used [0x00000000f9700000,0x00000000f9700000,0x00000000fa380000)
 ParOldGen       total 125952K, used 62664K [0x00000000e3e00000, 0x00000000eb900000, 0x00000000f6a00000)
  object space 125952K, 49% used [0x00000000e3e00000,0x00000000e7b321a0,0x00000000eb900000)
 Metaspace       used 23891K, capacity 24104K, committed 24448K, reserved 1071104K
  class space    used 2038K, capacity 2108K, committed 2176K, reserved 1048576K
}
Event: 98.918 GC heap before
{Heap before GC invocations=42 (full 2):
 PSYoungGen      total 33792K, used 33703K [0x00000000f6a00000, 0x00000000fa380000, 0x0000000100000000)
  eden space 33280K, 100% used [0x00000000f6a00000,0x00000000f8a80000,0x00000000f8a80000)
  from space 512K, 82% used [0x00000000f8b00000,0x00000000f8b69fc0,0x00000000f8b80000)
  to   space 12800K, 0% used [0x00000000f9700000,0x00000000f9700000,0x00000000fa380000)
 ParOldGen       total 125952K, used 62664K [0x00000000e3e00000, 0x00000000eb900000, 0x00000000f6a00000)
  object space 125952K, 49% used [0x00000000e3e00000,0x00000000e7b321a0,0x00000000eb900000)
 Metaspace       used 23891K, capacity 24104K, committed 24448K, reserved 1071104K
  class space    used 2038K, capacity 2108K, committed 2176K, reserved 1048576K
Event: 98.920 GC heap after
Heap after GC invocations=42 (full 2):
 PSYoungGen      total 43008K, used 405K [0x00000000f6a00000, 0x00000000fa100000, 0x0000000100000000)
  eden space 32768K, 0% used [0x00000000f6a00000,0x00000000f6a00000,0x00000000f8a00000)
  from space 10240K, 3% used [0x00000000f9700000,0x00000000f97657d0,0x00000000fa100000)
  to   space 11776K, 0% used [0x00000000f8a00000,0x00000000f8a00000,0x00000000f9580000)
 ParOldGen       total 125952K, used 62664K [0x00000000e3e00000, 0x00000000eb900000, 0x00000000f6a00000)
  object space 125952K, 49% used [0x00000000e3e00000,0x00000000e7b321a0,0x00000000eb900000)
 Metaspace       used 23891K, capacity 24104K, committed 24448K, reserved 1071104K
  class space    used 2038K, capacity 2108K, committed 2176K, reserved 1048576K
}
Event: 101.786 GC heap before
{Heap before GC invocations=43 (full 2):
 PSYoungGen      total 43008K, used 33173K [0x00000000f6a00000, 0x00000000fa100000, 0x0000000100000000)
  eden space 32768K, 100% used [0x00000000f6a00000,0x00000000f8a00000,0x00000000f8a00000)
  from space 10240K, 3% used [0x00000000f9700000,0x00000000f97657d0,0x00000000fa100000)
  to   space 11776K, 0% used [0x00000000f8a00000,0x00000000f8a00000,0x00000000f9580000)
 ParOldGen       total 125952K, used 62664K [0x00000000e3e00000, 0x00000000eb900000, 0x00000000f6a00000)
  object space 125952K, 49% used [0x00000000e3e00000,0x00000000e7b321a0,0x00000000eb900000)
 Metaspace       used 23891K, capacity 24104K, committed 24448K, reserved 1071104K
  class space    used 2038K, capacity 2108K, committed 2176K, reserved 1048576K
Event: 101.788 GC heap after
Heap after GC invocations=43 (full 2):
 PSYoungGen      total 32768K, used 391K [0x00000000f6a00000, 0x00000000f9f80000, 0x0000000100000000)
  eden space 32256K, 0% used [0x00000000f6a00000,0x00000000f6a00000,0x00000000f8980000)
  from space 512K, 76% used [0x00000000f8a00000,0x00000000f8a61fc0,0x00000000f8a80000)
  to   space 11264K, 0% used [0x00000000f9480000,0x00000000f9480000,0x00000000f9f80000)
 ParOldGen       total 125952K, used 62664K [0x00000000e3e00000, 0x00000000eb900000, 0x00000000f6a00000)
  object space 125952K, 49% used [0x00000000e3e00000,0x00000000e7b321a0,0x00000000eb900000)
 Metaspace       used 23891K, capacity 24104K, committed 24448K, reserved 1071104K
  class space    used 2038K, capacity 2108K, committed 2176K, reserved 1048576K
}
Event: 104.697 GC heap before
{Heap before GC invocations=44 (full 2):
 PSYoungGen      total 32768K, used 32647K [0x00000000f6a00000, 0x00000000f9f80000, 0x0000000100000000)
  eden space 32256K, 100% used [0x00000000f6a00000,0x00000000f8980000,0x00000000f8980000)
  from space 512K, 76% used [0x00000000f8a00000,0x00000000f8a61fc0,0x00000000f8a80000)
  to   space 11264K, 0% used [0x00000000f9480000,0x00000000f9480000,0x00000000f9f80000)
 ParOldGen       total 125952K, used 62664K [0x00000000e3e00000, 0x00000000eb900000, 0x00000000f6a00000)
  object space 125952K, 49% used [0x00000000e3e00000,0x00000000e7b321a0,0x00000000eb900000)
 Metaspace       used 23891K, capacity 24104K, committed 24448K, reserved 1071104K
  class space    used 2038K, capacity 2108K, committed 2176K, reserved 1048576K
Event: 104.699 GC heap after
Heap after GC invocations=44 (full 2):
 PSYoungGen      total 40448K, used 391K [0x00000000f6a00000, 0x00000000f9d00000, 0x0000000100000000)
  eden space 31744K, 0% used [0x00000000f6a00000,0x00000000f6a00000,0x00000000f8900000)
  from space 8704K, 4% used [0x00000000f9480000,0x00000000f94e1fc0,0x00000000f9d00000)
  to   space 10240K, 0% used [0x00000000f8900000,0x00000000f8900000,0x00000000f9300000)
 ParOldGen       total 125952K, used 62672K [0x00000000e3e00000, 0x00000000eb900000, 0x00000000f6a00000)
  object space 125952K, 49% used [0x00000000e3e00000,0x00000000e7b341a0,0x00000000eb900000)
 Metaspace       used 23891K, capacity 24104K, committed 24448K, reserved 1071104K
  class space    used 2038K, capacity 2108K, committed 2176K, reserved 1048576K
}
Event: 107.564 GC heap before
{Heap before GC invocations=45 (full 2):
 PSYoungGen      total 40448K, used 32135K [0x00000000f6a00000, 0x00000000f9d00000, 0x0000000100000000)
  eden space 31744K, 100% used [0x00000000f6a00000,0x00000000f8900000,0x00000000f8900000)
  from space 8704K, 4% used [0x00000000f9480000,0x00000000f94e1fc0,0x00000000f9d00000)
  to   space 10240K, 0% used [0x00000000f8900000,0x00000000f8900000,0x00000000f9300000)
 ParOldGen       total 125952K, used 62672K [0x00000000e3e00000, 0x00000000eb900000, 0x00000000f6a00000)
  object space 125952K, 49% used [0x00000000e3e00000,0x00000000e7b341a0,0x00000000eb900000)
 Metaspace       used 23891K, capacity 24104K, committed 24448K, reserved 1071104K
  class space    used 2038K, capacity 2108K, committed 2176K, reserved 1048576K
Event: 107.567 GC heap after
Heap after GC invocations=45 (full 2):
 PSYoungGen      total 31744K, used 391K [0x00000000f6a00000, 0x00000000f9b80000, 0x0000000100000000)
  eden space 31232K, 0% used [0x00000000f6a00000,0x00000000f6a00000,0x00000000f8880000)
  from space 512K, 76% used [0x00000000f8900000,0x00000000f8961fc0,0x00000000f8980000)
  to   space 9728K, 0% used [0x00000000f9200000,0x00000000f9200000,0x00000000f9b80000)
 ParOldGen       total 125952K, used 62672K [0x00000000e3e00000, 0x00000000eb900000, 0x00000000f6a00000)
  object space 125952K, 49% used [0x00000000e3e00000,0x00000000e7b341a0,0x00000000eb900000)
 Metaspace       used 23891K, capacity 24104K, committed 24448K, reserved 1071104K
  class space    used 2038K, capacity 2108K, committed 2176K, reserved 1048576K
}

Deoptimization events (10 events):
Event: 47.403 Thread 0x0000000018d2c000 Uncommon trap: reason=speculate_class_check action=maybe_recompile pc=0x00000000033e3da8 method=com.jogamp.common.nio.Buffers.getDirectBufferByteOffset(Ljava/lang/Object;)I @ 53
Event: 47.437 Thread 0x0000000018d2c000 Uncommon trap: reason=speculate_class_check action=maybe_recompile pc=0x00000000033e3da8 method=com.jogamp.common.nio.Buffers.getDirectBufferByteOffset(Ljava/lang/Object;)I @ 53
Event: 78.035 Thread 0x0000000018d29000 Uncommon trap: reason=unstable_if action=reinterpret pc=0x0000000003a22a28 method=OpenBCI_GUI$Hub.processData(Lprocessing/data/JSONObject;)V @ 130
Event: 90.095 Thread 0x0000000018d2c000 Uncommon trap: reason=unstable_if action=reinterpret pc=0x00000000032a8a80 method=OpenBCI_GUI$Widget.updateDropdowns()V @ 223
Event: 90.130 Thread 0x0000000018d2c000 Uncommon trap: reason=unstable_if action=reinterpret pc=0x00000000039fc440 method=controlP5.ScrollableList$ScrollableListView.display(Lprocessing/core/PGraphics;LcontrolP5/ScrollableList;)V @ 481
Event: 90.681 Thread 0x0000000018d29000 Uncommon trap: reason=unstable_if action=reinterpret pc=0x0000000003a04914 method=OpenBCI_GUI$Hub.parseMessage(Ljava/lang/String;)V @ 103
Event: 109.898 Thread 0x0000000018d29000 Uncommon trap: reason=unstable_if action=reinterpret pc=0x00000000033e31c4 method=java.net.AbstractPlainSocketImpl.releaseFD()V @ 22
Event: 109.907 Thread 0x0000000017850800 Uncommon trap: reason=unstable_if action=reinterpret pc=0x0000000003229278 method=jogamp.newt.DisplayImpl.dispatchMessages()V @ 5
Event: 109.930 Thread 0x000000001798f000 Uncommon trap: reason=class_check action=maybe_recompile pc=0x00000000036905a0 method=jogamp.opengl.GLDrawableImpl.lockSurface()I @ 4
Event: 109.930 Thread 0x000000001798f000 Uncommon trap: reason=class_check action=maybe_recompile pc=0x00000000036905a0 method=jogamp.opengl.GLDrawableImpl.lockSurface()I @ 4

Classes redefined (0 events):
No events

Internal exceptions (10 events):
Event: 13.372 Thread 0x0000000018409000 Exception <a 'java/lang/NullPointerException'> (0x00000000f6ccd2d0) thrown at [C:\re\workspace\8-2-build-windows-amd64-cygwin\jdk8u202\12323\hotspot\src\share\vm\interpreter\linkResolver.cpp, line 1185]
Event: 14.390 Thread 0x0000000018409000 Exception <a 'java/lang/ClassNotFoundException': sun/net/www/protocol/c/Handler> (0x00000000f7fe95c8) thrown at [C:\re\workspace\8-2-build-windows-amd64-cygwin\jdk8u202\12323\hotspot\src\share\vm\classfile\systemDictionary.cpp, line 210]
Event: 21.275 Thread 0x0000000018d29000 Exception <a 'java/lang/NullPointerException'> (0x00000000f9ace808) thrown at [C:\re\workspace\8-2-build-windows-amd64-cygwin\jdk8u202\12323\hotspot\src\share\vm\interpreter\linkResolver.cpp, line 1185]
Event: 25.248 Thread 0x0000000018d2c000 Exception <a 'java/lang/NullPointerException'> (0x00000000f6f74c18) thrown at [C:\re\workspace\8-2-build-windows-amd64-cygwin\jdk8u202\12323\hotspot\src\share\vm\interpreter\linkResolver.cpp, line 1185]
Event: 25.248 Thread 0x0000000018d2c000 Exception <a 'java/lang/NullPointerException'> (0x00000000f6f75a08) thrown at [C:\re\workspace\8-2-build-windows-amd64-cygwin\jdk8u202\12323\hotspot\src\share\vm\interpreter\linkResolver.cpp, line 1185]
Event: 25.292 Thread 0x0000000018d2c000 Exception <a 'java/lang/UnsatisfiedLinkError': The specified module could not be found.
> (0x00000000f713c558) thrown at [C:\re\workspace\8-2-build-windows-amd64-cygwin\jdk8u202\12323\hotspot\src\share\vm\prims\jni.cpp, line 736]
Event: 25.292 Thread 0x0000000018d2c000 Exception <a 'java/lang/UnsatisfiedLinkError': The specified module could not be found.
> (0x00000000f713cd78) thrown at [C:\re\workspace\8-2-build-windows-amd64-cygwin\jdk8u202\12323\hotspot\src\share\vm\prims\jni.cpp, line 736]
Event: 25.293 Thread 0x0000000018d2c000 Exception <a 'java/lang/UnsatisfiedLinkError': The specified module could not be found.
> (0x00000000f713d478) thrown at [C:\re\workspace\8-2-build-windows-amd64-cygwin\jdk8u202\12323\hotspot\src\share\vm\prims\jni.cpp, line 736]
Event: 109.878 Thread 0x00000000183c0000 Exception <a 'java/lang/InterruptedException'> (0x00000000f8379fb0) thrown at [C:\re\workspace\8-2-build-windows-amd64-cygwin\jdk8u202\12323\hotspot\src\share\vm\runtime\objectMonitor.cpp, line 1684]
Event: 109.879 Thread 0x0000000018d29000 Exception <a 'java/net/SocketException': Socket closed> (0x00000000f83ae0f0) thrown at [C:\re\workspace\8-2-build-windows-amd64-cygwin\jdk8u202\12323\hotspot\src\share\vm\prims\jni.cpp, line 736]

Events (10 events):
Event: 109.956 loading class jogamp/opengl/egl/EGLDisplayUtil$1 done
Event: 109.956 Thread 0x0000000019026800 DEOPT PACKING pc=0x0000000002e07601 sp=0x0000000020ddd950
Event: 109.956 Thread 0x0000000019026800 DEOPT UNPACKING pc=0x0000000002c27890 sp=0x0000000020ddd6a0 mode 1
Event: 109.956 Thread 0x0000000019026800 DEOPT PACKING pc=0x0000000002d2851c sp=0x0000000020ddd9d0
Event: 109.957 Thread 0x0000000019026800 DEOPT UNPACKING pc=0x0000000002c27890 sp=0x0000000020ddd7f0 mode 1
Event: 109.957 Thread 0x0000000019026800 DEOPT PACKING pc=0x0000000002d282b4 sp=0x0000000020dddb60
Event: 109.957 Thread 0x0000000019026800 DEOPT UNPACKING pc=0x0000000002c27890 sp=0x0000000020ddd980 mode 1
Event: 109.958 Thread 0x0000000019026800 Thread exited: 0x0000000019026800
Event: 110.006 Thread 0x0000000019029800 Thread exited: 0x0000000019029800
Event: 110.007 Executing VM operation: Exit


Dynamic libraries:
0x00007ff7255e0000 - 0x00007ff725617000 	C:\Program Files\processing-3.5.4\java\bin\java.exe
0x00007ff9be4b0000 - 0x00007ff9be6a5000 	C:\windows\SYSTEM32\ntdll.dll
0x00007ff9bd3f0000 - 0x00007ff9bd4ad000 	C:\windows\System32\KERNEL32.DLL
0x00007ff9bc240000 - 0x00007ff9bc508000 	C:\windows\System32\KERNELBASE.dll
0x00007ff9bd9a0000 - 0x00007ff9bda4c000 	C:\windows\System32\ADVAPI32.dll
0x00007ff9bd120000 - 0x00007ff9bd1be000 	C:\windows\System32\msvcrt.dll
0x00007ff9be2f0000 - 0x00007ff9be38b000 	C:\windows\System32\sechost.dll
0x00007ff9bd810000 - 0x00007ff9bd93b000 	C:\windows\System32\RPCRT4.dll
0x00007ff9bd1c0000 - 0x00007ff9bd360000 	C:\windows\System32\USER32.dll
0x00007ff9bbe80000 - 0x00007ff9bbea2000 	C:\windows\System32\win32u.dll
0x00007ff9bd4b0000 - 0x00007ff9bd4da000 	C:\windows\System32\GDI32.dll
0x00007ff9bbf00000 - 0x00007ff9bc00b000 	C:\windows\System32\gdi32full.dll
0x00007ff9bbc80000 - 0x00007ff9bbd1d000 	C:\windows\System32\msvcp_win.dll
0x00007ff9bc090000 - 0x00007ff9bc190000 	C:\windows\System32\ucrtbase.dll
0x00007ff99e740000 - 0x00007ff99e9da000 	C:\windows\WinSxS\amd64_microsoft.windows.common-controls_6595b64144ccf1df_6.0.19041.844_none_ca00b6081b84eb1d\COMCTL32.dll
0x00007ff9bd780000 - 0x00007ff9bd7b0000 	C:\windows\System32\IMM32.DLL
0x000000005fe00000 - 0x000000005fed2000 	C:\Program Files\processing-3.5.4\java\bin\msvcr100.dll
0x000000005f550000 - 0x000000005fdf5000 	C:\Program Files\processing-3.5.4\java\bin\server\jvm.dll
0x00007ff9bd770000 - 0x00007ff9bd778000 	C:\windows\System32\PSAPI.DLL
0x00007ff9b4ff0000 - 0x00007ff9b4ff9000 	C:\windows\SYSTEM32\WSOCK32.dll
0x00007ff9a5580000 - 0x00007ff9a55a7000 	C:\windows\SYSTEM32\WINMM.dll
0x00007ff9b5530000 - 0x00007ff9b553a000 	C:\windows\SYSTEM32\VERSION.dll
0x00007ff9be280000 - 0x00007ff9be2eb000 	C:\windows\System32\WS2_32.dll
0x00007ff9b4f00000 - 0x00007ff9b4f0f000 	C:\Program Files\processing-3.5.4\java\bin\verify.dll
0x00007ff9a68f0000 - 0x00007ff9a6919000 	C:\Program Files\processing-3.5.4\java\bin\java.dll
0x00007ff9a3890000 - 0x00007ff9a38c5000 	C:\Program Files\processing-3.5.4\java\bin\jdwp.dll
0x00007ff9b4e00000 - 0x00007ff9b4e08000 	C:\Program Files\processing-3.5.4\java\bin\npt.dll
0x00007ff9ad630000 - 0x00007ff9ad646000 	C:\Program Files\processing-3.5.4\java\bin\zip.dll
0x00007ff9bc510000 - 0x00007ff9bcc52000 	C:\windows\System32\SHELL32.dll
0x00007ff9b9a00000 - 0x00007ff9ba191000 	C:\windows\SYSTEM32\windows.storage.dll
0x00007ff9bdec0000 - 0x00007ff9be215000 	C:\windows\System32\combase.dll
0x00007ff9bb660000 - 0x00007ff9bb68c000 	C:\windows\SYSTEM32\Wldp.dll
0x00007ff9bcec0000 - 0x00007ff9bcf6e000 	C:\windows\System32\SHCORE.dll
0x00007ff9bd940000 - 0x00007ff9bd995000 	C:\windows\System32\shlwapi.dll
0x00007ff9bbb30000 - 0x00007ff9bbb4f000 	C:\windows\SYSTEM32\profapi.dll
0x00007ff9b44a0000 - 0x00007ff9b44a9000 	C:\Program Files\processing-3.5.4\java\bin\dt_socket.dll
0x00007ff9bb3d0000 - 0x00007ff9bb43a000 	C:\windows\system32\mswsock.dll
0x00007ff98f530000 - 0x00007ff98f6c9000 	C:\Program Files\processing-3.5.4\java\bin\awt.dll
0x00007ff9bd4f0000 - 0x00007ff9bd5bd000 	C:\windows\System32\OLEAUT32.dll
0x00007ff9b8f70000 - 0x00007ff9b9000000 	C:\windows\SYSTEM32\apphelp.dll
0x00007ff9b90a0000 - 0x00007ff9b913e000 	C:\windows\system32\uxtheme.dll
0x00007ff9bd650000 - 0x00007ff9bd765000 	C:\windows\System32\MSCTF.dll
0x00007ff9bcc60000 - 0x00007ff9bcd8a000 	C:\windows\System32\ole32.dll
0x00007ff9ba510000 - 0x00007ff9ba522000 	C:\windows\SYSTEM32\kernel.appcore.dll
0x00007ff9bc010000 - 0x00007ff9bc090000 	C:\windows\System32\bcryptPrimitives.dll
0x0000000071100000 - 0x0000000071125000 	C:\Program Files\processing-3.5.4\modes\java\libraries\serial\library\windows64\jSSC-2.8.dll
0x00007ff9b9310000 - 0x00007ff9b933f000 	C:\windows\system32\DWMAPI.DLL
0x00007ff995350000 - 0x00007ff995476000 	C:\windows\system32\opengl32.dll
0x00007ff997730000 - 0x00007ff99775c000 	C:\windows\SYSTEM32\GLU32.dll
0x00007ff9bb5a0000 - 0x00007ff9bb5b8000 	C:\windows\SYSTEM32\CRYPTSP.dll
0x00007ff9bad00000 - 0x00007ff9bad34000 	C:\windows\system32\rsaenh.dll
0x00007ff9bbc50000 - 0x00007ff9bbc77000 	C:\windows\System32\bcrypt.dll
0x00007ff9bbaf0000 - 0x00007ff9bbb1e000 	C:\windows\SYSTEM32\USERENV.dll
0x00007ff9bb5c0000 - 0x00007ff9bb5cc000 	C:\windows\SYSTEM32\CRYPTBASE.dll
0x00007ff9ad130000 - 0x00007ff9ad14a000 	C:\Program Files\processing-3.5.4\java\bin\net.dll
0x00007ff9ab9d0000 - 0x00007ff9abbbe000 	C:\windows\SYSTEM32\urlmon.dll
0x00007ff9a6950000 - 0x00007ff9a6c00000 	C:\windows\SYSTEM32\iertutil.dll
0x00007ff9bb070000 - 0x00007ff9bb0ab000 	C:\windows\SYSTEM32\IPHLPAPI.DLL
0x00007ff9bd5c0000 - 0x00007ff9bd5c8000 	C:\windows\System32\NSI.dll
0x00007ff9ba1c0000 - 0x00007ff9ba1d7000 	C:\windows\SYSTEM32\dhcpcsvc6.DLL
0x00007ff9ba1a0000 - 0x00007ff9ba1bd000 	C:\windows\SYSTEM32\dhcpcsvc.DLL
0x00007ff9bb0b0000 - 0x00007ff9bb17c000 	C:\windows\SYSTEM32\DNSAPI.dll
0x00007ff9ac190000 - 0x00007ff9ac1a2000 	C:\Program Files\processing-3.5.4\java\bin\nio.dll
0x00000000637c0000 - 0x00000000637cd000 	C:\Users\aeite\AppData\Local\Temp\jogamp_0000\file_cache\jln1821439522223232324\jln7169924707357776158\natives\windows-amd64\gluegen-rt.dll
0x00007ff9b31c0000 - 0x00007ff9b31c7000 	C:\Program Files\processing-3.5.4\java\bin\jawt.dll
0x000000006a440000 - 0x000000006a44d000 	C:\Users\aeite\AppData\Local\Temp\jogamp_0000\file_cache\jln1821439522223232324\jln7169924707357776158\natives\windows-amd64\nativewindow_awt.dll
0x000000006c100000 - 0x000000006c10f000 	C:\Users\aeite\AppData\Local\Temp\jogamp_0000\file_cache\jln1821439522223232324\jln7169924707357776158\natives\windows-amd64\nativewindow_win32.dll
0x000000006cbc0000 - 0x000000006cbd3000 	C:\Users\aeite\AppData\Local\Temp\jogamp_0000\file_cache\jln1821439522223232324\jln7169924707357776158\natives\windows-amd64\newt.dll
0x00007ff9b6850000 - 0x00007ff9b68fe000 	C:\windows\SYSTEM32\mscms.dll
0x00007ff9b6700000 - 0x00007ff9b6711000 	C:\windows\SYSTEM32\ColorAdapterClient.dll
0x00007ff9a1660000 - 0x00007ff9a16a3000 	C:\windows\SYSTEM32\icm32.dll
0x00007ff9bda50000 - 0x00007ff9bdeb9000 	C:\windows\System32\setupapi.dll
0x00007ff9bbeb0000 - 0x00007ff9bbefe000 	C:\windows\System32\cfgmgr32.dll
0x00007ff9bb9a0000 - 0x00007ff9bb9cc000 	C:\windows\SYSTEM32\DEVOBJ.dll
0x00007ff9bbbf0000 - 0x00007ff9bbc50000 	C:\windows\System32\WINTRUST.dll
0x00007ff9bbd20000 - 0x00007ff9bbe7f000 	C:\windows\System32\CRYPT32.dll
0x00007ff9bb7e0000 - 0x00007ff9bb7f2000 	C:\windows\SYSTEM32\MSASN1.dll
0x0000000064500000 - 0x00000000645b1000 	C:\Users\aeite\AppData\Local\Temp\jogamp_0000\file_cache\jln1821439522223232324\jln7169924707357776158\natives\windows-amd64\jogl_desktop.dll
0x0000000064340000 - 0x00000000643a2000 	C:\Users\aeite\AppData\Local\Temp\jogamp_0000\file_cache\jln1821439522223232324\jln7169924707357776158\natives\windows-amd64\jogl_mobile.dll
0x00007ff9bcd90000 - 0x00007ff9bce39000 	C:\windows\System32\clbcatq.dll
0x00007ff97dbc0000 - 0x00007ff97eb07000 	C:\windows\System32\DriverStore\FileRepository\iigd_dch.inf_amd64_ada2367baaae74c0\ig11icd64.dll
0x00007ff9ba530000 - 0x00007ff9ba623000 	C:\windows\system32\dxgi.dll
0x00007ff9aa890000 - 0x00007ff9aa8cb000 	C:\windows\SYSTEM32\dxcore.dll
0x00007ff9a91f0000 - 0x00007ff9a9394000 	C:\windows\System32\DriverStore\FileRepository\iigd_dch.inf_amd64_ada2367baaae74c0\igdgmm64.dll
0x00007ff9a6da0000 - 0x00007ff9a91e9000 	C:\windows\System32\DriverStore\FileRepository\iigd_dch.inf_amd64_ada2367baaae74c0\igc64.dll
0x00007ff9bb1e0000 - 0x00007ff9bb22b000 	C:\windows\SYSTEM32\powrprof.dll
0x00007ff9bb050000 - 0x00007ff9bb062000 	C:\windows\SYSTEM32\UMPDC.dll
0x00007ff9a1090000 - 0x00007ff9a1189000 	C:\windows\SYSTEM32\textinputframework.dll
0x00007ff9b8d40000 - 0x00007ff9b8e32000 	C:\windows\System32\CoreMessaging.dll
0x00007ff9b89e0000 - 0x00007ff9b8d3e000 	C:\windows\System32\CoreUIComponents.dll
0x00007ff9b8310000 - 0x00007ff9b8464000 	C:\windows\SYSTEM32\wintypes.dll
0x00007ff9ba930000 - 0x00007ff9ba963000 	C:\windows\SYSTEM32\ntmarta.dll
0x00007ff9a39d0000 - 0x00007ff9a3a17000 	C:\Program Files\processing-3.5.4\java\bin\fontmanager.dll
0x00007ff9a37f0000 - 0x00007ff9a3832000 	C:\Program Files\processing-3.5.4\java\bin\t2k.dll
0x00007ff9a2350000 - 0x00007ff9a2381000 	C:\Program Files\processing-3.5.4\java\bin\jpeg.dll
0x00007ff9a15d0000 - 0x00007ff9a1612000 	C:\Users\aeite\AppData\Local\Temp\jna-92695030\jna5826278984930169573.dll
0x00007ff97d4c0000 - 0x00007ff97d6a6000 	C:\Users\aeite\AppData\Local\Temp\jna-92695030\jna3319565919916513740.dll
0x000000005f470000 - 0x000000005f543000 	C:\windows\WinSxS\amd64_microsoft.vc90.crt_1fc8b3b9a1e18e3b_9.0.30729.9625_none_08e1c10da83fbc83\MSVCP90.dll
0x000000005f3c0000 - 0x000000005f463000 	C:\windows\WinSxS\amd64_microsoft.vc90.crt_1fc8b3b9a1e18e3b_9.0.30729.9625_none_08e1c10da83fbc83\MSVCR90.dll
0x00007ff9acc60000 - 0x00007ff9acc77000 	C:\windows\system32\napinsp.dll
0x00007ff9ac980000 - 0x00007ff9ac99b000 	C:\windows\system32\pnrpnsp.dll
0x00007ff9b6ca0000 - 0x00007ff9b6cb5000 	C:\windows\system32\wshbth.dll
0x00007ff9b4450000 - 0x00007ff9b446d000 	C:\windows\system32\NLAapi.dll
0x00007ff9a1420000 - 0x00007ff9a1432000 	C:\windows\System32\winrnr.dll
0x00007ff9ba2a0000 - 0x00007ff9ba484000 	C:\windows\SYSTEM32\dbghelp.dll

VM Arguments:
jvm_args: -agentlib:jdwp=transport=dt_socket,address=8003,server=y,suspend=y,quiet=y -Xms64m -Xmx450m -Djna.nosys=true -Djava.ext.dirs=C:\Program Files\processing-3.5.4\java\lib\ext -Djava.library.path=C:\Program Files\processing-3.5.4\OpenBCI_GUI_feedback\OpenBCI_GUI\code;C:\Program Files\processing-3.5.4\core\library;C:\Program Files\processing-3.5.4\libraries\minim\library;C:\Program Files\processing-3.5.4\modes\java\libraries\serial\library\windows64;C:\Program Files\processing-3.5.4\modes\java\libraries\net\library;C:\Program Files\processing-3.5.4\libraries\grafica\library;C:\Program Files\processing-3.5.4\libraries\GifAnimation\library;C:\Program Files\processing-3.5.4\libraries\oscP5\library;C:\Program Files\processing-3.5.4\libraries\udp\library;C:\Program Files\processing-3.5.4\libraries\LSLLink\library;C:\Program Files\processing-3.5.4\libraries\controlP5\library;C:\Program Files\processing-3.5.4\java\bin;C:\windows\system32;C:\windows;C:\windows\system32;C:\windows;C:\windows\System32\Wbem;C:\windows\System32\WindowsPowerShell\v1.0;C:\windows\System32\OpenSSH;C:\Program Files\MATLAB\R2019b\bin;C:\Program Files\PuTTY;C:\Users\aeite\AppData\Local\Microsoft\WindowsApps;C:\Users\aeite\AppData\Local\Programs\Microsoft VS Code\bin;C:\Users\aeite\AppData\Local\GitHubDesktop\bin;C:\Program Files\processing-3.5.4\java\bin;. -ea 
java_command: processing.core.PApplet --display=1 --sketch-path=C:\Program Files\processing-3.5.4\OpenBCI_GUI_feedback\OpenBCI_GUI OpenBCI_GUI
java_class_path (initial): C:\Users\aeite\AppData\Local\Temp\OpenBCI_GUI5588647126501686310temp;;C:\Program Files\processing-3.5.4\OpenBCI_GUI_feedback\OpenBCI_GUI\code\LSLLink.jar;C:\Program Files\processing-3.5.4\core\library\core.jar;C:\Program Files\processing-3.5.4\core\library\gluegen-rt-natives-linux-aarch64.jar;C:\Program Files\processing-3.5.4\core\library\gluegen-rt-natives-linux-amd64.jar;C:\Program Files\processing-3.5.4\core\library\gluegen-rt-natives-linux-armv6hf.jar;C:\Program Files\processing-3.5.4\core\library\gluegen-rt-natives-linux-i586.jar;C:\Program Files\processing-3.5.4\core\library\gluegen-rt-natives-macosx-universal.jar;C:\Program Files\processing-3.5.4\core\library\gluegen-rt-natives-windows-amd64.jar;C:\Program Files\processing-3.5.4\core\library\gluegen-rt-natives-windows-i586.jar;C:\Program Files\processing-3.5.4\core\library\gluegen-rt.jar;C:\Program Files\processing-3.5.4\core\library\jogl-all-natives-linux-aarch64.jar;C:\Program Files\processing-3.5.4\core\library\jogl-all-natives-linux-amd64.jar;C:\Program Files\processing-3.5.4\core\library\jogl-all-natives-linux-armv6hf.jar;C:\Program Files\processing-3.5.4\core\library\jogl-all-natives-linux-i586.jar;C:\Program Files\processing-3.5.4\core\library\jogl-all-natives-macosx-universal.jar;C:\Program Files\processing-3.5.4\core\library\jogl-all-natives-windows-amd64.jar;C:\Program Files\processing-3.5.4\core\library\jogl-all-natives-windows-i586.jar;C:\Program Files\processing-3.5.4\core\library\jogl-all.jar;C:\Program Files\processing-3.5.4\libraries\minim\library\jl1.0.1.jar;C:\Program Files\processing-3.5.4\libraries\minim\library\jsminim.jar;C:\Program Files\processing-3.5.4\libraries\minim\library\minim.jar;C:\Program Files\processing-3.5.4\libraries\minim\library\mp3spi1.9.5.jar;C:\Program Files\processing-3.5.4\libraries\minim\library\tritonus_aos.jar;C:\Program Files\processing-3.5.4\libraries\minim\library\tritonus_share.jar;C:\Program Files\processing-3.5.4\modes\java\libr
Launcher Type: SUN_STANDARD

Environment Variables:
PATH=C:\windows\system32;C:\windows;C:\windows\System32\Wbem;C:\windows\System32\WindowsPowerShell\v1.0\;C:\windows\System32\OpenSSH\;C:\Program Files\MATLAB\R2019b\bin;C:\Program Files\PuTTY\;C:\Users\aeite\AppData\Local\Microsoft\WindowsApps;C:\Users\aeite\AppData\Local\Programs\Microsoft VS Code\bin;C:\Users\aeite\AppData\Local\GitHubDesktop\bin;C:\Program Files\processing-3.5.4\java\bin
USERNAME=aeite
OS=Windows_NT
PROCESSOR_IDENTIFIER=Intel64 Family 6 Model 126 Stepping 5, GenuineIntel



---------------  S Y S T E M  ---------------

OS: Windows 10.0 , 64 bit Build 19041 (10.0.19041.928)

CPU:total 8 (initial active 8) (4 cores per cpu, 2 threads per core) family 6 model 126 stepping 5, cmov, cx8, fxsr, mmx, sse, sse2, sse3, ssse3, sse4.1, sse4.2, popcnt, avx, avx2, aes, clmul, erms, 3dnowpref, lzcnt, ht, tsc, tscinvbit, bmi1, bmi2, adx

Memory: 4k page, physical 8070036k(1390048k free), swap 16458644k(6399388k free)

vm_info: Java HotSpot(TM) 64-Bit Server VM (25.202-b08) for windows-amd64 JRE (1.8.0_202-b08), built on Dec 15 2018 19:54:30 by "java_re" with MS VC++ 10.0 (VS2010)

time: Wed Apr 21 03:01:48 2021
timezone: Mountain Daylight Time
elapsed time: 110 seconds (0d 0h 1m 50s)

