#
# A fatal error has been detected by the Java Runtime Environment:
#
#  EXCEPTION_ACCESS_VIOLATION (0xc0000005) at pc=0x00007ffe7d3515e5, pid=13352, tid=0x00000000000027b0
#
# JRE version: Java(TM) SE Runtime Environment (8.0_202-b08) (build 1.8.0_202-b08)
# Java VM: Java HotSpot(TM) 64-Bit Server VM (25.202-b08 mixed mode windows-amd64 compressed oops)
# Problematic frame:
# C  [ig11icd64.dll+0x415e5]
#
# Failed to write core dump. Minidumps are not enabled by default on client versions of Windows
#
# If you would like to submit a bug report, please visit:
#   http://bugreport.java.com/bugreport/crash.jsp
# The crash happened outside the Java Virtual Machine in native code.
# See problematic frame for where to report the bug.
#

---------------  T H R E A D  ---------------

Current thread (0x0000000015f87000):  JavaThread "JDWP Transport Listener: dt_socket" daemon [_thread_in_native, id=10160, stack(0x0000000016850000,0x0000000016950000)]

siginfo: ExceptionCode=0xc0000005, reading address 0x0000000000034868

Registers:
RAX=0x0000000027c6d9b8, RBX=0x0000000027c6d880, RCX=0x0000000000000000, RDX=0x0000000027c6d948
RSP=0x000000001694e680, RBP=0x0000000000000000, RSI=0x0000000027c6bf30, RDI=0x0000000000a4b370
R8 =0x0000000000000000, R9 =0x0000000000000000, R10=0x0000000000000000, R11=0x0000000000000246
R12=0x000000001f3b4800, R13=0x0000000000000000, R14=0x0000000027c6dd10, R15=0x0000000000000000
RIP=0x00007ffe7d3515e5, EFLAGS=0x0000000000010206

Top of Stack: (sp=0x000000001694e680)
0x000000001694e680:   0000000000000000 0000000000000000
0x000000001694e690:   0000e0a786d88aa9 0000005400000000
0x000000001694e6a0:   00000000000000a8 0000000000000000
0x000000001694e6b0:   00000000005001be 000000001f3b48c0
0x000000001694e6c0:   0000b802062b00a8 00007ffe7d334a56
0x000000001694e6d0:   0000000000a0ba00 0000000000a4b370
0x000000001694e6e0:   000000001694e7d0 0000000000000000
0x000000001694e6f0:   0000000000000000 0000000000000000
0x000000001694e700:   00000000005001b9 000000001f441088
0x000000001694e710:   00002c901d170000 000000001f440fc0
0x000000001694e720:   000000001f440fc0 00000000000000a8
0x000000001694e730:   0000e0a786d88839 00007ffe7d34e44c
0x000000001694e740:   0000000000000000 000000001694e820
0x000000001694e750:   00000000000000a8 000000001f3b5b80
0x000000001694e760:   0000000000000000 000000001f3b5b88
0x000000001694e770:   0000b802062b00a8 0000000000002b94 

Instructions: (pc=0x00007ffe7d3515e5)
0x00007ffe7d3515c5:   1d 8b c1 83 e0 0f 48 6b c0 38 48 03 c2 48 85 c0
0x00007ffe7d3515d5:   74 0c 48 8b 48 08 eb 08 48 83 c0 08 eb ef 33 c9
0x00007ffe7d3515e5:   48 3b 8d 68 48 03 00 76 6b 48 8b 87 80 02 00 00
0x00007ffe7d3515f5:   49 89 06 48 89 9f 80 02 00 00 ff 87 88 02 00 00 


Register to memory mapping:

RAX=0x0000000027c6d9b8 is an unknown value
RBX=0x0000000027c6d880 is an unknown value
RCX=0x0000000000000000 is an unknown value
RDX=0x0000000027c6d948 is an unknown value
RSP=0x000000001694e680 is pointing into the stack for thread: 0x0000000015f87000
RBP=0x0000000000000000 is an unknown value
RSI=0x0000000027c6bf30 is an unknown value
RDI=0x0000000000a4b370 is an unknown value
R8 =0x0000000000000000 is an unknown value
R9 =0x0000000000000000 is an unknown value
R10=0x0000000000000000 is an unknown value
R11=0x0000000000000246 is an unknown value
R12=0x000000001f3b4800 is an unknown value
R13=0x0000000000000000 is an unknown value
R14=0x0000000027c6dd10 is an unknown value
R15=0x0000000000000000 is an unknown value


Stack: [0x0000000016850000,0x0000000016950000],  sp=0x000000001694e680,  free space=1017k
Native frames: (J=compiled Java code, j=interpreted, Vv=VM code, C=native code)


---------------  P R O C E S S  ---------------

Java Threads: ( => current thread )
  0x00000000189ee000 JavaThread "main-FPSAWTAnimator#00-Timer0-FPSAWTAnimator#00-Timer1-FPSAWTAnimator#00-Timer2" [_thread_in_native, id=18216, stack(0x0000000017b90000,0x0000000017c90000)]
  0x00000000189ef800 JavaThread "Thread-13" daemon [_thread_in_native, id=4340, stack(0x0000000019e50000,0x0000000019f50000)]
  0x00000000189f1000 JavaThread "Thread-12" [_thread_blocked, id=14296, stack(0x0000000027780000,0x0000000027880000)]
  0x00000000189f0800 JavaThread "Thread-11" [_thread_blocked, id=17832, stack(0x0000000026670000,0x0000000026770000)]
  0x0000000002924000 JavaThread "DestroyJavaVM" [_thread_blocked, id=14460, stack(0x0000000002820000,0x0000000002920000)]
  0x000000001778a800 JavaThread "Thread-5" [_thread_blocked, id=9444, stack(0x0000000020c40000,0x0000000020d40000)]
  0x0000000017789800 JavaThread "HighResTimerThread" daemon [_thread_blocked, id=3836, stack(0x0000000020b40000,0x0000000020c40000)]
  0x000000001835d000 JavaThread "main-SharedResourceRunner" daemon [_thread_blocked, id=13684, stack(0x000000001a770000,0x000000001a870000)]
  0x0000000017757800 JavaThread "main-Display-.windows_nil-1-EDT-1" daemon [_thread_blocked, id=7928, stack(0x000000001a270000,0x000000001a370000)]
  0x00000000174f5000 JavaThread "Timer-0" daemon [_thread_blocked, id=13364, stack(0x0000000017f70000,0x0000000018070000)]
  0x0000000017371000 JavaThread "AWT-Windows" daemon [_thread_in_native, id=5644, stack(0x0000000017c90000,0x0000000017d90000)]
  0x0000000017369000 JavaThread "Java2D Disposer" daemon [_thread_blocked, id=13960, stack(0x0000000017a90000,0x0000000017b90000)]
  0x0000000016043000 JavaThread "Service Thread" daemon [_thread_blocked, id=8828, stack(0x0000000016f50000,0x0000000017050000)]
  0x0000000015fac800 JavaThread "C1 CompilerThread3" daemon [_thread_blocked, id=17236, stack(0x0000000016e50000,0x0000000016f50000)]
  0x0000000015fac000 JavaThread "C2 CompilerThread2" daemon [_thread_blocked, id=18368, stack(0x0000000016d50000,0x0000000016e50000)]
  0x0000000015fab000 JavaThread "C2 CompilerThread1" daemon [_thread_blocked, id=10208, stack(0x0000000016c50000,0x0000000016d50000)]
  0x0000000015fa5800 JavaThread "C2 CompilerThread0" daemon [_thread_blocked, id=17396, stack(0x0000000016b50000,0x0000000016c50000)]
  0x0000000015f92800 JavaThread "JDWP Event Helper Thread" daemon [_thread_blocked, id=1996, stack(0x0000000016950000,0x0000000016a50000)]
=>0x0000000015f87000 JavaThread "JDWP Transport Listener: dt_socket" daemon [_thread_in_native, id=10160, stack(0x0000000016850000,0x0000000016950000)]
  0x0000000015f83800 JavaThread "Attach Listener" daemon [_thread_blocked, id=10824, stack(0x0000000016750000,0x0000000016850000)]
  0x0000000015f82000 JavaThread "Signal Dispatcher" daemon [_thread_blocked, id=12548, stack(0x0000000016650000,0x0000000016750000)]
  0x0000000015f71800 JavaThread "Finalizer" daemon [_thread_blocked, id=18200, stack(0x0000000016450000,0x0000000016550000)]
  0x0000000015f70800 JavaThread "Reference Handler" daemon [_thread_blocked, id=944, stack(0x0000000016350000,0x0000000016450000)]

Other Threads:
  0x0000000014169000 VMThread [stack: 0x0000000015e50000,0x0000000015f50000] [id=17264]
  0x000000001605b000 WatcherThread [stack: 0x0000000017050000,0x0000000017150000] [id=12128]

VM state:not at safepoint (normal execution)

VM Mutex/Monitor currently owned by a thread: None

heap address: 0x00000000e0c00000, size: 500 MB, Compressed Oops mode: 32-bit
Narrow klass base: 0x0000000000000000, Narrow klass shift: 3
Compressed class space size: 1073741824 Address: 0x0000000100000000

Heap:
 PSYoungGen      total 73728K, used 32881K [0x00000000f5980000, 0x00000000fbd80000, 0x0000000100000000)
  eden space 52224K, 59% used [0x00000000f5980000,0x00000000f77bcdd0,0x00000000f8c80000)
  from space 21504K, 8% used [0x00000000fa880000,0x00000000faa5f7e0,0x00000000fbd80000)
  to   space 25088K, 0% used [0x00000000f8c80000,0x00000000f8c80000,0x00000000fa500000)
 ParOldGen       total 123904K, used 63841K [0x00000000e0c00000, 0x00000000e8500000, 0x00000000f5980000)
  object space 123904K, 51% used [0x00000000e0c00000,0x00000000e4a584c0,0x00000000e8500000)
 Metaspace       used 24055K, capacity 24296K, committed 24448K, reserved 1071104K
  class space    used 2038K, capacity 2108K, committed 2176K, reserved 1048576K

Card table byte_map: [0x0000000011de0000,0x0000000011ee0000] byte_map_base: 0x00000000116da000

Marking Bits: (ParMarkBitMap*) 0x0000000076e85ce0
 Begin Bits: [0x00000000126e0000, 0x0000000012eb0000)
 End Bits:   [0x0000000012eb0000, 0x0000000013680000)

Polling page: 0x0000000000f30000

CodeCache: size=245760Kb used=15219Kb max_used=15230Kb free=230541Kb
 bounds [0x0000000002a20000, 0x0000000003920000, 0x0000000011a20000]
 total_blobs=4587 nmethods=3597 adapters=909
 compilation: enabled

Compilation events (10 events):
Event: 89.107 Thread 0x0000000015fab000 4406   !   4       java.text.DecimalFormat::format (255 bytes)
Event: 89.131 Thread 0x0000000015fab000 nmethod 4406 0x00000000039126d0 code [0x0000000003912840, 0x00000000039135e8]
Event: 89.302 Thread 0x0000000015fa5800 4407   !   4       java.net.AbstractPlainSocketImpl::isConnectionReset (31 bytes)
Event: 89.304 Thread 0x0000000015fa5800 nmethod 4407 0x00000000038fcf90 code [0x00000000038fd0e0, 0x00000000038fd398]
Event: 89.440 Thread 0x0000000015fac000 4408       4       com.jogamp.opengl.GLContext::isGL2 (27 bytes)
Event: 89.441 Thread 0x0000000015fac000 nmethod 4408 0x00000000038397d0 code [0x0000000003839900, 0x0000000003839978]
Event: 89.455 Thread 0x0000000015fab000 4409       4       java.util.GregorianCalendar::getWeekNumber (89 bytes)
Event: 89.457 Thread 0x0000000015fab000 nmethod 4409 0x00000000038fcb90 code [0x00000000038fccc0, 0x00000000038fce58]
Event: 90.281 Thread 0x0000000015fa5800 4410       4       OpenBCI_GUI$W_Networking::textfieldsAreActive (58 bytes)
Event: 90.287 Thread 0x0000000015fa5800 nmethod 4410 0x00000000038fc550 code [0x00000000038fc6a0, 0x00000000038fc928]

GC Heap History (10 events):
Event: 77.317 GC heap before
{Heap before GC invocations=24 (full 2):
 PSYoungGen      total 61440K, used 61397K [0x00000000f5980000, 0x00000000fd600000, 0x0000000100000000)
  eden space 59904K, 100% used [0x00000000f5980000,0x00000000f9400000,0x00000000f9400000)
  from space 1536K, 97% used [0x00000000f9580000,0x00000000f96f57d0,0x00000000f9700000)
  to   space 33792K, 0% used [0x00000000fb500000,0x00000000fb500000,0x00000000fd600000)
 ParOldGen       total 123904K, used 63785K [0x00000000e0c00000, 0x00000000e8500000, 0x00000000f5980000)
  object space 123904K, 51% used [0x00000000e0c00000,0x00000000e4a4a4c0,0x00000000e8500000)
 Metaspace       used 24052K, capacity 24296K, committed 24448K, reserved 1071104K
  class space    used 2038K, capacity 2108K, committed 2176K, reserved 1048576K
Event: 77.320 GC heap after
Heap after GC invocations=24 (full 2):
 PSYoungGen      total 87552K, used 1545K [0x00000000f5980000, 0x00000000fd180000, 0x0000000100000000)
  eden space 58368K, 0% used [0x00000000f5980000,0x00000000f5980000,0x00000000f9280000)
  from space 29184K, 5% used [0x00000000fb500000,0x00000000fb6827e0,0x00000000fd180000)
  to   space 32256K, 0% used [0x00000000f9280000,0x00000000f9280000,0x00000000fb200000)
 ParOldGen       total 123904K, used 63785K [0x00000000e0c00000, 0x00000000e8500000, 0x00000000f5980000)
  object space 123904K, 51% used [0x00000000e0c00000,0x00000000e4a4a4c0,0x00000000e8500000)
 Metaspace       used 24052K, capacity 24296K, committed 24448K, reserved 1071104K
  class space    used 2038K, capacity 2108K, committed 2176K, reserved 1048576K
}
Event: 80.362 GC heap before
{Heap before GC invocations=25 (full 2):
 PSYoungGen      total 87552K, used 59913K [0x00000000f5980000, 0x00000000fd180000, 0x0000000100000000)
  eden space 58368K, 100% used [0x00000000f5980000,0x00000000f9280000,0x00000000f9280000)
  from space 29184K, 5% used [0x00000000fb500000,0x00000000fb6827e0,0x00000000fd180000)
  to   space 32256K, 0% used [0x00000000f9280000,0x00000000f9280000,0x00000000fb200000)
 ParOldGen       total 123904K, used 63785K [0x00000000e0c00000, 0x00000000e8500000, 0x00000000f5980000)
  object space 123904K, 51% used [0x00000000e0c00000,0x00000000e4a4a4c0,0x00000000e8500000)
 Metaspace       used 24055K, capacity 24296K, committed 24448K, reserved 1071104K
  class space    used 2038K, capacity 2108K, committed 2176K, reserved 1048576K
Event: 80.364 GC heap after
Heap after GC invocations=25 (full 2):
 PSYoungGen      total 58880K, used 1661K [0x00000000f5980000, 0x00000000fcc00000, 0x0000000100000000)
  eden space 56832K, 0% used [0x00000000f5980000,0x00000000f5980000,0x00000000f9100000)
  from space 2048K, 81% used [0x00000000f9280000,0x00000000f941f7e0,0x00000000f9480000)
  to   space 30208K, 0% used [0x00000000fae80000,0x00000000fae80000,0x00000000fcc00000)
 ParOldGen       total 123904K, used 63785K [0x00000000e0c00000, 0x00000000e8500000, 0x00000000f5980000)
  object space 123904K, 51% used [0x00000000e0c00000,0x00000000e4a4a4c0,0x00000000e8500000)
 Metaspace       used 24055K, capacity 24296K, committed 24448K, reserved 1071104K
  class space    used 2038K, capacity 2108K, committed 2176K, reserved 1048576K
}
Event: 83.350 GC heap before
{Heap before GC invocations=26 (full 2):
 PSYoungGen      total 58880K, used 58493K [0x00000000f5980000, 0x00000000fcc00000, 0x0000000100000000)
  eden space 56832K, 100% used [0x00000000f5980000,0x00000000f9100000,0x00000000f9100000)
  from space 2048K, 81% used [0x00000000f9280000,0x00000000f941f7e0,0x00000000f9480000)
  to   space 30208K, 0% used [0x00000000fae80000,0x00000000fae80000,0x00000000fcc00000)
 ParOldGen       total 123904K, used 63785K [0x00000000e0c00000, 0x00000000e8500000, 0x00000000f5980000)
  object space 123904K, 51% used [0x00000000e0c00000,0x00000000e4a4a4c0,0x00000000e8500000)
 Metaspace       used 24055K, capacity 24296K, committed 24448K, reserved 1071104K
  class space    used 2038K, capacity 2108K, committed 2176K, reserved 1048576K
Event: 83.354 GC heap after
Heap after GC invocations=26 (full 2):
 PSYoungGen      total 80896K, used 1725K [0x00000000f5980000, 0x00000000fc780000, 0x0000000100000000)
  eden space 55296K, 0% used [0x00000000f5980000,0x00000000f5980000,0x00000000f8f80000)
  from space 25600K, 6% used [0x00000000fae80000,0x00000000fb02f7e0,0x00000000fc780000)
  to   space 28672K, 0% used [0x00000000f8f80000,0x00000000f8f80000,0x00000000fab80000)
 ParOldGen       total 123904K, used 63785K [0x00000000e0c00000, 0x00000000e8500000, 0x00000000f5980000)
  object space 123904K, 51% used [0x00000000e0c00000,0x00000000e4a4a4c0,0x00000000e8500000)
 Metaspace       used 24055K, capacity 24296K, committed 24448K, reserved 1071104K
  class space    used 2038K, capacity 2108K, committed 2176K, reserved 1048576K
}
Event: 86.259 GC heap before
{Heap before GC invocations=27 (full 2):
 PSYoungGen      total 80896K, used 57021K [0x00000000f5980000, 0x00000000fc780000, 0x0000000100000000)
  eden space 55296K, 100% used [0x00000000f5980000,0x00000000f8f80000,0x00000000f8f80000)
  from space 25600K, 6% used [0x00000000fae80000,0x00000000fb02f7e0,0x00000000fc780000)
  to   space 28672K, 0% used [0x00000000f8f80000,0x00000000f8f80000,0x00000000fab80000)
 ParOldGen       total 123904K, used 63785K [0x00000000e0c00000, 0x00000000e8500000, 0x00000000f5980000)
  object space 123904K, 51% used [0x00000000e0c00000,0x00000000e4a4a4c0,0x00000000e8500000)
 Metaspace       used 24055K, capacity 24296K, committed 24448K, reserved 1071104K
  class space    used 2038K, capacity 2108K, committed 2176K, reserved 1048576K
Event: 86.261 GC heap after
Heap after GC invocations=27 (full 2):
 PSYoungGen      total 55808K, used 1821K [0x00000000f5980000, 0x00000000fc300000, 0x0000000100000000)
  eden space 53760K, 0% used [0x00000000f5980000,0x00000000f5980000,0x00000000f8e00000)
  from space 2048K, 88% used [0x00000000f8f80000,0x00000000f91477e0,0x00000000f9180000)
  to   space 27136K, 0% used [0x00000000fa880000,0x00000000fa880000,0x00000000fc300000)
 ParOldGen       total 123904K, used 63785K [0x00000000e0c00000, 0x00000000e8500000, 0x00000000f5980000)
  object space 123904K, 51% used [0x00000000e0c00000,0x00000000e4a4a4c0,0x00000000e8500000)
 Metaspace       used 24055K, capacity 24296K, committed 24448K, reserved 1071104K
  class space    used 2038K, capacity 2108K, committed 2176K, reserved 1048576K
}
Event: 89.075 GC heap before
{Heap before GC invocations=28 (full 2):
 PSYoungGen      total 55808K, used 55581K [0x00000000f5980000, 0x00000000fc300000, 0x0000000100000000)
  eden space 53760K, 100% used [0x00000000f5980000,0x00000000f8e00000,0x00000000f8e00000)
  from space 2048K, 88% used [0x00000000f8f80000,0x00000000f91477e0,0x00000000f9180000)
  to   space 27136K, 0% used [0x00000000fa880000,0x00000000fa880000,0x00000000fc300000)
 ParOldGen       total 123904K, used 63785K [0x00000000e0c00000, 0x00000000e8500000, 0x00000000f5980000)
  object space 123904K, 51% used [0x00000000e0c00000,0x00000000e4a4a4c0,0x00000000e8500000)
 Metaspace       used 24055K, capacity 24296K, committed 24448K, reserved 1071104K
  class space    used 2038K, capacity 2108K, committed 2176K, reserved 1048576K
Event: 89.078 GC heap after
Heap after GC invocations=28 (full 2):
 PSYoungGen      total 73728K, used 1917K [0x00000000f5980000, 0x00000000fbd80000, 0x0000000100000000)
  eden space 52224K, 0% used [0x00000000f5980000,0x00000000f5980000,0x00000000f8c80000)
  from space 21504K, 8% used [0x00000000fa880000,0x00000000faa5f7e0,0x00000000fbd80000)
  to   space 25088K, 0% used [0x00000000f8c80000,0x00000000f8c80000,0x00000000fa500000)
 ParOldGen       total 123904K, used 63841K [0x00000000e0c00000, 0x00000000e8500000, 0x00000000f5980000)
  object space 123904K, 51% used [0x00000000e0c00000,0x00000000e4a584c0,0x00000000e8500000)
 Metaspace       used 24055K, capacity 24296K, committed 24448K, reserved 1071104K
  class space    used 2038K, capacity 2108K, committed 2176K, reserved 1048576K
}

Deoptimization events (10 events):
Event: 65.590 Thread 0x00000000189ef800 Uncommon trap: reason=unstable_if action=reinterpret pc=0x0000000003785ca4 method=sun.misc.FormattedFloatingDecimal.fillDecimal(I[CIIZ)V @ 84
Event: 65.590 Thread 0x00000000189ef800 Uncommon trap: reason=unstable_if action=reinterpret pc=0x000000000379eea8 method=java.util.Formatter$FormatSpecifier.addZeros([CI)[C @ 5
Event: 66.416 Thread 0x00000000189ef800 Uncommon trap: reason=unstable_if action=reinterpret pc=0x0000000003740ac8 method=java.util.Formatter$FormatSpecifier.addZeros([CI)[C @ 5
Event: 67.394 Thread 0x00000000189ee000 Uncommon trap: reason=unstable_if action=reinterpret pc=0x00000000037e6160 method=sun.misc.FloatingDecimal$BinaryToASCIIBuffer.dtoa(IJIZ)V @ 522
Event: 68.050 Thread 0x00000000189ef800 Uncommon trap: reason=unstable_if action=reinterpret pc=0x000000000381f8cc method=sun.misc.FormattedFloatingDecimal.applyPrecision(I[CII)I @ 90
Event: 74.932 Thread 0x00000000189ef800 Uncommon trap: reason=unstable_if action=reinterpret pc=0x00000000037ffa9c method=sun.misc.FormattedFloatingDecimal.applyPrecision(I[CII)I @ 90
Event: 82.103 Thread 0x00000000189ef800 Uncommon trap: reason=unstable_if action=reinterpret pc=0x00000000038bddec method=sun.misc.FormattedFloatingDecimal.applyPrecision(I[CII)I @ 12
Event: 82.987 Thread 0x00000000189ef800 Uncommon trap: reason=unstable_if action=reinterpret pc=0x000000000380525c method=sun.misc.FormattedFloatingDecimal.applyPrecision(I[CII)I @ 90
Event: 85.086 Thread 0x00000000189ef800 Uncommon trap: reason=unstable_if action=reinterpret pc=0x000000000389c538 method=sun.misc.FormattedFloatingDecimal.fillDecimal(I[CIIZ)V @ 20
Event: 85.855 Thread 0x00000000189ee000 Uncommon trap: reason=null_check action=make_not_entrant pc=0x0000000003909310 method=com.sun.jna.Function.invoke(Ljava/lang/reflect/Method;[Ljava/lang/Class;Ljava/lang/Class;[Ljava/lang/Object;Ljava/util/Map;)Ljava/lang/Object; @ 207

Classes redefined (0 events):
No events

Internal exceptions (10 events):
Event: 14.385 Thread 0x0000000018aee800 Exception <a 'java/lang/NullPointerException'> (0x00000000f5999148) thrown at [C:\re\workspace\8-2-build-windows-amd64-cygwin\jdk8u202\12323\hotspot\src\share\vm\interpreter\linkResolver.cpp, line 1185]
Event: 14.389 Thread 0x0000000018aee800 Exception <a 'java/lang/NullPointerException'> (0x00000000f59ffab8) thrown at [C:\re\workspace\8-2-build-windows-amd64-cygwin\jdk8u202\12323\hotspot\src\share\vm\interpreter\linkResolver.cpp, line 1185]
Event: 14.392 Thread 0x0000000018aee800 Exception <a 'java/lang/NullPointerException'> (0x00000000f5a14380) thrown at [C:\re\workspace\8-2-build-windows-amd64-cygwin\jdk8u202\12323\hotspot\src\share\vm\interpreter\linkResolver.cpp, line 1185]
Event: 15.410 Thread 0x0000000018aee800 Exception <a 'java/lang/ClassNotFoundException': sun/net/www/protocol/c/Handler> (0x00000000f6151d68) thrown at [C:\re\workspace\8-2-build-windows-amd64-cygwin\jdk8u202\12323\hotspot\src\share\vm\classfile\systemDictionary.cpp, line 210]
Event: 25.221 Thread 0x00000000189ee000 Implicit null exception at 0x0000000002e7ac36 to 0x0000000002e7ba21
Event: 62.884 Thread 0x00000000189ee000 Exception <a 'java/lang/NullPointerException'> (0x00000000f8d02580) thrown at [C:\re\workspace\8-2-build-windows-amd64-cygwin\jdk8u202\12323\hotspot\src\share\vm\interpreter\linkResolver.cpp, line 1185]
Event: 62.884 Thread 0x00000000189ee000 Exception <a 'java/lang/NullPointerException'> (0x00000000f8d03370) thrown at [C:\re\workspace\8-2-build-windows-amd64-cygwin\jdk8u202\12323\hotspot\src\share\vm\interpreter\linkResolver.cpp, line 1185]
Event: 62.970 Thread 0x00000000189ee000 Exception <a 'java/lang/UnsatisfiedLinkError': The specified module could not be found.
> (0x00000000f8f670f0) thrown at [C:\re\workspace\8-2-build-windows-amd64-cygwin\jdk8u202\12323\hotspot\src\share\vm\prims\jni.cpp, line 736]
Event: 62.971 Thread 0x00000000189ee000 Exception <a 'java/lang/UnsatisfiedLinkError': The specified module could not be found.
> (0x00000000f8f67910) thrown at [C:\re\workspace\8-2-build-windows-amd64-cygwin\jdk8u202\12323\hotspot\src\share\vm\prims\jni.cpp, line 736]
Event: 62.972 Thread 0x00000000189ee000 Exception <a 'java/lang/UnsatisfiedLinkError': The specified module could not be found.
> (0x00000000f8f68010) thrown at [C:\re\workspace\8-2-build-windows-amd64-cygwin\jdk8u202\12323\hotspot\src\share\vm\prims\jni.cpp, line 736]

Events (10 events):
Event: 90.653 Thread 0x00000000189ee000 DEOPT UNPACKING pc=0x0000000002a67890 sp=0x0000000017c8eb38 mode 1
Event: 90.692 Thread 0x00000000189ee000 DEOPT PACKING pc=0x0000000002bc0b49 sp=0x0000000017c8ed70
Event: 90.692 Thread 0x00000000189ee000 DEOPT UNPACKING pc=0x0000000002a67890 sp=0x0000000017c8eae8 mode 1
Event: 90.693 Thread 0x00000000189ee000 DEOPT PACKING pc=0x0000000003296f9c sp=0x0000000017c8ee00
Event: 90.693 Thread 0x00000000189ee000 DEOPT UNPACKING pc=0x0000000002a67890 sp=0x0000000017c8eb38 mode 1
Event: 90.719 Thread 0x00000000189ee000 DEOPT PACKING pc=0x0000000002bc0b49 sp=0x0000000017c8ed70
Event: 90.719 Thread 0x00000000189ee000 DEOPT UNPACKING pc=0x0000000002a67890 sp=0x0000000017c8eae8 mode 1
Event: 90.719 Thread 0x00000000189ee000 DEOPT PACKING pc=0x0000000003296f9c sp=0x0000000017c8ee00
Event: 90.719 Thread 0x00000000189ee000 DEOPT UNPACKING pc=0x0000000002a67890 sp=0x0000000017c8eb38 mode 1
Event: 90.723 Thread 0x0000000015f96000 Thread exited: 0x0000000015f96000


Dynamic libraries:
0x00007ff673c30000 - 0x00007ff673c67000 	C:\Users\aeite\Documents\GitHub\neural_signal_2020\processing-3.5.4\java\bin\java.exe
0x00007ffef53d0000 - 0x00007ffef55c5000 	C:\windows\SYSTEM32\ntdll.dll
0x00007ffef4150000 - 0x00007ffef420d000 	C:\windows\System32\KERNEL32.DLL
0x00007ffef2b40000 - 0x00007ffef2e09000 	C:\windows\System32\KERNELBASE.dll
0x00007ffef3440000 - 0x00007ffef34ec000 	C:\windows\System32\ADVAPI32.dll
0x00007ffef35a0000 - 0x00007ffef363e000 	C:\windows\System32\msvcrt.dll
0x00007ffef4dd0000 - 0x00007ffef4e6b000 	C:\windows\System32\sechost.dll
0x00007ffef51b0000 - 0x00007ffef52da000 	C:\windows\System32\RPCRT4.dll
0x00007ffef39c0000 - 0x00007ffef3b60000 	C:\windows\System32\USER32.dll
0x00007ffef3010000 - 0x00007ffef3032000 	C:\windows\System32\win32u.dll
0x00007ffef4c70000 - 0x00007ffef4c9a000 	C:\windows\System32\GDI32.dll
0x00007ffef31d0000 - 0x00007ffef32db000 	C:\windows\System32\gdi32full.dll
0x00007ffef30a0000 - 0x00007ffef313d000 	C:\windows\System32\msvcp_win.dll
0x00007ffef2f10000 - 0x00007ffef3010000 	C:\windows\System32\ucrtbase.dll
0x00007ffed4f20000 - 0x00007ffed51ba000 	C:\windows\WinSxS\amd64_microsoft.windows.common-controls_6595b64144ccf1df_6.0.19041.1083_none_60bbe31371f34e71\COMCTL32.dll
0x00007ffef4b10000 - 0x00007ffef4b40000 	C:\windows\System32\IMM32.DLL
0x0000000077230000 - 0x0000000077302000 	C:\Users\aeite\Documents\GitHub\neural_signal_2020\processing-3.5.4\java\bin\msvcr100.dll
0x0000000076660000 - 0x0000000076f05000 	C:\Users\aeite\Documents\GitHub\neural_signal_2020\processing-3.5.4\java\bin\server\jvm.dll
0x00007ffef4e70000 - 0x00007ffef4e78000 	C:\windows\System32\PSAPI.DLL
0x00007ffeed6c0000 - 0x00007ffeed6c9000 	C:\windows\SYSTEM32\WSOCK32.dll
0x00007ffef5080000 - 0x00007ffef50eb000 	C:\windows\System32\WS2_32.dll
0x00007ffed44a0000 - 0x00007ffed44c7000 	C:\windows\SYSTEM32\WINMM.dll
0x00007ffeec160000 - 0x00007ffeec16a000 	C:\windows\SYSTEM32\VERSION.dll
0x00007ffeebb50000 - 0x00007ffeebb5f000 	C:\Users\aeite\Documents\GitHub\neural_signal_2020\processing-3.5.4\java\bin\verify.dll
0x00007ffed09d0000 - 0x00007ffed09f9000 	C:\Users\aeite\Documents\GitHub\neural_signal_2020\processing-3.5.4\java\bin\java.dll
0x00007ffedfb20000 - 0x00007ffedfb55000 	C:\Users\aeite\Documents\GitHub\neural_signal_2020\processing-3.5.4\java\bin\jdwp.dll
0x00007ffeed800000 - 0x00007ffeed808000 	C:\Users\aeite\Documents\GitHub\neural_signal_2020\processing-3.5.4\java\bin\npt.dll
0x00007ffed0460000 - 0x00007ffed0476000 	C:\Users\aeite\Documents\GitHub\neural_signal_2020\processing-3.5.4\java\bin\zip.dll
0x00007ffef43c0000 - 0x00007ffef4aff000 	C:\windows\System32\SHELL32.dll
0x00007ffef0910000 - 0x00007ffef10a1000 	C:\windows\SYSTEM32\windows.storage.dll
0x00007ffef3640000 - 0x00007ffef3995000 	C:\windows\System32\combase.dll
0x00007ffef24b0000 - 0x00007ffef24dc000 	C:\windows\SYSTEM32\Wldp.dll
0x00007ffef52e0000 - 0x00007ffef538e000 	C:\windows\System32\SHCORE.dll
0x00007ffef50f0000 - 0x00007ffef5145000 	C:\windows\System32\shlwapi.dll
0x00007ffef2a50000 - 0x00007ffef2a6f000 	C:\windows\SYSTEM32\profapi.dll
0x00007ffeed7f0000 - 0x00007ffeed7f9000 	C:\Users\aeite\Documents\GitHub\neural_signal_2020\processing-3.5.4\java\bin\dt_socket.dll
0x00007ffef2210000 - 0x00007ffef227a000 	C:\windows\system32\mswsock.dll
0x00007ffe905b0000 - 0x00007ffe90749000 	C:\Users\aeite\Documents\GitHub\neural_signal_2020\processing-3.5.4\java\bin\awt.dll
0x00007ffef4ba0000 - 0x00007ffef4c6d000 	C:\windows\System32\OLEAUT32.dll
0x00007ffeefe70000 - 0x00007ffeeff00000 	C:\windows\SYSTEM32\apphelp.dll
0x00007ffef0030000 - 0x00007ffef00ce000 	C:\windows\system32\uxtheme.dll
0x00007ffef4e80000 - 0x00007ffef4f95000 	C:\windows\System32\MSCTF.dll
0x00007ffef4ca0000 - 0x00007ffef4dca000 	C:\windows\System32\ole32.dll
0x00007ffef13d0000 - 0x00007ffef13e2000 	C:\windows\SYSTEM32\kernel.appcore.dll
0x00007ffef3140000 - 0x00007ffef31c3000 	C:\windows\System32\bcryptPrimitives.dll
0x0000000071100000 - 0x0000000071125000 	C:\Users\aeite\Documents\GitHub\neural_signal_2020\processing-3.5.4\modes\java\libraries\serial\library\windows64\jSSC-2.8.dll
0x00007ffef0220000 - 0x00007ffef024f000 	C:\windows\system32\DWMAPI.DLL
0x00007ffecb0f0000 - 0x00007ffecb215000 	C:\windows\system32\opengl32.dll
0x00007ffeccb90000 - 0x00007ffeccbbc000 	C:\windows\SYSTEM32\GLU32.dll
0x00007ffef23f0000 - 0x00007ffef2408000 	C:\windows\SYSTEM32\CRYPTSP.dll
0x00007ffef1bb0000 - 0x00007ffef1be4000 	C:\windows\system32\rsaenh.dll
0x00007ffef2b10000 - 0x00007ffef2b37000 	C:\windows\System32\bcrypt.dll
0x00007ffef29d0000 - 0x00007ffef29fe000 	C:\windows\SYSTEM32\USERENV.dll
0x00007ffef2410000 - 0x00007ffef241c000 	C:\windows\SYSTEM32\CRYPTBASE.dll
0x00007ffed0440000 - 0x00007ffed045a000 	C:\Users\aeite\Documents\GitHub\neural_signal_2020\processing-3.5.4\java\bin\net.dll
0x00007ffee3030000 - 0x00007ffee321c000 	C:\windows\SYSTEM32\urlmon.dll
0x00007ffee0350000 - 0x00007ffee0600000 	C:\windows\SYSTEM32\iertutil.dll
0x00007ffef1f00000 - 0x00007ffef1f3b000 	C:\windows\SYSTEM32\IPHLPAPI.DLL
0x00007ffef4140000 - 0x00007ffef4148000 	C:\windows\System32\NSI.dll
0x00007ffef10d0000 - 0x00007ffef10e7000 	C:\windows\SYSTEM32\dhcpcsvc6.DLL
0x00007ffef10b0000 - 0x00007ffef10cd000 	C:\windows\SYSTEM32\dhcpcsvc.DLL
0x00007ffef1f40000 - 0x00007ffef200c000 	C:\windows\SYSTEM32\DNSAPI.dll
0x00007ffed03d0000 - 0x00007ffed03e2000 	C:\Users\aeite\Documents\GitHub\neural_signal_2020\processing-3.5.4\java\bin\nio.dll
0x00000000637c0000 - 0x00000000637cd000 	C:\Users\aeite\AppData\Local\Temp\jogamp_0000\file_cache\jln617277178289797291\jln4217066388414387918\natives\windows-amd64\gluegen-rt.dll
0x00007ffeed7e0000 - 0x00007ffeed7e7000 	C:\Users\aeite\Documents\GitHub\neural_signal_2020\processing-3.5.4\java\bin\jawt.dll
0x000000006a440000 - 0x000000006a44d000 	C:\Users\aeite\AppData\Local\Temp\jogamp_0000\file_cache\jln617277178289797291\jln4217066388414387918\natives\windows-amd64\nativewindow_awt.dll
0x000000006c100000 - 0x000000006c10f000 	C:\Users\aeite\AppData\Local\Temp\jogamp_0000\file_cache\jln617277178289797291\jln4217066388414387918\natives\windows-amd64\nativewindow_win32.dll
0x000000006cbc0000 - 0x000000006cbd3000 	C:\Users\aeite\AppData\Local\Temp\jogamp_0000\file_cache\jln617277178289797291\jln4217066388414387918\natives\windows-amd64\newt.dll
0x00007ffeed840000 - 0x00007ffeed8ee000 	C:\windows\SYSTEM32\mscms.dll
0x00007ffeed6f0000 - 0x00007ffeed701000 	C:\windows\SYSTEM32\ColorAdapterClient.dll
0x00007ffed0890000 - 0x00007ffed08d3000 	C:\windows\SYSTEM32\icm32.dll
0x00007ffef3cd0000 - 0x00007ffef4139000 	C:\windows\System32\setupapi.dll
0x00007ffef2e10000 - 0x00007ffef2e5e000 	C:\windows\System32\cfgmgr32.dll
0x00007ffef2850000 - 0x00007ffef287c000 	C:\windows\SYSTEM32\DEVOBJ.dll
0x00007ffef3040000 - 0x00007ffef30a0000 	C:\windows\System32\WINTRUST.dll
0x00007ffef32e0000 - 0x00007ffef343f000 	C:\windows\System32\CRYPT32.dll
0x00007ffef2630000 - 0x00007ffef2642000 	C:\windows\SYSTEM32\MSASN1.dll
0x0000000064500000 - 0x00000000645b1000 	C:\Users\aeite\AppData\Local\Temp\jogamp_0000\file_cache\jln617277178289797291\jln4217066388414387918\natives\windows-amd64\jogl_desktop.dll
0x0000000064340000 - 0x00000000643a2000 	C:\Users\aeite\AppData\Local\Temp\jogamp_0000\file_cache\jln617277178289797291\jln4217066388414387918\natives\windows-amd64\jogl_mobile.dll
0x00007ffef34f0000 - 0x00007ffef3599000 	C:\windows\System32\clbcatq.dll
0x00007ffeeaa70000 - 0x00007ffeeab69000 	C:\Windows\System32\AppXDeploymentClient.dll
0x00007ffe7d310000 - 0x00007ffe7e257000 	C:\windows\System32\DriverStore\FileRepository\iigd_dch.inf_amd64_ada2367baaae74c0\ig11icd64.dll
0x00007ffef1440000 - 0x00007ffef1534000 	C:\windows\system32\dxgi.dll
0x00007ffed6140000 - 0x00007ffed617b000 	C:\windows\SYSTEM32\dxcore.dll
0x00007ffedac50000 - 0x00007ffedadf4000 	C:\windows\System32\DriverStore\FileRepository\iigd_dch.inf_amd64_ada2367baaae74c0\igdgmm64.dll
0x00007ffed8130000 - 0x00007ffeda579000 	C:\windows\System32\DriverStore\FileRepository\iigd_dch.inf_amd64_ada2367baaae74c0\igc64.dll
0x00007ffef2980000 - 0x00007ffef29cb000 	C:\windows\SYSTEM32\powrprof.dll
0x00007ffef2960000 - 0x00007ffef2972000 	C:\windows\SYSTEM32\UMPDC.dll
0x00007ffedf500000 - 0x00007ffedf5f9000 	C:\windows\SYSTEM32\textinputframework.dll
0x00007ffeef560000 - 0x00007ffeef8be000 	C:\windows\System32\CoreUIComponents.dll
0x00007ffeefc40000 - 0x00007ffeefd32000 	C:\windows\System32\CoreMessaging.dll
0x00007ffeee580000 - 0x00007ffeee6d4000 	C:\windows\SYSTEM32\wintypes.dll
0x00007ffef1840000 - 0x00007ffef1873000 	C:\windows\SYSTEM32\ntmarta.dll
0x00007ffec8530000 - 0x00007ffec8577000 	C:\Users\aeite\Documents\GitHub\neural_signal_2020\processing-3.5.4\java\bin\fontmanager.dll
0x00007ffebe2d0000 - 0x00007ffebe312000 	C:\Users\aeite\Documents\GitHub\neural_signal_2020\processing-3.5.4\java\bin\t2k.dll
0x00007ffed0850000 - 0x00007ffed0881000 	C:\Users\aeite\Documents\GitHub\neural_signal_2020\processing-3.5.4\java\bin\jpeg.dll
0x00007ffeb4bb0000 - 0x00007ffeb4bf2000 	C:\Users\aeite\AppData\Local\Temp\jna-92695030\jna1001364159195349187.dll
0x00007ffe7d120000 - 0x00007ffe7d306000 	C:\Users\aeite\AppData\Local\Temp\jna-92695030\jna4622748949950437924.dll
0x0000000077150000 - 0x0000000077223000 	C:\windows\WinSxS\amd64_microsoft.vc90.crt_1fc8b3b9a1e18e3b_9.0.30729.9625_none_08e1c10da83fbc83\MSVCP90.dll
0x00000000770a0000 - 0x0000000077143000 	C:\windows\WinSxS\amd64_microsoft.vc90.crt_1fc8b3b9a1e18e3b_9.0.30729.9625_none_08e1c10da83fbc83\MSVCR90.dll
0x00007ffee4260000 - 0x00007ffee4277000 	C:\windows\system32\napinsp.dll
0x00007ffee9ae0000 - 0x00007ffee9afb000 	C:\windows\system32\pnrpnsp.dll
0x00007ffeedaf0000 - 0x00007ffeedb05000 	C:\windows\system32\wshbth.dll
0x00007ffeeb9d0000 - 0x00007ffeeb9ed000 	C:\windows\system32\NLAapi.dll
0x00007ffee9e30000 - 0x00007ffee9e42000 	C:\windows\System32\winrnr.dll
0x00007ffef11b0000 - 0x00007ffef1394000 	C:\windows\SYSTEM32\dbghelp.dll

VM Arguments:
jvm_args: -agentlib:jdwp=transport=dt_socket,address=8547,server=y,suspend=y,quiet=y -Xms64m -Xmx500m -Djna.nosys=true -Djava.ext.dirs=C:\Users\aeite\Documents\GitHub\neural_signal_2020\processing-3.5.4\java\lib\ext -Djava.library.path=C:\Program Files\processing-3.5.4\OpenBCI_GUI_feedback\OpenBCI_GUI\code;C:\Users\aeite\Documents\GitHub\neural_signal_2020\processing-3.5.4\core\library;C:\Program Files\processing-3.5.4\libraries\minim\library;C:\Users\aeite\Documents\GitHub\neural_signal_2020\processing-3.5.4\modes\java\libraries\serial\library\windows64;C:\Users\aeite\Documents\GitHub\neural_signal_2020\processing-3.5.4\modes\java\libraries\net\library;C:\Program Files\processing-3.5.4\libraries\grafica\library;C:\Program Files\processing-3.5.4\libraries\GifAnimation\library;C:\Program Files\processing-3.5.4\libraries\oscP5\library;C:\Program Files\processing-3.5.4\libraries\udp\library;C:\Program Files\processing-3.5.4\libraries\LSLLink\library;C:\Program Files\processing-3.5.4\libraries\controlP5\library;C:\Users\aeite\Documents\GitHub\neural_signal_2020\processing-3.5.4\java\bin;C:\windows\system32;C:\windows;C:\windows\system32;C:\windows;C:\windows\System32\Wbem;C:\windows\System32\WindowsPowerShell\v1.0;C:\windows\System32\OpenSSH;C:\Program Files\MATLAB\R2019b\bin;C:\Program Files\PuTTY;C:\Users\aeite\AppData\Local\Microsoft\WindowsApps;C:\Users\aeite\AppData\Local\Programs\Microsoft VS Code\bin;C:\Users\aeite\AppData\Local\GitHubDesktop\bin;C:\Users\aeite\Documents\GitHub\neural_signal_2020\processing-3.5.4\java\bin;. -ea 
java_command: processing.core.PApplet --display=1 --sketch-path=C:\Program Files\processing-3.5.4\OpenBCI_GUI_feedback\OpenBCI_GUI OpenBCI_GUI
java_class_path (initial): C:\Users\aeite\AppData\Local\Temp\OpenBCI_GUI4163541738179389205temp;;C:\Program Files\processing-3.5.4\OpenBCI_GUI_feedback\OpenBCI_GUI\code\LSLLink.jar;C:\Users\aeite\Documents\GitHub\neural_signal_2020\processing-3.5.4\core\library\core.jar;C:\Users\aeite\Documents\GitHub\neural_signal_2020\processing-3.5.4\core\library\gluegen-rt-natives-linux-aarch64.jar;C:\Users\aeite\Documents\GitHub\neural_signal_2020\processing-3.5.4\core\library\gluegen-rt-natives-linux-amd64.jar;C:\Users\aeite\Documents\GitHub\neural_signal_2020\processing-3.5.4\core\library\gluegen-rt-natives-linux-armv6hf.jar;C:\Users\aeite\Documents\GitHub\neural_signal_2020\processing-3.5.4\core\library\gluegen-rt-natives-linux-i586.jar;C:\Users\aeite\Documents\GitHub\neural_signal_2020\processing-3.5.4\core\library\gluegen-rt-natives-macosx-universal.jar;C:\Users\aeite\Documents\GitHub\neural_signal_2020\processing-3.5.4\core\library\gluegen-rt-natives-windows-amd64.jar;C:\Users\aeite\Documents\GitHub\neural_signal_2020\processing-3.5.4\core\library\gluegen-rt-natives-windows-i586.jar;C:\Users\aeite\Documents\GitHub\neural_signal_2020\processing-3.5.4\core\library\gluegen-rt.jar;C:\Users\aeite\Documents\GitHub\neural_signal_2020\processing-3.5.4\core\library\jogl-all-natives-linux-aarch64.jar;C:\Users\aeite\Documents\GitHub\neural_signal_2020\processing-3.5.4\core\library\jogl-all-natives-linux-amd64.jar;C:\Users\aeite\Documents\GitHub\neural_signal_2020\processing-3.5.4\core\library\jogl-all-natives-linux-armv6hf.jar;C:\Users\aeite\Documents\GitHub\neural_signal_2020\processing-3.5.4\core\library\jogl-all-natives-linux-i586.jar;C:\Users\aeite\Documents\GitHub\neural_signal_2020\processing-3.5.4\core\library\jogl-all-natives-macosx-universal.jar;C:\Users\aeite\Documents\GitHub\neural_signal_2020\processing-3.5.4\core\library\jogl-all-natives-windows-amd64.jar;C:\Users\aeite\Documents\GitHub\neural_signal_2020\processing-3.5.4\core\library\jogl-all-natives-windows-i586.jar
Launcher Type: SUN_STANDARD

Environment Variables:
PATH=C:\windows\system32;C:\windows;C:\windows\System32\Wbem;C:\windows\System32\WindowsPowerShell\v1.0\;C:\windows\System32\OpenSSH\;C:\Program Files\MATLAB\R2019b\bin;C:\Program Files\PuTTY\;C:\Users\aeite\AppData\Local\Microsoft\WindowsApps;C:\Users\aeite\AppData\Local\Programs\Microsoft VS Code\bin;C:\Users\aeite\AppData\Local\GitHubDesktop\bin;C:\Users\aeite\Documents\GitHub\neural_signal_2020\processing-3.5.4\java\bin
USERNAME=aeite
OS=Windows_NT
PROCESSOR_IDENTIFIER=Intel64 Family 6 Model 126 Stepping 5, GenuineIntel



---------------  S Y S T E M  ---------------

OS: Windows 10.0 , 64 bit Build 19041 (10.0.19041.1023)

CPU:total 8 (initial active 8) (4 cores per cpu, 2 threads per core) family 6 model 126 stepping 5, cmov, cx8, fxsr, mmx, sse, sse2, sse3, ssse3, sse4.1, sse4.2, popcnt, avx, avx2, aes, clmul, erms, 3dnowpref, lzcnt, ht, tsc, tscinvbit, bmi1, bmi2, adx

Memory: 4k page, physical 8070036k(1905792k free), swap 20128660k(10694976k free)

vm_info: Java HotSpot(TM) 64-Bit Server VM (25.202-b08) for windows-amd64 JRE (1.8.0_202-b08), built on Dec 15 2018 19:54:30 by "java_re" with MS VC++ 10.0 (VS2010)

time: Tue Jul 13 17:32:49 2021
timezone: Mountain Daylight Time
elapsed time: 90 seconds (0d 0h 1m 30s)

