#
# A fatal error has been detected by the Java Runtime Environment:
#
#  EXCEPTION_ACCESS_VIOLATION (0xc0000005) at pc=0x00007ffe7d3515e5, pid=976, tid=0x00000000000010e0
#
# JRE version: Java(TM) SE Runtime Environment (8.0_202-b08) (build 1.8.0_202-b08)
# Java VM: Java HotSpot(TM) 64-Bit Server VM (25.202-b08 mixed mode windows-amd64 compressed oops)
# Problematic frame:
# C  [ig11icd64.dll+0x415e5]
#
# Failed to write core dump. Minidumps are not enabled by default on client versions of Windows
#
# If you would like to submit a bug report, please visit:
#   http://bugreport.java.com/bugreport/crash.jsp
# The crash happened outside the Java Virtual Machine in native code.
# See problematic frame for where to report the bug.
#

---------------  T H R E A D  ---------------

Current thread (0x0000000014719000):  JavaThread "JDWP Transport Listener: dt_socket" daemon [_thread_in_native, id=4320, stack(0x0000000016e20000,0x0000000016f20000)]

siginfo: ExceptionCode=0xc0000005, reading address 0x0000000000034868

Registers:
RAX=0x0000000029ac37e8, RBX=0x0000000029ac36b0, RCX=0x0000000000000000, RDX=0x0000000029ac3778
RSP=0x0000000016f1e3d0, RBP=0x0000000000000000, RSI=0x0000000029acab20, RDI=0x0000000020a6cb50
R8 =0x0000000000000000, R9 =0x0000000000000000, R10=0x0000000000000000, R11=0x0000000000000246
R12=0x00000000209f4f00, R13=0x0000000000000000, R14=0x0000000029ac3b40, R15=0x0000000000000000
RIP=0x00007ffe7d3515e5, EFLAGS=0x0000000000010206

Top of Stack: (sp=0x0000000016f1e3d0)
0x0000000016f1e3d0:   0000000000000000 0000000000000000
0x0000000016f1e3e0:   000089cafd966ef7 0000005400000000
0x0000000016f1e3f0:   00000000000000a8 0000000000000000
0x0000000016f1e400:   000000000037480c 00000000209f4f40
0x0000000016f1e410:   0000b802062b00a8 00007ffe7d334a56
0x0000000016f1e420:   0000000000ff5ec0 0000000020a6cb50
0x0000000016f1e430:   0000000016f1e520 0000000000000000
0x0000000016f1e440:   0000000000000000 0000000000000000
0x0000000016f1e450:   0000000000def000 00007ffeee679398
0x0000000016f1e460:   0000000016f1e6a0 0000000000000000
0x0000000016f1e470:   0000000000000000 0000000016f1e730
0x0000000016f1e480:   0000000016f1e590 00007ffef53ec3c8
0x0000000016f1e490:   0000000016f1e650 0000000016f1e800
0x0000000016f1e4a0:   0000000000000000 0000000016f1e4e0
0x0000000016f1e4b0:   0000000016f1e510 0000000000000000
0x0000000016f1e4c0:   0000b802062b00a8 0000000000003c54 

Instructions: (pc=0x00007ffe7d3515e5)
0x00007ffe7d3515c5:   1d 8b c1 83 e0 0f 48 6b c0 38 48 03 c2 48 85 c0
0x00007ffe7d3515d5:   74 0c 48 8b 48 08 eb 08 48 83 c0 08 eb ef 33 c9
0x00007ffe7d3515e5:   48 3b 8d 68 48 03 00 76 6b 48 8b 87 80 02 00 00
0x00007ffe7d3515f5:   49 89 06 48 89 9f 80 02 00 00 ff 87 88 02 00 00 


Register to memory mapping:

RAX=0x0000000029ac37e8 is an unknown value
RBX=0x0000000029ac36b0 is an unknown value
RCX=0x0000000000000000 is an unknown value
RDX=0x0000000029ac3778 is an unknown value
RSP=0x0000000016f1e3d0 is pointing into the stack for thread: 0x0000000014719000
RBP=0x0000000000000000 is an unknown value
RSI=0x0000000029acab20 is an unknown value
RDI=0x0000000020a6cb50 is an unknown value
R8 =0x0000000000000000 is an unknown value
R9 =0x0000000000000000 is an unknown value
R10=0x0000000000000000 is an unknown value
R11=0x0000000000000246 is an unknown value
R12=0x00000000209f4f00 is an unknown value
R13=0x0000000000000000 is an unknown value
R14=0x0000000029ac3b40 is an unknown value
R15=0x0000000000000000 is an unknown value


Stack: [0x0000000016e20000,0x0000000016f20000],  sp=0x0000000016f1e3d0,  free space=1016k
Native frames: (J=compiled Java code, j=interpreted, Vv=VM code, C=native code)


---------------  P R O C E S S  ---------------

Java Threads: ( => current thread )
  0x0000000018dea000 JavaThread "main-FPSAWTAnimator#00-Timer0-FPSAWTAnimator#00-Timer1-FPSAWTAnimator#00-Timer2" [_thread_in_native, id=12232, stack(0x0000000024800000,0x0000000024900000)]
  0x0000000018de4800 JavaThread "Thread-13" daemon [_thread_in_native, id=13064, stack(0x0000000024a00000,0x0000000024b00000)]
  0x0000000018de8800 JavaThread "Thread-12" [_thread_blocked, id=9488, stack(0x0000000028da0000,0x0000000028ea0000)]
  0x0000000018de7800 JavaThread "Thread-11" [_thread_blocked, id=7312, stack(0x0000000027ca0000,0x0000000027da0000)]
  0x0000000002ec4000 JavaThread "DestroyJavaVM" [_thread_blocked, id=11672, stack(0x0000000002dc0000,0x0000000002ec0000)]
  0x0000000017fa1800 JavaThread "Thread-5" [_thread_blocked, id=17700, stack(0x0000000021220000,0x0000000021320000)]
  0x000000001884f000 JavaThread "HighResTimerThread" daemon [_thread_blocked, id=17692, stack(0x0000000021120000,0x0000000021220000)]
  0x0000000017e9d000 JavaThread "main-SharedResourceRunner" daemon [_thread_blocked, id=18264, stack(0x000000001acd0000,0x000000001add0000)]
  0x0000000017faa000 JavaThread "main-Display-.windows_nil-1-EDT-1" daemon [_thread_blocked, id=18324, stack(0x000000001a7d0000,0x000000001a8d0000)]
  0x0000000017b7d000 JavaThread "Timer-0" daemon [_thread_blocked, id=5620, stack(0x00000000184d0000,0x00000000185d0000)]
  0x00000000179f0800 JavaThread "AWT-Windows" daemon [_thread_in_native, id=3128, stack(0x0000000018260000,0x0000000018360000)]
  0x00000000179d3000 JavaThread "Java2D Disposer" daemon [_thread_blocked, id=17528, stack(0x0000000018060000,0x0000000018160000)]
  0x0000000016595000 JavaThread "Service Thread" daemon [_thread_blocked, id=17592, stack(0x0000000017520000,0x0000000017620000)]
  0x0000000016586800 JavaThread "C1 CompilerThread3" daemon [_thread_blocked, id=14232, stack(0x0000000017420000,0x0000000017520000)]
  0x0000000016586000 JavaThread "C2 CompilerThread2" daemon [_thread_blocked, id=8644, stack(0x0000000017320000,0x0000000017420000)]
  0x0000000016585000 JavaThread "C2 CompilerThread1" daemon [_thread_blocked, id=16612, stack(0x0000000017220000,0x0000000017320000)]
  0x000000001657f800 JavaThread "C2 CompilerThread0" daemon [_thread_blocked, id=6980, stack(0x0000000017120000,0x0000000017220000)]
  0x000000001656e800 JavaThread "JDWP Event Helper Thread" daemon [_thread_blocked, id=7588, stack(0x0000000016f20000,0x0000000017020000)]
=>0x0000000014719000 JavaThread "JDWP Transport Listener: dt_socket" daemon [_thread_in_native, id=4320, stack(0x0000000016e20000,0x0000000016f20000)]
  0x0000000016554000 JavaThread "Attach Listener" daemon [_thread_blocked, id=5164, stack(0x0000000016d20000,0x0000000016e20000)]
  0x0000000016553000 JavaThread "Signal Dispatcher" daemon [_thread_blocked, id=10308, stack(0x0000000016c20000,0x0000000016d20000)]
  0x0000000016541000 JavaThread "Finalizer" daemon [_thread_blocked, id=14712, stack(0x0000000016a20000,0x0000000016b20000)]
  0x0000000016540800 JavaThread "Reference Handler" daemon [_thread_blocked, id=16832, stack(0x0000000016920000,0x0000000016a20000)]

Other Threads:
  0x0000000014709000 VMThread [stack: 0x0000000016420000,0x0000000016520000] [id=14760]
  0x0000000016631800 WatcherThread [stack: 0x0000000017620000,0x0000000017720000] [id=9444]

VM state:not at safepoint (normal execution)

VM Mutex/Monitor currently owned by a thread: None

heap address: 0x00000000e0c00000, size: 500 MB, Compressed Oops mode: 32-bit
Narrow klass base: 0x0000000000000000, Narrow klass shift: 3
Compressed class space size: 1073741824 Address: 0x0000000100000000

Heap:
 PSYoungGen      total 95232K, used 51218K [0x00000000f5980000, 0x00000000fdd00000, 0x0000000100000000)
  eden space 64000K, 78% used [0x00000000f5980000,0x00000000f8a65ae8,0x00000000f9800000)
  from space 31232K, 3% used [0x00000000fbe80000,0x00000000fbf9efd0,0x00000000fdd00000)
  to   space 35328K, 0% used [0x00000000f9800000,0x00000000f9800000,0x00000000fba80000)
 ParOldGen       total 120832K, used 64585K [0x00000000e0c00000, 0x00000000e8200000, 0x00000000f5980000)
  object space 120832K, 53% used [0x00000000e0c00000,0x00000000e4b124b8,0x00000000e8200000)
 Metaspace       used 24072K, capacity 24296K, committed 24448K, reserved 1071104K
  class space    used 2048K, capacity 2108K, committed 2176K, reserved 1048576K

Card table byte_map: [0x0000000012380000,0x0000000012480000] byte_map_base: 0x0000000011c7a000

Marking Bits: (ParMarkBitMap*) 0x0000000076e85ce0
 Begin Bits: [0x0000000012c80000, 0x0000000013450000)
 End Bits:   [0x0000000013450000, 0x0000000013c20000)

Polling page: 0x0000000002c90000

CodeCache: size=245760Kb used=14766Kb max_used=15017Kb free=230993Kb
 bounds [0x0000000002fc0000, 0x0000000003ea0000, 0x0000000011fc0000]
 total_blobs=4458 nmethods=3467 adapters=909
 compilation: enabled

Compilation events (10 events):
Event: 64.576 Thread 0x0000000016585000 4380       4       processing.data.StringList::append (41 bytes)
Event: 64.579 Thread 0x0000000016585000 nmethod 4380 0x0000000003704110 code [0x0000000003704260, 0x00000000037043e8]
Event: 64.610 Thread 0x000000001657f800 4381       4       processing.core.PApplet::print (84 bytes)
Event: 64.648 Thread 0x0000000016586000 4382   !   4       java.io.PrintWriter::flush (38 bytes)
Event: 64.648 Thread 0x0000000016585000 4383   !   4       java.io.PrintStream::write (83 bytes)
Event: 64.660 Thread 0x0000000016585000 nmethod 4383 0x00000000034f6a10 code [0x00000000034f6bc0, 0x00000000034f79e8]
Event: 64.663 Thread 0x0000000016586000 nmethod 4382 0x0000000003496c90 code [0x0000000003496e20, 0x0000000003497c18]
Event: 64.687 Thread 0x000000001657f800 nmethod 4381 0x0000000003e93550 code [0x0000000003e93840, 0x0000000003e97210]
Event: 65.104 Thread 0x0000000016585000 4384       4       OpenBCI_GUI$Hub::parseMessage (458 bytes)
Event: 65.128 Thread 0x0000000016585000 nmethod 4384 0x000000000362f790 code [0x000000000362f980, 0x0000000003630858]

GC Heap History (10 events):
Event: 47.881 GC heap before
{Heap before GC invocations=18 (full 2):
 PSYoungGen      total 76288K, used 76201K [0x00000000f5980000, 0x00000000ff900000, 0x0000000100000000)
  eden space 75264K, 100% used [0x00000000f5980000,0x00000000fa300000,0x00000000fa300000)
  from space 1024K, 91% used [0x00000000fa580000,0x00000000fa66a4d8,0x00000000fa680000)
  to   space 44032K, 0% used [0x00000000fce00000,0x00000000fce00000,0x00000000ff900000)
 ParOldGen       total 120832K, used 64561K [0x00000000e0c00000, 0x00000000e8200000, 0x00000000f5980000)
  object space 120832K, 53% used [0x00000000e0c00000,0x00000000e4b0c4b8,0x00000000e8200000)
 Metaspace       used 24006K, capacity 24232K, committed 24448K, reserved 1071104K
  class space    used 2048K, capacity 2108K, committed 2176K, reserved 1048576K
Event: 47.884 GC heap after
Heap after GC invocations=18 (full 2):
 PSYoungGen      total 111104K, used 679K [0x00000000f5980000, 0x00000000ff380000, 0x0000000100000000)
  eden space 72704K, 0% used [0x00000000f5980000,0x00000000f5980000,0x00000000fa080000)
  from space 38400K, 1% used [0x00000000fce00000,0x00000000fcea9fc0,0x00000000ff380000)
  to   space 42496K, 0% used [0x00000000fa080000,0x00000000fa080000,0x00000000fca00000)
 ParOldGen       total 120832K, used 64569K [0x00000000e0c00000, 0x00000000e8200000, 0x00000000f5980000)
  object space 120832K, 53% used [0x00000000e0c00000,0x00000000e4b0e4b8,0x00000000e8200000)
 Metaspace       used 24006K, capacity 24232K, committed 24448K, reserved 1071104K
  class space    used 2048K, capacity 2108K, committed 2176K, reserved 1048576K
}
Event: 51.712 GC heap before
{Heap before GC invocations=19 (full 2):
 PSYoungGen      total 111104K, used 73383K [0x00000000f5980000, 0x00000000ff380000, 0x0000000100000000)
  eden space 72704K, 100% used [0x00000000f5980000,0x00000000fa080000,0x00000000fa080000)
  from space 38400K, 1% used [0x00000000fce00000,0x00000000fcea9fc0,0x00000000ff380000)
  to   space 42496K, 0% used [0x00000000fa080000,0x00000000fa080000,0x00000000fca00000)
 ParOldGen       total 120832K, used 64569K [0x00000000e0c00000, 0x00000000e8200000, 0x00000000f5980000)
  object space 120832K, 53% used [0x00000000e0c00000,0x00000000e4b0e4b8,0x00000000e8200000)
 Metaspace       used 24066K, capacity 24296K, committed 24448K, reserved 1071104K
  class space    used 2048K, capacity 2108K, committed 2176K, reserved 1048576K
Event: 51.716 GC heap after
Heap after GC invocations=19 (full 2):
 PSYoungGen      total 71168K, used 789K [0x00000000f5980000, 0x00000000fee00000, 0x0000000100000000)
  eden space 70144K, 0% used [0x00000000f5980000,0x00000000f5980000,0x00000000f9e00000)
  from space 1024K, 77% used [0x00000000fa080000,0x00000000fa1457d0,0x00000000fa180000)
  to   space 40960K, 0% used [0x00000000fc600000,0x00000000fc600000,0x00000000fee00000)
 ParOldGen       total 120832K, used 64577K [0x00000000e0c00000, 0x00000000e8200000, 0x00000000f5980000)
  object space 120832K, 53% used [0x00000000e0c00000,0x00000000e4b104b8,0x00000000e8200000)
 Metaspace       used 24066K, capacity 24296K, committed 24448K, reserved 1071104K
  class space    used 2048K, capacity 2108K, committed 2176K, reserved 1048576K
}
Event: 55.544 GC heap before
{Heap before GC invocations=20 (full 2):
 PSYoungGen      total 71168K, used 70933K [0x00000000f5980000, 0x00000000fee00000, 0x0000000100000000)
  eden space 70144K, 100% used [0x00000000f5980000,0x00000000f9e00000,0x00000000f9e00000)
  from space 1024K, 77% used [0x00000000fa080000,0x00000000fa1457d0,0x00000000fa180000)
  to   space 40960K, 0% used [0x00000000fc600000,0x00000000fc600000,0x00000000fee00000)
 ParOldGen       total 120832K, used 64577K [0x00000000e0c00000, 0x00000000e8200000, 0x00000000f5980000)
  object space 120832K, 53% used [0x00000000e0c00000,0x00000000e4b104b8,0x00000000e8200000)
 Metaspace       used 24070K, capacity 24296K, committed 24448K, reserved 1071104K
  class space    used 2048K, capacity 2108K, committed 2176K, reserved 1048576K
Event: 55.549 GC heap after
Heap after GC invocations=20 (full 2):
 PSYoungGen      total 102912K, used 955K [0x00000000f5980000, 0x00000000fe800000, 0x0000000100000000)
  eden space 68096K, 0% used [0x00000000f5980000,0x00000000f5980000,0x00000000f9c00000)
  from space 34816K, 2% used [0x00000000fc600000,0x00000000fc6eefd0,0x00000000fe800000)
  to   space 38912K, 0% used [0x00000000f9c00000,0x00000000f9c00000,0x00000000fc200000)
 ParOldGen       total 120832K, used 64585K [0x00000000e0c00000, 0x00000000e8200000, 0x00000000f5980000)
  object space 120832K, 53% used [0x00000000e0c00000,0x00000000e4b124b8,0x00000000e8200000)
 Metaspace       used 24070K, capacity 24296K, committed 24448K, reserved 1071104K
  class space    used 2048K, capacity 2108K, committed 2176K, reserved 1048576K
}
Event: 59.280 GC heap before
{Heap before GC invocations=21 (full 2):
 PSYoungGen      total 102912K, used 69051K [0x00000000f5980000, 0x00000000fe800000, 0x0000000100000000)
  eden space 68096K, 100% used [0x00000000f5980000,0x00000000f9c00000,0x00000000f9c00000)
  from space 34816K, 2% used [0x00000000fc600000,0x00000000fc6eefd0,0x00000000fe800000)
  to   space 38912K, 0% used [0x00000000f9c00000,0x00000000f9c00000,0x00000000fc200000)
 ParOldGen       total 120832K, used 64585K [0x00000000e0c00000, 0x00000000e8200000, 0x00000000f5980000)
  object space 120832K, 53% used [0x00000000e0c00000,0x00000000e4b124b8,0x00000000e8200000)
 Metaspace       used 24072K, capacity 24296K, committed 24448K, reserved 1071104K
  class space    used 2048K, capacity 2108K, committed 2176K, reserved 1048576K
Event: 59.283 GC heap after
Heap after GC invocations=21 (full 2):
 PSYoungGen      total 67584K, used 1083K [0x00000000f5980000, 0x00000000fe300000, 0x0000000100000000)
  eden space 66048K, 0% used [0x00000000f5980000,0x00000000f5980000,0x00000000f9a00000)
  from space 1536K, 70% used [0x00000000f9c00000,0x00000000f9d0efd0,0x00000000f9d80000)
  to   space 37376K, 0% used [0x00000000fbe80000,0x00000000fbe80000,0x00000000fe300000)
 ParOldGen       total 120832K, used 64585K [0x00000000e0c00000, 0x00000000e8200000, 0x00000000f5980000)
  object space 120832K, 53% used [0x00000000e0c00000,0x00000000e4b124b8,0x00000000e8200000)
 Metaspace       used 24072K, capacity 24296K, committed 24448K, reserved 1071104K
  class space    used 2048K, capacity 2108K, committed 2176K, reserved 1048576K
}
Event: 62.897 GC heap before
{Heap before GC invocations=22 (full 2):
 PSYoungGen      total 67584K, used 67131K [0x00000000f5980000, 0x00000000fe300000, 0x0000000100000000)
  eden space 66048K, 100% used [0x00000000f5980000,0x00000000f9a00000,0x00000000f9a00000)
  from space 1536K, 70% used [0x00000000f9c00000,0x00000000f9d0efd0,0x00000000f9d80000)
  to   space 37376K, 0% used [0x00000000fbe80000,0x00000000fbe80000,0x00000000fe300000)
 ParOldGen       total 120832K, used 64585K [0x00000000e0c00000, 0x00000000e8200000, 0x00000000f5980000)
  object space 120832K, 53% used [0x00000000e0c00000,0x00000000e4b124b8,0x00000000e8200000)
 Metaspace       used 24072K, capacity 24296K, committed 24448K, reserved 1071104K
  class space    used 2048K, capacity 2108K, committed 2176K, reserved 1048576K
Event: 62.900 GC heap after
Heap after GC invocations=22 (full 2):
 PSYoungGen      total 95232K, used 1147K [0x00000000f5980000, 0x00000000fdd00000, 0x0000000100000000)
  eden space 64000K, 0% used [0x00000000f5980000,0x00000000f5980000,0x00000000f9800000)
  from space 31232K, 3% used [0x00000000fbe80000,0x00000000fbf9efd0,0x00000000fdd00000)
  to   space 35328K, 0% used [0x00000000f9800000,0x00000000f9800000,0x00000000fba80000)
 ParOldGen       total 120832K, used 64585K [0x00000000e0c00000, 0x00000000e8200000, 0x00000000f5980000)
  object space 120832K, 53% used [0x00000000e0c00000,0x00000000e4b124b8,0x00000000e8200000)
 Metaspace       used 24072K, capacity 24296K, committed 24448K, reserved 1071104K
  class space    used 2048K, capacity 2108K, committed 2176K, reserved 1048576K
}

Deoptimization events (10 events):
Event: 52.139 Thread 0x0000000018de4800 Uncommon trap: reason=unstable_if action=reinterpret pc=0x0000000003d3bbfc method=sun.misc.FloatingDecimal$BinaryToASCIIBuffer.dtoa(IJIZ)V @ 379
Event: 52.655 Thread 0x0000000018dea000 Uncommon trap: reason=speculate_class_check action=maybe_recompile pc=0x0000000003e26984 method=com.jogamp.common.nio.Buffers.getDirectBufferByteOffset(Ljava/lang/Object;)I @ 22
Event: 52.655 Thread 0x0000000018dea000 Uncommon trap: reason=speculate_class_check action=maybe_recompile pc=0x0000000003e26984 method=com.jogamp.common.nio.Buffers.getDirectBufferByteOffset(Ljava/lang/Object;)I @ 22
Event: 53.532 Thread 0x0000000018dea000 Uncommon trap: reason=speculate_class_check action=maybe_recompile pc=0x0000000003e31c20 method=com.jogamp.common.nio.Buffers.getDirectBufferByteOffset(Ljava/lang/Object;)I @ 31
Event: 53.532 Thread 0x0000000018dea000 Uncommon trap: reason=speculate_class_check action=maybe_recompile pc=0x0000000003e31c20 method=com.jogamp.common.nio.Buffers.getDirectBufferByteOffset(Ljava/lang/Object;)I @ 31
Event: 54.439 Thread 0x0000000018dea000 Uncommon trap: reason=speculate_class_check action=maybe_recompile pc=0x0000000003e4eac0 method=com.jogamp.common.nio.Buffers.getDirectBufferByteOffset(Ljava/lang/Object;)I @ 42
Event: 54.471 Thread 0x0000000018dea000 Uncommon trap: reason=speculate_class_check action=maybe_recompile pc=0x0000000003e4eac0 method=com.jogamp.common.nio.Buffers.getDirectBufferByteOffset(Ljava/lang/Object;)I @ 42
Event: 60.922 Thread 0x0000000018dea000 Uncommon trap: reason=unstable_if action=reinterpret pc=0x0000000003e36570 method=sun.misc.FloatingDecimal$BinaryToASCIIBuffer.dtoa(IJIZ)V @ 714
Event: 65.553 Thread 0x0000000018dea000 Uncommon trap: reason=unstable_if action=reinterpret pc=0x00000000038c43bc method=controlP5.ControlWindow.pre()LcontrolP5/ControlWindow; @ 51
Event: 65.553 Thread 0x0000000018dea000 Uncommon trap: reason=unstable_if action=reinterpret pc=0x0000000003adc560 method=controlP5.ControlWindow.pre()LcontrolP5/ControlWindow; @ 51

Classes redefined (0 events):
No events

Internal exceptions (10 events):
Event: 13.216 Thread 0x0000000018aae800 Exception <a 'java/lang/NullPointerException'> (0x00000000f893f3f8) thrown at [C:\re\workspace\8-2-build-windows-amd64-cygwin\jdk8u202\12323\hotspot\src\share\vm\interpreter\linkResolver.cpp, line 1185]
Event: 13.219 Thread 0x0000000018aae800 Exception <a 'java/lang/NullPointerException'> (0x00000000f8b2eae8) thrown at [C:\re\workspace\8-2-build-windows-amd64-cygwin\jdk8u202\12323\hotspot\src\share\vm\interpreter\linkResolver.cpp, line 1185]
Event: 13.222 Thread 0x0000000018aae800 Exception <a 'java/lang/NullPointerException'> (0x00000000f8b433c0) thrown at [C:\re\workspace\8-2-build-windows-amd64-cygwin\jdk8u202\12323\hotspot\src\share\vm\interpreter\linkResolver.cpp, line 1185]
Event: 14.234 Thread 0x0000000018aae800 Exception <a 'java/lang/ClassNotFoundException': sun/net/www/protocol/c/Handler> (0x00000000f653c1f0) thrown at [C:\re\workspace\8-2-build-windows-amd64-cygwin\jdk8u202\12323\hotspot\src\share\vm\classfile\systemDictionary.cpp, line 210]
Event: 23.280 Thread 0x0000000018dea000 Implicit null exception at 0x0000000003531af6 to 0x00000000035328e1
Event: 42.884 Thread 0x0000000018dea000 Exception <a 'java/lang/NullPointerException'> (0x00000000f9de0428) thrown at [C:\re\workspace\8-2-build-windows-amd64-cygwin\jdk8u202\12323\hotspot\src\share\vm\interpreter\linkResolver.cpp, line 1185]
Event: 42.885 Thread 0x0000000018dea000 Exception <a 'java/lang/NullPointerException'> (0x00000000f9de1218) thrown at [C:\re\workspace\8-2-build-windows-amd64-cygwin\jdk8u202\12323\hotspot\src\share\vm\interpreter\linkResolver.cpp, line 1185]
Event: 42.988 Thread 0x0000000018dea000 Exception <a 'java/lang/UnsatisfiedLinkError': The specified module could not be found.
> (0x00000000fa012680) thrown at [C:\re\workspace\8-2-build-windows-amd64-cygwin\jdk8u202\12323\hotspot\src\share\vm\prims\jni.cpp, line 736]
Event: 42.989 Thread 0x0000000018dea000 Exception <a 'java/lang/UnsatisfiedLinkError': The specified module could not be found.
> (0x00000000fa012ea0) thrown at [C:\re\workspace\8-2-build-windows-amd64-cygwin\jdk8u202\12323\hotspot\src\share\vm\prims\jni.cpp, line 736]
Event: 42.990 Thread 0x0000000018dea000 Exception <a 'java/lang/UnsatisfiedLinkError': The specified module could not be found.
> (0x00000000fa0135a0) thrown at [C:\re\workspace\8-2-build-windows-amd64-cygwin\jdk8u202\12323\hotspot\src\share\vm\prims\jni.cpp, line 736]

Events (10 events):
Event: 65.553 Thread 0x0000000018dea000 DEOPT PACKING pc=0x00000000038c43bc sp=0x00000000248fe700
Event: 65.553 Thread 0x0000000018dea000 DEOPT UNPACKING pc=0x000000000300583b sp=0x00000000248fe650 mode 2
Event: 65.553 Thread 0x0000000018dea000 Uncommon trap: trap_request=0xffffff65 fr.pc=0x0000000003adc560
Event: 65.553 Thread 0x0000000018dea000 DEOPT PACKING pc=0x0000000003adc560 sp=0x00000000248fe6a0
Event: 65.553 Thread 0x0000000018dea000 DEOPT UNPACKING pc=0x000000000300583b sp=0x00000000248fe640 mode 2
Event: 65.579 Thread 0x0000000018dea000 DEOPT PACKING pc=0x000000000326f809 sp=0x00000000248fe810
Event: 65.579 Thread 0x0000000018dea000 DEOPT UNPACKING pc=0x0000000003007890 sp=0x00000000248fe588 mode 1
Event: 65.579 Thread 0x0000000018dea000 DEOPT PACKING pc=0x00000000030fdbdc sp=0x00000000248fe8a0
Event: 65.579 Thread 0x0000000018dea000 DEOPT UNPACKING pc=0x0000000003007890 sp=0x00000000248fe5d8 mode 1
Event: 65.584 Thread 0x000000001656f800 Thread exited: 0x000000001656f800


Dynamic libraries:
0x00007ff673c30000 - 0x00007ff673c67000 	C:\Users\aeite\Documents\GitHub\neural_signal_2020\processing-3.5.4\java\bin\java.exe
0x00007ffef53d0000 - 0x00007ffef55c5000 	C:\windows\SYSTEM32\ntdll.dll
0x00007ffef4150000 - 0x00007ffef420d000 	C:\windows\System32\KERNEL32.DLL
0x00007ffef2b40000 - 0x00007ffef2e09000 	C:\windows\System32\KERNELBASE.dll
0x00007ffef3440000 - 0x00007ffef34ec000 	C:\windows\System32\ADVAPI32.dll
0x00007ffef35a0000 - 0x00007ffef363e000 	C:\windows\System32\msvcrt.dll
0x00007ffef4dd0000 - 0x00007ffef4e6b000 	C:\windows\System32\sechost.dll
0x00007ffef51b0000 - 0x00007ffef52da000 	C:\windows\System32\RPCRT4.dll
0x00007ffef39c0000 - 0x00007ffef3b60000 	C:\windows\System32\USER32.dll
0x00007ffef3010000 - 0x00007ffef3032000 	C:\windows\System32\win32u.dll
0x00007ffef4c70000 - 0x00007ffef4c9a000 	C:\windows\System32\GDI32.dll
0x00007ffef31d0000 - 0x00007ffef32db000 	C:\windows\System32\gdi32full.dll
0x00007ffef30a0000 - 0x00007ffef313d000 	C:\windows\System32\msvcp_win.dll
0x00007ffef2f10000 - 0x00007ffef3010000 	C:\windows\System32\ucrtbase.dll
0x00007ffed4f20000 - 0x00007ffed51ba000 	C:\windows\WinSxS\amd64_microsoft.windows.common-controls_6595b64144ccf1df_6.0.19041.1083_none_60bbe31371f34e71\COMCTL32.dll
0x00007ffef4b10000 - 0x00007ffef4b40000 	C:\windows\System32\IMM32.DLL
0x0000000077230000 - 0x0000000077302000 	C:\Users\aeite\Documents\GitHub\neural_signal_2020\processing-3.5.4\java\bin\msvcr100.dll
0x0000000076660000 - 0x0000000076f05000 	C:\Users\aeite\Documents\GitHub\neural_signal_2020\processing-3.5.4\java\bin\server\jvm.dll
0x00007ffef4e70000 - 0x00007ffef4e78000 	C:\windows\System32\PSAPI.DLL
0x00007ffeec160000 - 0x00007ffeec16a000 	C:\windows\SYSTEM32\VERSION.dll
0x00007ffeed6c0000 - 0x00007ffeed6c9000 	C:\windows\SYSTEM32\WSOCK32.dll
0x00007ffed44a0000 - 0x00007ffed44c7000 	C:\windows\SYSTEM32\WINMM.dll
0x00007ffef5080000 - 0x00007ffef50eb000 	C:\windows\System32\WS2_32.dll
0x00007ffeebb50000 - 0x00007ffeebb5f000 	C:\Users\aeite\Documents\GitHub\neural_signal_2020\processing-3.5.4\java\bin\verify.dll
0x00007ffed09d0000 - 0x00007ffed09f9000 	C:\Users\aeite\Documents\GitHub\neural_signal_2020\processing-3.5.4\java\bin\java.dll
0x00007ffeca6d0000 - 0x00007ffeca705000 	C:\Users\aeite\Documents\GitHub\neural_signal_2020\processing-3.5.4\java\bin\jdwp.dll
0x00007ffed0b10000 - 0x00007ffed0b18000 	C:\Users\aeite\Documents\GitHub\neural_signal_2020\processing-3.5.4\java\bin\npt.dll
0x00007ffed0460000 - 0x00007ffed0476000 	C:\Users\aeite\Documents\GitHub\neural_signal_2020\processing-3.5.4\java\bin\zip.dll
0x00007ffef43c0000 - 0x00007ffef4aff000 	C:\windows\System32\SHELL32.dll
0x00007ffef0910000 - 0x00007ffef10a1000 	C:\windows\SYSTEM32\windows.storage.dll
0x00007ffef3640000 - 0x00007ffef3995000 	C:\windows\System32\combase.dll
0x00007ffef24b0000 - 0x00007ffef24dc000 	C:\windows\SYSTEM32\Wldp.dll
0x00007ffef52e0000 - 0x00007ffef538e000 	C:\windows\System32\SHCORE.dll
0x00007ffef50f0000 - 0x00007ffef5145000 	C:\windows\System32\shlwapi.dll
0x00007ffef2a50000 - 0x00007ffef2a6f000 	C:\windows\SYSTEM32\profapi.dll
0x00007ffed09c0000 - 0x00007ffed09c9000 	C:\Users\aeite\Documents\GitHub\neural_signal_2020\processing-3.5.4\java\bin\dt_socket.dll
0x00007ffef2210000 - 0x00007ffef227a000 	C:\windows\system32\mswsock.dll
0x00007ffe905b0000 - 0x00007ffe90749000 	C:\Users\aeite\Documents\GitHub\neural_signal_2020\processing-3.5.4\java\bin\awt.dll
0x00007ffef4ba0000 - 0x00007ffef4c6d000 	C:\windows\System32\OLEAUT32.dll
0x00007ffeefe70000 - 0x00007ffeeff00000 	C:\windows\SYSTEM32\apphelp.dll
0x00007ffef0030000 - 0x00007ffef00ce000 	C:\windows\system32\uxtheme.dll
0x00007ffef4e80000 - 0x00007ffef4f95000 	C:\windows\System32\MSCTF.dll
0x00007ffef4ca0000 - 0x00007ffef4dca000 	C:\windows\System32\ole32.dll
0x00007ffef13d0000 - 0x00007ffef13e2000 	C:\windows\SYSTEM32\kernel.appcore.dll
0x00007ffef3140000 - 0x00007ffef31c3000 	C:\windows\System32\bcryptPrimitives.dll
0x0000000071100000 - 0x0000000071125000 	C:\Users\aeite\Documents\GitHub\neural_signal_2020\processing-3.5.4\modes\java\libraries\serial\library\windows64\jSSC-2.8.dll
0x00007ffef0220000 - 0x00007ffef024f000 	C:\windows\system32\DWMAPI.DLL
0x00007ffecb0f0000 - 0x00007ffecb215000 	C:\windows\system32\opengl32.dll
0x00007ffeccb90000 - 0x00007ffeccbbc000 	C:\windows\SYSTEM32\GLU32.dll
0x00007ffef23f0000 - 0x00007ffef2408000 	C:\windows\SYSTEM32\CRYPTSP.dll
0x00007ffef1bb0000 - 0x00007ffef1be4000 	C:\windows\system32\rsaenh.dll
0x00007ffef2b10000 - 0x00007ffef2b37000 	C:\windows\System32\bcrypt.dll
0x00007ffef29d0000 - 0x00007ffef29fe000 	C:\windows\SYSTEM32\USERENV.dll
0x00007ffef2410000 - 0x00007ffef241c000 	C:\windows\SYSTEM32\CRYPTBASE.dll
0x00007ffed0440000 - 0x00007ffed045a000 	C:\Users\aeite\Documents\GitHub\neural_signal_2020\processing-3.5.4\java\bin\net.dll
0x00007ffee3030000 - 0x00007ffee321c000 	C:\windows\SYSTEM32\urlmon.dll
0x00007ffee0350000 - 0x00007ffee0600000 	C:\windows\SYSTEM32\iertutil.dll
0x00007ffef1f00000 - 0x00007ffef1f3b000 	C:\windows\SYSTEM32\IPHLPAPI.DLL
0x00007ffef4140000 - 0x00007ffef4148000 	C:\windows\System32\NSI.dll
0x00007ffef10d0000 - 0x00007ffef10e7000 	C:\windows\SYSTEM32\dhcpcsvc6.DLL
0x00007ffef10b0000 - 0x00007ffef10cd000 	C:\windows\SYSTEM32\dhcpcsvc.DLL
0x00007ffef1f40000 - 0x00007ffef200c000 	C:\windows\SYSTEM32\DNSAPI.dll
0x00007ffed03d0000 - 0x00007ffed03e2000 	C:\Users\aeite\Documents\GitHub\neural_signal_2020\processing-3.5.4\java\bin\nio.dll
0x00000000637c0000 - 0x00000000637cd000 	C:\Users\aeite\AppData\Local\Temp\jogamp_0000\file_cache\jln5065431574982636692\jln8611758055372847945\natives\windows-amd64\gluegen-rt.dll
0x00007ffed07f0000 - 0x00007ffed07f7000 	C:\Users\aeite\Documents\GitHub\neural_signal_2020\processing-3.5.4\java\bin\jawt.dll
0x000000006a440000 - 0x000000006a44d000 	C:\Users\aeite\AppData\Local\Temp\jogamp_0000\file_cache\jln5065431574982636692\jln8611758055372847945\natives\windows-amd64\nativewindow_awt.dll
0x000000006c100000 - 0x000000006c10f000 	C:\Users\aeite\AppData\Local\Temp\jogamp_0000\file_cache\jln5065431574982636692\jln8611758055372847945\natives\windows-amd64\nativewindow_win32.dll
0x000000006cbc0000 - 0x000000006cbd3000 	C:\Users\aeite\AppData\Local\Temp\jogamp_0000\file_cache\jln5065431574982636692\jln8611758055372847945\natives\windows-amd64\newt.dll
0x00007ffeed840000 - 0x00007ffeed8ee000 	C:\windows\SYSTEM32\mscms.dll
0x00007ffeed6f0000 - 0x00007ffeed701000 	C:\windows\SYSTEM32\ColorAdapterClient.dll
0x00007ffeb4bb0000 - 0x00007ffeb4bf3000 	C:\windows\SYSTEM32\icm32.dll
0x00007ffef3cd0000 - 0x00007ffef4139000 	C:\windows\System32\setupapi.dll
0x00007ffef2e10000 - 0x00007ffef2e5e000 	C:\windows\System32\cfgmgr32.dll
0x00007ffef2850000 - 0x00007ffef287c000 	C:\windows\SYSTEM32\DEVOBJ.dll
0x00007ffef3040000 - 0x00007ffef30a0000 	C:\windows\System32\WINTRUST.dll
0x00007ffef32e0000 - 0x00007ffef343f000 	C:\windows\System32\CRYPT32.dll
0x00007ffef2630000 - 0x00007ffef2642000 	C:\windows\SYSTEM32\MSASN1.dll
0x0000000064500000 - 0x00000000645b1000 	C:\Users\aeite\AppData\Local\Temp\jogamp_0000\file_cache\jln5065431574982636692\jln8611758055372847945\natives\windows-amd64\jogl_desktop.dll
0x0000000064340000 - 0x00000000643a2000 	C:\Users\aeite\AppData\Local\Temp\jogamp_0000\file_cache\jln5065431574982636692\jln8611758055372847945\natives\windows-amd64\jogl_mobile.dll
0x00007ffef34f0000 - 0x00007ffef3599000 	C:\windows\System32\clbcatq.dll
0x00007ffeeaa70000 - 0x00007ffeeab69000 	C:\Windows\System32\AppXDeploymentClient.dll
0x00007ffe7d310000 - 0x00007ffe7e257000 	C:\windows\System32\DriverStore\FileRepository\iigd_dch.inf_amd64_ada2367baaae74c0\ig11icd64.dll
0x00007ffef1440000 - 0x00007ffef1534000 	C:\windows\system32\dxgi.dll
0x00007ffed6140000 - 0x00007ffed617b000 	C:\windows\SYSTEM32\dxcore.dll
0x00007ffedac50000 - 0x00007ffedadf4000 	C:\windows\System32\DriverStore\FileRepository\iigd_dch.inf_amd64_ada2367baaae74c0\igdgmm64.dll
0x00007ffed8130000 - 0x00007ffeda579000 	C:\windows\System32\DriverStore\FileRepository\iigd_dch.inf_amd64_ada2367baaae74c0\igc64.dll
0x00007ffef2980000 - 0x00007ffef29cb000 	C:\windows\SYSTEM32\powrprof.dll
0x00007ffef2960000 - 0x00007ffef2972000 	C:\windows\SYSTEM32\UMPDC.dll
0x00007ffedf500000 - 0x00007ffedf5f9000 	C:\windows\SYSTEM32\textinputframework.dll
0x00007ffeef560000 - 0x00007ffeef8be000 	C:\windows\System32\CoreUIComponents.dll
0x00007ffeefc40000 - 0x00007ffeefd32000 	C:\windows\System32\CoreMessaging.dll
0x00007ffef1840000 - 0x00007ffef1873000 	C:\windows\SYSTEM32\ntmarta.dll
0x00007ffeee580000 - 0x00007ffeee6d4000 	C:\windows\SYSTEM32\wintypes.dll
0x00007ffec8530000 - 0x00007ffec8577000 	C:\Users\aeite\Documents\GitHub\neural_signal_2020\processing-3.5.4\java\bin\fontmanager.dll
0x00007ffebe2d0000 - 0x00007ffebe312000 	C:\Users\aeite\Documents\GitHub\neural_signal_2020\processing-3.5.4\java\bin\t2k.dll
0x00007ffea83e0000 - 0x00007ffea8411000 	C:\Users\aeite\Documents\GitHub\neural_signal_2020\processing-3.5.4\java\bin\jpeg.dll
0x00007ffea2c90000 - 0x00007ffea2cd2000 	C:\Users\aeite\AppData\Local\Temp\jna-92695030\jna4902089910486469549.dll
0x00007ffe7cdd0000 - 0x00007ffe7cfb6000 	C:\Users\aeite\AppData\Local\Temp\jna-92695030\jna5273119526094709267.dll
0x0000000077150000 - 0x0000000077223000 	C:\windows\WinSxS\amd64_microsoft.vc90.crt_1fc8b3b9a1e18e3b_9.0.30729.9625_none_08e1c10da83fbc83\MSVCP90.dll
0x00000000770a0000 - 0x0000000077143000 	C:\windows\WinSxS\amd64_microsoft.vc90.crt_1fc8b3b9a1e18e3b_9.0.30729.9625_none_08e1c10da83fbc83\MSVCR90.dll
0x00007ffee4260000 - 0x00007ffee4277000 	C:\windows\system32\napinsp.dll
0x00007ffee9ae0000 - 0x00007ffee9afb000 	C:\windows\system32\pnrpnsp.dll
0x00007ffeedaf0000 - 0x00007ffeedb05000 	C:\windows\system32\wshbth.dll
0x00007ffeeb9d0000 - 0x00007ffeeb9ed000 	C:\windows\system32\NLAapi.dll
0x00007ffee9e30000 - 0x00007ffee9e42000 	C:\windows\System32\winrnr.dll
0x00007ffef11b0000 - 0x00007ffef1394000 	C:\windows\SYSTEM32\dbghelp.dll

VM Arguments:
jvm_args: -agentlib:jdwp=transport=dt_socket,address=8755,server=y,suspend=y,quiet=y -Xms64m -Xmx500m -Djna.nosys=true -Djava.ext.dirs=C:\Users\aeite\Documents\GitHub\neural_signal_2020\processing-3.5.4\java\lib\ext -Djava.library.path=C:\Program Files\processing-3.5.4\OpenBCI_GUI_feedback\OpenBCI_GUI\code;C:\Users\aeite\Documents\GitHub\neural_signal_2020\processing-3.5.4\core\library;C:\Program Files\processing-3.5.4\libraries\minim\library;C:\Users\aeite\Documents\GitHub\neural_signal_2020\processing-3.5.4\modes\java\libraries\serial\library\windows64;C:\Users\aeite\Documents\GitHub\neural_signal_2020\processing-3.5.4\modes\java\libraries\net\library;C:\Program Files\processing-3.5.4\libraries\grafica\library;C:\Program Files\processing-3.5.4\libraries\GifAnimation\library;C:\Program Files\processing-3.5.4\libraries\oscP5\library;C:\Program Files\processing-3.5.4\libraries\udp\library;C:\Program Files\processing-3.5.4\libraries\LSLLink\library;C:\Program Files\processing-3.5.4\libraries\controlP5\library;C:\Users\aeite\Documents\GitHub\neural_signal_2020\processing-3.5.4\java\bin;C:\windows\system32;C:\windows;C:\windows\system32;C:\windows;C:\windows\System32\Wbem;C:\windows\System32\WindowsPowerShell\v1.0;C:\windows\System32\OpenSSH;C:\Program Files\MATLAB\R2019b\bin;C:\Program Files\PuTTY;C:\Users\aeite\AppData\Local\Microsoft\WindowsApps;C:\Users\aeite\AppData\Local\Programs\Microsoft VS Code\bin;C:\Users\aeite\AppData\Local\GitHubDesktop\bin;C:\Users\aeite\Documents\GitHub\neural_signal_2020\processing-3.5.4\java\bin;. -ea 
java_command: processing.core.PApplet --display=1 --sketch-path=C:\Program Files\processing-3.5.4\OpenBCI_GUI_feedback\OpenBCI_GUI OpenBCI_GUI
java_class_path (initial): C:\Users\aeite\AppData\Local\Temp\OpenBCI_GUI6252784658624652969temp;;C:\Program Files\processing-3.5.4\OpenBCI_GUI_feedback\OpenBCI_GUI\code\LSLLink.jar;C:\Users\aeite\Documents\GitHub\neural_signal_2020\processing-3.5.4\core\library\core.jar;C:\Users\aeite\Documents\GitHub\neural_signal_2020\processing-3.5.4\core\library\gluegen-rt-natives-linux-aarch64.jar;C:\Users\aeite\Documents\GitHub\neural_signal_2020\processing-3.5.4\core\library\gluegen-rt-natives-linux-amd64.jar;C:\Users\aeite\Documents\GitHub\neural_signal_2020\processing-3.5.4\core\library\gluegen-rt-natives-linux-armv6hf.jar;C:\Users\aeite\Documents\GitHub\neural_signal_2020\processing-3.5.4\core\library\gluegen-rt-natives-linux-i586.jar;C:\Users\aeite\Documents\GitHub\neural_signal_2020\processing-3.5.4\core\library\gluegen-rt-natives-macosx-universal.jar;C:\Users\aeite\Documents\GitHub\neural_signal_2020\processing-3.5.4\core\library\gluegen-rt-natives-windows-amd64.jar;C:\Users\aeite\Documents\GitHub\neural_signal_2020\processing-3.5.4\core\library\gluegen-rt-natives-windows-i586.jar;C:\Users\aeite\Documents\GitHub\neural_signal_2020\processing-3.5.4\core\library\gluegen-rt.jar;C:\Users\aeite\Documents\GitHub\neural_signal_2020\processing-3.5.4\core\library\jogl-all-natives-linux-aarch64.jar;C:\Users\aeite\Documents\GitHub\neural_signal_2020\processing-3.5.4\core\library\jogl-all-natives-linux-amd64.jar;C:\Users\aeite\Documents\GitHub\neural_signal_2020\processing-3.5.4\core\library\jogl-all-natives-linux-armv6hf.jar;C:\Users\aeite\Documents\GitHub\neural_signal_2020\processing-3.5.4\core\library\jogl-all-natives-linux-i586.jar;C:\Users\aeite\Documents\GitHub\neural_signal_2020\processing-3.5.4\core\library\jogl-all-natives-macosx-universal.jar;C:\Users\aeite\Documents\GitHub\neural_signal_2020\processing-3.5.4\core\library\jogl-all-natives-windows-amd64.jar;C:\Users\aeite\Documents\GitHub\neural_signal_2020\processing-3.5.4\core\library\jogl-all-natives-windows-i586.jar
Launcher Type: SUN_STANDARD

Environment Variables:
PATH=C:\windows\system32;C:\windows;C:\windows\System32\Wbem;C:\windows\System32\WindowsPowerShell\v1.0\;C:\windows\System32\OpenSSH\;C:\Program Files\MATLAB\R2019b\bin;C:\Program Files\PuTTY\;C:\Users\aeite\AppData\Local\Microsoft\WindowsApps;C:\Users\aeite\AppData\Local\Programs\Microsoft VS Code\bin;C:\Users\aeite\AppData\Local\GitHubDesktop\bin;C:\Users\aeite\Documents\GitHub\neural_signal_2020\processing-3.5.4\java\bin
USERNAME=aeite
OS=Windows_NT
PROCESSOR_IDENTIFIER=Intel64 Family 6 Model 126 Stepping 5, GenuineIntel



---------------  S Y S T E M  ---------------

OS: Windows 10.0 , 64 bit Build 19041 (10.0.19041.1023)

CPU:total 8 (initial active 8) (4 cores per cpu, 2 threads per core) family 6 model 126 stepping 5, cmov, cx8, fxsr, mmx, sse, sse2, sse3, ssse3, sse4.1, sse4.2, popcnt, avx, avx2, aes, clmul, erms, 3dnowpref, lzcnt, ht, tsc, tscinvbit, bmi1, bmi2, adx

Memory: 4k page, physical 8070036k(1338492k free), swap 20128660k(10113356k free)

vm_info: Java HotSpot(TM) 64-Bit Server VM (25.202-b08) for windows-amd64 JRE (1.8.0_202-b08), built on Dec 15 2018 19:54:30 by "java_re" with MS VC++ 10.0 (VS2010)

time: Tue Jul 13 16:45:45 2021
timezone: Mountain Daylight Time
elapsed time: 65 seconds (0d 0h 1m 5s)

