#
# A fatal error has been detected by the Java Runtime Environment:
#
#  EXCEPTION_ACCESS_VIOLATION (0xc0000005) at pc=0x00007ffd4b8215e5, pid=19004, tid=0x0000000000003c34
#
# JRE version: Java(TM) SE Runtime Environment (8.0_202-b08) (build 1.8.0_202-b08)
# Java VM: Java HotSpot(TM) 64-Bit Server VM (25.202-b08 mixed mode windows-amd64 compressed oops)
# Problematic frame:
# C  [ig11icd64.dll+0x415e5]
#
# Failed to write core dump. Minidumps are not enabled by default on client versions of Windows
#
# If you would like to submit a bug report, please visit:
#   http://bugreport.java.com/bugreport/crash.jsp
# The crash happened outside the Java Virtual Machine in native code.
# See problematic frame for where to report the bug.
#

---------------  T H R E A D  ---------------

Current thread (0x000000001603e800):  JavaThread "JDWP Transport Listener: dt_socket" daemon [_thread_in_native, id=15412, stack(0x0000000016900000,0x0000000016a00000)]

siginfo: ExceptionCode=0xc0000005, reading address 0x0000000000034868

Registers:
RAX=0x000000002c428898, RBX=0x000000002c428760, RCX=0x0000000000000000, RDX=0x000000002c428828
RSP=0x00000000169fe7f0, RBP=0x0000000000000000, RSI=0x000000002c424080, RDI=0x000000001cc30ae0
R8 =0x0000000000000000, R9 =0x0000000000000000, R10=0x0000000000000000, R11=0x0000000000000246
R12=0x000000001f2ca800, R13=0x0000000000000000, R14=0x000000002c428bf0, R15=0x0000000000000000
RIP=0x00007ffd4b8215e5, EFLAGS=0x0000000000010202

Top of Stack: (sp=0x00000000169fe7f0)
0x00000000169fe7f0:   0000000000000000 0000000000000000
0x00000000169fe800:   0000449a0b4ac5fe 0000005400000000
0x00000000169fe810:   00000000000000a8 0000000000000000
0x00000000169fe820:   00000000005a8a34 000000001f2ca880
0x00000000169fe830:   0000b802046c00a8 00007ffd4b804a56
0x00000000169fe840:   0000000000c23720 000000001cc30ae0
0x00000000169fe850:   00000000169fe940 0000000000000000
0x00000000169fe860:   0000000000000000 0000000000000000
0x00000000169fe870:   00000000009b2000 00007ffd9ac39398
0x00000000169fe880:   00000000169feac0 0000000000000000
0x00000000169fe890:   0000000000000000 00000000169feb50
0x00000000169fe8a0:   00000000169fe9b0 00007ffda1a6c3c8
0x00000000169fe8b0:   00000000169fea70 00000000169fed00
0x00000000169fe8c0:   0000000000000000 00000000169fe900
0x00000000169fe8d0:   00000000169fe930 00000000cf08c601
0x00000000169fe8e0:   0000b802046c00a8 0000000000004fc8 

Instructions: (pc=0x00007ffd4b8215e5)
0x00007ffd4b8215c5:   1d 8b c1 83 e0 0f 48 6b c0 38 48 03 c2 48 85 c0
0x00007ffd4b8215d5:   74 0c 48 8b 48 08 eb 08 48 83 c0 08 eb ef 33 c9
0x00007ffd4b8215e5:   48 3b 8d 68 48 03 00 76 6b 48 8b 87 80 02 00 00
0x00007ffd4b8215f5:   49 89 06 48 89 9f 80 02 00 00 ff 87 88 02 00 00 


Register to memory mapping:

RAX=0x000000002c428898 is an unknown value
RBX=0x000000002c428760 is an unknown value
RCX=0x0000000000000000 is an unknown value
RDX=0x000000002c428828 is an unknown value
RSP=0x00000000169fe7f0 is pointing into the stack for thread: 0x000000001603e800
RBP=0x0000000000000000 is an unknown value
RSI=0x000000002c424080 is an unknown value
RDI=0x000000001cc30ae0 is an unknown value
R8 =0x0000000000000000 is an unknown value
R9 =0x0000000000000000 is an unknown value
R10=0x0000000000000000 is an unknown value
R11=0x0000000000000246 is an unknown value
R12=0x000000001f2ca800 is an unknown value
R13=0x0000000000000000 is an unknown value
R14=0x000000002c428bf0 is an unknown value
R15=0x0000000000000000 is an unknown value


Stack: [0x0000000016900000,0x0000000016a00000],  sp=0x00000000169fe7f0,  free space=1017k
Native frames: (J=compiled Java code, j=interpreted, Vv=VM code, C=native code)


---------------  P R O C E S S  ---------------

Java Threads: ( => current thread )
  0x0000000018c26000 JavaThread "main-FPSAWTAnimator#00-Timer0-FPSAWTAnimator#00-Timer1-FPSAWTAnimator#00-Timer2" [_thread_in_native, id=13408, stack(0x0000000019c30000,0x0000000019d30000)]
  0x0000000018c27800 JavaThread "Thread-13" daemon [_thread_in_native, id=19728, stack(0x0000000019f00000,0x000000001a000000)]
  0x0000000018c2a800 JavaThread "Thread-12" [_thread_blocked, id=19904, stack(0x0000000027010000,0x0000000027110000)]
  0x0000000018c26800 JavaThread "Thread-11" [_thread_blocked, id=5992, stack(0x0000000025d50000,0x0000000025e50000)]
  0x0000000002914000 JavaThread "DestroyJavaVM" [_thread_blocked, id=3372, stack(0x0000000002790000,0x0000000002890000)]
  0x000000001846e800 JavaThread "Thread-5" [_thread_blocked, id=6584, stack(0x0000000019830000,0x0000000019930000)]
  0x00000000174e7800 JavaThread "HighResTimerThread" daemon [_thread_blocked, id=18484, stack(0x0000000017c40000,0x0000000017d40000)]
  0x0000000017b1f800 JavaThread "main-SharedResourceRunner" daemon [_thread_blocked, id=17788, stack(0x000000001a820000,0x000000001a920000)]
  0x000000001783c800 JavaThread "main-Display-.windows_nil-1-EDT-1" daemon [_thread_blocked, id=7892, stack(0x000000001a320000,0x000000001a420000)]
  0x0000000017651800 JavaThread "Timer-0" daemon [_thread_blocked, id=19476, stack(0x0000000018020000,0x0000000018120000)]
  0x00000000174e8000 JavaThread "AWT-Windows" daemon [_thread_in_native, id=19040, stack(0x0000000017d40000,0x0000000017e40000)]
  0x00000000174b8800 JavaThread "Java2D Disposer" daemon [_thread_blocked, id=9712, stack(0x0000000017b40000,0x0000000017c40000)]
  0x00000000160f8800 JavaThread "Service Thread" daemon [_thread_blocked, id=2780, stack(0x0000000017000000,0x0000000017100000)]
  0x000000001605d000 JavaThread "C1 CompilerThread3" daemon [_thread_blocked, id=20360, stack(0x0000000016f00000,0x0000000017000000)]
  0x000000001605c800 JavaThread "C2 CompilerThread2" daemon [_thread_in_native, id=7992, stack(0x0000000016e00000,0x0000000016f00000)]
  0x000000001605b800 JavaThread "C2 CompilerThread1" daemon [_thread_blocked, id=18992, stack(0x0000000016d00000,0x0000000016e00000)]
  0x0000000016058000 JavaThread "C2 CompilerThread0" daemon [_thread_blocked, id=8124, stack(0x0000000016c00000,0x0000000016d00000)]
  0x0000000016044800 JavaThread "JDWP Event Helper Thread" daemon [_thread_blocked, id=536, stack(0x0000000016a00000,0x0000000016b00000)]
=>0x000000001603e800 JavaThread "JDWP Transport Listener: dt_socket" daemon [_thread_in_native, id=15412, stack(0x0000000016900000,0x0000000016a00000)]
  0x0000000016035800 JavaThread "Attach Listener" daemon [_thread_blocked, id=2856, stack(0x0000000016800000,0x0000000016900000)]
  0x0000000016034000 JavaThread "Signal Dispatcher" daemon [_thread_blocked, id=18660, stack(0x0000000016700000,0x0000000016800000)]
  0x0000000016021800 JavaThread "Finalizer" daemon [_thread_blocked, id=19900, stack(0x0000000016500000,0x0000000016600000)]
  0x0000000016020800 JavaThread "Reference Handler" daemon [_thread_blocked, id=3888, stack(0x0000000016400000,0x0000000016500000)]

Other Threads:
  0x0000000014209000 VMThread [stack: 0x0000000015f00000,0x0000000016000000] [id=18308]
  0x000000001610a000 WatcherThread [stack: 0x0000000017100000,0x0000000017200000] [id=13068]

VM state:not at safepoint (normal execution)

VM Mutex/Monitor currently owned by a thread: None

heap address: 0x00000000e0c00000, size: 500 MB, Compressed Oops mode: 32-bit
Narrow klass base: 0x0000000000000000, Narrow klass shift: 3
Compressed class space size: 1073741824 Address: 0x0000000100000000

Heap:
 PSYoungGen      total 83456K, used 72544K [0x00000000f5980000, 0x00000000fcb00000, 0x0000000100000000)
  eden space 80384K, 86% used [0x00000000f5980000,0x00000000f9daa268,0x00000000fa800000)
  from space 3072K, 89% used [0x00000000fab00000,0x00000000fadadfd0,0x00000000fae00000)
  to   space 17920K, 0% used [0x00000000fb980000,0x00000000fb980000,0x00000000fcb00000)
 ParOldGen       total 93696K, used 64520K [0x00000000e0c00000, 0x00000000e6780000, 0x00000000f5980000)
  object space 93696K, 68% used [0x00000000e0c00000,0x00000000e4b020d8,0x00000000e6780000)
 Metaspace       used 24139K, capacity 24360K, committed 24704K, reserved 1071104K
  class space    used 2048K, capacity 2108K, committed 2176K, reserved 1048576K

Card table byte_map: [0x0000000011dd0000,0x0000000011ed0000] byte_map_base: 0x00000000116ca000

Marking Bits: (ParMarkBitMap*) 0x000000005a095ce0
 Begin Bits: [0x0000000012780000, 0x0000000012f50000)
 End Bits:   [0x0000000012f50000, 0x0000000013720000)

Polling page: 0x0000000002890000

CodeCache: size=245760Kb used=14942Kb max_used=15286Kb free=230817Kb
 bounds [0x0000000002a10000, 0x0000000003910000, 0x0000000011a10000]
 total_blobs=4545 nmethods=3555 adapters=909
 compilation: enabled

Compilation events (10 events):
Event: 101.009 Thread 0x0000000016058000 nmethod 4484 0x00000000030f54d0 code [0x00000000030f5620, 0x00000000030f5a98]
Event: 102.141 Thread 0x000000001605b800 4485  s    4       jogamp.common.util.SyncedBitfield::get (11 bytes)
Event: 102.143 Thread 0x000000001605b800 nmethod 4485 0x00000000030870d0 code [0x0000000003087220, 0x00000000030874d8]
Event: 102.546 Thread 0x000000001605c800 4486       4       OpenBCI_GUI::processNewData (276 bytes)
Event: 102.595 Thread 0x000000001605c800 nmethod 4486 0x00000000035c4110 code [0x00000000035c4340, 0x00000000035c5808]
Event: 103.052 Thread 0x0000000016058000 4487       4       controlP5.ControllerGroup::inside (150 bytes)
Event: 103.052 Thread 0x000000001605b800 4488       4       controlP5.ControlGroup::updateInternalEvents (31 bytes)
Event: 103.053 Thread 0x000000001605b800 nmethod 4488 0x0000000003132290 code [0x00000000031323c0, 0x0000000003132458]
Event: 103.058 Thread 0x0000000016058000 nmethod 4487 0x0000000002f76290 code [0x0000000002f763e0, 0x0000000002f76738]
Event: 103.154 Thread 0x000000001605c800 4489   !   4       OpenBCI_GUI$Stream::sendPowerBandData (1757 bytes)

GC Heap History (10 events):
Event: 80.964 GC heap before
{Heap before GC invocations=23 (full 2):
 PSYoungGen      total 116224K, used 98491K [0x00000000f5980000, 0x00000000fe700000, 0x0000000100000000)
  eden space 96768K, 100% used [0x00000000f5980000,0x00000000fb800000,0x00000000fb800000)
  from space 19456K, 8% used [0x00000000fd400000,0x00000000fd5aefd0,0x00000000fe700000)
  to   space 24064K, 0% used [0x00000000fb800000,0x00000000fb800000,0x00000000fcf80000)
 ParOldGen       total 93696K, used 64512K [0x00000000e0c00000, 0x00000000e6780000, 0x00000000f5980000)
  object space 93696K, 68% used [0x00000000e0c00000,0x00000000e4b000d8,0x00000000e6780000)
 Metaspace       used 24139K, capacity 24360K, committed 24704K, reserved 1071104K
  class space    used 2048K, capacity 2108K, committed 2176K, reserved 1048576K
Event: 80.967 GC heap after
Heap after GC invocations=23 (full 2):
 PSYoungGen      total 95232K, used 1967K [0x00000000f5980000, 0x00000000fe180000, 0x0000000100000000)
  eden space 93184K, 0% used [0x00000000f5980000,0x00000000f5980000,0x00000000fb480000)
  from space 2048K, 96% used [0x00000000fb800000,0x00000000fb9ebfd0,0x00000000fba00000)
  to   space 23040K, 0% used [0x00000000fcb00000,0x00000000fcb00000,0x00000000fe180000)
 ParOldGen       total 93696K, used 64512K [0x00000000e0c00000, 0x00000000e6780000, 0x00000000f5980000)
  object space 93696K, 68% used [0x00000000e0c00000,0x00000000e4b000d8,0x00000000e6780000)
 Metaspace       used 24139K, capacity 24360K, committed 24704K, reserved 1071104K
  class space    used 2048K, capacity 2108K, committed 2176K, reserved 1048576K
}
Event: 85.982 GC heap before
{Heap before GC invocations=24 (full 2):
 PSYoungGen      total 95232K, used 95151K [0x00000000f5980000, 0x00000000fe180000, 0x0000000100000000)
  eden space 93184K, 100% used [0x00000000f5980000,0x00000000fb480000,0x00000000fb480000)
  from space 2048K, 96% used [0x00000000fb800000,0x00000000fb9ebfd0,0x00000000fba00000)
  to   space 23040K, 0% used [0x00000000fcb00000,0x00000000fcb00000,0x00000000fe180000)
 ParOldGen       total 93696K, used 64512K [0x00000000e0c00000, 0x00000000e6780000, 0x00000000f5980000)
  object space 93696K, 68% used [0x00000000e0c00000,0x00000000e4b000d8,0x00000000e6780000)
 Metaspace       used 24139K, capacity 24360K, committed 24704K, reserved 1071104K
  class space    used 2048K, capacity 2108K, committed 2176K, reserved 1048576K
Event: 85.986 GC heap after
Heap after GC invocations=24 (full 2):
 PSYoungGen      total 105984K, used 2191K [0x00000000f5980000, 0x00000000fdb00000, 0x0000000100000000)
  eden space 89600K, 0% used [0x00000000f5980000,0x00000000f5980000,0x00000000fb100000)
  from space 16384K, 13% used [0x00000000fcb00000,0x00000000fcd23fd0,0x00000000fdb00000)
  to   space 21504K, 0% used [0x00000000fb100000,0x00000000fb100000,0x00000000fc600000)
 ParOldGen       total 93696K, used 64512K [0x00000000e0c00000, 0x00000000e6780000, 0x00000000f5980000)
  object space 93696K, 68% used [0x00000000e0c00000,0x00000000e4b000d8,0x00000000e6780000)
 Metaspace       used 24139K, capacity 24360K, committed 24704K, reserved 1071104K
  class space    used 2048K, capacity 2108K, committed 2176K, reserved 1048576K
}
Event: 90.812 GC heap before
{Heap before GC invocations=25 (full 2):
 PSYoungGen      total 105984K, used 91791K [0x00000000f5980000, 0x00000000fdb00000, 0x0000000100000000)
  eden space 89600K, 100% used [0x00000000f5980000,0x00000000fb100000,0x00000000fb100000)
  from space 16384K, 13% used [0x00000000fcb00000,0x00000000fcd23fd0,0x00000000fdb00000)
  to   space 21504K, 0% used [0x00000000fb100000,0x00000000fb100000,0x00000000fc600000)
 ParOldGen       total 93696K, used 64512K [0x00000000e0c00000, 0x00000000e6780000, 0x00000000f5980000)
  object space 93696K, 68% used [0x00000000e0c00000,0x00000000e4b000d8,0x00000000e6780000)
 Metaspace       used 24139K, capacity 24360K, committed 24704K, reserved 1071104K
  class space    used 2048K, capacity 2108K, committed 2176K, reserved 1048576K
Event: 90.815 GC heap after
Heap after GC invocations=25 (full 2):
 PSYoungGen      total 89088K, used 2351K [0x00000000f5980000, 0x00000000fd600000, 0x0000000100000000)
  eden space 86528K, 0% used [0x00000000f5980000,0x00000000f5980000,0x00000000fae00000)
  from space 2560K, 91% used [0x00000000fb100000,0x00000000fb34bfd0,0x00000000fb380000)
  to   space 20480K, 0% used [0x00000000fc200000,0x00000000fc200000,0x00000000fd600000)
 ParOldGen       total 93696K, used 64520K [0x00000000e0c00000, 0x00000000e6780000, 0x00000000f5980000)
  object space 93696K, 68% used [0x00000000e0c00000,0x00000000e4b020d8,0x00000000e6780000)
 Metaspace       used 24139K, capacity 24360K, committed 24704K, reserved 1071104K
  class space    used 2048K, capacity 2108K, committed 2176K, reserved 1048576K
}
Event: 95.476 GC heap before
{Heap before GC invocations=26 (full 2):
 PSYoungGen      total 89088K, used 88879K [0x00000000f5980000, 0x00000000fd600000, 0x0000000100000000)
  eden space 86528K, 100% used [0x00000000f5980000,0x00000000fae00000,0x00000000fae00000)
  from space 2560K, 91% used [0x00000000fb100000,0x00000000fb34bfd0,0x00000000fb380000)
  to   space 20480K, 0% used [0x00000000fc200000,0x00000000fc200000,0x00000000fd600000)
 ParOldGen       total 93696K, used 64520K [0x00000000e0c00000, 0x00000000e6780000, 0x00000000f5980000)
  object space 93696K, 68% used [0x00000000e0c00000,0x00000000e4b020d8,0x00000000e6780000)
 Metaspace       used 24139K, capacity 24360K, committed 24704K, reserved 1071104K
  class space    used 2048K, capacity 2108K, committed 2176K, reserved 1048576K
Event: 95.478 GC heap after
Heap after GC invocations=26 (full 2):
 PSYoungGen      total 98816K, used 2479K [0x00000000f5980000, 0x00000000fd100000, 0x0000000100000000)
  eden space 83456K, 0% used [0x00000000f5980000,0x00000000f5980000,0x00000000fab00000)
  from space 15360K, 16% used [0x00000000fc200000,0x00000000fc46bfd0,0x00000000fd100000)
  to   space 19456K, 0% used [0x00000000fab00000,0x00000000fab00000,0x00000000fbe00000)
 ParOldGen       total 93696K, used 64520K [0x00000000e0c00000, 0x00000000e6780000, 0x00000000f5980000)
  object space 93696K, 68% used [0x00000000e0c00000,0x00000000e4b020d8,0x00000000e6780000)
 Metaspace       used 24139K, capacity 24360K, committed 24704K, reserved 1071104K
  class space    used 2048K, capacity 2108K, committed 2176K, reserved 1048576K
}
Event: 99.963 GC heap before
{Heap before GC invocations=27 (full 2):
 PSYoungGen      total 98816K, used 85935K [0x00000000f5980000, 0x00000000fd100000, 0x0000000100000000)
  eden space 83456K, 100% used [0x00000000f5980000,0x00000000fab00000,0x00000000fab00000)
  from space 15360K, 16% used [0x00000000fc200000,0x00000000fc46bfd0,0x00000000fd100000)
  to   space 19456K, 0% used [0x00000000fab00000,0x00000000fab00000,0x00000000fbe00000)
 ParOldGen       total 93696K, used 64520K [0x00000000e0c00000, 0x00000000e6780000, 0x00000000f5980000)
  object space 93696K, 68% used [0x00000000e0c00000,0x00000000e4b020d8,0x00000000e6780000)
 Metaspace       used 24139K, capacity 24360K, committed 24704K, reserved 1071104K
  class space    used 2048K, capacity 2108K, committed 2176K, reserved 1048576K
Event: 99.967 GC heap after
Heap after GC invocations=27 (full 2):
 PSYoungGen      total 83456K, used 2743K [0x00000000f5980000, 0x00000000fcb00000, 0x0000000100000000)
  eden space 80384K, 0% used [0x00000000f5980000,0x00000000f5980000,0x00000000fa800000)
  from space 3072K, 89% used [0x00000000fab00000,0x00000000fadadfd0,0x00000000fae00000)
  to   space 17920K, 0% used [0x00000000fb980000,0x00000000fb980000,0x00000000fcb00000)
 ParOldGen       total 93696K, used 64520K [0x00000000e0c00000, 0x00000000e6780000, 0x00000000f5980000)
  object space 93696K, 68% used [0x00000000e0c00000,0x00000000e4b020d8,0x00000000e6780000)
 Metaspace       used 24139K, capacity 24360K, committed 24704K, reserved 1071104K
  class space    used 2048K, capacity 2108K, committed 2176K, reserved 1048576K
}

Deoptimization events (10 events):
Event: 63.841 Thread 0x0000000018c26000 Uncommon trap: reason=unstable_if action=reinterpret pc=0x00000000032aa654 method=java.lang.ThreadLocal$ThreadLocalMap.getEntry(Ljava/lang/ThreadLocal;)Ljava/lang/ThreadLocal$ThreadLocalMap$Entry; @ 29
Event: 63.841 Thread 0x0000000018c26000 Uncommon trap: reason=unstable_if action=reinterpret pc=0x00000000032b6670 method=java.lang.ThreadLocal$ThreadLocalMap.getEntry(Ljava/lang/ThreadLocal;)Ljava/lang/ThreadLocal$ThreadLocalMap$Entry; @ 29
Event: 63.862 Thread 0x0000000018c26000 Uncommon trap: reason=unstable_if action=reinterpret pc=0x0000000002f831a4 method=java.util.regex.Pattern.has(I)Z @ 6
Event: 64.021 Thread 0x0000000018c27800 Uncommon trap: reason=unstable_if action=reinterpret pc=0x000000000375958c method=sun.misc.FormattedFloatingDecimal.fillDecimal(I[CIIZ)V @ 188
Event: 64.021 Thread 0x0000000018c26000 Uncommon trap: reason=unstable_if action=reinterpret pc=0x0000000002d3b0e4 method=java.util.HashMap.getNode(ILjava/lang/Object;)Ljava/util/HashMap$Node; @ 129
Event: 64.021 Thread 0x0000000018c26000 Uncommon trap: reason=class_check action=maybe_recompile pc=0x00000000032ffbe8 method=java.util.HashMap.putVal(ILjava/lang/Object;Ljava/lang/Object;ZZ)Ljava/lang/Object; @ 203
Event: 65.092 Thread 0x0000000018c26000 Uncommon trap: reason=unstable_if action=reinterpret pc=0x00000000034778e4 method=sun.misc.FloatingDecimal$BinaryToASCIIBuffer.dtoa(IJIZ)V @ 470
Event: 68.538 Thread 0x0000000018c27800 Uncommon trap: reason=unstable_if action=reinterpret pc=0x00000000034ee098 method=sun.misc.FormattedFloatingDecimal.applyPrecision(I[CII)I @ 90
Event: 86.805 Thread 0x0000000018c26000 Uncommon trap: reason=null_check action=make_not_entrant pc=0x00000000038fc42c method=com.sun.jna.Function.invoke(Ljava/lang/reflect/Method;[Ljava/lang/Class;Ljava/lang/Class;[Ljava/lang/Object;Ljava/util/Map;)Ljava/lang/Object; @ 207
Event: 100.332 Thread 0x0000000018c26000 Uncommon trap: reason=unstable_if action=reinterpret pc=0x0000000002f96c60 method=controlP5.ControllerGroup.updateEvents()Ljava/lang/Object; @ 294

Classes redefined (0 events):
No events

Internal exceptions (10 events):
Event: 21.206 Thread 0x00000000177f6800 Exception <a 'java/lang/NullPointerException'> (0x00000000f5e3df60) thrown at [C:\re\workspace\8-2-build-windows-amd64-cygwin\jdk8u202\12323\hotspot\src\share\vm\interpreter\linkResolver.cpp, line 1185]
Event: 21.209 Thread 0x00000000177f6800 Exception <a 'java/lang/NullPointerException'> (0x00000000f60ad438) thrown at [C:\re\workspace\8-2-build-windows-amd64-cygwin\jdk8u202\12323\hotspot\src\share\vm\interpreter\linkResolver.cpp, line 1185]
Event: 21.212 Thread 0x00000000177f6800 Exception <a 'java/lang/NullPointerException'> (0x00000000f60c1d00) thrown at [C:\re\workspace\8-2-build-windows-amd64-cygwin\jdk8u202\12323\hotspot\src\share\vm\interpreter\linkResolver.cpp, line 1185]
Event: 22.231 Thread 0x00000000177f6800 Exception <a 'java/lang/ClassNotFoundException': sun/net/www/protocol/c/Handler> (0x00000000f662f380) thrown at [C:\re\workspace\8-2-build-windows-amd64-cygwin\jdk8u202\12323\hotspot\src\share\vm\classfile\systemDictionary.cpp, line 210]
Event: 39.109 Thread 0x0000000018c26000 Implicit null exception at 0x00000000034b81f6 to 0x00000000034b8fe1
Event: 63.845 Thread 0x0000000018c26000 Exception <a 'java/lang/NullPointerException'> (0x00000000fbfa7b48) thrown at [C:\re\workspace\8-2-build-windows-amd64-cygwin\jdk8u202\12323\hotspot\src\share\vm\interpreter\linkResolver.cpp, line 1185]
Event: 63.845 Thread 0x0000000018c26000 Exception <a 'java/lang/NullPointerException'> (0x00000000fbfa8938) thrown at [C:\re\workspace\8-2-build-windows-amd64-cygwin\jdk8u202\12323\hotspot\src\share\vm\interpreter\linkResolver.cpp, line 1185]
Event: 63.943 Thread 0x0000000018c26000 Exception <a 'java/lang/UnsatisfiedLinkError': The specified module could not be found.
> (0x00000000fc22d7b0) thrown at [C:\re\workspace\8-2-build-windows-amd64-cygwin\jdk8u202\12323\hotspot\src\share\vm\prims\jni.cpp, line 736]
Event: 63.944 Thread 0x0000000018c26000 Exception <a 'java/lang/UnsatisfiedLinkError': The specified module could not be found.
> (0x00000000fc22dfd0) thrown at [C:\re\workspace\8-2-build-windows-amd64-cygwin\jdk8u202\12323\hotspot\src\share\vm\prims\jni.cpp, line 736]
Event: 63.945 Thread 0x0000000018c26000 Exception <a 'java/lang/UnsatisfiedLinkError': The specified module could not be found.
> (0x00000000fc22e6d0) thrown at [C:\re\workspace\8-2-build-windows-amd64-cygwin\jdk8u202\12323\hotspot\src\share\vm\prims\jni.cpp, line 736]

Events (10 events):
Event: 103.658 Thread 0x0000000018c26000 DEOPT UNPACKING pc=0x0000000002a57890 sp=0x0000000019d2e518 mode 1
Event: 103.691 Thread 0x0000000018c26000 DEOPT PACKING pc=0x0000000002c97e89 sp=0x0000000019d2e750
Event: 103.691 Thread 0x0000000018c26000 DEOPT UNPACKING pc=0x0000000002a57890 sp=0x0000000019d2e4c8 mode 1
Event: 103.691 Thread 0x0000000018c26000 DEOPT PACKING pc=0x0000000002b9ea1c sp=0x0000000019d2e7e0
Event: 103.691 Thread 0x0000000018c26000 DEOPT UNPACKING pc=0x0000000002a57890 sp=0x0000000019d2e518 mode 1
Event: 103.734 Thread 0x0000000018c26000 DEOPT PACKING pc=0x0000000002c97e89 sp=0x0000000019d2e750
Event: 103.734 Thread 0x0000000018c26000 DEOPT UNPACKING pc=0x0000000002a57890 sp=0x0000000019d2e4c8 mode 1
Event: 103.734 Thread 0x0000000018c26000 DEOPT PACKING pc=0x0000000002b9ea1c sp=0x0000000019d2e7e0
Event: 103.734 Thread 0x0000000018c26000 DEOPT UNPACKING pc=0x0000000002a57890 sp=0x0000000019d2e518 mode 1
Event: 103.769 Thread 0x0000000016047800 Thread exited: 0x0000000016047800


Dynamic libraries:
0x00007ff7f6160000 - 0x00007ff7f6197000 	C:\Users\aeite\Documents\GitHub\neural_signal_2020\processing-3.5.4\java\bin\java.exe
0x00007ffda1a50000 - 0x00007ffda1c45000 	C:\windows\SYSTEM32\ntdll.dll
0x00007ffda1740000 - 0x00007ffda17fd000 	C:\windows\System32\KERNEL32.DLL
0x00007ffd9f190000 - 0x00007ffd9f458000 	C:\windows\System32\KERNELBASE.dll
0x00007ffd9fb60000 - 0x00007ffd9fc0c000 	C:\windows\System32\ADVAPI32.dll
0x00007ffd9fac0000 - 0x00007ffd9fb5e000 	C:\windows\System32\msvcrt.dll
0x00007ffda16a0000 - 0x00007ffda173b000 	C:\windows\System32\sechost.dll
0x00007ffda18e0000 - 0x00007ffda1a0b000 	C:\windows\System32\RPCRT4.dll
0x00007ffda0790000 - 0x00007ffda0930000 	C:\windows\System32\USER32.dll
0x00007ffd9f600000 - 0x00007ffd9f622000 	C:\windows\System32\win32u.dll
0x00007ffd9fc10000 - 0x00007ffd9fc3a000 	C:\windows\System32\GDI32.dll
0x00007ffd9f850000 - 0x00007ffd9f95b000 	C:\windows\System32\gdi32full.dll
0x00007ffd9f560000 - 0x00007ffd9f5fd000 	C:\windows\System32\msvcp_win.dll
0x00007ffd9f630000 - 0x00007ffd9f730000 	C:\windows\System32\ucrtbase.dll
0x00007ffd87c20000 - 0x00007ffd87eba000 	C:\windows\WinSxS\amd64_microsoft.windows.common-controls_6595b64144ccf1df_6.0.19041.1052_none_60b8f8fd71f5e8cb\COMCTL32.dll
0x00007ffda1660000 - 0x00007ffda1690000 	C:\windows\System32\IMM32.DLL
0x000000005a670000 - 0x000000005a742000 	C:\Users\aeite\Documents\GitHub\neural_signal_2020\processing-3.5.4\java\bin\msvcr100.dll
0x0000000059870000 - 0x000000005a115000 	C:\Users\aeite\Documents\GitHub\neural_signal_2020\processing-3.5.4\java\bin\server\jvm.dll
0x00007ffda09a0000 - 0x00007ffda09a8000 	C:\windows\System32\PSAPI.DLL
0x00007ffd98ed0000 - 0x00007ffd98ed9000 	C:\windows\SYSTEM32\WSOCK32.dll
0x00007ffd86c60000 - 0x00007ffd86c87000 	C:\windows\SYSTEM32\WINMM.dll
0x00007ffda0930000 - 0x00007ffda099b000 	C:\windows\System32\WS2_32.dll
0x00007ffd972d0000 - 0x00007ffd972da000 	C:\windows\SYSTEM32\VERSION.dll
0x00007ffd86630000 - 0x00007ffd8663f000 	C:\Users\aeite\Documents\GitHub\neural_signal_2020\processing-3.5.4\java\bin\verify.dll
0x00007ffd7d550000 - 0x00007ffd7d579000 	C:\Users\aeite\Documents\GitHub\neural_signal_2020\processing-3.5.4\java\bin\java.dll
0x00007ffd71190000 - 0x00007ffd711c5000 	C:\Users\aeite\Documents\GitHub\neural_signal_2020\processing-3.5.4\java\bin\jdwp.dll
0x00007ffd866c0000 - 0x00007ffd866c8000 	C:\Users\aeite\Documents\GitHub\neural_signal_2020\processing-3.5.4\java\bin\npt.dll
0x00007ffd7d530000 - 0x00007ffd7d546000 	C:\Users\aeite\Documents\GitHub\neural_signal_2020\processing-3.5.4\java\bin\zip.dll
0x00007ffda0f20000 - 0x00007ffda165f000 	C:\windows\System32\SHELL32.dll
0x00007ffd9cfb0000 - 0x00007ffd9d740000 	C:\windows\SYSTEM32\windows.storage.dll
0x00007ffda0420000 - 0x00007ffda0775000 	C:\windows\System32\combase.dll
0x00007ffd9eb30000 - 0x00007ffd9eb5c000 	C:\windows\SYSTEM32\Wldp.dll
0x00007ffda0b90000 - 0x00007ffda0c3e000 	C:\windows\System32\SHCORE.dll
0x00007ffd9fc40000 - 0x00007ffd9fc95000 	C:\windows\System32\shlwapi.dll
0x00007ffd9f0d0000 - 0x00007ffd9f0ef000 	C:\windows\SYSTEM32\profapi.dll
0x00007ffd848d0000 - 0x00007ffd848d9000 	C:\Users\aeite\Documents\GitHub\neural_signal_2020\processing-3.5.4\java\bin\dt_socket.dll
0x00007ffd9e8a0000 - 0x00007ffd9e90a000 	C:\windows\system32\mswsock.dll
0x00007ffd3c0e0000 - 0x00007ffd3c279000 	C:\Users\aeite\Documents\GitHub\neural_signal_2020\processing-3.5.4\java\bin\awt.dll
0x00007ffda0ca0000 - 0x00007ffda0d6d000 	C:\windows\System32\OLEAUT32.dll
0x00007ffd9c510000 - 0x00007ffd9c5a0000 	C:\windows\SYSTEM32\apphelp.dll
0x00007ffd9c6d0000 - 0x00007ffd9c76e000 	C:\windows\system32\uxtheme.dll
0x00007ffd9fe90000 - 0x00007ffd9ffa5000 	C:\windows\System32\MSCTF.dll
0x00007ffda09b0000 - 0x00007ffda0ada000 	C:\windows\System32\ole32.dll
0x00007ffd9da60000 - 0x00007ffd9da72000 	C:\windows\SYSTEM32\kernel.appcore.dll
0x00007ffd9f790000 - 0x00007ffd9f813000 	C:\windows\System32\bcryptPrimitives.dll
0x0000000071100000 - 0x0000000071125000 	C:\Users\aeite\Documents\GitHub\neural_signal_2020\processing-3.5.4\modes\java\libraries\serial\library\windows64\jSSC-2.8.dll
0x00007ffd9c8c0000 - 0x00007ffd9c8ef000 	C:\windows\system32\DWMAPI.DLL
0x00007ffd74640000 - 0x00007ffd74766000 	C:\windows\system32\opengl32.dll
0x00007ffd745d0000 - 0x00007ffd745fc000 	C:\windows\SYSTEM32\GLU32.dll
0x00007ffd9ea80000 - 0x00007ffd9ea98000 	C:\windows\SYSTEM32\CRYPTSP.dll
0x00007ffd9e240000 - 0x00007ffd9e274000 	C:\windows\system32\rsaenh.dll
0x00007ffd9f820000 - 0x00007ffd9f847000 	C:\windows\System32\bcrypt.dll
0x00007ffd9f090000 - 0x00007ffd9f0be000 	C:\windows\SYSTEM32\USERENV.dll
0x00007ffd9ea70000 - 0x00007ffd9ea7c000 	C:\windows\SYSTEM32\CRYPTBASE.dll
0x00007ffd7d4c0000 - 0x00007ffd7d4da000 	C:\Users\aeite\Documents\GitHub\neural_signal_2020\processing-3.5.4\java\bin\net.dll
0x00007ffd8b7d0000 - 0x00007ffd8b9bc000 	C:\windows\SYSTEM32\urlmon.dll
0x00007ffd89100000 - 0x00007ffd893b0000 	C:\windows\SYSTEM32\iertutil.dll
0x00007ffd9e590000 - 0x00007ffd9e5cb000 	C:\windows\SYSTEM32\IPHLPAPI.DLL
0x00007ffda1690000 - 0x00007ffda1698000 	C:\windows\System32\NSI.dll
0x00007ffd9d760000 - 0x00007ffd9d777000 	C:\windows\SYSTEM32\dhcpcsvc6.DLL
0x00007ffd9d740000 - 0x00007ffd9d75d000 	C:\windows\SYSTEM32\dhcpcsvc.DLL
0x00007ffd9e5d0000 - 0x00007ffd9e69c000 	C:\windows\SYSTEM32\DNSAPI.dll
0x00007ffd7c530000 - 0x00007ffd7c542000 	C:\Users\aeite\Documents\GitHub\neural_signal_2020\processing-3.5.4\java\bin\nio.dll
0x00000000637c0000 - 0x00000000637cd000 	C:\Users\aeite\AppData\Local\Temp\jogamp_0000\file_cache\jln5273368665776132545\jln8637465161324679177\natives\windows-amd64\gluegen-rt.dll
0x00007ffd7fc00000 - 0x00007ffd7fc07000 	C:\Users\aeite\Documents\GitHub\neural_signal_2020\processing-3.5.4\java\bin\jawt.dll
0x000000006a440000 - 0x000000006a44d000 	C:\Users\aeite\AppData\Local\Temp\jogamp_0000\file_cache\jln5273368665776132545\jln8637465161324679177\natives\windows-amd64\nativewindow_awt.dll
0x000000006c100000 - 0x000000006c10f000 	C:\Users\aeite\AppData\Local\Temp\jogamp_0000\file_cache\jln5273368665776132545\jln8637465161324679177\natives\windows-amd64\nativewindow_win32.dll
0x000000006cbc0000 - 0x000000006cbd3000 	C:\Users\aeite\AppData\Local\Temp\jogamp_0000\file_cache\jln5273368665776132545\jln8637465161324679177\natives\windows-amd64\newt.dll
0x00007ffd98fe0000 - 0x00007ffd9908e000 	C:\windows\SYSTEM32\mscms.dll
0x00007ffd98df0000 - 0x00007ffd98e01000 	C:\windows\SYSTEM32\ColorAdapterClient.dll
0x00007ffd6fa50000 - 0x00007ffd6fa93000 	C:\windows\SYSTEM32\icm32.dll
0x00007ffd9ffb0000 - 0x00007ffda0419000 	C:\windows\System32\setupapi.dll
0x00007ffd9f460000 - 0x00007ffd9f4ae000 	C:\windows\System32\cfgmgr32.dll
0x00007ffd9eed0000 - 0x00007ffd9eefc000 	C:\windows\SYSTEM32\DEVOBJ.dll
0x00007ffd9f730000 - 0x00007ffd9f790000 	C:\windows\System32\WINTRUST.dll
0x00007ffd9f960000 - 0x00007ffd9fabf000 	C:\windows\System32\CRYPT32.dll
0x00007ffd9ed10000 - 0x00007ffd9ed22000 	C:\windows\SYSTEM32\MSASN1.dll
0x0000000064500000 - 0x00000000645b1000 	C:\Users\aeite\AppData\Local\Temp\jogamp_0000\file_cache\jln5273368665776132545\jln8637465161324679177\natives\windows-amd64\jogl_desktop.dll
0x0000000064340000 - 0x00000000643a2000 	C:\Users\aeite\AppData\Local\Temp\jogamp_0000\file_cache\jln5273368665776132545\jln8637465161324679177\natives\windows-amd64\jogl_mobile.dll
0x00007ffd9fd80000 - 0x00007ffd9fe29000 	C:\windows\System32\clbcatq.dll
0x00007ffd977c0000 - 0x00007ffd978b9000 	C:\Windows\System32\AppXDeploymentClient.dll
0x00007ffd4b7e0000 - 0x00007ffd4c727000 	C:\windows\System32\DriverStore\FileRepository\iigd_dch.inf_amd64_ada2367baaae74c0\ig11icd64.dll
0x00007ffd9dad0000 - 0x00007ffd9dbc4000 	C:\windows\system32\dxgi.dll
0x00007ffd954a0000 - 0x00007ffd954db000 	C:\windows\SYSTEM32\dxcore.dll
0x00007ffd92550000 - 0x00007ffd926f4000 	C:\windows\System32\DriverStore\FileRepository\iigd_dch.inf_amd64_ada2367baaae74c0\igdgmm64.dll
0x00007ffd90000000 - 0x00007ffd92449000 	C:\windows\System32\DriverStore\FileRepository\iigd_dch.inf_amd64_ada2367baaae74c0\igc64.dll
0x00007ffd9f000000 - 0x00007ffd9f04b000 	C:\windows\SYSTEM32\powrprof.dll
0x00007ffd9efe0000 - 0x00007ffd9eff2000 	C:\windows\SYSTEM32\UMPDC.dll
0x00007ffd8a640000 - 0x00007ffd8a739000 	C:\windows\SYSTEM32\textinputframework.dll
0x00007ffd9c200000 - 0x00007ffd9c2f2000 	C:\windows\System32\CoreMessaging.dll
0x00007ffd9bea0000 - 0x00007ffd9c1fe000 	C:\windows\System32\CoreUIComponents.dll
0x00007ffd9ab40000 - 0x00007ffd9ac94000 	C:\windows\SYSTEM32\wintypes.dll
0x00007ffd9ded0000 - 0x00007ffd9df03000 	C:\windows\SYSTEM32\ntmarta.dll
0x00007ffd71110000 - 0x00007ffd71157000 	C:\Users\aeite\Documents\GitHub\neural_signal_2020\processing-3.5.4\java\bin\fontmanager.dll
0x00007ffd710c0000 - 0x00007ffd71102000 	C:\Users\aeite\Documents\GitHub\neural_signal_2020\processing-3.5.4\java\bin\t2k.dll
0x00007ffd702a0000 - 0x00007ffd702d1000 	C:\Users\aeite\Documents\GitHub\neural_signal_2020\processing-3.5.4\java\bin\jpeg.dll
0x00007ffd4e5c0000 - 0x00007ffd4e602000 	C:\Users\aeite\AppData\Local\Temp\jna-92695030\jna1825935470290115651.dll
0x00007ffd2cf40000 - 0x00007ffd2d126000 	C:\Users\aeite\AppData\Local\Temp\jna-92695030\jna1061417152302706739.dll
0x0000000058c20000 - 0x0000000058cf3000 	C:\windows\WinSxS\amd64_microsoft.vc90.crt_1fc8b3b9a1e18e3b_9.0.30729.9625_none_08e1c10da83fbc83\MSVCP90.dll
0x000000005a1a0000 - 0x000000005a243000 	C:\windows\WinSxS\amd64_microsoft.vc90.crt_1fc8b3b9a1e18e3b_9.0.30729.9625_none_08e1c10da83fbc83\MSVCR90.dll
0x00007ffd87a50000 - 0x00007ffd87a67000 	C:\windows\system32\napinsp.dll
0x00007ffd87860000 - 0x00007ffd8787b000 	C:\windows\system32\pnrpnsp.dll
0x00007ffd99cf0000 - 0x00007ffd99d05000 	C:\windows\system32\wshbth.dll
0x00007ffd9a6d0000 - 0x00007ffd9a6ed000 	C:\windows\system32\NLAapi.dll
0x00007ffd86600000 - 0x00007ffd86612000 	C:\windows\System32\winrnr.dll
0x00007ffd9d840000 - 0x00007ffd9da24000 	C:\windows\SYSTEM32\dbghelp.dll

VM Arguments:
jvm_args: -agentlib:jdwp=transport=dt_socket,address=8480,server=y,suspend=y,quiet=y -Xms64m -Xmx500m -Djna.nosys=true -Djava.ext.dirs=C:\Users\aeite\Documents\GitHub\neural_signal_2020\processing-3.5.4\java\lib\ext -Djava.library.path=C:\Program Files\processing-3.5.4\OpenBCI_GUI_feedback\OpenBCI_GUI\code;C:\Users\aeite\Documents\GitHub\neural_signal_2020\processing-3.5.4\core\library;C:\Program Files\processing-3.5.4\libraries\minim\library;C:\Users\aeite\Documents\GitHub\neural_signal_2020\processing-3.5.4\modes\java\libraries\serial\library\windows64;C:\Users\aeite\Documents\GitHub\neural_signal_2020\processing-3.5.4\modes\java\libraries\net\library;C:\Program Files\processing-3.5.4\libraries\grafica\library;C:\Program Files\processing-3.5.4\libraries\GifAnimation\library;C:\Program Files\processing-3.5.4\libraries\oscP5\library;C:\Program Files\processing-3.5.4\libraries\udp\library;C:\Program Files\processing-3.5.4\libraries\LSLLink\library;C:\Program Files\processing-3.5.4\libraries\controlP5\library;C:\Users\aeite\Documents\GitHub\neural_signal_2020\processing-3.5.4\java\bin;C:\windows\system32;C:\windows;C:\windows\system32;C:\windows;C:\windows\System32\Wbem;C:\windows\System32\WindowsPowerShell\v1.0;C:\windows\System32\OpenSSH;C:\Program Files\MATLAB\R2019b\bin;C:\Program Files\PuTTY;C:\Users\aeite\AppData\Local\Microsoft\WindowsApps;C:\Users\aeite\AppData\Local\Programs\Microsoft VS Code\bin;C:\Users\aeite\AppData\Local\GitHubDesktop\bin;C:\Users\aeite\Documents\GitHub\neural_signal_2020\processing-3.5.4\java\bin;. -ea 
java_command: processing.core.PApplet --display=1 --sketch-path=C:\Program Files\processing-3.5.4\OpenBCI_GUI_feedback\OpenBCI_GUI OpenBCI_GUI
java_class_path (initial): C:\Users\aeite\AppData\Local\Temp\OpenBCI_GUI4260661828403374976temp;;C:\Program Files\processing-3.5.4\OpenBCI_GUI_feedback\OpenBCI_GUI\code\LSLLink.jar;C:\Users\aeite\Documents\GitHub\neural_signal_2020\processing-3.5.4\core\library\core.jar;C:\Users\aeite\Documents\GitHub\neural_signal_2020\processing-3.5.4\core\library\gluegen-rt-natives-linux-aarch64.jar;C:\Users\aeite\Documents\GitHub\neural_signal_2020\processing-3.5.4\core\library\gluegen-rt-natives-linux-amd64.jar;C:\Users\aeite\Documents\GitHub\neural_signal_2020\processing-3.5.4\core\library\gluegen-rt-natives-linux-armv6hf.jar;C:\Users\aeite\Documents\GitHub\neural_signal_2020\processing-3.5.4\core\library\gluegen-rt-natives-linux-i586.jar;C:\Users\aeite\Documents\GitHub\neural_signal_2020\processing-3.5.4\core\library\gluegen-rt-natives-macosx-universal.jar;C:\Users\aeite\Documents\GitHub\neural_signal_2020\processing-3.5.4\core\library\gluegen-rt-natives-windows-amd64.jar;C:\Users\aeite\Documents\GitHub\neural_signal_2020\processing-3.5.4\core\library\gluegen-rt-natives-windows-i586.jar;C:\Users\aeite\Documents\GitHub\neural_signal_2020\processing-3.5.4\core\library\gluegen-rt.jar;C:\Users\aeite\Documents\GitHub\neural_signal_2020\processing-3.5.4\core\library\jogl-all-natives-linux-aarch64.jar;C:\Users\aeite\Documents\GitHub\neural_signal_2020\processing-3.5.4\core\library\jogl-all-natives-linux-amd64.jar;C:\Users\aeite\Documents\GitHub\neural_signal_2020\processing-3.5.4\core\library\jogl-all-natives-linux-armv6hf.jar;C:\Users\aeite\Documents\GitHub\neural_signal_2020\processing-3.5.4\core\library\jogl-all-natives-linux-i586.jar;C:\Users\aeite\Documents\GitHub\neural_signal_2020\processing-3.5.4\core\library\jogl-all-natives-macosx-universal.jar;C:\Users\aeite\Documents\GitHub\neural_signal_2020\processing-3.5.4\core\library\jogl-all-natives-windows-amd64.jar;C:\Users\aeite\Documents\GitHub\neural_signal_2020\processing-3.5.4\core\library\jogl-all-natives-windows-i586.jar
Launcher Type: SUN_STANDARD

Environment Variables:
PATH=C:\windows\system32;C:\windows;C:\windows\System32\Wbem;C:\windows\System32\WindowsPowerShell\v1.0\;C:\windows\System32\OpenSSH\;C:\Program Files\MATLAB\R2019b\bin;C:\Program Files\PuTTY\;C:\Users\aeite\AppData\Local\Microsoft\WindowsApps;C:\Users\aeite\AppData\Local\Programs\Microsoft VS Code\bin;C:\Users\aeite\AppData\Local\GitHubDesktop\bin;C:\Users\aeite\Documents\GitHub\neural_signal_2020\processing-3.5.4\java\bin
USERNAME=aeite
OS=Windows_NT
PROCESSOR_IDENTIFIER=Intel64 Family 6 Model 126 Stepping 5, GenuineIntel



---------------  S Y S T E M  ---------------

OS: Windows 10.0 , 64 bit Build 19041 (10.0.19041.1023)

CPU:total 8 (initial active 8) (4 cores per cpu, 2 threads per core) family 6 model 126 stepping 5, cmov, cx8, fxsr, mmx, sse, sse2, sse3, ssse3, sse4.1, sse4.2, popcnt, avx, avx2, aes, clmul, erms, 3dnowpref, lzcnt, ht, tsc, tscinvbit, bmi1, bmi2, adx

Memory: 4k page, physical 8070036k(735640k free), swap 20128660k(7238448k free)

vm_info: Java HotSpot(TM) 64-Bit Server VM (25.202-b08) for windows-amd64 JRE (1.8.0_202-b08), built on Dec 15 2018 19:54:30 by "java_re" with MS VC++ 10.0 (VS2010)

time: Sat Jun 26 16:05:36 2021
timezone: Mountain Daylight Time
elapsed time: 103 seconds (0d 0h 1m 43s)

