#
# A fatal error has been detected by the Java Runtime Environment:
#
#  EXCEPTION_ACCESS_VIOLATION (0xc0000005) at pc=0x00007ffad77515e5, pid=16028, tid=0x00000000000041b4
#
# JRE version: Java(TM) SE Runtime Environment (8.0_202-b08) (build 1.8.0_202-b08)
# Java VM: Java HotSpot(TM) 64-Bit Server VM (25.202-b08 mixed mode windows-amd64 compressed oops)
# Problematic frame:
# C  [ig11icd64.dll+0x415e5]
#
# Failed to write core dump. Minidumps are not enabled by default on client versions of Windows
#
# If you would like to submit a bug report, please visit:
#   http://bugreport.java.com/bugreport/crash.jsp
#

---------------  T H R E A D  ---------------

Current thread (0x0000000014349800):  VMThread [stack: 0x0000000016050000,0x0000000016150000] [id=16820]

siginfo: ExceptionCode=0xc0000005, reading address 0x0000000000034868

Registers:
RAX=0x0000000029d22d28, RBX=0x0000000029d22bf0, RCX=0x00000000000445cd, RDX=0x0000000029d22cb8
RSP=0x000000001614ea40, RBP=0x0000000000000000, RSI=0x0000000029d26dc0, RDI=0x000000001ecae860
R8 =0x0000000000000000, R9 =0x0000000000000000, R10=0x0000000000000000, R11=0x0000000000000246
R12=0x000000001f3fce00, R13=0x0000000000000000, R14=0x0000000029d23080, R15=0x0000000000000000
RIP=0x00007ffad77515e5, EFLAGS=0x0000000000010206

Top of Stack: (sp=0x000000001614ea40)
0x000000001614ea40:   0000000000000000 0000000000000000
0x000000001614ea50:   00003a495780f2ab 0000005400000000
0x000000001614ea60:   00000000000000a8 0000000000000000
0x000000001614ea70:   00000000000451b9 000000001f3fcec0
0x000000001614ea80:   0000b802059300a8 00007ffad7734a56
0x000000001614ea90:   0000000000df72e0 000000001ecae860
0x000000001614eaa0:   000000001614eb90 0000000000000000
0x000000001614eab0:   0000000000000000 0000000000000000
0x000000001614eac0:   0000000000b41000 00007ffb22919398
0x000000001614ead0:   0000176c1614ed00 0000000000000000
0x000000001614eae0:   0000000000000000 000000001614eda0
0x000000001614eaf0:   00003a495780f03b 00007ffb2972c3c8
0x000000001614eb00:   0000000000000001 000000001614ebe0
0x000000001614eb10:   000000001f3fd818 000000001f3fe180
0x000000001614eb20:   0000000000000000 000000001f3fe188
0x000000001614eb30:   0000b802059300a8 0000000000001a04 

Instructions: (pc=0x00007ffad77515e5)
0x00007ffad77515c5:   1d 8b c1 83 e0 0f 48 6b c0 38 48 03 c2 48 85 c0
0x00007ffad77515d5:   74 0c 48 8b 48 08 eb 08 48 83 c0 08 eb ef 33 c9
0x00007ffad77515e5:   48 3b 8d 68 48 03 00 76 6b 48 8b 87 80 02 00 00
0x00007ffad77515f5:   49 89 06 48 89 9f 80 02 00 00 ff 87 88 02 00 00 


Register to memory mapping:

RAX=0x0000000029d22d28 is an unknown value
RBX=0x0000000029d22bf0 is an unknown value
RCX=0x00000000000445cd is an unknown value
RDX=0x0000000029d22cb8 is an unknown value
RSP=0x000000001614ea40 is an unknown value
RBP=0x0000000000000000 is an unknown value
RSI=0x0000000029d26dc0 is an unknown value
RDI=0x000000001ecae860 is an unknown value
R8 =0x0000000000000000 is an unknown value
R9 =0x0000000000000000 is an unknown value
R10=0x0000000000000000 is an unknown value
R11=0x0000000000000246 is an unknown value
R12=0x000000001f3fce00 is an unknown value
R13=0x0000000000000000 is an unknown value
R14=0x0000000029d23080 is an unknown value
R15=0x0000000000000000 is an unknown value


Stack: [0x0000000016050000,0x0000000016150000],  sp=0x000000001614ea40,  free space=1018k
Native frames: (J=compiled Java code, j=interpreted, Vv=VM code, C=native code)

VM_Operation (0x0000000019a9eb40): Exit, mode: safepoint, requested by thread 0x00000000186e3000


---------------  P R O C E S S  ---------------

Java Threads: ( => current thread )
  0x0000000018e00800 JavaThread "AWT-Shutdown" [_thread_blocked, id=4304, stack(0x0000000017d90000,0x0000000017e90000)]
  0x00000000186e3000 JavaThread "main-FPSAWTAnimator#00-Timer0-FPSAWTAnimator#00-Timer1" [_thread_blocked, id=1900, stack(0x00000000199a0000,0x0000000019aa0000)]
  0x0000000002cb4000 JavaThread "DestroyJavaVM" [_thread_blocked, id=16704, stack(0x0000000002ac0000,0x0000000002bc0000)]
  0x00000000186db000 JavaThread "HighResTimerThread" daemon [_thread_blocked, id=14500, stack(0x0000000020cf0000,0x0000000020df0000)]
  0x000000001770a800 JavaThread "Timer-0" daemon [_thread_blocked, id=2008, stack(0x0000000018190000,0x0000000018290000)]
  0x0000000017557800 JavaThread "Java2D Disposer" daemon [_thread_blocked, id=3756, stack(0x0000000017c90000,0x0000000017d90000)]
  0x0000000016243000 JavaThread "Service Thread" daemon [_thread_blocked, id=10400, stack(0x0000000017150000,0x0000000017250000)]
  0x00000000161b3000 JavaThread "C1 CompilerThread3" daemon [_thread_blocked, id=5380, stack(0x0000000017050000,0x0000000017150000)]
  0x00000000161b2000 JavaThread "C2 CompilerThread2" daemon [_thread_blocked, id=17308, stack(0x0000000016f50000,0x0000000017050000)]
  0x00000000161b1800 JavaThread "C2 CompilerThread1" daemon [_thread_blocked, id=13280, stack(0x0000000016e50000,0x0000000016f50000)]
  0x00000000161ac000 JavaThread "C2 CompilerThread0" daemon [_thread_blocked, id=13908, stack(0x0000000016d50000,0x0000000016e50000)]
  0x00000000161a5800 JavaThread "JDWP Command Reader" daemon [_thread_blocked, id=15576, stack(0x0000000016c50000,0x0000000016d50000)]
  0x0000000016198800 JavaThread "JDWP Event Helper Thread" daemon [_thread_blocked, id=13456, stack(0x0000000016b50000,0x0000000016c50000)]
  0x0000000016189800 JavaThread "JDWP Transport Listener: dt_socket" daemon [_thread_blocked, id=7024, stack(0x0000000016a50000,0x0000000016b50000)]
  0x0000000016182800 JavaThread "Attach Listener" daemon [_thread_blocked, id=14876, stack(0x0000000016950000,0x0000000016a50000)]
  0x0000000014357800 JavaThread "Signal Dispatcher" daemon [_thread_blocked, id=148, stack(0x0000000016850000,0x0000000016950000)]
  0x0000000002daa800 JavaThread "Finalizer" daemon [_thread_blocked, id=13916, stack(0x0000000016650000,0x0000000016750000)]
  0x0000000016170800 JavaThread "Reference Handler" daemon [_thread_blocked, id=7580, stack(0x0000000016550000,0x0000000016650000)]

Other Threads:
=>0x0000000014349800 VMThread [stack: 0x0000000016050000,0x0000000016150000] [id=16820]

VM state:at safepoint (shutting down)

VM Mutex/Monitor currently owned by a thread:  ([mutex/lock_event])
[0x0000000002cb0e50] Threads_lock - owner thread: 0x0000000014349800

heap address: 0x00000000e3e00000, size: 450 MB, Compressed Oops mode: 32-bit
Narrow klass base: 0x0000000000000000, Narrow klass shift: 3
Compressed class space size: 1073741824 Address: 0x0000000100000000

Heap:
 PSYoungGen      total 69632K, used 67694K [0x00000000f6a00000, 0x00000000fd300000, 0x0000000100000000)
  eden space 45056K, 96% used [0x00000000f6a00000,0x00000000f9440800,0x00000000f9600000)
  from space 24576K, 99% used [0x00000000fb200000,0x00000000fc9db080,0x00000000fca00000)
  to   space 28672K, 0% used [0x00000000f9600000,0x00000000f9600000,0x00000000fb200000)
 ParOldGen       total 62464K, used 40022K [0x00000000e3e00000, 0x00000000e7b00000, 0x00000000f6a00000)
  object space 62464K, 64% used [0x00000000e3e00000,0x00000000e6515938,0x00000000e7b00000)
 Metaspace       used 20528K, capacity 20764K, committed 20864K, reserved 1069056K
  class space    used 1832K, capacity 1894K, committed 1920K, reserved 1048576K

Card table byte_map: [0x0000000012170000,0x0000000012260000] byte_map_base: 0x0000000011a51000

Marking Bits: (ParMarkBitMap*) 0x000000006e365ce0
 Begin Bits: [0x0000000012a60000, 0x0000000013168000)
 End Bits:   [0x0000000013168000, 0x0000000013870000)

Polling page: 0x0000000000d20000

CodeCache: size=245760Kb used=7754Kb max_used=7765Kb free=238005Kb
 bounds [0x0000000002db0000, 0x0000000003550000, 0x0000000011db0000]
 total_blobs=2961 nmethods=2041 adapters=840
 compilation: enabled

Compilation events (10 events):
Event: 9.089 Thread 0x00000000161b2000 nmethod 2039 0x000000000353cd50 code [0x000000000353cec0, 0x000000000353d0d8]
Event: 9.108 Thread 0x00000000161b1800 nmethod 2035 0x00000000035478d0 code [0x0000000003547ba0, 0x000000000354b7b0]
Event: 9.121 Thread 0x00000000161ac000 2040       4       processing.opengl.PJOGL::useProgram (11 bytes)
Event: 9.124 Thread 0x00000000161b2000 2041       4       jogamp.opengl.gl4.GL4bcImpl::glUseProgram (44 bytes)
Event: 9.124 Thread 0x00000000161ac000 nmethod 2040 0x000000000353c8d0 code [0x000000000353ca20, 0x000000000353cba8]
Event: 9.125 Thread 0x00000000161b2000 nmethod 2041 0x000000000353c550 code [0x000000000353c6a0, 0x000000000353c7a8]
Event: 9.128 Thread 0x00000000161b3000 2042       3       java.util.logging.LogManager$LoggerContext::ensureDefaultLogger (70 bytes)
Event: 9.129 Thread 0x00000000161b3000 nmethod 2042 0x0000000003540890 code [0x0000000003540a40, 0x00000000035412e8]
Event: 9.129 Thread 0x00000000161b3000 2043       3       java.util.Hashtable$Enumerator::hasMoreElements (53 bytes)
Event: 9.130 Thread 0x00000000161b3000 nmethod 2043 0x000000000353bfd0 code [0x000000000353c140, 0x000000000353c410]

GC Heap History (10 events):
Event: 3.243 GC heap before
{Heap before GC invocations=5 (full 0):
 PSYoungGen      total 18944K, used 18562K [0x00000000f6a00000, 0x00000000f8f00000, 0x0000000100000000)
  eden space 16384K, 97% used [0x00000000f6a00000,0x00000000f79a7640,0x00000000f7a00000)
  from space 2560K, 98% used [0x00000000f7c80000,0x00000000f7ef9388,0x00000000f7f00000)
  to   space 2560K, 0% used [0x00000000f7a00000,0x00000000f7a00000,0x00000000f7c80000)
 ParOldGen       total 44032K, used 18695K [0x00000000e3e00000, 0x00000000e6900000, 0x00000000f6a00000)
  object space 44032K, 42% used [0x00000000e3e00000,0x00000000e5041e20,0x00000000e6900000)
 Metaspace       used 18863K, capacity 19042K, committed 19328K, reserved 1067008K
  class space    used 1725K, capacity 1795K, committed 1920K, reserved 1048576K
Event: 3.251 GC heap after
Heap after GC invocations=5 (full 0):
 PSYoungGen      total 18944K, used 2548K [0x00000000f6a00000, 0x00000000fb000000, 0x0000000100000000)
  eden space 16384K, 0% used [0x00000000f6a00000,0x00000000f6a00000,0x00000000f7a00000)
  from space 2560K, 99% used [0x00000000f7a00000,0x00000000f7c7d378,0x00000000f7c80000)
  to   space 19456K, 0% used [0x00000000f9d00000,0x00000000f9d00000,0x00000000fb000000)
 ParOldGen       total 44032K, used 32350K [0x00000000e3e00000, 0x00000000e6900000, 0x00000000f6a00000)
  object space 44032K, 73% used [0x00000000e3e00000,0x00000000e5d97830,0x00000000e6900000)
 Metaspace       used 18863K, capacity 19042K, committed 19328K, reserved 1067008K
  class space    used 1725K, capacity 1795K, committed 1920K, reserved 1048576K
}
Event: 3.251 GC heap before
{Heap before GC invocations=6 (full 1):
 PSYoungGen      total 18944K, used 2548K [0x00000000f6a00000, 0x00000000fb000000, 0x0000000100000000)
  eden space 16384K, 0% used [0x00000000f6a00000,0x00000000f6a00000,0x00000000f7a00000)
  from space 2560K, 99% used [0x00000000f7a00000,0x00000000f7c7d378,0x00000000f7c80000)
  to   space 19456K, 0% used [0x00000000f9d00000,0x00000000f9d00000,0x00000000fb000000)
 ParOldGen       total 44032K, used 32350K [0x00000000e3e00000, 0x00000000e6900000, 0x00000000f6a00000)
  object space 44032K, 73% used [0x00000000e3e00000,0x00000000e5d97830,0x00000000e6900000)
 Metaspace       used 18863K, capacity 19042K, committed 19328K, reserved 1067008K
  class space    used 1725K, capacity 1795K, committed 1920K, reserved 1048576K
Event: 3.290 GC heap after
Heap after GC invocations=6 (full 1):
 PSYoungGen      total 18944K, used 0K [0x00000000f6a00000, 0x00000000fb000000, 0x0000000100000000)
  eden space 16384K, 0% used [0x00000000f6a00000,0x00000000f6a00000,0x00000000f7a00000)
  from space 2560K, 0% used [0x00000000f7a00000,0x00000000f7a00000,0x00000000f7c80000)
  to   space 19456K, 0% used [0x00000000f9d00000,0x00000000f9d00000,0x00000000fb000000)
 ParOldGen       total 62464K, used 21574K [0x00000000e3e00000, 0x00000000e7b00000, 0x00000000f6a00000)
  object space 62464K, 34% used [0x00000000e3e00000,0x00000000e5311898,0x00000000e7b00000)
 Metaspace       used 18863K, capacity 19042K, committed 19328K, reserved 1067008K
  class space    used 1725K, capacity 1795K, committed 1920K, reserved 1048576K
}
Event: 3.396 GC heap before
{Heap before GC invocations=7 (full 1):
 PSYoungGen      total 18944K, used 15528K [0x00000000f6a00000, 0x00000000fb000000, 0x0000000100000000)
  eden space 16384K, 94% used [0x00000000f6a00000,0x00000000f792a0a0,0x00000000f7a00000)
  from space 2560K, 0% used [0x00000000f7a00000,0x00000000f7a00000,0x00000000f7c80000)
  to   space 19456K, 0% used [0x00000000f9d00000,0x00000000f9d00000,0x00000000fb000000)
 ParOldGen       total 62464K, used 21574K [0x00000000e3e00000, 0x00000000e7b00000, 0x00000000f6a00000)
  object space 62464K, 34% used [0x00000000e3e00000,0x00000000e5311898,0x00000000e7b00000)
 Metaspace       used 18863K, capacity 19042K, committed 19328K, reserved 1067008K
  class space    used 1725K, capacity 1795K, committed 1920K, reserved 1048576K
Event: 3.404 GC heap after
Heap after GC invocations=7 (full 1):
 PSYoungGen      total 45056K, used 14464K [0x00000000f6a00000, 0x00000000fae00000, 0x0000000100000000)
  eden space 27648K, 0% used [0x00000000f6a00000,0x00000000f6a00000,0x00000000f8500000)
  from space 17408K, 83% used [0x00000000f9d00000,0x00000000fab200e0,0x00000000fae00000)
  to   space 20992K, 0% used [0x00000000f8500000,0x00000000f8500000,0x00000000f9980000)
 ParOldGen       total 62464K, used 21582K [0x00000000e3e00000, 0x00000000e7b00000, 0x00000000f6a00000)
  object space 62464K, 34% used [0x00000000e3e00000,0x00000000e5313898,0x00000000e7b00000)
 Metaspace       used 18863K, capacity 19042K, committed 19328K, reserved 1067008K
  class space    used 1725K, capacity 1795K, committed 1920K, reserved 1048576K
}
Event: 3.526 GC heap before
{Heap before GC invocations=8 (full 1):
 PSYoungGen      total 45056K, used 39680K [0x00000000f6a00000, 0x00000000fae00000, 0x0000000100000000)
  eden space 27648K, 91% used [0x00000000f6a00000,0x00000000f829ff68,0x00000000f8500000)
  from space 17408K, 83% used [0x00000000f9d00000,0x00000000fab200e0,0x00000000fae00000)
  to   space 20992K, 0% used [0x00000000f8500000,0x00000000f8500000,0x00000000f9980000)
 ParOldGen       total 62464K, used 21582K [0x00000000e3e00000, 0x00000000e7b00000, 0x00000000f6a00000)
  object space 62464K, 34% used [0x00000000e3e00000,0x00000000e5313898,0x00000000e7b00000)
 Metaspace       used 18901K, capacity 19106K, committed 19328K, reserved 1067008K
  class space    used 1728K, capacity 1795K, committed 1920K, reserved 1048576K
Event: 3.537 GC heap after
Heap after GC invocations=8 (full 1):
 PSYoungGen      total 48640K, used 20299K [0x00000000f6a00000, 0x00000000fca00000, 0x0000000100000000)
  eden space 27648K, 0% used [0x00000000f6a00000,0x00000000f6a00000,0x00000000f8500000)
  from space 20992K, 96% used [0x00000000f8500000,0x00000000f98d2f70,0x00000000f9980000)
  to   space 24576K, 0% used [0x00000000fb200000,0x00000000fb200000,0x00000000fca00000)
 ParOldGen       total 62464K, used 27726K [0x00000000e3e00000, 0x00000000e7b00000, 0x00000000f6a00000)
  object space 62464K, 44% used [0x00000000e3e00000,0x00000000e59138f8,0x00000000e7b00000)
 Metaspace       used 18901K, capacity 19106K, committed 19328K, reserved 1067008K
  class space    used 1728K, capacity 1795K, committed 1920K, reserved 1048576K
}
Event: 3.661 GC heap before
{Heap before GC invocations=9 (full 1):
 PSYoungGen      total 48640K, used 47411K [0x00000000f6a00000, 0x00000000fca00000, 0x0000000100000000)
  eden space 27648K, 98% used [0x00000000f6a00000,0x00000000f8479d48,0x00000000f8500000)
  from space 20992K, 96% used [0x00000000f8500000,0x00000000f98d2f70,0x00000000f9980000)
  to   space 24576K, 0% used [0x00000000fb200000,0x00000000fb200000,0x00000000fca00000)
 ParOldGen       total 62464K, used 27726K [0x00000000e3e00000, 0x00000000e7b00000, 0x00000000f6a00000)
  object space 62464K, 44% used [0x00000000e3e00000,0x00000000e59138f8,0x00000000e7b00000)
 Metaspace       used 18940K, capacity 19170K, committed 19584K, reserved 1067008K
  class space    used 1728K, capacity 1795K, committed 1920K, reserved 1048576K
Event: 3.672 GC heap after
Heap after GC invocations=9 (full 1):
 PSYoungGen      total 69632K, used 24428K [0x00000000f6a00000, 0x00000000fd300000, 0x0000000100000000)
  eden space 45056K, 0% used [0x00000000f6a00000,0x00000000f6a00000,0x00000000f9600000)
  from space 24576K, 99% used [0x00000000fb200000,0x00000000fc9db080,0x00000000fca00000)
  to   space 28672K, 0% used [0x00000000f9600000,0x00000000f9600000,0x00000000fb200000)
 ParOldGen       total 62464K, used 40022K [0x00000000e3e00000, 0x00000000e7b00000, 0x00000000f6a00000)
  object space 62464K, 64% used [0x00000000e3e00000,0x00000000e6515938,0x00000000e7b00000)
 Metaspace       used 18940K, capacity 19170K, committed 19584K, reserved 1067008K
  class space    used 1728K, capacity 1795K, committed 1920K, reserved 1048576K
}

Deoptimization events (10 events):
Event: 4.243 Thread 0x00000000186e3000 Uncommon trap: reason=class_check action=maybe_recompile pc=0x00000000032da540 method=com.jogamp.common.nio.Buffers.isDirect(Ljava/lang/Object;)Z @ 7
Event: 4.243 Thread 0x00000000186e3000 Uncommon trap: reason=class_check action=maybe_recompile pc=0x00000000032df504 method=com.jogamp.common.nio.Buffers.getDirectBufferByteOffset(Ljava/lang/Object;)I @ 7
Event: 4.243 Thread 0x00000000186e3000 Uncommon trap: reason=unstable_if action=reinterpret pc=0x00000000032a94e4 method=com.jogamp.common.util.IntIntHashMap.get(I)I @ 28
Event: 4.245 Thread 0x00000000186e3000 Uncommon trap: reason=class_check action=maybe_recompile pc=0x00000000032da540 method=com.jogamp.common.nio.Buffers.isDirect(Ljava/lang/Object;)Z @ 7
Event: 4.245 Thread 0x00000000186e3000 Uncommon trap: reason=class_check action=maybe_recompile pc=0x00000000032df504 method=com.jogamp.common.nio.Buffers.getDirectBufferByteOffset(Ljava/lang/Object;)I @ 7
Event: 4.347 Thread 0x00000000186e3000 Uncommon trap: reason=class_check action=maybe_recompile pc=0x00000000032da540 method=com.jogamp.common.nio.Buffers.isDirect(Ljava/lang/Object;)Z @ 7
Event: 4.347 Thread 0x00000000186e3000 Uncommon trap: reason=class_check action=maybe_recompile pc=0x00000000032df504 method=com.jogamp.common.nio.Buffers.getDirectBufferByteOffset(Ljava/lang/Object;)I @ 7
Event: 4.871 Thread 0x00000000186e3000 Uncommon trap: reason=unstable_if action=reinterpret pc=0x00000000032f3c68 method=processing.opengl.Texture.convertToRGBA([IIII)V @ 339
Event: 9.152 Thread 0x000000001858e800 Uncommon trap: reason=unstable_if action=reinterpret pc=0x0000000003528518 method=java.util.HashMap.values()Ljava/util/Collection; @ 6
Event: 9.152 Thread 0x000000001858e800 Uncommon trap: reason=unstable_if action=reinterpret pc=0x0000000003371ee0 method=java.util.HashMap$HashIterator.<init>(Ljava/util/HashMap;)V @ 38

Classes redefined (0 events):
No events

Internal exceptions (10 events):
Event: 3.920 Thread 0x0000000018da7800 Exception <a 'java/io/FileNotFoundException'> (0x00000000f7a242d0) thrown at [C:\re\workspace\8-2-build-windows-amd64-cygwin\jdk8u202\12323\hotspot\src\share\vm\prims\jni.cpp, line 710]
Event: 3.921 Thread 0x0000000018da7800 Exception <a 'java/lang/ClassNotFoundException': sun/net/www/protocol/c/Handler> (0x00000000f7a2cf68) thrown at [C:\re\workspace\8-2-build-windows-amd64-cygwin\jdk8u202\12323\hotspot\src\share\vm\classfile\systemDictionary.cpp, line 210]
Event: 3.921 Thread 0x0000000018da7800 Exception <a 'java/lang/ClassNotFoundException': sun/net/www/protocol/c/Handler> (0x00000000f7a32a70) thrown at [C:\re\workspace\8-2-build-windows-amd64-cygwin\jdk8u202\12323\hotspot\src\share\vm\classfile\systemDictionary.cpp, line 210]
Event: 3.922 Thread 0x0000000018da7800 Exception <a 'java/lang/ClassNotFoundException': sun/net/www/protocol/c/Handler> (0x00000000f7a3c740) thrown at [C:\re\workspace\8-2-build-windows-amd64-cygwin\jdk8u202\12323\hotspot\src\share\vm\classfile\systemDictionary.cpp, line 210]
Event: 3.922 Thread 0x0000000018da7800 Exception <a 'java/io/FileNotFoundException'> (0x00000000f7a42450) thrown at [C:\re\workspace\8-2-build-windows-amd64-cygwin\jdk8u202\12323\hotspot\src\share\vm\prims\jni.cpp, line 710]
Event: 3.923 Thread 0x0000000018da7800 Exception <a 'java/io/FileNotFoundException'> (0x00000000f7a42cb0) thrown at [C:\re\workspace\8-2-build-windows-amd64-cygwin\jdk8u202\12323\hotspot\src\share\vm\prims\jni.cpp, line 710]
Event: 3.923 Thread 0x0000000018da7800 Exception <a 'java/io/FileNotFoundException'> (0x00000000f7a434f0) thrown at [C:\re\workspace\8-2-build-windows-amd64-cygwin\jdk8u202\12323\hotspot\src\share\vm\prims\jni.cpp, line 710]
Event: 3.926 Thread 0x0000000018da7800 Exception <a 'java/lang/NullPointerException'> (0x00000000f7a4ed50) thrown at [C:\re\workspace\8-2-build-windows-amd64-cygwin\jdk8u202\12323\hotspot\src\share\vm\interpreter\linkResolver.cpp, line 1185]
Event: 9.124 Thread 0x00000000186dc000 Exception <a 'java/lang/InterruptedException'> (0x00000000f91c26f8) thrown at [C:\re\workspace\8-2-build-windows-amd64-cygwin\jdk8u202\12323\hotspot\src\share\vm\runtime\objectMonitor.cpp, line 1684]
Event: 9.126 Thread 0x0000000018dfd800 Exception <a 'java/net/SocketException': Socket closed> (0x00000000f877e428) thrown at [C:\re\workspace\8-2-build-windows-amd64-cygwin\jdk8u202\12323\hotspot\src\share\vm\prims\jni.cpp, line 736]

Events (10 events):
Event: 9.174 Executing VM operation: RevokeBias done
Event: 9.174 Thread 0x0000000018e03000 DEOPT PACKING pc=0x0000000002f63d5c sp=0x0000000020eed830
Event: 9.174 Thread 0x0000000018e03000 DEOPT UNPACKING pc=0x0000000002df7890 sp=0x0000000020eed650 mode 1
Event: 9.174 Executing VM operation: RevokeBias
Event: 9.174 Executing VM operation: RevokeBias done
Event: 9.174 Thread 0x0000000018e03000 DEOPT PACKING pc=0x0000000002f63af4 sp=0x0000000020eed9c0
Event: 9.174 Thread 0x0000000018e03000 DEOPT UNPACKING pc=0x0000000002df7890 sp=0x0000000020eed7e0 mode 1
Event: 9.176 Thread 0x0000000018e03000 Thread exited: 0x0000000018e03000
Event: 9.230 Thread 0x0000000018dff000 Thread exited: 0x0000000018dff000
Event: 9.232 Executing VM operation: Exit


Dynamic libraries:
0x00007ff783fe0000 - 0x00007ff784017000 	C:\Program Files\processing-3.5.4\java\bin\java.exe
0x00007ffb29710000 - 0x00007ffb29905000 	C:\windows\SYSTEM32\ntdll.dll
0x00007ffb27f10000 - 0x00007ffb27fcd000 	C:\windows\System32\KERNEL32.DLL
0x00007ffb271d0000 - 0x00007ffb27499000 	C:\windows\System32\KERNELBASE.dll
0x00007ffb28750000 - 0x00007ffb287fc000 	C:\windows\System32\ADVAPI32.dll
0x00007ffb29630000 - 0x00007ffb296ce000 	C:\windows\System32\msvcrt.dll
0x00007ffb28150000 - 0x00007ffb281ec000 	C:\windows\System32\sechost.dll
0x00007ffb28c10000 - 0x00007ffb28d3b000 	C:\windows\System32\RPCRT4.dll
0x00007ffb27d70000 - 0x00007ffb27f10000 	C:\windows\System32\USER32.dll
0x00007ffb27600000 - 0x00007ffb27622000 	C:\windows\System32\win32u.dll
0x00007ffb27d40000 - 0x00007ffb27d6a000 	C:\windows\System32\GDI32.dll
0x00007ffb27660000 - 0x00007ffb2776b000 	C:\windows\System32\gdi32full.dll
0x00007ffb26e50000 - 0x00007ffb26eed000 	C:\windows\System32\msvcp_win.dll
0x00007ffb26ff0000 - 0x00007ffb270f0000 	C:\windows\System32\ucrtbase.dll
0x00007ffb0c090000 - 0x00007ffb0c32a000 	C:\windows\WinSxS\amd64_microsoft.windows.common-controls_6595b64144ccf1df_6.0.19041.844_none_ca00b6081b84eb1d\COMCTL32.dll
0x00007ffb28b20000 - 0x00007ffb28b50000 	C:\windows\System32\IMM32.DLL
0x000000006e3f0000 - 0x000000006e4c2000 	C:\Program Files\processing-3.5.4\java\bin\msvcr100.dll
0x000000006db40000 - 0x000000006e3e5000 	C:\Program Files\processing-3.5.4\java\bin\server\jvm.dll
0x00007ffb28da0000 - 0x00007ffb28da8000 	C:\windows\System32\PSAPI.DLL
0x00007ffb229d0000 - 0x00007ffb229d9000 	C:\windows\SYSTEM32\WSOCK32.dll
0x00007ffb106b0000 - 0x00007ffb106d7000 	C:\windows\SYSTEM32\WINMM.dll
0x00007ffb28820000 - 0x00007ffb2888b000 	C:\windows\System32\WS2_32.dll
0x00007ffb1e430000 - 0x00007ffb1e43a000 	C:\windows\SYSTEM32\VERSION.dll
0x00007ffb229c0000 - 0x00007ffb229cf000 	C:\Program Files\processing-3.5.4\java\bin\verify.dll
0x00007ffb22670000 - 0x00007ffb22699000 	C:\Program Files\processing-3.5.4\java\bin\java.dll
0x00007ffb0f840000 - 0x00007ffb0f875000 	C:\Program Files\processing-3.5.4\java\bin\jdwp.dll
0x00007ffb1e7e0000 - 0x00007ffb1e7e8000 	C:\Program Files\processing-3.5.4\java\bin\npt.dll
0x00007ffb225d0000 - 0x00007ffb225e6000 	C:\Program Files\processing-3.5.4\java\bin\zip.dll
0x00007ffb28db0000 - 0x00007ffb294f2000 	C:\windows\System32\SHELL32.dll
0x00007ffb24f90000 - 0x00007ffb25720000 	C:\windows\SYSTEM32\windows.storage.dll
0x00007ffb279e0000 - 0x00007ffb27d35000 	C:\windows\System32\combase.dll
0x00007ffb268c0000 - 0x00007ffb268ec000 	C:\windows\SYSTEM32\Wldp.dll
0x00007ffb27930000 - 0x00007ffb279de000 	C:\windows\System32\SHCORE.dll
0x00007ffb28d40000 - 0x00007ffb28d95000 	C:\windows\System32\shlwapi.dll
0x00007ffb26d90000 - 0x00007ffb26daf000 	C:\windows\SYSTEM32\profapi.dll
0x00007ffb157d0000 - 0x00007ffb157d9000 	C:\Program Files\processing-3.5.4\java\bin\dt_socket.dll
0x00007ffb26640000 - 0x00007ffb266aa000 	C:\windows\system32\mswsock.dll
0x00007ffaeae90000 - 0x00007ffaeb029000 	C:\Program Files\processing-3.5.4\java\bin\awt.dll
0x00007ffb281f0000 - 0x00007ffb282bd000 	C:\windows\System32\OLEAUT32.dll
0x00007ffb241f0000 - 0x00007ffb24280000 	C:\windows\SYSTEM32\apphelp.dll
0x00007ffb24320000 - 0x00007ffb243be000 	C:\windows\system32\uxtheme.dll
0x00007ffb27fd0000 - 0x00007ffb280e5000 	C:\windows\System32\MSCTF.dll
0x00007ffb29500000 - 0x00007ffb2962a000 	C:\windows\System32\ole32.dll
0x00007ffb25780000 - 0x00007ffb25792000 	C:\windows\SYSTEM32\kernel.appcore.dll
0x00007ffb270f0000 - 0x00007ffb27170000 	C:\windows\System32\bcryptPrimitives.dll
0x0000000071100000 - 0x0000000071125000 	C:\Program Files\processing-3.5.4\modes\java\libraries\serial\library\windows64\jSSC-2.8.dll
0x00007ffb24730000 - 0x00007ffb2475f000 	C:\windows\system32\DWMAPI.DLL
0x00007ffb0b180000 - 0x00007ffb0b2a6000 	C:\windows\system32\opengl32.dll
0x00007ffb0b110000 - 0x00007ffb0b13c000 	C:\windows\SYSTEM32\GLU32.dll
0x00007ffb26820000 - 0x00007ffb26838000 	C:\windows\SYSTEM32\CRYPTSP.dll
0x00007ffb25f70000 - 0x00007ffb25fa4000 	C:\windows\system32\rsaenh.dll
0x00007ffb27630000 - 0x00007ffb27657000 	C:\windows\System32\bcrypt.dll
0x00007ffb26d10000 - 0x00007ffb26d3e000 	C:\windows\SYSTEM32\USERENV.dll
0x00007ffb26810000 - 0x00007ffb2681c000 	C:\windows\SYSTEM32\CRYPTBASE.dll
0x00007ffb225b0000 - 0x00007ffb225ca000 	C:\Program Files\processing-3.5.4\java\bin\net.dll
0x00007ffb0f1f0000 - 0x00007ffb0f3de000 	C:\windows\SYSTEM32\urlmon.dll
0x00007ffb12580000 - 0x00007ffb12830000 	C:\windows\SYSTEM32\iertutil.dll
0x00007ffb262e0000 - 0x00007ffb2631b000 	C:\windows\SYSTEM32\IPHLPAPI.DLL
0x00007ffb28810000 - 0x00007ffb28818000 	C:\windows\System32\NSI.dll
0x00007ffb24b50000 - 0x00007ffb24b67000 	C:\windows\SYSTEM32\dhcpcsvc6.DLL
0x00007ffb24b10000 - 0x00007ffb24b2d000 	C:\windows\SYSTEM32\dhcpcsvc.DLL
0x00007ffb26320000 - 0x00007ffb263eb000 	C:\windows\SYSTEM32\DNSAPI.dll
0x00007ffb21810000 - 0x00007ffb21822000 	C:\Program Files\processing-3.5.4\java\bin\nio.dll
0x00000000637c0000 - 0x00000000637cd000 	C:\Users\aeite\AppData\Local\Temp\jogamp_0000\file_cache\jln4155289132614986340\jln3980301631481494316\natives\windows-amd64\gluegen-rt.dll
0x00007ffb157b0000 - 0x00007ffb157b7000 	C:\Program Files\processing-3.5.4\java\bin\jawt.dll
0x000000006a440000 - 0x000000006a44d000 	C:\Users\aeite\AppData\Local\Temp\jogamp_0000\file_cache\jln4155289132614986340\jln3980301631481494316\natives\windows-amd64\nativewindow_awt.dll
0x000000006c100000 - 0x000000006c10f000 	C:\Users\aeite\AppData\Local\Temp\jogamp_0000\file_cache\jln4155289132614986340\jln3980301631481494316\natives\windows-amd64\nativewindow_win32.dll
0x000000006cbc0000 - 0x000000006cbd3000 	C:\Users\aeite\AppData\Local\Temp\jogamp_0000\file_cache\jln4155289132614986340\jln3980301631481494316\natives\windows-amd64\newt.dll
0x00007ffb213e0000 - 0x00007ffb2148e000 	C:\windows\SYSTEM32\mscms.dll
0x00007ffb21300000 - 0x00007ffb21311000 	C:\windows\SYSTEM32\ColorAdapterClient.dll
0x00007ffb079b0000 - 0x00007ffb079f3000 	C:\windows\SYSTEM32\icm32.dll
0x00007ffb282e0000 - 0x00007ffb28749000 	C:\windows\System32\setupapi.dll
0x00007ffb26fa0000 - 0x00007ffb26fee000 	C:\windows\System32\cfgmgr32.dll
0x00007ffb26c00000 - 0x00007ffb26c2c000 	C:\windows\SYSTEM32\DEVOBJ.dll
0x00007ffb27170000 - 0x00007ffb271d0000 	C:\windows\System32\WINTRUST.dll
0x00007ffb274a0000 - 0x00007ffb275ff000 	C:\windows\System32\CRYPT32.dll
0x00007ffb26a40000 - 0x00007ffb26a52000 	C:\windows\SYSTEM32\MSASN1.dll
0x0000000064500000 - 0x00000000645b1000 	C:\Users\aeite\AppData\Local\Temp\jogamp_0000\file_cache\jln4155289132614986340\jln3980301631481494316\natives\windows-amd64\jogl_desktop.dll
0x0000000064340000 - 0x00000000643a2000 	C:\Users\aeite\AppData\Local\Temp\jogamp_0000\file_cache\jln4155289132614986340\jln3980301631481494316\natives\windows-amd64\jogl_mobile.dll
0x00007ffb27770000 - 0x00007ffb27819000 	C:\windows\System32\clbcatq.dll
0x00007ffad7710000 - 0x00007ffad8657000 	C:\windows\System32\DriverStore\FileRepository\iigd_dch.inf_amd64_ada2367baaae74c0\ig11icd64.dll
0x00007ffb258c0000 - 0x00007ffb259b3000 	C:\windows\system32\dxgi.dll
0x00007ffb1bbe0000 - 0x00007ffb1bc1b000 	C:\windows\SYSTEM32\dxcore.dll
0x00007ffb18970000 - 0x00007ffb18b14000 	C:\windows\System32\DriverStore\FileRepository\iigd_dch.inf_amd64_ada2367baaae74c0\igdgmm64.dll
0x00007ffb158b0000 - 0x00007ffb17cf9000 	C:\windows\System32\DriverStore\FileRepository\iigd_dch.inf_amd64_ada2367baaae74c0\igc64.dll
0x00007ffb26450000 - 0x00007ffb2649b000 	C:\windows\SYSTEM32\powrprof.dll
0x00007ffb262c0000 - 0x00007ffb262d2000 	C:\windows\SYSTEM32\UMPDC.dll
0x00007ffb0a8f0000 - 0x00007ffb0a9eb000 	C:\windows\SYSTEM32\textinputframework.dll
0x00007ffb23fc0000 - 0x00007ffb240b2000 	C:\windows\System32\CoreMessaging.dll
0x00007ffb23c60000 - 0x00007ffb23fbe000 	C:\windows\System32\CoreUIComponents.dll
0x00007ffb25ba0000 - 0x00007ffb25bd3000 	C:\windows\SYSTEM32\ntmarta.dll
0x00007ffb22820000 - 0x00007ffb22974000 	C:\windows\SYSTEM32\wintypes.dll
0x00007ffb1f3d0000 - 0x00007ffb1f417000 	C:\Program Files\processing-3.5.4\java\bin\fontmanager.dll
0x00007ffb0f920000 - 0x00007ffb0f962000 	C:\Program Files\processing-3.5.4\java\bin\t2k.dll
0x00007ffb028c0000 - 0x00007ffb028f1000 	C:\Program Files\processing-3.5.4\java\bin\jpeg.dll
0x00007ffb24d80000 - 0x00007ffb24f64000 	C:\windows\SYSTEM32\dbghelp.dll

VM Arguments:
jvm_args: -agentlib:jdwp=transport=dt_socket,address=8726,server=y,suspend=y,quiet=y -Xms64m -Xmx450m -Djna.nosys=true -Djava.ext.dirs=C:\Program Files\processing-3.5.4\java\lib\ext -Djava.library.path=C:\Program Files\processing-3.5.4\OpenBCI_GUI\OpenBCI_GUI\code;C:\Program Files\processing-3.5.4\core\library;C:\Program Files\processing-3.5.4\libraries\minim\library;C:\Program Files\processing-3.5.4\modes\java\libraries\serial\library\windows64;C:\Program Files\processing-3.5.4\modes\java\libraries\net\library;C:\Program Files\processing-3.5.4\libraries\grafica\library;C:\Program Files\processing-3.5.4\libraries\GifAnimation\library;C:\Program Files\processing-3.5.4\libraries\oscP5\library;C:\Program Files\processing-3.5.4\libraries\udp\library;C:\Program Files\processing-3.5.4\libraries\LSLLink\library;C:\Program Files\processing-3.5.4\libraries\controlP5\library;C:\Program Files\processing-3.5.4\java\bin;C:\windows\system32;C:\windows;C:\windows\system32;C:\windows;C:\windows\System32\Wbem;C:\windows\System32\WindowsPowerShell\v1.0;C:\windows\System32\OpenSSH;C:\Program Files\MATLAB\R2019b\bin;C:\Program Files\PuTTY;C:\Users\aeite\AppData\Local\Microsoft\WindowsApps;C:\Users\aeite\AppData\Local\Programs\Microsoft VS Code\bin;C:\Users\aeite\AppData\Local\GitHubDesktop\bin;C:\Program Files\processing-3.5.4\java\bin;. -ea 
java_command: processing.core.PApplet --display=1 --sketch-path=C:\Program Files\processing-3.5.4\OpenBCI_GUI\OpenBCI_GUI OpenBCI_GUI
java_class_path (initial): C:\Users\aeite\AppData\Local\Temp\OpenBCI_GUI5056563028980534820temp;;C:\Program Files\processing-3.5.4\OpenBCI_GUI\OpenBCI_GUI\code\LSLLink.jar;C:\Program Files\processing-3.5.4\core\library\core.jar;C:\Program Files\processing-3.5.4\core\library\gluegen-rt-natives-linux-aarch64.jar;C:\Program Files\processing-3.5.4\core\library\gluegen-rt-natives-linux-amd64.jar;C:\Program Files\processing-3.5.4\core\library\gluegen-rt-natives-linux-armv6hf.jar;C:\Program Files\processing-3.5.4\core\library\gluegen-rt-natives-linux-i586.jar;C:\Program Files\processing-3.5.4\core\library\gluegen-rt-natives-macosx-universal.jar;C:\Program Files\processing-3.5.4\core\library\gluegen-rt-natives-windows-amd64.jar;C:\Program Files\processing-3.5.4\core\library\gluegen-rt-natives-windows-i586.jar;C:\Program Files\processing-3.5.4\core\library\gluegen-rt.jar;C:\Program Files\processing-3.5.4\core\library\jogl-all-natives-linux-aarch64.jar;C:\Program Files\processing-3.5.4\core\library\jogl-all-natives-linux-amd64.jar;C:\Program Files\processing-3.5.4\core\library\jogl-all-natives-linux-armv6hf.jar;C:\Program Files\processing-3.5.4\core\library\jogl-all-natives-linux-i586.jar;C:\Program Files\processing-3.5.4\core\library\jogl-all-natives-macosx-universal.jar;C:\Program Files\processing-3.5.4\core\library\jogl-all-natives-windows-amd64.jar;C:\Program Files\processing-3.5.4\core\library\jogl-all-natives-windows-i586.jar;C:\Program Files\processing-3.5.4\core\library\jogl-all.jar;C:\Program Files\processing-3.5.4\libraries\minim\library\jl1.0.1.jar;C:\Program Files\processing-3.5.4\libraries\minim\library\jsminim.jar;C:\Program Files\processing-3.5.4\libraries\minim\library\minim.jar;C:\Program Files\processing-3.5.4\libraries\minim\library\mp3spi1.9.5.jar;C:\Program Files\processing-3.5.4\libraries\minim\library\tritonus_aos.jar;C:\Program Files\processing-3.5.4\libraries\minim\library\tritonus_share.jar;C:\Program Files\processing-3.5.4\modes\java\libraries\ser
Launcher Type: SUN_STANDARD

Environment Variables:
PATH=C:\windows\system32;C:\windows;C:\windows\System32\Wbem;C:\windows\System32\WindowsPowerShell\v1.0\;C:\windows\System32\OpenSSH\;C:\Program Files\MATLAB\R2019b\bin;C:\Program Files\PuTTY\;C:\Users\aeite\AppData\Local\Microsoft\WindowsApps;C:\Users\aeite\AppData\Local\Programs\Microsoft VS Code\bin;C:\Users\aeite\AppData\Local\GitHubDesktop\bin;C:\Program Files\processing-3.5.4\java\bin
USERNAME=aeite
OS=Windows_NT
PROCESSOR_IDENTIFIER=Intel64 Family 6 Model 126 Stepping 5, GenuineIntel



---------------  S Y S T E M  ---------------

OS: Windows 10.0 , 64 bit Build 19041 (10.0.19041.804)

CPU:total 8 (initial active 8) (4 cores per cpu, 2 threads per core) family 6 model 126 stepping 5, cmov, cx8, fxsr, mmx, sse, sse2, sse3, ssse3, sse4.1, sse4.2, popcnt, avx, avx2, aes, clmul, erms, 3dnowpref, lzcnt, ht, tsc, tscinvbit, bmi1, bmi2, adx

Memory: 4k page, physical 8070036k(929020k free), swap 15147924k(4935704k free)

vm_info: Java HotSpot(TM) 64-Bit Server VM (25.202-b08) for windows-amd64 JRE (1.8.0_202-b08), built on Dec 15 2018 19:54:30 by "java_re" with MS VC++ 10.0 (VS2010)

time: Mon Apr 05 19:40:13 2021
timezone: Mountain Daylight Time
elapsed time: 9 seconds (0d 0h 0m 9s)

